[2017-12-2 1:10:17] WSAStartup Success
[2017-12-2 1:10:17] Socket Init Success
[2017-12-2 1:10:17] listen Success
[2017-12-2 1:10:18] AcceptEx Success
[2017-12-2 1:10:18] AcceptEx Success
[2017-12-2 1:10:18] AcceptEx Success
[2017-12-2 1:10:18] AcceptEx Success
[2017-12-2 1:10:18] AcceptEx Success
[2017-12-2 1:10:18] AcceptEx Success
[2017-12-2 1:10:18] AcceptEx Success
[2017-12-2 1:10:18] AcceptEx Success
[2017-12-2 1:10:18] AcceptEx Success
[2017-12-2 1:10:18] AcceptEx Success
[2017-12-2 1:10:18] AcceptEx Success
[2017-12-2 1:10:18] AcceptEx Success
[2017-12-2 1:10:18] AcceptEx Success
[2017-12-2 1:10:18] AcceptEx Success
[2017-12-2 1:10:18] AcceptEx Success
[2017-12-2 1:10:18] AcceptEx Success
[2017-12-2 1:10:18] AcceptEx Success
[2017-12-2 1:10:18] AcceptEx Success
[2017-12-2 1:10:18] AcceptEx Success
[2017-12-2 1:10:18] AcceptEx Success
[2017-12-2 1:10:18] AcceptEx Success
[2017-12-2 1:10:18] AcceptEx Success
[2017-12-2 1:10:18] AcceptEx Success
[2017-12-2 1:10:18] AcceptEx Success
[2017-12-2 1:10:18] AcceptEx Success
[2017-12-2 1:10:18] AcceptEx Success
[2017-12-2 1:10:18] AcceptEx Success
[2017-12-2 1:10:18] AcceptEx Success
[2017-12-2 1:10:18] AcceptEx Success
[2017-12-2 1:10:18] AcceptEx Success
[2017-12-2 1:10:18] Thread Create 8
[2017-12-2 1:10:23] INFO Success
[2017-12-2 1:10:23] Active_Session : 1
[2017-12-2 1:10:23] InActive_Session : 29
[2017-12-2 1:10:23] WSARecv : 496
[2017-12-2 1:10:23] Accept Success
[2017-12-2 1:10:26] INFO Success
[2017-12-2 1:10:26] Active_Session : 2
[2017-12-2 1:10:26] InActive_Session : 28
[2017-12-2 1:10:26] WSARecv : 464
[2017-12-2 1:10:26] Accept Success
[2017-12-2 1:10:36] WSARecv : 496
[2017-12-2 1:10:41] WSARecv : 464
[2017-12-2 1:10:46] Is Not Room User
[2017-12-2 1:10:46] Game_REQ Room Join
[2017-12-2 1:10:46] WSARecv : 496
[2017-12-2 1:10:50] Is Not Room User
[2017-12-2 1:10:50] Game_REQ Room Join
[2017-12-2 1:10:50] WSARecv : 464
[2017-12-2 1:10:58] WSARecv : 496
[2017-12-2 1:10:59] WSARecv : 464
[2017-12-2 1:11:1] WSARecv : 496
[2017-12-2 1:11:1] WSARecv : 496
[2017-12-2 1:11:2] WSARecv : 464
[2017-12-2 1:11:2] WSARecv : 464
[2017-12-2 1:11:3] WSARecv : 496
[2017-12-2 1:11:4] WSARecv : 496
[2017-12-2 1:11:4] WSARecv : 496
[2017-12-2 1:11:4] WSARecv : 496
[2017-12-2 1:11:4] WSARecv : 496
[2017-12-2 1:11:4] WSARecv : 496
[2017-12-2 1:11:6] WSARecv : 464
[2017-12-2 1:11:6] WSARecv : 464
[2017-12-2 1:11:6] WSARecv : 464
[2017-12-2 1:11:6] WSARecv : 464
[2017-12-2 1:11:6] WSARecv : 464
[2017-12-2 1:11:6] WSARecv : 464
[2017-12-2 1:11:6] WSARecv : 464
[2017-12-2 1:11:6] WSARecv : 464
[2017-12-2 1:11:7] WSARecv : 496
[2017-12-2 1:11:7] WSARecv : 496
[2017-12-2 1:11:7] WSARecv : 496
[2017-12-2 1:11:7] WSARecv : 496
[2017-12-2 1:11:7] WSARecv : 496
[2017-12-2 1:11:7] WSARecv : 496
[2017-12-2 1:11:7] WSARecv : 496
[2017-12-2 1:11:7] WSARecv : 496
[2017-12-2 1:11:7] WSARecv : 496
[2017-12-2 1:11:7] WSARecv : 496
[2017-12-2 1:11:7] WSARecv : 496
[2017-12-2 1:11:7] WSARecv : 496
[2017-12-2 1:11:7] WSARecv : 496
[2017-12-2 1:11:7] WSARecv : 496
[2017-12-2 1:11:7] WSARecv : 496
[2017-12-2 1:11:7] WSARecv : 496
[2017-12-2 1:11:7] WSARecv : 496
[2017-12-2 1:11:7] WSARecv : 496
[2017-12-2 1:11:8] WSARecv : 464
[2017-12-2 1:11:8] WSARecv : 464
[2017-12-2 1:11:8] WSARecv : 464
[2017-12-2 1:11:8] WSARecv : 464
[2017-12-2 1:11:8] WSARecv : 464
[2017-12-2 1:11:8] WSARecv : 464
[2017-12-2 1:11:8] WSARecv : 464
[2017-12-2 1:11:8] WSARecv : 464
[2017-12-2 1:11:8] WSARecv : 464
[2017-12-2 1:11:8] WSARecv : 464
[2017-12-2 1:11:8] WSARecv : 464
[2017-12-2 1:11:8] WSARecv : 464
[2017-12-2 1:11:8] WSARecv : 464
[2017-12-2 1:11:8] WSARecv : 464
[2017-12-2 1:11:8] WSARecv : 464
[2017-12-2 1:11:9] WSARecv : 496
[2017-12-2 1:11:9] WSARecv : 496
[2017-12-2 1:11:9] WSARecv : 496
[2017-12-2 1:11:9] WSARecv : 496
[2017-12-2 1:11:9] WSARecv : 496
[2017-12-2 1:11:9] WSARecv : 496
[2017-12-2 1:11:9] WSARecv : 496
[2017-12-2 1:11:9] WSARecv : 496
[2017-12-2 1:11:9] WSARecv : 496
[2017-12-2 1:11:9] WSARecv : 496
[2017-12-2 1:11:9] WSARecv : 496
[2017-12-2 1:11:9] WSARecv : 496
[2017-12-2 1:11:9] WSARecv : 496
[2017-12-2 1:11:9] WSARecv : 496
[2017-12-2 1:11:9] WSARecv : 496
[2017-12-2 1:11:9] WSARecv : 496
[2017-12-2 1:11:9] WSARecv : 496
[2017-12-2 1:11:9] WSARecv : 496
[2017-12-2 1:11:9] WSARecv : 496
[2017-12-2 1:11:9] WSARecv : 496
[2017-12-2 1:11:9] WSARecv : 496
[2017-12-2 1:11:9] WSARecv : 496
[2017-12-2 1:11:9] WSARecv : 496
[2017-12-2 1:11:9] WSARecv : 496
[2017-12-2 1:11:9] WSARecv : 496
[2017-12-2 1:11:9] WSARecv : 496
[2017-12-2 1:11:9] WSARecv : 496
[2017-12-2 1:11:9] WSARecv : 496
[2017-12-2 1:11:9] WSARecv : 496
[2017-12-2 1:11:9] WSARecv : 496
[2017-12-2 1:11:9] WSARecv : 496
[2017-12-2 1:11:9] WSARecv : 496
[2017-12-2 1:11:10] WSARecv : 496
[2017-12-2 1:11:10] WSARecv : 496
[2017-12-2 1:11:10] WSARecv : 496
[2017-12-2 1:11:10] WSARecv : 496
[2017-12-2 1:11:10] WSARecv : 496
[2017-12-2 1:11:10] WSARecv : 496
[2017-12-2 1:11:10] WSARecv : 496
[2017-12-2 1:11:10] WSARecv : 496
[2017-12-2 1:11:10] WSARecv : 496
[2017-12-2 1:11:10] WSARecv : 496
[2017-12-2 1:11:10] WSARecv : 496
[2017-12-2 1:11:10] WSARecv : 496
[2017-12-2 1:11:10] WSARecv : 496
[2017-12-2 1:11:10] WSARecv : 496
[2017-12-2 1:11:10] WSARecv : 496
[2017-12-2 1:11:10] WSARecv : 496
[2017-12-2 1:11:10] WSARecv : 496
[2017-12-2 1:11:10] WSARecv : 496
[2017-12-2 1:11:10] WSARecv : 496
[2017-12-2 1:11:10] WSARecv : 496
[2017-12-2 1:11:10] WSARecv : 496
[2017-12-2 1:11:10] WSARecv : 496
[2017-12-2 1:11:10] WSARecv : 496
[2017-12-2 1:11:10] WSARecv : 496
[2017-12-2 1:11:10] WSARecv : 496
[2017-12-2 1:11:10] WSARecv : 496
[2017-12-2 1:11:10] WSARecv : 496
[2017-12-2 1:11:10] WSARecv : 496
[2017-12-2 1:11:10] WSARecv : 496
[2017-12-2 1:11:10] WSARecv : 496
[2017-12-2 1:11:10] WSARecv : 496
[2017-12-2 1:11:10] WSARecv : 496
[2017-12-2 1:11:10] WSARecv : 496
[2017-12-2 1:11:10] WSARecv : 496
[2017-12-2 1:11:10] WSARecv : 496
[2017-12-2 1:11:10] WSARecv : 496
[2017-12-2 1:11:10] WSARecv : 496
[2017-12-2 1:11:10] WSARecv : 496
[2017-12-2 1:11:10] WSARecv : 496
[2017-12-2 1:11:10] WSARecv : 496
[2017-12-2 1:11:10] WSARecv : 496
[2017-12-2 1:11:10] WSARecv : 496
[2017-12-2 1:11:10] WSARecv : 496
[2017-12-2 1:11:10] WSARecv : 496
[2017-12-2 1:11:10] WSARecv : 496
[2017-12-2 1:11:10] WSARecv : 496
[2017-12-2 1:11:10] WSARecv : 496
[2017-12-2 1:11:11] WSARecv : 464
[2017-12-2 1:11:11] WSARecv : 464
[2017-12-2 1:11:11] WSARecv : 464
[2017-12-2 1:11:11] WSARecv : 464
[2017-12-2 1:11:11] WSARecv : 464
[2017-12-2 1:11:11] WSARecv : 464
[2017-12-2 1:11:11] WSARecv : 464
[2017-12-2 1:11:11] WSARecv : 464
[2017-12-2 1:11:11] WSARecv : 464
[2017-12-2 1:11:11] WSARecv : 464
[2017-12-2 1:11:11] WSARecv : 464
[2017-12-2 1:11:11] WSARecv : 464
[2017-12-2 1:11:11] WSARecv : 464
[2017-12-2 1:11:11] WSARecv : 464
[2017-12-2 1:11:11] WSARecv : 464
[2017-12-2 1:11:11] WSARecv : 464
[2017-12-2 1:11:11] WSARecv : 464
[2017-12-2 1:11:11] WSARecv : 464
[2017-12-2 1:11:11] WSARecv : 464
[2017-12-2 1:11:11] WSARecv : 464
[2017-12-2 1:11:11] WSARecv : 464
[2017-12-2 1:11:11] WSARecv : 464
[2017-12-2 1:11:11] WSARecv : 464
[2017-12-2 1:11:11] WSARecv : 464
[2017-12-2 1:11:11] WSARecv : 464
[2017-12-2 1:11:11] WSARecv : 464
[2017-12-2 1:11:11] WSARecv : 464
[2017-12-2 1:11:11] WSARecv : 464
[2017-12-2 1:11:11] WSARecv : 464
[2017-12-2 1:11:11] WSARecv : 464
[2017-12-2 1:11:11] WSARecv : 464
[2017-12-2 1:11:11] WSARecv : 464
[2017-12-2 1:11:11] WSARecv : 464
[2017-12-2 1:11:11] WSARecv : 464
[2017-12-2 1:11:11] WSARecv : 464
[2017-12-2 1:11:11] WSARecv : 464
[2017-12-2 1:11:11] WSARecv : 464
[2017-12-2 1:11:11] WSARecv : 464
[2017-12-2 1:11:11] WSARecv : 464
[2017-12-2 1:11:11] WSARecv : 464
[2017-12-2 1:11:11] WSARecv : 464
[2017-12-2 1:11:11] WSARecv : 464
[2017-12-2 1:11:11] WSARecv : 464
[2017-12-2 1:11:11] WSARecv : 464
[2017-12-2 1:11:11] WSARecv : 464
[2017-12-2 1:11:11] WSARecv : 464
[2017-12-2 1:11:11] WSARecv : 464
[2017-12-2 1:11:11] WSARecv : 464
[2017-12-2 1:11:11] WSARecv : 464
[2017-12-2 1:11:12] WSARecv : 496
[2017-12-2 1:11:12] WSARecv : 496
[2017-12-2 1:11:12] WSARecv : 496
[2017-12-2 1:11:12] WSARecv : 496
[2017-12-2 1:11:12] WSARecv : 496
[2017-12-2 1:11:12] WSARecv : 496
[2017-12-2 1:11:12] WSARecv : 496
[2017-12-2 1:11:12] WSARecv : 496
[2017-12-2 1:11:12] WSARecv : 496
[2017-12-2 1:11:12] WSARecv : 496
[2017-12-2 1:11:12] WSARecv : 496
[2017-12-2 1:11:12] WSARecv : 496
[2017-12-2 1:11:12] WSARecv : 496
[2017-12-2 1:11:12] WSARecv : 496
[2017-12-2 1:11:12] WSARecv : 496
[2017-12-2 1:11:12] WSARecv : 496
[2017-12-2 1:11:12] WSARecv : 496
[2017-12-2 1:11:12] WSARecv : 496
[2017-12-2 1:11:12] WSARecv : 496
[2017-12-2 1:11:12] WSARecv : 496
[2017-12-2 1:11:12] WSARecv : 496
[2017-12-2 1:11:12] WSARecv : 496
[2017-12-2 1:11:12] WSARecv : 496
[2017-12-2 1:11:12] WSARecv : 496
[2017-12-2 1:11:12] WSARecv : 496
[2017-12-2 1:11:12] WSARecv : 496
[2017-12-2 1:11:12] WSARecv : 496
[2017-12-2 1:11:12] WSARecv : 496
[2017-12-2 1:11:12] WSARecv : 496
[2017-12-2 1:11:12] WSARecv : 496
[2017-12-2 1:11:12] WSARecv : 496
[2017-12-2 1:11:12] WSARecv : 496
[2017-12-2 1:11:12] WSARecv : 496
[2017-12-2 1:11:12] WSARecv : 496
[2017-12-2 1:11:12] WSARecv : 496
[2017-12-2 1:11:12] WSARecv : 496
[2017-12-2 1:11:12] WSARecv : 496
[2017-12-2 1:11:12] WSARecv : 496
[2017-12-2 1:11:12] WSARecv : 496
[2017-12-2 1:11:12] WSARecv : 496
[2017-12-2 1:11:12] WSARecv : 496
[2017-12-2 1:11:12] WSARecv : 496
[2017-12-2 1:11:12] WSARecv : 496
[2017-12-2 1:11:12] WSARecv : 496
[2017-12-2 1:11:12] WSARecv : 496
[2017-12-2 1:11:12] WSARecv : 496
[2017-12-2 1:11:12] WSARecv : 496
[2017-12-2 1:11:12] WSARecv : 496
[2017-12-2 1:11:13] WSARecv : 496
[2017-12-2 1:11:13] WSARecv : 496
[2017-12-2 1:11:13] WSARecv : 496
[2017-12-2 1:11:13] WSARecv : 496
[2017-12-2 1:11:13] WSARecv : 496
[2017-12-2 1:11:13] WSARecv : 496
[2017-12-2 1:11:13] WSARecv : 496
[2017-12-2 1:11:13] WSARecv : 496
[2017-12-2 1:11:13] WSARecv : 496
[2017-12-2 1:11:13] WSARecv : 496
[2017-12-2 1:11:13] WSARecv : 496
[2017-12-2 1:11:13] WSARecv : 496
[2017-12-2 1:11:13] WSARecv : 496
[2017-12-2 1:11:13] WSARecv : 496
[2017-12-2 1:11:14] WSARecv : 464
[2017-12-2 1:11:14] WSARecv : 464
[2017-12-2 1:11:14] WSARecv : 464
[2017-12-2 1:11:14] WSARecv : 464
[2017-12-2 1:11:14] WSARecv : 464
[2017-12-2 1:11:14] WSARecv : 464
[2017-12-2 1:11:14] WSARecv : 464
[2017-12-2 1:11:14] WSARecv : 464
[2017-12-2 1:11:14] WSARecv : 464
[2017-12-2 1:11:14] WSARecv : 464
[2017-12-2 1:11:14] WSARecv : 464
[2017-12-2 1:11:14] WSARecv : 464
[2017-12-2 1:11:14] WSARecv : 464
[2017-12-2 1:11:14] WSARecv : 464
[2017-12-2 1:11:14] WSARecv : 464
[2017-12-2 1:11:14] WSARecv : 464
[2017-12-2 1:11:14] WSARecv : 464
[2017-12-2 1:11:14] WSARecv : 464
[2017-12-2 1:11:14] WSARecv : 464
[2017-12-2 1:11:14] WSARecv : 464
[2017-12-2 1:11:14] WSARecv : 464
[2017-12-2 1:11:14] WSARecv : 464
[2017-12-2 1:11:14] WSARecv : 464
[2017-12-2 1:11:14] WSARecv : 464
[2017-12-2 1:11:14] WSARecv : 464
[2017-12-2 1:11:14] WSARecv : 464
[2017-12-2 1:11:14] WSARecv : 464
[2017-12-2 1:11:14] WSARecv : 464
[2017-12-2 1:11:14] WSARecv : 464
[2017-12-2 1:11:14] WSARecv : 464
[2017-12-2 1:11:14] WSARecv : 464
[2017-12-2 1:11:14] WSARecv : 464
[2017-12-2 1:11:14] WSARecv : 464
[2017-12-2 1:11:14] WSARecv : 464
[2017-12-2 1:11:14] WSARecv : 464
[2017-12-2 1:11:14] WSARecv : 464
[2017-12-2 1:11:14] WSARecv : 464
[2017-12-2 1:11:14] WSARecv : 464
[2017-12-2 1:11:14] WSARecv : 464
[2017-12-2 1:11:14] WSARecv : 464
[2017-12-2 1:11:14] WSARecv : 464
[2017-12-2 1:11:14] WSARecv : 464
[2017-12-2 1:11:14] WSARecv : 464
[2017-12-2 1:11:14] WSARecv : 464
[2017-12-2 1:11:14] WSARecv : 464
[2017-12-2 1:11:14] WSARecv : 464
[2017-12-2 1:11:14] WSARecv : 464
[2017-12-2 1:11:14] WSARecv : 464
[2017-12-2 1:11:14] WSARecv : 464
[2017-12-2 1:11:14] WSARecv : 464
[2017-12-2 1:11:14] WSARecv : 464
[2017-12-2 1:11:14] WSARecv : 464
[2017-12-2 1:11:14] WSARecv : 464
[2017-12-2 1:11:14] WSARecv : 464
[2017-12-2 1:11:14] WSARecv : 464
[2017-12-2 1:11:14] WSARecv : 464
[2017-12-2 1:11:14] WSARecv : 464
[2017-12-2 1:11:14] WSARecv : 464
[2017-12-2 1:11:14] WSARecv : 464
[2017-12-2 1:11:14] WSARecv : 464
[2017-12-2 1:11:14] WSARecv : 464
[2017-12-2 1:11:14] WSARecv : 464
[2017-12-2 1:11:14] WSARecv : 464
[2017-12-2 1:11:15] WSARecv : 464
[2017-12-2 1:11:15] WSARecv : 464
[2017-12-2 1:11:15] WSARecv : 464
[2017-12-2 1:11:15] WSARecv : 464
[2017-12-2 1:11:15] WSARecv : 464
[2017-12-2 1:11:15] WSARecv : 464
[2017-12-2 1:11:15] WSARecv : 464
[2017-12-2 1:11:15] WSARecv : 464
[2017-12-2 1:11:15] WSARecv : 464
[2017-12-2 1:11:15] WSARecv : 464
[2017-12-2 1:11:15] WSARecv : 464
[2017-12-2 1:11:15] WSARecv : 464
[2017-12-2 1:11:15] WSARecv : 464
[2017-12-2 1:11:15] WSARecv : 464
[2017-12-2 1:11:15] WSARecv : 464
[2017-12-2 1:11:15] WSARecv : 464
[2017-12-2 1:11:15] WSARecv : 464
[2017-12-2 1:11:15] WSARecv : 464
[2017-12-2 1:11:15] WSARecv : 464
[2017-12-2 1:11:15] WSARecv : 464
[2017-12-2 1:11:15] WSARecv : 464
[2017-12-2 1:11:15] WSARecv : 464
[2017-12-2 1:11:15] WSARecv : 464
[2017-12-2 1:11:15] WSARecv : 464
[2017-12-2 1:11:15] WSARecv : 464
[2017-12-2 1:11:15] WSARecv : 464
[2017-12-2 1:11:15] WSARecv : 464
[2017-12-2 1:11:15] WSARecv : 464
[2017-12-2 1:11:15] WSARecv : 464
[2017-12-2 1:11:15] WSARecv : 464
[2017-12-2 1:11:15] WSARecv : 464
[2017-12-2 1:11:15] WSARecv : 464
[2017-12-2 1:11:15] WSARecv : 464
[2017-12-2 1:11:15] WSARecv : 464
[2017-12-2 1:11:15] WSARecv : 464
[2017-12-2 1:11:15] WSARecv : 464
[2017-12-2 1:11:15] WSARecv : 464
[2017-12-2 1:11:15] WSARecv : 464
[2017-12-2 1:11:15] WSARecv : 464
[2017-12-2 1:11:15] WSARecv : 464
[2017-12-2 1:11:15] WSARecv : 464
[2017-12-2 1:11:17] WSARecv : 496
[2017-12-2 1:11:17] WSARecv : 496
[2017-12-2 1:11:17] WSARecv : 496
[2017-12-2 1:11:17] WSARecv : 496
[2017-12-2 1:11:17] WSARecv : 496
[2017-12-2 1:11:17] WSARecv : 496
[2017-12-2 1:11:17] WSARecv : 496
[2017-12-2 1:11:17] WSARecv : 496
[2017-12-2 1:11:17] WSARecv : 496
[2017-12-2 1:11:17] WSARecv : 496
[2017-12-2 1:11:17] WSARecv : 496
[2017-12-2 1:11:17] WSARecv : 496
[2017-12-2 1:11:17] WSARecv : 496
[2017-12-2 1:11:17] WSARecv : 496
[2017-12-2 1:11:17] WSARecv : 496
[2017-12-2 1:11:17] WSARecv : 496
[2017-12-2 1:11:17] WSARecv : 496
[2017-12-2 1:11:17] WSARecv : 496
[2017-12-2 1:11:17] WSARecv : 496
[2017-12-2 1:11:17] WSARecv : 496
[2017-12-2 1:11:19] WSARecv : 464
[2017-12-2 1:11:19] WSARecv : 464
[2017-12-2 1:11:19] WSARecv : 464
[2017-12-2 1:11:19] WSARecv : 464
[2017-12-2 1:11:19] WSARecv : 464
[2017-12-2 1:11:19] WSARecv : 464
[2017-12-2 1:11:19] WSARecv : 464
[2017-12-2 1:11:19] WSARecv : 464
[2017-12-2 1:11:19] WSARecv : 464
[2017-12-2 1:11:19] WSARecv : 464
[2017-12-2 1:11:19] WSARecv : 464
[2017-12-2 1:11:19] WSARecv : 464
[2017-12-2 1:11:19] WSARecv : 464
[2017-12-2 1:11:19] WSARecv : 464
[2017-12-2 1:11:19] WSARecv : 464
[2017-12-2 1:11:19] WSARecv : 464
[2017-12-2 1:11:19] WSARecv : 464
[2017-12-2 1:11:19] WSARecv : 464
[2017-12-2 1:11:19] WSARecv : 464
[2017-12-2 1:11:20] WSARecv : 464
[2017-12-2 1:11:20] WSARecv : 464
[2017-12-2 1:11:20] WSARecv : 464
[2017-12-2 1:11:20] WSARecv : 464
[2017-12-2 1:11:20] WSARecv : 464
[2017-12-2 1:11:20] WSARecv : 464
[2017-12-2 1:11:20] WSARecv : 464
[2017-12-2 1:11:20] WSARecv : 464
[2017-12-2 1:11:20] WSARecv : 464
[2017-12-2 1:11:20] WSARecv : 464
[2017-12-2 1:11:20] WSARecv : 464
[2017-12-2 1:11:20] WSARecv : 464
[2017-12-2 1:11:20] WSARecv : 464
[2017-12-2 1:11:20] WSARecv : 464
[2017-12-2 1:11:20] WSARecv : 464
[2017-12-2 1:11:20] WSARecv : 464
[2017-12-2 1:11:20] WSARecv : 464
[2017-12-2 1:11:20] WSARecv : 464
[2017-12-2 1:11:20] WSARecv : 464
[2017-12-2 1:11:23] WSARecv : 496
[2017-12-2 1:11:26] WSARecv : 464
[2017-12-2 1:11:29] WSARecv : 496
[2017-12-2 1:11:32] WSARecv : 496
[2017-12-2 1:11:35] WSARecv : 464
[2017-12-2 1:11:36] WSARecv : 464
[2017-12-2 1:11:37] WSARecv : 464
[2017-12-2 1:11:37] WSARecv : 464
[2017-12-2 1:11:37] WSARecv : 464
[2017-12-2 1:11:38] WSARecv : 464
[2017-12-2 1:11:38] WSARecv : 464
[2017-12-2 1:11:38] WSARecv : 464
[2017-12-2 1:11:38] WSARecv : 464
[2017-12-2 1:11:38] WSARecv : 464
[2017-12-2 1:11:39] WSARecv : 464
[2017-12-2 1:11:39] WSARecv : 464
[2017-12-2 1:11:39] WSARecv : 464
[2017-12-2 1:11:39] WSARecv : 464
[2017-12-2 1:11:41] WSARecv : 496
[2017-12-2 1:11:41] WSARecv : 496
[2017-12-2 1:11:43] WSARecv : 496
[2017-12-2 1:11:46] AcceptEx Success
[2017-12-2 1:11:46] Client End
[2017-12-2 1:11:47] AcceptEx Success
[2017-12-2 1:11:48] Client End
[2017-12-2 1:12:48] INFO Success
[2017-12-2 1:12:48] Active_Session : 2
[2017-12-2 1:12:48] InActive_Session : 28
[2017-12-2 1:12:48] WSARecv : 584
[2017-12-2 1:12:48] Accept Success
[2017-12-2 1:12:56] INFO Success
[2017-12-2 1:12:56] Active_Session : 2
[2017-12-2 1:12:56] InActive_Session : 28
[2017-12-2 1:12:56] WSARecv : 584
[2017-12-2 1:12:56] Accept Success
[2017-12-2 1:12:58] WSARecv : 584
[2017-12-2 1:13:23] INFO Success
[2017-12-2 1:13:23] Active_Session : 3
[2017-12-2 1:13:23] InActive_Session : 27
[2017-12-2 1:13:23] WSARecv : 492
[2017-12-2 1:13:23] Accept Success
[2017-12-2 1:13:25] Is Not Room User
[2017-12-2 1:13:25] Game_REQ Room Join
[2017-12-2 1:13:25] WSARecv : 584
[2017-12-2 1:13:29] WSARecv : 492
[2017-12-2 1:13:34] Is Not Room User
[2017-12-2 1:13:34] Game_REQ Room Join
[2017-12-2 1:13:34] WSARecv : 492
[2017-12-2 1:13:40] WSARecv : 584
[2017-12-2 1:13:46] WSARecv ERROR 

[2017-12-2 1:13:46] WSARecv : 492
[2017-12-2 1:14:1] WSARecv ERROR 

[2017-12-2 1:14:1] WSARecv : 492
[2017-12-2 1:14:35] AcceptEx Success
[2017-12-2 1:14:35] Client End
[2017-12-2 1:15:58] AcceptEx Success
[2017-12-2 1:15:58] Client End
[2017-12-2 1:17:8] WSAStartup Success
[2017-12-2 1:17:8] Socket Init Success
[2017-12-2 1:17:8] listen Success
[2017-12-2 1:17:8] AcceptEx Success
[2017-12-2 1:17:8] AcceptEx Success
[2017-12-2 1:17:8] AcceptEx Success
[2017-12-2 1:17:8] AcceptEx Success
[2017-12-2 1:17:8] AcceptEx Success
[2017-12-2 1:17:8] AcceptEx Success
[2017-12-2 1:17:8] AcceptEx Success
[2017-12-2 1:17:8] AcceptEx Success
[2017-12-2 1:17:8] AcceptEx Success
[2017-12-2 1:17:8] AcceptEx Success
[2017-12-2 1:17:8] AcceptEx Success
[2017-12-2 1:17:8] AcceptEx Success
[2017-12-2 1:17:8] AcceptEx Success
[2017-12-2 1:17:8] AcceptEx Success
[2017-12-2 1:17:8] AcceptEx Success
[2017-12-2 1:17:8] AcceptEx Success
[2017-12-2 1:17:8] AcceptEx Success
[2017-12-2 1:17:8] AcceptEx Success
[2017-12-2 1:17:8] AcceptEx Success
[2017-12-2 1:17:8] AcceptEx Success
[2017-12-2 1:17:8] AcceptEx Success
[2017-12-2 1:17:8] AcceptEx Success
[2017-12-2 1:17:8] AcceptEx Success
[2017-12-2 1:17:8] AcceptEx Success
[2017-12-2 1:17:8] AcceptEx Success
[2017-12-2 1:17:8] AcceptEx Success
[2017-12-2 1:17:8] AcceptEx Success
[2017-12-2 1:17:8] AcceptEx Success
[2017-12-2 1:17:8] AcceptEx Success
[2017-12-2 1:17:8] AcceptEx Success
[2017-12-2 1:17:8] Thread Create 8
[2017-12-2 1:17:45] WSAStartup Success
[2017-12-2 1:17:45] Socket Init Success
[2017-12-2 1:17:45] listen Success
[2017-12-2 1:17:45] AcceptEx Success
[2017-12-2 1:17:45] AcceptEx Success
[2017-12-2 1:17:45] AcceptEx Success
[2017-12-2 1:17:45] AcceptEx Success
[2017-12-2 1:17:45] AcceptEx Success
[2017-12-2 1:17:45] AcceptEx Success
[2017-12-2 1:17:45] AcceptEx Success
[2017-12-2 1:17:45] AcceptEx Success
[2017-12-2 1:17:45] AcceptEx Success
[2017-12-2 1:17:45] AcceptEx Success
[2017-12-2 1:17:45] AcceptEx Success
[2017-12-2 1:17:45] AcceptEx Success
[2017-12-2 1:17:45] AcceptEx Success
[2017-12-2 1:17:45] AcceptEx Success
[2017-12-2 1:17:45] AcceptEx Success
[2017-12-2 1:17:45] AcceptEx Success
[2017-12-2 1:17:45] AcceptEx Success
[2017-12-2 1:17:45] AcceptEx Success
[2017-12-2 1:17:45] AcceptEx Success
[2017-12-2 1:17:45] AcceptEx Success
[2017-12-2 1:17:45] AcceptEx Success
[2017-12-2 1:17:45] AcceptEx Success
[2017-12-2 1:17:45] AcceptEx Success
[2017-12-2 1:17:45] AcceptEx Success
[2017-12-2 1:17:45] AcceptEx Success
[2017-12-2 1:17:45] AcceptEx Success
[2017-12-2 1:17:45] AcceptEx Success
[2017-12-2 1:17:45] AcceptEx Success
[2017-12-2 1:17:45] AcceptEx Success
[2017-12-2 1:17:45] AcceptEx Success
[2017-12-2 1:17:45] Thread Create 8
[2017-12-2 1:17:55] INFO Success
[2017-12-2 1:17:56] Active_Session : 1
[2017-12-2 1:17:56] InActive_Session : 29
[2017-12-2 1:17:56] WSARecv : 500
[2017-12-2 1:17:56] Accept Success
[2017-12-2 1:17:56] INFO Success
[2017-12-2 1:17:56] Active_Session : 2
[2017-12-2 1:17:56] InActive_Session : 28
[2017-12-2 1:17:56] WSARecv : 492
[2017-12-2 1:17:56] Accept Success
[2017-12-2 1:18:1] WSARecv : 492
[2017-12-2 1:18:7] WSARecv : 500
[2017-12-2 1:18:13] Is Not Room User
[2017-12-2 1:18:13] Game_REQ Room Join
[2017-12-2 1:18:13] WSARecv : 500
[2017-12-2 1:18:14] Is Not Room User
[2017-12-2 1:18:14] Game_REQ Room Join
[2017-12-2 1:18:14] WSARecv : 492
[2017-12-2 1:18:24] WSARecv : 500
[2017-12-2 1:18:26] WSARecv : 492
[2017-12-2 1:18:28] WSARecv : 500
[2017-12-2 1:18:30] WSARecv : 500
[2017-12-2 1:18:32] WSARecv : 492
[2017-12-2 1:18:34] WSARecv : 492
[2017-12-2 1:18:35] WSARecv : 492
[2017-12-2 1:18:37] WSARecv : 500
[2017-12-2 1:18:40] WSARecv : 492
[2017-12-2 1:18:42] WSARecv : 492
[2017-12-2 1:18:43] WSARecv : 500
[2017-12-2 1:18:45] WSARecv : 492
[2017-12-2 1:18:45] WSARecv : 492
[2017-12-2 1:18:46] WSARecv : 500
[2017-12-2 1:18:46] WSARecv : 500
[2017-12-2 1:18:47] WSARecv : 492
[2017-12-2 1:18:47] WSARecv : 492
[2017-12-2 1:18:48] WSARecv : 492
[2017-12-2 1:18:48] WSARecv : 492
[2017-12-2 1:18:48] WSARecv : 492
[2017-12-2 1:18:48] WSARecv : 492
[2017-12-2 1:18:48] WSARecv : 492
[2017-12-2 1:18:48] WSARecv : 492
[2017-12-2 1:18:48] WSARecv : 492
[2017-12-2 1:18:48] WSARecv : 492
[2017-12-2 1:18:49] WSARecv : 500
[2017-12-2 1:18:49] WSARecv : 500
[2017-12-2 1:18:49] WSARecv : 500
[2017-12-2 1:18:49] WSARecv : 500
[2017-12-2 1:18:49] WSARecv : 500
[2017-12-2 1:18:49] WSARecv : 500
[2017-12-2 1:18:49] WSARecv : 500
[2017-12-2 1:18:49] WSARecv : 500
[2017-12-2 1:18:49] WSARecv : 500
[2017-12-2 1:18:49] WSARecv : 500
[2017-12-2 1:18:49] WSARecv : 500
[2017-12-2 1:18:49] WSARecv : 500
[2017-12-2 1:18:49] WSARecv : 500
[2017-12-2 1:18:49] WSARecv : 500
[2017-12-2 1:18:49] WSARecv : 500
[2017-12-2 1:18:49] WSARecv : 500
[2017-12-2 1:18:49] WSARecv : 500
[2017-12-2 1:18:49] WSARecv : 500
[2017-12-2 1:18:49] WSARecv : 500
[2017-12-2 1:18:49] WSARecv : 500
[2017-12-2 1:18:49] WSARecv : 500
[2017-12-2 1:18:49] WSARecv : 500
[2017-12-2 1:18:49] WSARecv : 500
[2017-12-2 1:18:49] WSARecv : 500
[2017-12-2 1:18:49] WSARecv : 500
[2017-12-2 1:18:50] WSARecv : 492
[2017-12-2 1:18:50] WSARecv : 492
[2017-12-2 1:18:50] WSARecv : 492
[2017-12-2 1:18:50] WSARecv : 492
[2017-12-2 1:18:50] WSARecv : 492
[2017-12-2 1:18:50] WSARecv : 492
[2017-12-2 1:18:50] WSARecv : 492
[2017-12-2 1:18:50] WSARecv : 492
[2017-12-2 1:18:50] WSARecv : 492
[2017-12-2 1:18:50] WSARecv : 492
[2017-12-2 1:18:50] WSARecv : 492
[2017-12-2 1:18:50] WSARecv : 492
[2017-12-2 1:18:50] WSARecv : 492
[2017-12-2 1:18:50] WSARecv : 492
[2017-12-2 1:18:50] WSARecv : 492
[2017-12-2 1:18:50] WSARecv : 492
[2017-12-2 1:18:50] WSARecv : 492
[2017-12-2 1:18:50] WSARecv : 492
[2017-12-2 1:18:50] WSARecv : 492
[2017-12-2 1:18:50] WSARecv : 492
[2017-12-2 1:18:50] WSARecv : 492
[2017-12-2 1:18:50] WSARecv : 492
[2017-12-2 1:18:50] WSARecv : 492
[2017-12-2 1:18:50] WSARecv : 492
[2017-12-2 1:18:52] WSARecv : 500
[2017-12-2 1:18:52] WSARecv : 500
[2017-12-2 1:18:52] WSARecv : 500
[2017-12-2 1:18:52] WSARecv : 500
[2017-12-2 1:18:52] WSARecv : 500
[2017-12-2 1:18:52] WSARecv : 500
[2017-12-2 1:18:52] WSARecv : 500
[2017-12-2 1:18:52] WSARecv : 500
[2017-12-2 1:18:52] WSARecv : 500
[2017-12-2 1:18:52] WSARecv : 500
[2017-12-2 1:18:52] WSARecv : 500
[2017-12-2 1:18:52] WSARecv : 500
[2017-12-2 1:18:52] WSARecv : 500
[2017-12-2 1:18:52] WSARecv : 500
[2017-12-2 1:18:52] WSARecv : 500
[2017-12-2 1:18:52] WSARecv : 500
[2017-12-2 1:18:52] WSARecv : 500
[2017-12-2 1:18:52] WSARecv : 500
[2017-12-2 1:18:52] WSARecv : 500
[2017-12-2 1:18:52] WSARecv : 500
[2017-12-2 1:18:52] WSARecv : 500
[2017-12-2 1:18:52] WSARecv : 500
[2017-12-2 1:18:52] WSARecv : 500
[2017-12-2 1:18:52] WSARecv : 500
[2017-12-2 1:18:52] WSARecv : 500
[2017-12-2 1:18:52] WSARecv : 500
[2017-12-2 1:18:52] WSARecv : 500
[2017-12-2 1:18:52] WSARecv : 500
[2017-12-2 1:18:52] WSARecv : 500
[2017-12-2 1:18:52] WSARecv : 500
[2017-12-2 1:18:52] WSARecv : 500
[2017-12-2 1:18:52] WSARecv : 500
[2017-12-2 1:18:52] WSARecv : 500
[2017-12-2 1:18:52] WSARecv : 500
[2017-12-2 1:18:52] WSARecv : 500
[2017-12-2 1:18:52] WSARecv : 500
[2017-12-2 1:18:52] WSARecv : 500
[2017-12-2 1:18:53] WSARecv : 492
[2017-12-2 1:18:53] WSARecv : 492
[2017-12-2 1:18:53] WSARecv : 492
[2017-12-2 1:18:53] WSARecv : 492
[2017-12-2 1:18:53] WSARecv : 492
[2017-12-2 1:18:53] WSARecv : 492
[2017-12-2 1:18:53] WSARecv : 492
[2017-12-2 1:18:53] WSARecv : 492
[2017-12-2 1:18:53] WSARecv : 492
[2017-12-2 1:18:53] WSARecv : 492
[2017-12-2 1:18:53] WSARecv : 492
[2017-12-2 1:18:53] WSARecv : 492
[2017-12-2 1:18:53] WSARecv : 492
[2017-12-2 1:18:53] WSARecv : 492
[2017-12-2 1:18:53] WSARecv : 492
[2017-12-2 1:18:53] WSARecv : 492
[2017-12-2 1:18:54] WSARecv : 492
[2017-12-2 1:18:54] WSARecv : 492
[2017-12-2 1:18:54] WSARecv : 492
[2017-12-2 1:18:54] WSARecv : 492
[2017-12-2 1:18:54] WSARecv : 492
[2017-12-2 1:18:54] WSARecv : 492
[2017-12-2 1:18:54] WSARecv : 492
[2017-12-2 1:18:54] WSARecv : 492
[2017-12-2 1:18:54] WSARecv : 492
[2017-12-2 1:18:54] WSARecv : 492
[2017-12-2 1:18:54] WSARecv : 492
[2017-12-2 1:18:54] WSARecv : 492
[2017-12-2 1:18:55] WSARecv : 500
[2017-12-2 1:18:55] WSARecv : 500
[2017-12-2 1:18:55] WSARecv : 500
[2017-12-2 1:18:55] WSARecv : 500
[2017-12-2 1:18:55] WSARecv : 500
[2017-12-2 1:18:55] WSARecv : 500
[2017-12-2 1:18:55] WSARecv : 500
[2017-12-2 1:18:55] WSARecv : 500
[2017-12-2 1:18:55] WSARecv : 500
[2017-12-2 1:18:55] WSARecv : 500
[2017-12-2 1:18:55] WSARecv : 500
[2017-12-2 1:18:55] WSARecv : 500
[2017-12-2 1:18:55] WSARecv : 500
[2017-12-2 1:18:55] WSARecv : 500
[2017-12-2 1:18:55] WSARecv : 500
[2017-12-2 1:18:55] WSARecv : 500
[2017-12-2 1:18:55] WSARecv : 500
[2017-12-2 1:18:55] WSARecv : 500
[2017-12-2 1:18:55] WSARecv : 500
[2017-12-2 1:18:55] WSARecv : 500
[2017-12-2 1:18:55] WSARecv : 500
[2017-12-2 1:18:55] WSARecv : 500
[2017-12-2 1:18:55] WSARecv : 500
[2017-12-2 1:18:55] WSARecv : 500
[2017-12-2 1:18:56] WSARecv : 500
[2017-12-2 1:18:56] WSARecv : 500
[2017-12-2 1:18:56] WSARecv : 500
[2017-12-2 1:18:56] WSARecv : 500
[2017-12-2 1:18:56] WSARecv : 500
[2017-12-2 1:18:56] WSARecv : 500
[2017-12-2 1:18:56] WSARecv : 500
[2017-12-2 1:18:56] WSARecv : 500
[2017-12-2 1:18:56] WSARecv : 500
[2017-12-2 1:18:56] WSARecv : 500
[2017-12-2 1:18:56] WSARecv : 500
[2017-12-2 1:18:56] WSARecv : 500
[2017-12-2 1:18:56] WSARecv : 500
[2017-12-2 1:18:56] WSARecv : 500
[2017-12-2 1:18:56] WSARecv : 500
[2017-12-2 1:18:56] WSARecv : 500
[2017-12-2 1:18:56] WSARecv : 500
[2017-12-2 1:18:56] WSARecv : 500
[2017-12-2 1:18:56] WSARecv : 500
[2017-12-2 1:18:56] WSARecv : 500
[2017-12-2 1:18:56] WSARecv : 500
[2017-12-2 1:18:56] WSARecv : 500
[2017-12-2 1:18:56] WSARecv : 500
[2017-12-2 1:18:56] WSARecv : 500
[2017-12-2 1:18:56] WSARecv : 500
[2017-12-2 1:18:56] WSARecv : 500
[2017-12-2 1:18:56] WSARecv : 500
[2017-12-2 1:18:56] WSARecv : 500
[2017-12-2 1:18:56] WSARecv : 500
[2017-12-2 1:18:56] WSARecv : 500
[2017-12-2 1:18:56] WSARecv : 500
[2017-12-2 1:18:57] WSARecv : 492
[2017-12-2 1:18:57] WSARecv : 492
[2017-12-2 1:18:57] WSARecv : 492
[2017-12-2 1:18:57] WSARecv : 492
[2017-12-2 1:18:57] WSARecv : 492
[2017-12-2 1:18:57] WSARecv : 492
[2017-12-2 1:18:57] WSARecv : 492
[2017-12-2 1:18:57] WSARecv : 492
[2017-12-2 1:18:57] WSARecv : 492
[2017-12-2 1:18:57] WSARecv : 492
[2017-12-2 1:18:57] WSARecv : 492
[2017-12-2 1:18:57] WSARecv : 492
[2017-12-2 1:18:57] WSARecv : 492
[2017-12-2 1:18:57] WSARecv : 492
[2017-12-2 1:18:57] WSARecv : 492
[2017-12-2 1:18:57] WSARecv : 492
[2017-12-2 1:18:57] WSARecv : 492
[2017-12-2 1:18:57] WSARecv : 492
[2017-12-2 1:18:57] WSARecv : 492
[2017-12-2 1:18:57] WSARecv : 492
[2017-12-2 1:18:57] WSARecv : 492
[2017-12-2 1:18:57] WSARecv : 492
[2017-12-2 1:18:57] WSARecv : 492
[2017-12-2 1:18:57] WSARecv : 492
[2017-12-2 1:18:57] WSARecv : 492
[2017-12-2 1:18:57] WSARecv : 492
[2017-12-2 1:18:57] WSARecv : 492
[2017-12-2 1:18:57] WSARecv : 492
[2017-12-2 1:18:57] WSARecv : 492
[2017-12-2 1:18:57] WSARecv : 492
[2017-12-2 1:18:57] WSARecv : 492
[2017-12-2 1:18:57] WSARecv : 492
[2017-12-2 1:18:57] WSARecv : 492
[2017-12-2 1:18:57] WSARecv : 492
[2017-12-2 1:18:57] WSARecv : 492
[2017-12-2 1:18:57] WSARecv : 492
[2017-12-2 1:18:57] WSARecv : 492
[2017-12-2 1:18:57] WSARecv : 492
[2017-12-2 1:18:57] WSARecv : 492
[2017-12-2 1:18:57] WSARecv : 492
[2017-12-2 1:18:58] WSARecv : 500
[2017-12-2 1:18:58] WSARecv : 500
[2017-12-2 1:18:58] WSARecv : 500
[2017-12-2 1:18:58] WSARecv : 500
[2017-12-2 1:18:58] WSARecv : 500
[2017-12-2 1:18:58] WSARecv : 500
[2017-12-2 1:18:58] WSARecv : 500
[2017-12-2 1:18:58] WSARecv : 500
[2017-12-2 1:18:58] WSARecv : 500
[2017-12-2 1:18:58] WSARecv : 500
[2017-12-2 1:18:58] WSARecv : 500
[2017-12-2 1:18:58] WSARecv : 500
[2017-12-2 1:18:58] WSARecv : 500
[2017-12-2 1:18:58] WSARecv : 500
[2017-12-2 1:18:58] WSARecv : 500
[2017-12-2 1:18:58] WSARecv : 500
[2017-12-2 1:18:59] WSARecv : 500
[2017-12-2 1:18:59] WSARecv : 500
[2017-12-2 1:18:59] WSARecv : 500
[2017-12-2 1:18:59] WSARecv : 500
[2017-12-2 1:18:59] WSARecv : 500
[2017-12-2 1:18:59] WSARecv : 500
[2017-12-2 1:18:59] WSARecv : 500
[2017-12-2 1:18:59] WSARecv : 500
[2017-12-2 1:18:59] WSARecv : 500
[2017-12-2 1:18:59] WSARecv : 500
[2017-12-2 1:18:59] WSARecv : 500
[2017-12-2 1:18:59] WSARecv : 500
[2017-12-2 1:18:59] WSARecv : 500
[2017-12-2 1:18:59] WSARecv : 500
[2017-12-2 1:18:59] WSARecv : 500
[2017-12-2 1:18:59] WSARecv : 500
[2017-12-2 1:18:59] WSARecv : 500
[2017-12-2 1:18:59] WSARecv : 500
[2017-12-2 1:18:59] WSARecv : 500
[2017-12-2 1:18:59] WSARecv : 500
[2017-12-2 1:18:59] WSARecv : 500
[2017-12-2 1:18:59] WSARecv : 500
[2017-12-2 1:18:59] WSARecv : 500
[2017-12-2 1:18:59] WSARecv : 500
[2017-12-2 1:18:59] WSARecv : 500
[2017-12-2 1:18:59] WSARecv : 500
[2017-12-2 1:18:59] WSARecv : 500
[2017-12-2 1:18:59] WSARecv : 500
[2017-12-2 1:18:59] WSARecv : 500
[2017-12-2 1:18:59] WSARecv : 500
[2017-12-2 1:18:59] WSARecv : 500
[2017-12-2 1:18:59] WSARecv : 500
[2017-12-2 1:19:0] WSARecv : 492
[2017-12-2 1:19:0] WSARecv : 492
[2017-12-2 1:19:0] WSARecv : 492
[2017-12-2 1:19:0] WSARecv : 492
[2017-12-2 1:19:0] WSARecv : 492
[2017-12-2 1:19:0] WSARecv : 492
[2017-12-2 1:19:0] WSARecv : 492
[2017-12-2 1:19:0] WSARecv : 492
[2017-12-2 1:19:1] WSARecv : 492
[2017-12-2 1:19:1] WSARecv : 492
[2017-12-2 1:19:1] WSARecv : 492
[2017-12-2 1:19:1] WSARecv : 492
[2017-12-2 1:19:1] WSARecv : 492
[2017-12-2 1:19:1] WSARecv : 492
[2017-12-2 1:19:1] WSARecv : 492
[2017-12-2 1:19:1] WSARecv : 492
[2017-12-2 1:19:1] WSARecv : 492
[2017-12-2 1:19:1] WSARecv : 492
[2017-12-2 1:19:1] WSARecv : 492
[2017-12-2 1:19:1] WSARecv : 492
[2017-12-2 1:19:1] WSARecv : 492
[2017-12-2 1:19:1] WSARecv : 492
[2017-12-2 1:19:1] WSARecv : 492
[2017-12-2 1:19:1] WSARecv : 492
[2017-12-2 1:19:1] WSARecv : 492
[2017-12-2 1:19:1] WSARecv : 492
[2017-12-2 1:19:1] WSARecv : 492
[2017-12-2 1:19:1] WSARecv : 492
[2017-12-2 1:19:1] WSARecv : 492
[2017-12-2 1:19:4] WSARecv : 500
[2017-12-2 1:19:4] WSARecv : 500
[2017-12-2 1:19:4] WSARecv : 500
[2017-12-2 1:19:4] WSARecv : 500
[2017-12-2 1:19:4] WSARecv : 500
[2017-12-2 1:19:4] WSARecv : 500
[2017-12-2 1:19:4] WSARecv : 500
[2017-12-2 1:19:4] WSARecv : 500
[2017-12-2 1:19:4] WSARecv : 500
[2017-12-2 1:19:4] WSARecv : 500
[2017-12-2 1:19:4] WSARecv : 500
[2017-12-2 1:19:4] WSARecv : 500
[2017-12-2 1:19:4] WSARecv : 500
[2017-12-2 1:19:4] WSARecv : 500
[2017-12-2 1:19:4] WSARecv : 500
[2017-12-2 1:19:4] WSARecv : 500
[2017-12-2 1:19:4] WSARecv : 500
[2017-12-2 1:19:4] WSARecv : 500
[2017-12-2 1:19:4] WSARecv : 500
[2017-12-2 1:19:4] WSARecv : 500
[2017-12-2 1:19:4] WSARecv : 500
[2017-12-2 1:19:4] WSARecv : 500
[2017-12-2 1:19:4] WSARecv : 500
[2017-12-2 1:19:4] WSARecv : 500
[2017-12-2 1:19:4] WSARecv : 500
[2017-12-2 1:19:4] WSARecv : 500
[2017-12-2 1:19:4] WSARecv : 500
[2017-12-2 1:19:4] WSARecv : 500
[2017-12-2 1:19:4] WSARecv : 500
[2017-12-2 1:19:4] WSARecv : 500
[2017-12-2 1:19:4] WSARecv : 500
[2017-12-2 1:19:5] WSARecv : 492
[2017-12-2 1:19:5] WSARecv : 492
[2017-12-2 1:19:5] WSARecv : 492
[2017-12-2 1:19:5] WSARecv : 492
[2017-12-2 1:19:5] WSARecv : 492
[2017-12-2 1:19:5] WSARecv : 492
[2017-12-2 1:19:5] WSARecv : 492
[2017-12-2 1:19:5] WSARecv : 492
[2017-12-2 1:19:5] WSARecv : 492
[2017-12-2 1:19:5] WSARecv : 492
[2017-12-2 1:19:5] WSARecv : 492
[2017-12-2 1:19:5] WSARecv : 492
[2017-12-2 1:19:5] WSARecv : 492
[2017-12-2 1:19:5] WSARecv : 492
[2017-12-2 1:19:5] WSARecv : 492
[2017-12-2 1:19:5] WSARecv : 492
[2017-12-2 1:19:5] WSARecv : 492
[2017-12-2 1:19:5] WSARecv : 492
[2017-12-2 1:19:5] WSARecv : 492
[2017-12-2 1:19:5] WSARecv : 492
[2017-12-2 1:19:5] WSARecv : 492
[2017-12-2 1:19:5] WSARecv : 492
[2017-12-2 1:19:5] WSARecv : 492
[2017-12-2 1:19:5] WSARecv : 492
[2017-12-2 1:19:5] WSARecv : 492
[2017-12-2 1:19:5] WSARecv : 492
[2017-12-2 1:19:5] WSARecv : 492
[2017-12-2 1:19:5] WSARecv : 492
[2017-12-2 1:19:5] WSARecv : 492
[2017-12-2 1:19:5] WSARecv : 492
[2017-12-2 1:19:5] WSARecv : 492
[2017-12-2 1:19:5] WSARecv : 492
[2017-12-2 1:19:5] WSARecv : 492
[2017-12-2 1:19:5] WSARecv : 492
[2017-12-2 1:19:5] WSARecv : 492
[2017-12-2 1:19:5] WSARecv : 492
[2017-12-2 1:19:5] WSARecv : 492
[2017-12-2 1:19:5] WSARecv : 492
[2017-12-2 1:19:5] WSARecv : 492
[2017-12-2 1:19:5] WSARecv : 492
[2017-12-2 1:19:5] WSARecv : 492
[2017-12-2 1:19:5] WSARecv : 492
[2017-12-2 1:19:5] WSARecv : 492
[2017-12-2 1:19:5] WSARecv : 492
[2017-12-2 1:19:5] WSARecv : 492
[2017-12-2 1:19:5] WSARecv : 492
[2017-12-2 1:19:5] WSARecv : 492
[2017-12-2 1:19:5] WSARecv : 492
[2017-12-2 1:19:5] WSARecv : 492
[2017-12-2 1:19:5] WSARecv : 492
[2017-12-2 1:19:5] WSARecv : 492
[2017-12-2 1:19:5] WSARecv : 492
[2017-12-2 1:19:5] WSARecv : 492
[2017-12-2 1:19:5] WSARecv : 492
[2017-12-2 1:19:5] WSARecv : 492
[2017-12-2 1:19:5] WSARecv : 492
[2017-12-2 1:19:5] WSARecv : 492
[2017-12-2 1:19:5] WSARecv : 492
[2017-12-2 1:19:5] WSARecv : 492
[2017-12-2 1:19:5] WSARecv : 492
[2017-12-2 1:19:6] WSARecv : 492
[2017-12-2 1:19:6] WSARecv : 492
[2017-12-2 1:19:6] WSARecv : 492
[2017-12-2 1:19:6] WSARecv : 492
[2017-12-2 1:19:6] WSARecv : 492
[2017-12-2 1:19:6] WSARecv : 492
[2017-12-2 1:19:6] WSARecv : 492
[2017-12-2 1:19:6] WSARecv : 492
[2017-12-2 1:19:6] WSARecv : 492
[2017-12-2 1:19:6] WSARecv : 492
[2017-12-2 1:19:6] WSARecv : 492
[2017-12-2 1:19:6] WSARecv : 492
[2017-12-2 1:19:6] WSARecv : 492
[2017-12-2 1:19:6] WSARecv : 492
[2017-12-2 1:19:6] WSARecv : 492
[2017-12-2 1:19:6] WSARecv : 492
[2017-12-2 1:19:6] WSARecv : 492
[2017-12-2 1:19:6] WSARecv : 492
[2017-12-2 1:19:6] WSARecv : 492
[2017-12-2 1:19:6] WSARecv : 492
[2017-12-2 1:19:6] WSARecv : 492
[2017-12-2 1:19:6] WSARecv : 492
[2017-12-2 1:19:6] WSARecv : 492
[2017-12-2 1:19:6] WSARecv : 492
[2017-12-2 1:19:6] WSARecv : 492
[2017-12-2 1:19:6] WSARecv : 492
[2017-12-2 1:19:6] WSARecv : 492
[2017-12-2 1:19:6] WSARecv : 492
[2017-12-2 1:19:6] WSARecv : 492
[2017-12-2 1:19:6] WSARecv : 492
[2017-12-2 1:19:6] WSARecv : 492
[2017-12-2 1:19:6] WSARecv : 492
[2017-12-2 1:19:6] WSARecv : 492
[2017-12-2 1:19:6] WSARecv : 492
[2017-12-2 1:19:6] WSARecv : 492
[2017-12-2 1:19:6] WSARecv : 492
[2017-12-2 1:19:6] WSARecv : 492
[2017-12-2 1:19:6] WSARecv : 492
[2017-12-2 1:19:6] WSARecv : 492
[2017-12-2 1:19:6] WSARecv : 492
[2017-12-2 1:19:6] WSARecv : 492
[2017-12-2 1:19:6] WSARecv : 492
[2017-12-2 1:19:6] WSARecv : 492
[2017-12-2 1:19:6] WSARecv : 492
[2017-12-2 1:19:6] WSARecv : 492
[2017-12-2 1:19:6] WSARecv : 492
[2017-12-2 1:19:6] WSARecv : 492
[2017-12-2 1:19:6] WSARecv : 492
[2017-12-2 1:19:6] WSARecv : 492
[2017-12-2 1:19:6] WSARecv : 492
[2017-12-2 1:19:6] WSARecv : 492
[2017-12-2 1:19:6] WSARecv : 492
[2017-12-2 1:19:6] WSARecv : 492
[2017-12-2 1:19:6] WSARecv : 492
[2017-12-2 1:19:6] WSARecv : 492
[2017-12-2 1:19:6] WSARecv : 492
[2017-12-2 1:19:6] WSARecv : 492
[2017-12-2 1:19:6] WSARecv : 492
[2017-12-2 1:19:6] WSARecv : 492
[2017-12-2 1:19:6] WSARecv : 492
[2017-12-2 1:19:6] WSARecv : 492
[2017-12-2 1:19:6] WSARecv : 492
[2017-12-2 1:19:6] WSARecv : 492
[2017-12-2 1:19:6] WSARecv : 492
[2017-12-2 1:19:6] WSARecv : 492
[2017-12-2 1:19:6] WSARecv : 492
[2017-12-2 1:19:6] WSARecv : 492
[2017-12-2 1:19:6] WSARecv : 492
[2017-12-2 1:19:6] WSARecv : 492
[2017-12-2 1:19:6] WSARecv : 492
[2017-12-2 1:19:6] WSARecv : 492
[2017-12-2 1:19:6] WSARecv : 492
[2017-12-2 1:19:6] WSARecv : 492
[2017-12-2 1:19:6] WSARecv : 492
[2017-12-2 1:19:6] WSARecv : 492
[2017-12-2 1:19:6] WSARecv : 492
[2017-12-2 1:19:6] WSARecv : 492
[2017-12-2 1:19:6] WSARecv : 492
[2017-12-2 1:19:6] WSARecv : 492
[2017-12-2 1:19:6] WSARecv : 492
[2017-12-2 1:19:6] WSARecv : 492
[2017-12-2 1:19:6] WSARecv : 492
[2017-12-2 1:19:6] WSARecv : 492
[2017-12-2 1:19:6] WSARecv : 492
[2017-12-2 1:19:6] WSARecv : 492
[2017-12-2 1:19:6] WSARecv : 492
[2017-12-2 1:19:6] WSARecv : 492
[2017-12-2 1:19:6] WSARecv : 492
[2017-12-2 1:19:6] WSARecv : 492
[2017-12-2 1:19:6] WSARecv : 492
[2017-12-2 1:19:7] WSARecv : 492
[2017-12-2 1:19:7] WSARecv : 492
[2017-12-2 1:19:7] WSARecv : 492
[2017-12-2 1:19:7] WSARecv : 492
[2017-12-2 1:19:7] WSARecv : 492
[2017-12-2 1:19:7] WSARecv : 492
[2017-12-2 1:19:7] WSARecv : 492
[2017-12-2 1:19:7] WSARecv : 492
[2017-12-2 1:19:7] WSARecv : 492
[2017-12-2 1:19:7] WSARecv : 492
[2017-12-2 1:19:7] WSARecv : 492
[2017-12-2 1:19:7] WSARecv : 492
[2017-12-2 1:19:7] WSARecv : 492
[2017-12-2 1:19:7] WSARecv : 492
[2017-12-2 1:19:7] WSARecv : 492
[2017-12-2 1:19:7] WSARecv : 492
[2017-12-2 1:19:7] WSARecv : 492
[2017-12-2 1:19:7] WSARecv : 492
[2017-12-2 1:19:7] WSARecv : 492
[2017-12-2 1:19:7] WSARecv : 492
[2017-12-2 1:19:7] WSARecv : 492
[2017-12-2 1:19:7] WSARecv : 492
[2017-12-2 1:19:7] WSARecv : 492
[2017-12-2 1:19:7] WSARecv : 492
[2017-12-2 1:19:7] WSARecv : 492
[2017-12-2 1:19:7] WSARecv : 492
[2017-12-2 1:19:7] WSARecv : 492
[2017-12-2 1:19:7] WSARecv : 492
[2017-12-2 1:19:7] WSARecv : 492
[2017-12-2 1:19:7] WSARecv : 492
[2017-12-2 1:19:7] WSARecv : 492
[2017-12-2 1:19:7] WSARecv : 492
[2017-12-2 1:19:7] WSARecv : 492
[2017-12-2 1:19:7] WSARecv : 492
[2017-12-2 1:19:7] WSARecv : 492
[2017-12-2 1:19:7] WSARecv : 492
[2017-12-2 1:19:7] WSARecv : 492
[2017-12-2 1:19:7] WSARecv : 492
[2017-12-2 1:19:7] WSARecv : 492
[2017-12-2 1:19:7] WSARecv : 492
[2017-12-2 1:19:7] WSARecv : 492
[2017-12-2 1:19:7] WSARecv : 492
[2017-12-2 1:19:7] WSARecv : 492
[2017-12-2 1:19:7] WSARecv : 492
[2017-12-2 1:19:7] WSARecv : 492
[2017-12-2 1:19:7] WSARecv : 492
[2017-12-2 1:19:7] WSARecv : 492
[2017-12-2 1:19:7] WSARecv : 492
[2017-12-2 1:19:7] WSARecv : 492
[2017-12-2 1:19:7] WSARecv : 492
[2017-12-2 1:19:7] WSARecv : 492
[2017-12-2 1:19:7] WSARecv : 492
[2017-12-2 1:19:7] WSARecv : 492
[2017-12-2 1:19:7] WSARecv : 492
[2017-12-2 1:19:7] WSARecv : 492
[2017-12-2 1:19:7] WSARecv : 492
[2017-12-2 1:19:7] WSARecv : 492
[2017-12-2 1:19:7] WSARecv : 492
[2017-12-2 1:19:7] WSARecv : 492
[2017-12-2 1:19:7] WSARecv : 492
[2017-12-2 1:19:7] WSARecv : 492
[2017-12-2 1:19:7] WSARecv : 492
[2017-12-2 1:19:7] WSARecv : 492
[2017-12-2 1:19:7] WSARecv : 492
[2017-12-2 1:19:7] WSARecv : 492
[2017-12-2 1:19:7] WSARecv : 492
[2017-12-2 1:19:7] WSARecv : 492
[2017-12-2 1:19:7] WSARecv : 492
[2017-12-2 1:19:7] WSARecv : 492
[2017-12-2 1:19:7] WSARecv : 492
[2017-12-2 1:19:7] WSARecv : 492
[2017-12-2 1:19:7] WSARecv : 492
[2017-12-2 1:19:7] WSARecv : 492
[2017-12-2 1:19:7] WSARecv : 492
[2017-12-2 1:19:7] WSARecv : 492
[2017-12-2 1:19:7] WSARecv : 492
[2017-12-2 1:19:7] WSARecv : 492
[2017-12-2 1:19:7] WSARecv : 492
[2017-12-2 1:19:7] WSARecv : 492
[2017-12-2 1:19:7] WSARecv : 492
[2017-12-2 1:19:7] WSARecv : 492
[2017-12-2 1:19:7] WSARecv : 492
[2017-12-2 1:19:7] WSARecv : 492
[2017-12-2 1:19:7] WSARecv : 492
[2017-12-2 1:19:7] WSARecv : 492
[2017-12-2 1:19:7] WSARecv : 492
[2017-12-2 1:19:7] WSARecv : 492
[2017-12-2 1:19:7] WSARecv : 492
[2017-12-2 1:19:7] WSARecv : 492
[2017-12-2 1:19:7] WSARecv : 492
[2017-12-2 1:19:7] WSARecv : 492
[2017-12-2 1:19:7] WSARecv : 492
[2017-12-2 1:19:7] WSARecv : 492
[2017-12-2 1:19:7] WSARecv : 492
[2017-12-2 1:19:7] WSARecv : 492
[2017-12-2 1:19:7] WSARecv : 492
[2017-12-2 1:19:7] WSARecv : 492
[2017-12-2 1:19:7] WSARecv : 492
[2017-12-2 1:19:7] WSARecv : 492
[2017-12-2 1:19:7] WSARecv : 492
[2017-12-2 1:19:7] WSARecv : 492
[2017-12-2 1:19:7] WSARecv : 492
[2017-12-2 1:19:7] WSARecv : 492
[2017-12-2 1:19:7] WSARecv : 492
[2017-12-2 1:19:7] WSARecv : 492
[2017-12-2 1:19:7] WSARecv : 492
[2017-12-2 1:19:7] WSARecv : 492
[2017-12-2 1:19:7] WSARecv : 492
[2017-12-2 1:19:7] WSARecv : 492
[2017-12-2 1:19:7] WSARecv : 492
[2017-12-2 1:19:7] WSARecv : 492
[2017-12-2 1:19:7] WSARecv : 492
[2017-12-2 1:19:7] WSARecv : 492
[2017-12-2 1:19:7] WSARecv : 492
[2017-12-2 1:19:7] WSARecv : 492
[2017-12-2 1:19:7] WSARecv : 492
[2017-12-2 1:19:7] WSARecv : 492
[2017-12-2 1:19:7] WSARecv : 492
[2017-12-2 1:19:7] WSARecv : 492
[2017-12-2 1:19:7] WSARecv : 492
[2017-12-2 1:19:8] WSARecv : 492
[2017-12-2 1:19:8] WSARecv : 492
[2017-12-2 1:19:8] WSARecv : 492
[2017-12-2 1:19:8] WSARecv : 492
[2017-12-2 1:19:8] WSARecv : 492
[2017-12-2 1:19:8] WSARecv : 492
[2017-12-2 1:19:8] WSARecv : 492
[2017-12-2 1:19:8] WSARecv : 492
[2017-12-2 1:19:8] WSARecv : 492
[2017-12-2 1:19:8] WSARecv : 492
[2017-12-2 1:19:8] WSARecv : 492
[2017-12-2 1:19:8] WSARecv : 492
[2017-12-2 1:19:8] WSARecv : 492
[2017-12-2 1:19:8] WSARecv : 492
[2017-12-2 1:19:8] WSARecv : 492
[2017-12-2 1:19:8] WSARecv : 492
[2017-12-2 1:19:8] WSARecv : 492
[2017-12-2 1:19:8] WSARecv : 492
[2017-12-2 1:19:8] WSARecv : 492
[2017-12-2 1:19:8] WSARecv : 492
[2017-12-2 1:19:8] WSARecv : 492
[2017-12-2 1:19:8] WSARecv : 492
[2017-12-2 1:19:8] WSARecv : 492
[2017-12-2 1:19:8] WSARecv : 492
[2017-12-2 1:19:8] WSARecv : 492
[2017-12-2 1:19:8] WSARecv : 492
[2017-12-2 1:19:8] WSARecv : 492
[2017-12-2 1:19:8] WSARecv : 492
[2017-12-2 1:19:8] WSARecv : 492
[2017-12-2 1:19:8] WSARecv : 492
[2017-12-2 1:19:8] WSARecv : 492
[2017-12-2 1:19:8] WSARecv : 492
[2017-12-2 1:19:8] WSARecv : 492
[2017-12-2 1:19:8] WSARecv : 492
[2017-12-2 1:19:8] WSARecv : 492
[2017-12-2 1:19:8] WSARecv : 492
[2017-12-2 1:19:8] WSARecv : 492
[2017-12-2 1:19:8] WSARecv : 492
[2017-12-2 1:19:8] WSARecv : 492
[2017-12-2 1:19:8] WSARecv : 492
[2017-12-2 1:19:8] WSARecv : 492
[2017-12-2 1:19:8] WSARecv : 492
[2017-12-2 1:19:8] WSARecv : 492
[2017-12-2 1:19:8] WSARecv : 492
[2017-12-2 1:19:8] WSARecv : 492
[2017-12-2 1:19:8] WSARecv : 492
[2017-12-2 1:19:8] WSARecv : 492
[2017-12-2 1:19:8] WSARecv : 492
[2017-12-2 1:19:8] WSARecv : 492
[2017-12-2 1:19:8] WSARecv : 492
[2017-12-2 1:19:8] WSARecv : 492
[2017-12-2 1:19:8] WSARecv : 492
[2017-12-2 1:19:8] WSARecv : 492
[2017-12-2 1:19:8] WSARecv : 492
[2017-12-2 1:19:8] WSARecv : 492
[2017-12-2 1:19:8] WSARecv : 492
[2017-12-2 1:19:8] WSARecv : 492
[2017-12-2 1:19:8] WSARecv : 492
[2017-12-2 1:19:8] WSARecv : 492
[2017-12-2 1:19:8] WSARecv : 492
[2017-12-2 1:19:8] WSARecv : 492
[2017-12-2 1:19:8] WSARecv : 492
[2017-12-2 1:19:8] WSARecv : 492
[2017-12-2 1:19:8] WSARecv : 492
[2017-12-2 1:19:8] WSARecv : 492
[2017-12-2 1:19:8] WSARecv : 492
[2017-12-2 1:19:8] WSARecv : 492
[2017-12-2 1:19:8] WSARecv : 492
[2017-12-2 1:19:8] WSARecv : 492
[2017-12-2 1:19:8] WSARecv : 492
[2017-12-2 1:19:8] WSARecv : 492
[2017-12-2 1:19:8] WSARecv : 492
[2017-12-2 1:19:8] WSARecv : 492
[2017-12-2 1:19:8] WSARecv : 492
[2017-12-2 1:19:8] WSARecv : 492
[2017-12-2 1:19:8] WSARecv : 492
[2017-12-2 1:19:8] WSARecv : 492
[2017-12-2 1:19:8] WSARecv : 492
[2017-12-2 1:19:8] WSARecv : 492
[2017-12-2 1:19:8] WSARecv : 492
[2017-12-2 1:19:8] WSARecv : 492
[2017-12-2 1:19:8] WSARecv : 492
[2017-12-2 1:19:8] WSARecv : 492
[2017-12-2 1:19:8] WSARecv : 492
[2017-12-2 1:19:8] WSARecv : 492
[2017-12-2 1:19:8] WSARecv : 492
[2017-12-2 1:19:8] WSARecv : 492
[2017-12-2 1:19:8] WSARecv : 492
[2017-12-2 1:19:8] WSARecv : 492
[2017-12-2 1:19:8] WSARecv : 492
[2017-12-2 1:19:8] WSARecv : 492
[2017-12-2 1:19:8] WSARecv : 492
[2017-12-2 1:19:8] WSARecv : 492
[2017-12-2 1:19:8] WSARecv : 492
[2017-12-2 1:19:8] WSARecv : 492
[2017-12-2 1:19:8] WSARecv : 492
[2017-12-2 1:19:8] WSARecv : 492
[2017-12-2 1:19:8] WSARecv : 492
[2017-12-2 1:19:8] WSARecv : 492
[2017-12-2 1:19:8] WSARecv : 492
[2017-12-2 1:19:8] WSARecv : 492
[2017-12-2 1:19:8] WSARecv : 492
[2017-12-2 1:19:8] WSARecv : 492
[2017-12-2 1:19:8] WSARecv : 492
[2017-12-2 1:19:8] WSARecv : 492
[2017-12-2 1:19:8] WSARecv : 492
[2017-12-2 1:19:8] WSARecv : 492
[2017-12-2 1:19:8] WSARecv : 492
[2017-12-2 1:19:8] WSARecv : 492
[2017-12-2 1:19:8] WSARecv : 492
[2017-12-2 1:19:8] WSARecv : 492
[2017-12-2 1:19:8] WSARecv : 492
[2017-12-2 1:19:8] WSARecv : 492
[2017-12-2 1:19:9] WSARecv : 492
[2017-12-2 1:19:9] WSARecv : 492
[2017-12-2 1:19:9] WSARecv : 492
[2017-12-2 1:19:9] WSARecv : 492
[2017-12-2 1:19:9] WSARecv : 492
[2017-12-2 1:19:9] WSARecv : 492
[2017-12-2 1:19:9] WSARecv : 492
[2017-12-2 1:19:9] WSARecv : 492
[2017-12-2 1:19:9] WSARecv : 492
[2017-12-2 1:19:9] WSARecv : 492
[2017-12-2 1:19:9] WSARecv : 492
[2017-12-2 1:19:9] WSARecv : 492
[2017-12-2 1:19:9] WSARecv : 492
[2017-12-2 1:19:9] WSARecv : 492
[2017-12-2 1:19:9] WSARecv : 492
[2017-12-2 1:19:9] WSARecv : 492
[2017-12-2 1:19:9] WSARecv : 492
[2017-12-2 1:19:9] WSARecv : 492
[2017-12-2 1:19:9] WSARecv : 492
[2017-12-2 1:19:9] WSARecv : 492
[2017-12-2 1:19:9] WSARecv : 492
[2017-12-2 1:19:9] WSARecv : 492
[2017-12-2 1:19:9] WSARecv : 492
[2017-12-2 1:19:9] WSARecv : 492
[2017-12-2 1:19:9] WSARecv : 492
[2017-12-2 1:19:9] WSARecv : 492
[2017-12-2 1:19:9] WSARecv : 492
[2017-12-2 1:19:9] WSARecv : 492
[2017-12-2 1:19:9] WSARecv : 492
[2017-12-2 1:19:9] WSARecv : 492
[2017-12-2 1:19:9] WSARecv : 492
[2017-12-2 1:19:9] WSARecv : 492
[2017-12-2 1:19:9] WSARecv : 492
[2017-12-2 1:19:9] WSARecv : 492
[2017-12-2 1:19:9] WSARecv : 492
[2017-12-2 1:19:9] WSARecv : 492
[2017-12-2 1:19:9] WSARecv : 492
[2017-12-2 1:19:9] WSARecv : 492
[2017-12-2 1:19:9] WSARecv : 492
[2017-12-2 1:19:9] WSARecv : 492
[2017-12-2 1:19:9] WSARecv : 492
[2017-12-2 1:19:9] WSARecv : 492
[2017-12-2 1:19:9] WSARecv : 492
[2017-12-2 1:19:9] WSARecv : 492
[2017-12-2 1:19:9] WSARecv : 492
[2017-12-2 1:19:9] WSARecv : 492
[2017-12-2 1:19:9] WSARecv : 492
[2017-12-2 1:19:9] WSARecv : 492
[2017-12-2 1:19:9] WSARecv : 492
[2017-12-2 1:19:9] WSARecv : 492
[2017-12-2 1:19:9] WSARecv : 492
[2017-12-2 1:19:9] WSARecv : 492
[2017-12-2 1:19:9] WSARecv : 492
[2017-12-2 1:19:9] WSARecv : 492
[2017-12-2 1:19:9] WSARecv : 492
[2017-12-2 1:19:9] WSARecv : 492
[2017-12-2 1:19:9] WSARecv : 492
[2017-12-2 1:19:9] WSARecv : 492
[2017-12-2 1:19:9] WSARecv : 492
[2017-12-2 1:19:9] WSARecv : 492
[2017-12-2 1:19:9] WSARecv : 492
[2017-12-2 1:19:9] WSARecv : 492
[2017-12-2 1:19:9] WSARecv : 492
[2017-12-2 1:19:9] WSARecv : 492
[2017-12-2 1:19:9] WSARecv : 492
[2017-12-2 1:19:9] WSARecv : 492
[2017-12-2 1:19:9] WSARecv : 492
[2017-12-2 1:19:9] WSARecv : 492
[2017-12-2 1:19:9] WSARecv : 492
[2017-12-2 1:19:9] WSARecv : 492
[2017-12-2 1:19:10] WSARecv : 492
[2017-12-2 1:19:10] WSARecv : 492
[2017-12-2 1:19:10] WSARecv : 492
[2017-12-2 1:19:10] WSARecv : 492
[2017-12-2 1:19:10] WSARecv : 492
[2017-12-2 1:19:10] WSARecv : 492
[2017-12-2 1:19:10] WSARecv : 492
[2017-12-2 1:19:10] WSARecv : 492
[2017-12-2 1:19:10] WSARecv : 492
[2017-12-2 1:19:10] WSARecv : 492
[2017-12-2 1:19:10] WSARecv : 492
[2017-12-2 1:19:10] WSARecv : 492
[2017-12-2 1:19:10] WSARecv : 492
[2017-12-2 1:19:10] WSARecv : 492
[2017-12-2 1:19:10] WSARecv : 492
[2017-12-2 1:19:10] WSARecv : 492
[2017-12-2 1:19:10] WSARecv : 492
[2017-12-2 1:19:10] WSARecv : 492
[2017-12-2 1:19:10] WSARecv : 492
[2017-12-2 1:19:10] WSARecv : 492
[2017-12-2 1:19:10] WSARecv : 492
[2017-12-2 1:19:10] WSARecv : 492
[2017-12-2 1:19:10] WSARecv : 492
[2017-12-2 1:19:10] WSARecv : 492
[2017-12-2 1:19:10] WSARecv : 492
[2017-12-2 1:19:10] WSARecv : 492
[2017-12-2 1:19:10] WSARecv : 492
[2017-12-2 1:19:10] WSARecv : 492
[2017-12-2 1:19:10] WSARecv : 492
[2017-12-2 1:19:10] WSARecv : 492
[2017-12-2 1:19:10] WSARecv : 492
[2017-12-2 1:19:10] WSARecv : 492
[2017-12-2 1:19:10] WSARecv : 492
[2017-12-2 1:19:10] WSARecv : 492
[2017-12-2 1:19:10] WSARecv : 492
[2017-12-2 1:19:10] WSARecv : 492
[2017-12-2 1:19:10] WSARecv : 492
[2017-12-2 1:19:10] WSARecv : 492
[2017-12-2 1:19:10] WSARecv : 492
[2017-12-2 1:19:10] WSARecv : 492
[2017-12-2 1:19:10] WSARecv : 492
[2017-12-2 1:19:10] WSARecv : 492
[2017-12-2 1:19:10] WSARecv : 492
[2017-12-2 1:19:10] WSARecv : 492
[2017-12-2 1:19:10] WSARecv : 492
[2017-12-2 1:19:10] WSARecv : 492
[2017-12-2 1:19:10] WSARecv : 492
[2017-12-2 1:19:10] WSARecv : 492
[2017-12-2 1:19:10] WSARecv : 492
[2017-12-2 1:19:10] WSARecv : 492
[2017-12-2 1:19:10] WSARecv : 492
[2017-12-2 1:19:10] WSARecv : 492
[2017-12-2 1:19:10] WSARecv : 492
[2017-12-2 1:19:10] WSARecv : 492
[2017-12-2 1:19:10] WSARecv : 492
[2017-12-2 1:19:10] WSARecv : 492
[2017-12-2 1:19:10] WSARecv : 492
[2017-12-2 1:19:10] WSARecv : 492
[2017-12-2 1:19:10] WSARecv : 492
[2017-12-2 1:19:10] WSARecv : 492
[2017-12-2 1:19:10] WSARecv : 492
[2017-12-2 1:19:10] WSARecv : 492
[2017-12-2 1:19:10] WSARecv : 492
[2017-12-2 1:19:10] WSARecv : 492
[2017-12-2 1:19:10] WSARecv : 492
[2017-12-2 1:19:10] WSARecv : 492
[2017-12-2 1:19:10] WSARecv : 492
[2017-12-2 1:19:10] WSARecv : 492
[2017-12-2 1:19:10] WSARecv : 492
[2017-12-2 1:19:10] WSARecv : 492
[2017-12-2 1:19:10] WSARecv : 492
[2017-12-2 1:19:10] WSARecv : 492
[2017-12-2 1:19:10] WSARecv : 492
[2017-12-2 1:19:10] WSARecv : 492
[2017-12-2 1:19:10] WSARecv : 492
[2017-12-2 1:19:11] WSARecv : 492
[2017-12-2 1:19:11] WSARecv : 492
[2017-12-2 1:19:11] WSARecv : 492
[2017-12-2 1:19:11] WSARecv : 492
[2017-12-2 1:19:11] WSARecv : 492
[2017-12-2 1:19:11] WSARecv : 492
[2017-12-2 1:19:11] WSARecv : 492
[2017-12-2 1:19:11] WSARecv : 492
[2017-12-2 1:19:11] WSARecv : 492
[2017-12-2 1:19:11] WSARecv : 492
[2017-12-2 1:19:11] WSARecv : 492
[2017-12-2 1:19:11] WSARecv : 492
[2017-12-2 1:19:11] WSARecv : 492
[2017-12-2 1:19:11] WSARecv : 492
[2017-12-2 1:19:11] WSARecv : 492
[2017-12-2 1:19:11] WSARecv : 492
[2017-12-2 1:19:11] WSARecv : 492
[2017-12-2 1:19:11] WSARecv : 492
[2017-12-2 1:19:11] WSARecv : 492
[2017-12-2 1:19:11] WSARecv : 492
[2017-12-2 1:19:11] WSARecv : 492
[2017-12-2 1:19:11] WSARecv : 492
[2017-12-2 1:19:11] WSARecv : 492
[2017-12-2 1:19:11] WSARecv : 492
[2017-12-2 1:19:11] WSARecv : 492
[2017-12-2 1:19:11] WSARecv : 492
[2017-12-2 1:19:11] WSARecv : 492
[2017-12-2 1:19:11] WSARecv : 492
[2017-12-2 1:19:11] WSARecv : 492
[2017-12-2 1:19:11] WSARecv : 492
[2017-12-2 1:19:11] WSARecv : 492
[2017-12-2 1:19:11] WSARecv : 492
[2017-12-2 1:19:11] WSARecv : 492
[2017-12-2 1:19:11] WSARecv : 492
[2017-12-2 1:19:11] WSARecv : 492
[2017-12-2 1:19:11] WSARecv : 492
[2017-12-2 1:19:11] WSARecv : 492
[2017-12-2 1:19:11] WSARecv : 492
[2017-12-2 1:19:11] WSARecv : 492
[2017-12-2 1:19:11] WSARecv : 492
[2017-12-2 1:19:11] WSARecv : 492
[2017-12-2 1:19:11] WSARecv : 492
[2017-12-2 1:19:11] WSARecv : 492
[2017-12-2 1:19:11] WSARecv : 492
[2017-12-2 1:19:11] WSARecv : 492
[2017-12-2 1:19:11] WSARecv : 492
[2017-12-2 1:19:11] WSARecv : 492
[2017-12-2 1:19:11] WSARecv : 492
[2017-12-2 1:19:11] WSARecv : 492
[2017-12-2 1:19:11] WSARecv : 492
[2017-12-2 1:19:11] WSARecv : 492
[2017-12-2 1:19:11] WSARecv : 492
[2017-12-2 1:19:11] WSARecv : 492
[2017-12-2 1:19:11] WSARecv : 492
[2017-12-2 1:19:11] WSARecv : 492
[2017-12-2 1:19:11] WSARecv : 492
[2017-12-2 1:19:11] WSARecv : 492
[2017-12-2 1:19:11] WSARecv : 492
[2017-12-2 1:19:11] WSARecv : 492
[2017-12-2 1:19:11] WSARecv : 492
[2017-12-2 1:19:11] WSARecv : 492
[2017-12-2 1:19:11] WSARecv : 492
[2017-12-2 1:19:11] WSARecv : 492
[2017-12-2 1:19:11] WSARecv : 492
[2017-12-2 1:19:11] WSARecv : 492
[2017-12-2 1:19:11] WSARecv : 492
[2017-12-2 1:19:11] WSARecv : 492
[2017-12-2 1:19:11] WSARecv : 492
[2017-12-2 1:19:11] WSARecv : 492
[2017-12-2 1:19:11] WSARecv : 492
[2017-12-2 1:19:11] WSARecv : 492
[2017-12-2 1:19:11] WSARecv : 492
[2017-12-2 1:19:11] WSARecv : 492
[2017-12-2 1:19:11] WSARecv : 492
[2017-12-2 1:19:11] WSARecv : 492
[2017-12-2 1:19:11] WSARecv : 492
[2017-12-2 1:19:11] WSARecv : 492
[2017-12-2 1:19:11] WSARecv : 492
[2017-12-2 1:19:11] WSARecv : 492
[2017-12-2 1:19:11] WSARecv : 492
[2017-12-2 1:19:12] WSARecv : 492
[2017-12-2 1:19:12] WSARecv : 492
[2017-12-2 1:19:12] WSARecv : 492
[2017-12-2 1:19:12] WSARecv : 492
[2017-12-2 1:19:12] WSARecv : 492
[2017-12-2 1:19:12] WSARecv : 492
[2017-12-2 1:19:12] WSARecv : 492
[2017-12-2 1:19:12] WSARecv : 492
[2017-12-2 1:19:12] WSARecv : 492
[2017-12-2 1:19:12] WSARecv : 492
[2017-12-2 1:19:12] WSARecv : 492
[2017-12-2 1:19:12] WSARecv : 492
[2017-12-2 1:19:12] WSARecv : 492
[2017-12-2 1:19:12] WSARecv : 492
[2017-12-2 1:19:12] WSARecv : 492
[2017-12-2 1:19:12] WSARecv : 492
[2017-12-2 1:19:12] WSARecv : 492
[2017-12-2 1:19:12] WSARecv : 492
[2017-12-2 1:19:12] WSARecv : 492
[2017-12-2 1:19:12] WSARecv : 492
[2017-12-2 1:19:12] WSARecv : 492
[2017-12-2 1:19:12] WSARecv : 492
[2017-12-2 1:19:12] WSARecv : 492
[2017-12-2 1:19:12] WSARecv : 492
[2017-12-2 1:19:12] WSARecv : 492
[2017-12-2 1:19:12] WSARecv : 492
[2017-12-2 1:19:12] WSARecv : 492
[2017-12-2 1:19:12] WSARecv : 492
[2017-12-2 1:19:12] WSARecv : 492
[2017-12-2 1:19:12] WSARecv : 492
[2017-12-2 1:19:12] WSARecv : 492
[2017-12-2 1:19:12] WSARecv : 492
[2017-12-2 1:19:12] WSARecv : 492
[2017-12-2 1:19:12] WSARecv : 492
[2017-12-2 1:19:12] WSARecv : 492
[2017-12-2 1:19:12] WSARecv : 492
[2017-12-2 1:19:12] WSARecv : 492
[2017-12-2 1:19:12] WSARecv : 492
[2017-12-2 1:19:12] WSARecv : 492
[2017-12-2 1:19:12] WSARecv : 492
[2017-12-2 1:19:12] WSARecv : 492
[2017-12-2 1:19:12] WSARecv : 492
[2017-12-2 1:19:12] WSARecv : 492
[2017-12-2 1:19:12] WSARecv : 492
[2017-12-2 1:19:12] WSARecv : 492
[2017-12-2 1:19:12] WSARecv : 492
[2017-12-2 1:19:12] WSARecv : 492
[2017-12-2 1:19:12] WSARecv : 492
[2017-12-2 1:19:12] WSARecv : 492
[2017-12-2 1:19:12] WSARecv : 492
[2017-12-2 1:19:12] WSARecv : 492
[2017-12-2 1:19:12] WSARecv : 492
[2017-12-2 1:19:12] WSARecv : 492
[2017-12-2 1:19:12] WSARecv : 492
[2017-12-2 1:19:12] WSARecv : 492
[2017-12-2 1:19:12] WSARecv : 492
[2017-12-2 1:19:12] WSARecv : 492
[2017-12-2 1:19:12] WSARecv : 492
[2017-12-2 1:19:12] WSARecv : 492
[2017-12-2 1:19:12] WSARecv : 492
[2017-12-2 1:19:12] WSARecv : 492
[2017-12-2 1:19:12] WSARecv : 492
[2017-12-2 1:19:12] WSARecv : 492
[2017-12-2 1:19:12] WSARecv : 492
[2017-12-2 1:19:12] WSARecv : 492
[2017-12-2 1:19:12] WSARecv : 492
[2017-12-2 1:19:12] WSARecv : 492
[2017-12-2 1:19:12] WSARecv : 492
[2017-12-2 1:19:13] WSARecv : 492
[2017-12-2 1:19:13] WSARecv : 492
[2017-12-2 1:19:13] WSARecv : 492
[2017-12-2 1:19:13] WSARecv : 492
[2017-12-2 1:19:13] WSARecv : 492
[2017-12-2 1:19:13] WSARecv : 492
[2017-12-2 1:19:13] WSARecv : 492
[2017-12-2 1:19:13] WSARecv : 492
[2017-12-2 1:19:13] WSARecv : 492
[2017-12-2 1:19:13] WSARecv : 492
[2017-12-2 1:19:13] WSARecv : 492
[2017-12-2 1:19:13] WSARecv : 492
[2017-12-2 1:19:13] WSARecv : 492
[2017-12-2 1:19:13] WSARecv : 492
[2017-12-2 1:19:13] WSARecv : 492
[2017-12-2 1:19:13] WSARecv : 492
[2017-12-2 1:19:13] WSARecv : 492
[2017-12-2 1:19:13] WSARecv : 492
[2017-12-2 1:19:13] WSARecv : 492
[2017-12-2 1:19:13] WSARecv : 492
[2017-12-2 1:19:13] WSARecv : 492
[2017-12-2 1:19:13] WSARecv : 492
[2017-12-2 1:19:13] WSARecv : 492
[2017-12-2 1:19:13] WSARecv : 492
[2017-12-2 1:19:13] WSARecv : 492
[2017-12-2 1:19:13] WSARecv : 492
[2017-12-2 1:19:13] WSARecv : 492
[2017-12-2 1:19:13] WSARecv : 492
[2017-12-2 1:19:13] WSARecv : 492
[2017-12-2 1:19:13] WSARecv : 492
[2017-12-2 1:19:13] WSARecv : 492
[2017-12-2 1:19:13] WSARecv : 492
[2017-12-2 1:19:13] WSARecv : 492
[2017-12-2 1:19:13] WSARecv : 492
[2017-12-2 1:19:13] WSARecv : 492
[2017-12-2 1:19:13] WSARecv : 492
[2017-12-2 1:19:13] WSARecv : 492
[2017-12-2 1:19:13] WSARecv : 492
[2017-12-2 1:19:13] WSARecv : 492
[2017-12-2 1:19:13] WSARecv : 492
[2017-12-2 1:19:13] WSARecv : 492
[2017-12-2 1:19:13] WSARecv : 492
[2017-12-2 1:19:13] WSARecv : 492
[2017-12-2 1:19:13] WSARecv : 492
[2017-12-2 1:19:13] WSARecv : 492
[2017-12-2 1:19:13] WSARecv : 492
[2017-12-2 1:19:13] WSARecv : 492
[2017-12-2 1:19:13] WSARecv : 492
[2017-12-2 1:19:13] WSARecv : 492
[2017-12-2 1:19:13] WSARecv : 492
[2017-12-2 1:19:13] WSARecv : 492
[2017-12-2 1:19:13] WSARecv : 492
[2017-12-2 1:19:13] WSARecv : 492
[2017-12-2 1:19:13] WSARecv : 492
[2017-12-2 1:19:13] WSARecv : 492
[2017-12-2 1:19:13] WSARecv : 492
[2017-12-2 1:19:13] WSARecv : 492
[2017-12-2 1:19:13] WSARecv : 492
[2017-12-2 1:19:13] WSARecv : 492
[2017-12-2 1:19:13] WSARecv : 492
[2017-12-2 1:19:13] WSARecv : 492
[2017-12-2 1:19:13] WSARecv : 492
[2017-12-2 1:19:14] WSARecv : 492
[2017-12-2 1:19:14] WSARecv : 492
[2017-12-2 1:19:14] WSARecv : 492
[2017-12-2 1:19:14] WSARecv : 492
[2017-12-2 1:19:14] WSARecv : 492
[2017-12-2 1:19:14] WSARecv : 492
[2017-12-2 1:19:14] WSARecv : 492
[2017-12-2 1:19:14] WSARecv : 492
[2017-12-2 1:19:14] WSARecv : 492
[2017-12-2 1:19:14] WSARecv : 492
[2017-12-2 1:19:14] WSARecv : 492
[2017-12-2 1:19:14] WSARecv : 492
[2017-12-2 1:19:14] WSARecv : 492
[2017-12-2 1:19:14] WSARecv : 492
[2017-12-2 1:19:14] WSARecv : 492
[2017-12-2 1:19:14] WSARecv : 492
[2017-12-2 1:19:14] WSARecv : 492
[2017-12-2 1:19:14] WSARecv : 492
[2017-12-2 1:19:14] WSARecv : 492
[2017-12-2 1:19:14] WSARecv : 492
[2017-12-2 1:19:14] WSARecv : 492
[2017-12-2 1:19:14] WSARecv : 492
[2017-12-2 1:19:14] WSARecv : 492
[2017-12-2 1:19:14] WSARecv : 492
[2017-12-2 1:19:14] WSARecv : 492
[2017-12-2 1:19:14] WSARecv : 492
[2017-12-2 1:19:14] WSARecv : 492
[2017-12-2 1:19:14] WSARecv : 492
[2017-12-2 1:19:14] WSARecv : 492
[2017-12-2 1:19:14] WSARecv : 492
[2017-12-2 1:19:14] WSARecv : 492
[2017-12-2 1:19:14] WSARecv : 492
[2017-12-2 1:19:14] WSARecv : 492
[2017-12-2 1:19:14] WSARecv : 492
[2017-12-2 1:19:14] WSARecv : 492
[2017-12-2 1:19:14] WSARecv : 492
[2017-12-2 1:19:14] WSARecv : 492
[2017-12-2 1:19:14] WSARecv : 492
[2017-12-2 1:19:14] WSARecv : 492
[2017-12-2 1:19:14] WSARecv : 492
[2017-12-2 1:19:14] WSARecv : 492
[2017-12-2 1:19:14] WSARecv : 492
[2017-12-2 1:19:14] WSARecv : 492
[2017-12-2 1:19:14] WSARecv : 492
[2017-12-2 1:19:14] WSARecv : 492
[2017-12-2 1:19:14] WSARecv : 492
[2017-12-2 1:19:14] WSARecv : 492
[2017-12-2 1:19:14] WSARecv : 492
[2017-12-2 1:19:14] WSARecv : 492
[2017-12-2 1:19:14] WSARecv : 492
[2017-12-2 1:19:14] WSARecv : 492
[2017-12-2 1:19:14] WSARecv : 492
[2017-12-2 1:19:14] WSARecv : 492
[2017-12-2 1:19:14] WSARecv : 492
[2017-12-2 1:19:14] WSARecv : 492
[2017-12-2 1:19:14] WSARecv : 492
[2017-12-2 1:19:14] WSARecv : 492
[2017-12-2 1:19:14] WSARecv : 492
[2017-12-2 1:19:14] WSARecv : 492
[2017-12-2 1:19:14] WSARecv : 492
[2017-12-2 1:19:14] WSARecv : 492
[2017-12-2 1:19:14] WSARecv : 492
[2017-12-2 1:19:14] WSARecv : 492
[2017-12-2 1:19:15] WSARecv : 492
[2017-12-2 1:19:15] WSARecv : 492
[2017-12-2 1:19:15] WSARecv : 492
[2017-12-2 1:19:15] WSARecv : 492
[2017-12-2 1:19:15] WSARecv : 492
[2017-12-2 1:19:15] WSARecv : 492
[2017-12-2 1:19:15] WSARecv : 492
[2017-12-2 1:19:15] WSARecv : 492
[2017-12-2 1:19:15] WSARecv : 492
[2017-12-2 1:19:15] WSARecv : 492
[2017-12-2 1:19:15] WSARecv : 492
[2017-12-2 1:19:15] WSARecv : 492
[2017-12-2 1:19:15] WSARecv : 492
[2017-12-2 1:19:15] WSARecv : 492
[2017-12-2 1:19:15] WSARecv : 492
[2017-12-2 1:19:15] WSARecv : 492
[2017-12-2 1:19:15] WSARecv : 492
[2017-12-2 1:19:15] WSARecv : 492
[2017-12-2 1:19:15] WSARecv : 492
[2017-12-2 1:19:15] WSARecv : 492
[2017-12-2 1:19:15] WSARecv : 492
[2017-12-2 1:19:15] WSARecv : 492
[2017-12-2 1:19:15] WSARecv : 492
[2017-12-2 1:19:15] WSARecv : 492
[2017-12-2 1:19:15] WSARecv : 492
[2017-12-2 1:19:15] WSARecv : 492
[2017-12-2 1:19:15] WSARecv : 492
[2017-12-2 1:19:15] WSARecv : 492
[2017-12-2 1:19:15] WSARecv : 492
[2017-12-2 1:19:15] WSARecv : 492
[2017-12-2 1:19:15] WSARecv : 492
[2017-12-2 1:19:15] WSARecv : 492
[2017-12-2 1:19:15] WSARecv : 492
[2017-12-2 1:19:15] WSARecv : 492
[2017-12-2 1:19:15] WSARecv : 492
[2017-12-2 1:19:15] WSARecv : 492
[2017-12-2 1:19:15] WSARecv : 492
[2017-12-2 1:19:15] WSARecv : 492
[2017-12-2 1:19:15] WSARecv : 492
[2017-12-2 1:19:15] WSARecv : 492
[2017-12-2 1:19:15] WSARecv : 492
[2017-12-2 1:19:15] WSARecv : 492
[2017-12-2 1:19:15] WSARecv : 492
[2017-12-2 1:19:15] WSARecv : 492
[2017-12-2 1:19:15] WSARecv : 492
[2017-12-2 1:19:15] WSARecv : 492
[2017-12-2 1:19:15] WSARecv : 492
[2017-12-2 1:19:15] WSARecv : 492
[2017-12-2 1:19:15] WSARecv : 492
[2017-12-2 1:19:15] WSARecv : 492
[2017-12-2 1:19:15] WSARecv : 492
[2017-12-2 1:19:15] WSARecv : 492
[2017-12-2 1:19:15] WSARecv : 492
[2017-12-2 1:19:15] WSARecv : 492
[2017-12-2 1:19:15] WSARecv : 492
[2017-12-2 1:19:15] WSARecv : 492
[2017-12-2 1:19:15] WSARecv : 492
[2017-12-2 1:19:15] WSARecv : 492
[2017-12-2 1:19:15] WSARecv : 492
[2017-12-2 1:19:15] WSARecv : 492
[2017-12-2 1:19:16] WSARecv : 492
[2017-12-2 1:19:16] WSARecv : 492
[2017-12-2 1:19:16] WSARecv : 492
[2017-12-2 1:19:16] WSARecv : 492
[2017-12-2 1:19:16] WSARecv : 492
[2017-12-2 1:19:16] WSARecv : 492
[2017-12-2 1:19:16] WSARecv : 492
[2017-12-2 1:19:16] WSARecv : 492
[2017-12-2 1:19:16] WSARecv : 492
[2017-12-2 1:19:16] WSARecv : 492
[2017-12-2 1:19:16] WSARecv : 492
[2017-12-2 1:19:16] WSARecv : 492
[2017-12-2 1:19:16] WSARecv : 492
[2017-12-2 1:19:16] WSARecv : 492
[2017-12-2 1:19:22] WSARecv : 500
[2017-12-2 1:19:22] WSARecv : 500
[2017-12-2 1:19:22] WSARecv : 500
[2017-12-2 1:19:22] WSARecv : 500
[2017-12-2 1:19:22] WSARecv : 500
[2017-12-2 1:19:22] WSARecv : 500
[2017-12-2 1:19:22] WSARecv : 500
[2017-12-2 1:19:23] WSARecv : 500
[2017-12-2 1:19:23] WSARecv : 500
[2017-12-2 1:19:23] WSARecv : 500
[2017-12-2 1:19:23] WSARecv : 500
[2017-12-2 1:19:23] WSARecv : 500
[2017-12-2 1:19:23] WSARecv : 500
[2017-12-2 1:19:23] WSARecv : 500
[2017-12-2 1:19:23] WSARecv : 500
[2017-12-2 1:19:23] WSARecv : 500
[2017-12-2 1:19:23] WSARecv : 500
[2017-12-2 1:19:23] WSARecv : 500
[2017-12-2 1:19:23] WSARecv : 500
[2017-12-2 1:19:23] WSARecv : 500
[2017-12-2 1:19:23] WSARecv : 500
[2017-12-2 1:19:23] WSARecv : 500
[2017-12-2 1:19:23] WSARecv : 500
[2017-12-2 1:19:23] WSARecv : 500
[2017-12-2 1:19:23] WSARecv : 500
[2017-12-2 1:19:23] WSARecv : 500
[2017-12-2 1:19:27] WSARecv : 500
[2017-12-2 1:19:27] WSARecv : 500
[2017-12-2 1:19:27] WSARecv : 500
[2017-12-2 1:19:27] WSARecv : 500
[2017-12-2 1:19:27] WSARecv : 500
[2017-12-2 1:19:27] WSARecv : 500
[2017-12-2 1:19:27] WSARecv : 500
[2017-12-2 1:19:27] WSARecv : 500
[2017-12-2 1:19:27] WSARecv : 500
[2017-12-2 1:19:27] WSARecv : 500
[2017-12-2 1:19:27] WSARecv : 500
[2017-12-2 1:19:27] WSARecv : 500
[2017-12-2 1:19:27] WSARecv : 500
[2017-12-2 1:19:27] WSARecv : 500
[2017-12-2 1:19:27] WSARecv : 500
[2017-12-2 1:19:29] WSARecv : 500
[2017-12-2 1:19:29] WSARecv : 500
[2017-12-2 1:19:29] WSARecv : 500
[2017-12-2 1:19:29] WSARecv : 500
[2017-12-2 1:19:29] WSARecv : 500
[2017-12-2 1:19:29] WSARecv : 500
[2017-12-2 1:19:29] WSARecv : 500
[2017-12-2 1:19:29] WSARecv : 500
[2017-12-2 1:19:29] WSARecv : 500
[2017-12-2 1:19:29] WSARecv : 500
[2017-12-2 1:19:29] WSARecv : 500
[2017-12-2 1:19:29] WSARecv : 500
[2017-12-2 1:19:29] WSARecv : 500
[2017-12-2 1:19:29] WSARecv : 500
[2017-12-2 1:19:29] WSARecv : 500
[2017-12-2 1:19:29] WSARecv : 500
[2017-12-2 1:19:29] WSARecv : 500
[2017-12-2 1:19:29] WSARecv : 500
[2017-12-2 1:19:29] WSARecv : 500
[2017-12-2 1:19:29] WSARecv : 500
[2017-12-2 1:19:29] WSARecv : 500
[2017-12-2 1:19:29] WSARecv : 500
[2017-12-2 1:19:29] WSARecv : 500
[2017-12-2 1:19:29] WSARecv : 500
[2017-12-2 1:19:29] WSARecv : 500
[2017-12-2 1:19:29] WSARecv : 500
[2017-12-2 1:19:29] WSARecv : 500
[2017-12-2 1:19:29] WSARecv : 500
[2017-12-2 1:19:29] WSARecv : 500
[2017-12-2 1:19:29] WSARecv : 500
[2017-12-2 1:19:29] WSARecv : 500
[2017-12-2 1:19:29] WSARecv : 500
[2017-12-2 1:19:29] WSARecv : 500
[2017-12-2 1:19:29] WSARecv : 500
[2017-12-2 1:19:29] WSARecv : 500
[2017-12-2 1:19:29] WSARecv : 500
[2017-12-2 1:19:29] WSARecv : 500
[2017-12-2 1:19:29] WSARecv : 500
[2017-12-2 1:19:29] WSARecv : 500
[2017-12-2 1:19:29] WSARecv : 500
[2017-12-2 1:19:29] WSARecv : 500
[2017-12-2 1:19:29] WSARecv : 500
[2017-12-2 1:19:29] WSARecv : 500
[2017-12-2 1:19:29] WSARecv : 500
[2017-12-2 1:19:29] WSARecv : 500
[2017-12-2 1:19:29] WSARecv : 500
[2017-12-2 1:19:29] WSARecv : 500
[2017-12-2 1:19:29] WSARecv : 500
[2017-12-2 1:19:29] WSARecv : 500
[2017-12-2 1:19:29] WSARecv : 500
[2017-12-2 1:19:29] WSARecv : 500
[2017-12-2 1:19:29] WSARecv : 500
[2017-12-2 1:19:29] WSARecv : 500
[2017-12-2 1:19:29] WSARecv : 500
[2017-12-2 1:19:29] WSARecv : 500
[2017-12-2 1:19:29] WSARecv : 500
[2017-12-2 1:19:29] WSARecv : 500
[2017-12-2 1:19:29] WSARecv : 500
[2017-12-2 1:19:29] WSARecv : 500
[2017-12-2 1:19:29] WSARecv : 500
[2017-12-2 1:19:29] WSARecv : 500
[2017-12-2 1:19:29] WSARecv : 500
[2017-12-2 1:19:29] WSARecv : 500
[2017-12-2 1:19:29] WSARecv : 500
[2017-12-2 1:19:29] WSARecv : 500
[2017-12-2 1:19:29] WSARecv : 500
[2017-12-2 1:19:29] WSARecv : 500
[2017-12-2 1:19:29] WSARecv : 500
[2017-12-2 1:19:29] WSARecv : 500
[2017-12-2 1:19:29] WSARecv : 500
[2017-12-2 1:19:29] WSARecv : 500
[2017-12-2 1:19:29] WSARecv : 500
[2017-12-2 1:19:29] WSARecv : 500
[2017-12-2 1:19:29] WSARecv : 500
[2017-12-2 1:19:29] WSARecv : 500
[2017-12-2 1:19:29] WSARecv : 500
[2017-12-2 1:19:29] WSARecv : 500
[2017-12-2 1:19:29] WSARecv : 500
[2017-12-2 1:19:29] WSARecv : 500
[2017-12-2 1:19:29] WSARecv : 500
[2017-12-2 1:19:29] WSARecv : 500
[2017-12-2 1:19:29] WSARecv : 500
[2017-12-2 1:19:29] WSARecv : 500
[2017-12-2 1:19:29] WSARecv : 500
[2017-12-2 1:19:29] WSARecv : 500
[2017-12-2 1:19:29] WSARecv : 500
[2017-12-2 1:19:29] WSARecv : 500
[2017-12-2 1:19:29] WSARecv : 500
[2017-12-2 1:19:30] WSARecv : 500
[2017-12-2 1:19:30] WSARecv : 500
[2017-12-2 1:19:30] WSARecv : 500
[2017-12-2 1:19:30] WSARecv : 500
[2017-12-2 1:19:30] WSARecv : 500
[2017-12-2 1:19:30] WSARecv : 500
[2017-12-2 1:19:30] WSARecv : 500
[2017-12-2 1:19:30] WSARecv : 500
[2017-12-2 1:19:30] WSARecv : 500
[2017-12-2 1:19:30] WSARecv : 500
[2017-12-2 1:19:30] WSARecv : 500
[2017-12-2 1:19:30] WSARecv : 500
[2017-12-2 1:19:30] WSARecv : 500
[2017-12-2 1:19:30] WSARecv : 500
[2017-12-2 1:19:30] WSARecv : 500
[2017-12-2 1:19:30] WSARecv : 500
[2017-12-2 1:19:30] WSARecv : 500
[2017-12-2 1:19:30] WSARecv : 500
[2017-12-2 1:19:30] WSARecv : 500
[2017-12-2 1:19:30] WSARecv : 500
[2017-12-2 1:19:30] WSARecv : 500
[2017-12-2 1:19:30] WSARecv : 500
[2017-12-2 1:19:30] WSARecv : 500
[2017-12-2 1:19:30] WSARecv : 500
[2017-12-2 1:19:30] WSARecv : 500
[2017-12-2 1:19:30] WSARecv : 500
[2017-12-2 1:19:30] WSARecv : 500
[2017-12-2 1:19:30] WSARecv : 500
[2017-12-2 1:19:30] WSARecv : 500
[2017-12-2 1:19:30] WSARecv : 500
[2017-12-2 1:19:30] WSARecv : 500
[2017-12-2 1:19:30] WSARecv : 500
[2017-12-2 1:19:30] WSARecv : 500
[2017-12-2 1:19:30] WSARecv : 500
[2017-12-2 1:19:30] WSARecv : 500
[2017-12-2 1:19:30] WSARecv : 500
[2017-12-2 1:19:30] WSARecv : 500
[2017-12-2 1:19:31] WSARecv : 500
[2017-12-2 1:19:31] WSARecv : 500
[2017-12-2 1:19:31] WSARecv : 500
[2017-12-2 1:19:31] WSARecv : 500
[2017-12-2 1:19:31] WSARecv : 500
[2017-12-2 1:19:31] WSARecv : 500
[2017-12-2 1:19:31] WSARecv : 500
[2017-12-2 1:19:31] WSARecv : 500
[2017-12-2 1:19:31] WSARecv : 500
[2017-12-2 1:19:31] WSARecv : 500
[2017-12-2 1:19:31] WSARecv : 500
[2017-12-2 1:19:31] WSARecv : 500
[2017-12-2 1:19:31] WSARecv : 500
[2017-12-2 1:19:31] WSARecv : 500
[2017-12-2 1:19:31] WSARecv : 500
[2017-12-2 1:19:31] WSARecv : 500
[2017-12-2 1:19:31] WSARecv : 500
[2017-12-2 1:19:31] WSARecv : 500
[2017-12-2 1:19:31] WSARecv : 500
[2017-12-2 1:19:31] WSARecv : 500
[2017-12-2 1:19:31] WSARecv : 500
[2017-12-2 1:19:31] WSARecv : 500
[2017-12-2 1:19:31] WSARecv : 500
[2017-12-2 1:19:31] WSARecv : 500
[2017-12-2 1:19:31] WSARecv : 500
[2017-12-2 1:19:31] WSARecv : 500
[2017-12-2 1:19:31] WSARecv : 500
[2017-12-2 1:19:31] WSARecv : 500
[2017-12-2 1:19:31] WSARecv : 500
[2017-12-2 1:19:31] WSARecv : 500
[2017-12-2 1:19:31] WSARecv : 500
[2017-12-2 1:19:31] WSARecv : 500
[2017-12-2 1:19:31] WSARecv : 500
[2017-12-2 1:19:31] WSARecv : 500
[2017-12-2 1:19:32] WSARecv : 500
[2017-12-2 1:19:32] WSARecv : 500
[2017-12-2 1:19:32] WSARecv : 500
[2017-12-2 1:19:32] WSARecv : 500
[2017-12-2 1:19:32] WSARecv : 500
[2017-12-2 1:19:32] WSARecv : 500
[2017-12-2 1:19:32] WSARecv : 500
[2017-12-2 1:19:32] WSARecv : 500
[2017-12-2 1:19:32] WSARecv : 500
[2017-12-2 1:19:32] WSARecv : 500
[2017-12-2 1:19:32] WSARecv : 500
[2017-12-2 1:19:32] WSARecv : 500
[2017-12-2 1:19:32] WSARecv : 500
[2017-12-2 1:19:32] WSARecv : 500
[2017-12-2 1:19:32] WSARecv : 500
[2017-12-2 1:19:32] WSARecv : 500
[2017-12-2 1:19:32] WSARecv : 500
[2017-12-2 1:19:32] WSARecv : 500
[2017-12-2 1:19:32] WSARecv : 500
[2017-12-2 1:19:32] WSARecv : 500
[2017-12-2 1:19:32] WSARecv : 500
[2017-12-2 1:19:32] WSARecv : 500
[2017-12-2 1:19:32] WSARecv : 500
[2017-12-2 1:19:32] WSARecv : 500
[2017-12-2 1:19:32] WSARecv : 500
[2017-12-2 1:19:32] WSARecv : 500
[2017-12-2 1:19:32] WSARecv : 500
[2017-12-2 1:19:32] WSARecv : 500
[2017-12-2 1:19:32] WSARecv : 500
[2017-12-2 1:19:32] WSARecv : 500
[2017-12-2 1:19:32] WSARecv : 500
[2017-12-2 1:19:32] WSARecv : 500
[2017-12-2 1:19:32] WSARecv : 500
[2017-12-2 1:19:32] WSARecv : 500
[2017-12-2 1:19:32] WSARecv : 500
[2017-12-2 1:19:32] WSARecv : 500
[2017-12-2 1:19:32] WSARecv : 500
[2017-12-2 1:19:32] WSARecv : 500
[2017-12-2 1:19:32] WSARecv : 500
[2017-12-2 1:19:32] WSARecv : 500
[2017-12-2 1:19:32] WSARecv : 500
[2017-12-2 1:19:32] WSARecv : 500
[2017-12-2 1:19:32] WSARecv : 500
[2017-12-2 1:19:32] WSARecv : 500
[2017-12-2 1:19:32] WSARecv : 500
[2017-12-2 1:19:32] WSARecv : 500
[2017-12-2 1:19:32] WSARecv : 500
[2017-12-2 1:19:32] WSARecv : 500
[2017-12-2 1:19:32] WSARecv : 500
[2017-12-2 1:19:32] WSARecv : 500
[2017-12-2 1:19:32] WSARecv : 500
[2017-12-2 1:19:32] WSARecv : 500
[2017-12-2 1:19:32] WSARecv : 500
[2017-12-2 1:19:32] WSARecv : 500
[2017-12-2 1:19:32] WSARecv : 500
[2017-12-2 1:19:32] WSARecv : 500
[2017-12-2 1:19:32] WSARecv : 500
[2017-12-2 1:19:32] WSARecv : 500
[2017-12-2 1:19:32] WSARecv : 500
[2017-12-2 1:19:32] WSARecv : 500
[2017-12-2 1:19:32] WSARecv : 500
[2017-12-2 1:19:32] WSARecv : 500
[2017-12-2 1:19:32] WSARecv : 500
[2017-12-2 1:19:33] WSARecv : 492
[2017-12-2 1:19:33] WSARecv : 492
[2017-12-2 1:19:33] WSARecv : 492
[2017-12-2 1:19:33] WSARecv : 492
[2017-12-2 1:19:33] WSARecv : 492
[2017-12-2 1:19:33] WSARecv : 492
[2017-12-2 1:19:33] WSARecv : 492
[2017-12-2 1:19:33] WSARecv : 492
[2017-12-2 1:19:33] WSARecv : 492
[2017-12-2 1:19:33] WSARecv : 492
[2017-12-2 1:19:33] WSARecv : 492
[2017-12-2 1:19:33] WSARecv : 492
[2017-12-2 1:19:33] WSARecv : 492
[2017-12-2 1:19:33] WSARecv : 492
[2017-12-2 1:19:34] WSARecv : 492
[2017-12-2 1:19:34] WSARecv : 492
[2017-12-2 1:19:34] WSARecv : 492
[2017-12-2 1:19:34] WSARecv : 492
[2017-12-2 1:19:34] WSARecv : 492
[2017-12-2 1:19:34] WSARecv : 492
[2017-12-2 1:19:34] WSARecv : 492
[2017-12-2 1:19:34] WSARecv : 492
[2017-12-2 1:19:34] WSARecv : 492
[2017-12-2 1:19:34] WSARecv : 492
[2017-12-2 1:19:34] WSARecv : 492
[2017-12-2 1:19:34] WSARecv : 492
[2017-12-2 1:19:34] WSARecv : 492
[2017-12-2 1:19:34] WSARecv : 492
[2017-12-2 1:19:34] WSARecv : 492
[2017-12-2 1:19:34] WSARecv : 492
[2017-12-2 1:19:34] WSARecv : 492
[2017-12-2 1:19:34] WSARecv : 492
[2017-12-2 1:19:34] WSARecv : 492
[2017-12-2 1:19:34] WSARecv : 492
[2017-12-2 1:19:34] WSARecv : 492
[2017-12-2 1:19:34] WSARecv : 492
[2017-12-2 1:19:34] WSARecv : 492
[2017-12-2 1:19:34] WSARecv : 492
[2017-12-2 1:19:34] WSARecv : 492
[2017-12-2 1:19:34] WSARecv : 492
[2017-12-2 1:19:34] WSARecv : 492
[2017-12-2 1:19:34] WSARecv : 500
[2017-12-2 1:19:35] WSARecv : 500
[2017-12-2 1:19:35] WSARecv : 500
[2017-12-2 1:19:35] WSARecv : 500
[2017-12-2 1:19:35] WSARecv : 500
[2017-12-2 1:19:35] WSARecv : 500
[2017-12-2 1:19:35] WSARecv : 500
[2017-12-2 1:19:35] WSARecv : 500
[2017-12-2 1:19:35] WSARecv : 500
[2017-12-2 1:19:35] WSARecv : 500
[2017-12-2 1:19:35] WSARecv : 500
[2017-12-2 1:19:35] WSARecv : 500
[2017-12-2 1:19:35] WSARecv : 500
[2017-12-2 1:19:35] WSARecv : 500
[2017-12-2 1:19:35] WSARecv : 500
[2017-12-2 1:19:35] WSARecv : 500
[2017-12-2 1:19:35] WSARecv : 500
[2017-12-2 1:19:35] WSARecv : 500
[2017-12-2 1:19:35] WSARecv : 500
[2017-12-2 1:19:35] WSARecv : 500
[2017-12-2 1:19:35] WSARecv : 500
[2017-12-2 1:19:35] WSARecv : 500
[2017-12-2 1:19:35] WSARecv : 500
[2017-12-2 1:19:35] WSARecv : 500
[2017-12-2 1:19:35] WSARecv : 500
[2017-12-2 1:19:35] WSARecv : 500
[2017-12-2 1:19:35] WSARecv : 500
[2017-12-2 1:19:35] WSARecv : 500
[2017-12-2 1:19:35] WSARecv : 500
[2017-12-2 1:19:35] WSARecv : 500
[2017-12-2 1:19:35] WSARecv : 500
[2017-12-2 1:19:35] WSARecv : 500
[2017-12-2 1:19:35] WSARecv : 500
[2017-12-2 1:19:35] WSARecv : 500
[2017-12-2 1:19:35] WSARecv : 500
[2017-12-2 1:19:35] WSARecv : 500
[2017-12-2 1:19:35] WSARecv : 500
[2017-12-2 1:19:36] WSARecv : 492
[2017-12-2 1:19:36] WSARecv : 492
[2017-12-2 1:19:36] WSARecv : 492
[2017-12-2 1:19:36] WSARecv : 492
[2017-12-2 1:19:36] WSARecv : 492
[2017-12-2 1:19:36] WSARecv : 492
[2017-12-2 1:19:36] WSARecv : 492
[2017-12-2 1:19:36] WSARecv : 492
[2017-12-2 1:19:36] WSARecv : 492
[2017-12-2 1:19:36] WSARecv : 492
[2017-12-2 1:19:36] WSARecv : 492
[2017-12-2 1:19:36] WSARecv : 492
[2017-12-2 1:19:36] WSARecv : 492
[2017-12-2 1:19:36] WSARecv : 492
[2017-12-2 1:19:36] WSARecv : 492
[2017-12-2 1:19:36] WSARecv : 492
[2017-12-2 1:19:36] WSARecv : 492
[2017-12-2 1:19:36] WSARecv : 492
[2017-12-2 1:19:36] WSARecv : 492
[2017-12-2 1:19:36] WSARecv : 492
[2017-12-2 1:19:36] WSARecv : 492
[2017-12-2 1:19:36] WSARecv : 492
[2017-12-2 1:19:36] WSARecv : 492
[2017-12-2 1:19:36] WSARecv : 492
[2017-12-2 1:19:36] WSARecv : 492
[2017-12-2 1:19:36] WSARecv : 492
[2017-12-2 1:19:36] WSARecv : 492
[2017-12-2 1:19:36] WSARecv : 492
[2017-12-2 1:19:36] WSARecv : 492
[2017-12-2 1:19:36] WSARecv : 492
[2017-12-2 1:19:36] WSARecv : 492
[2017-12-2 1:19:36] WSARecv : 492
[2017-12-2 1:19:36] WSARecv : 492
[2017-12-2 1:19:36] WSARecv : 492
[2017-12-2 1:19:36] WSARecv : 492
[2017-12-2 1:19:36] WSARecv : 492
[2017-12-2 1:19:37] WSARecv : 492
[2017-12-2 1:19:37] WSARecv : 492
[2017-12-2 1:19:37] WSARecv : 492
[2017-12-2 1:19:37] WSARecv : 492
[2017-12-2 1:19:37] WSARecv : 492
[2017-12-2 1:19:37] WSARecv : 492
[2017-12-2 1:19:37] WSARecv : 492
[2017-12-2 1:19:37] WSARecv : 492
[2017-12-2 1:19:37] WSARecv : 492
[2017-12-2 1:19:37] WSARecv : 492
[2017-12-2 1:19:37] WSARecv : 492
[2017-12-2 1:19:37] WSARecv : 492
[2017-12-2 1:19:37] WSARecv : 492
[2017-12-2 1:19:37] WSARecv : 492
[2017-12-2 1:19:37] WSARecv : 492
[2017-12-2 1:19:37] WSARecv : 492
[2017-12-2 1:19:37] WSARecv : 492
[2017-12-2 1:19:37] WSARecv : 492
[2017-12-2 1:19:37] WSARecv : 492
[2017-12-2 1:19:37] WSARecv : 492
[2017-12-2 1:19:37] WSARecv : 492
[2017-12-2 1:19:37] WSARecv : 492
[2017-12-2 1:19:37] WSARecv : 492
[2017-12-2 1:19:37] WSARecv : 492
[2017-12-2 1:19:37] WSARecv : 492
[2017-12-2 1:19:37] WSARecv : 492
[2017-12-2 1:19:37] WSARecv : 492
[2017-12-2 1:19:37] WSARecv : 492
[2017-12-2 1:19:37] WSARecv : 492
[2017-12-2 1:19:37] WSARecv : 492
[2017-12-2 1:19:37] WSARecv : 492
[2017-12-2 1:19:37] WSARecv : 492
[2017-12-2 1:19:38] WSARecv : 500
[2017-12-2 1:19:38] WSARecv : 500
[2017-12-2 1:19:38] WSARecv : 500
[2017-12-2 1:19:38] WSARecv : 500
[2017-12-2 1:19:38] WSARecv : 500
[2017-12-2 1:19:38] WSARecv : 500
[2017-12-2 1:19:38] WSARecv : 500
[2017-12-2 1:19:38] WSARecv : 500
[2017-12-2 1:19:38] WSARecv : 500
[2017-12-2 1:19:38] WSARecv : 500
[2017-12-2 1:19:38] WSARecv : 500
[2017-12-2 1:19:38] WSARecv : 500
[2017-12-2 1:19:38] WSARecv : 500
[2017-12-2 1:19:38] WSARecv : 500
[2017-12-2 1:19:38] WSARecv : 500
[2017-12-2 1:19:38] WSARecv : 500
[2017-12-2 1:19:38] WSARecv : 500
[2017-12-2 1:19:38] WSARecv : 500
[2017-12-2 1:19:38] WSARecv : 500
[2017-12-2 1:19:38] WSARecv : 500
[2017-12-2 1:19:38] WSARecv : 500
[2017-12-2 1:19:38] WSARecv : 500
[2017-12-2 1:19:38] WSARecv : 500
[2017-12-2 1:19:38] WSARecv : 500
[2017-12-2 1:19:38] WSARecv : 500
[2017-12-2 1:19:38] WSARecv : 500
[2017-12-2 1:19:38] WSARecv : 500
[2017-12-2 1:19:38] WSARecv : 500
[2017-12-2 1:19:39] WSARecv : 500
[2017-12-2 1:19:39] WSARecv : 500
[2017-12-2 1:19:39] WSARecv : 500
[2017-12-2 1:19:39] WSARecv : 500
[2017-12-2 1:19:39] WSARecv : 500
[2017-12-2 1:19:39] WSARecv : 500
[2017-12-2 1:19:39] WSARecv : 500
[2017-12-2 1:19:39] WSARecv : 500
[2017-12-2 1:19:39] WSARecv : 492
[2017-12-2 1:19:39] WSARecv : 492
[2017-12-2 1:19:39] WSARecv : 492
[2017-12-2 1:19:39] WSARecv : 492
[2017-12-2 1:19:39] WSARecv : 492
[2017-12-2 1:19:39] WSARecv : 492
[2017-12-2 1:19:39] WSARecv : 492
[2017-12-2 1:19:39] WSARecv : 492
[2017-12-2 1:19:39] WSARecv : 492
[2017-12-2 1:19:39] WSARecv : 492
[2017-12-2 1:19:39] WSARecv : 492
[2017-12-2 1:19:39] WSARecv : 492
[2017-12-2 1:19:39] WSARecv : 492
[2017-12-2 1:19:40] WSARecv : 492
[2017-12-2 1:19:40] WSARecv : 492
[2017-12-2 1:19:40] WSARecv : 492
[2017-12-2 1:19:40] WSARecv : 492
[2017-12-2 1:19:40] WSARecv : 492
[2017-12-2 1:19:40] WSARecv : 492
[2017-12-2 1:19:40] WSARecv : 492
[2017-12-2 1:19:40] WSARecv : 492
[2017-12-2 1:19:40] WSARecv : 492
[2017-12-2 1:19:40] WSARecv : 492
[2017-12-2 1:19:40] WSARecv : 492
[2017-12-2 1:19:40] WSARecv : 492
[2017-12-2 1:19:40] WSARecv : 492
[2017-12-2 1:19:40] WSARecv : 492
[2017-12-2 1:19:40] WSARecv : 492
[2017-12-2 1:19:40] WSARecv : 492
[2017-12-2 1:19:40] WSARecv : 492
[2017-12-2 1:19:40] WSARecv : 492
[2017-12-2 1:19:40] WSARecv : 492
[2017-12-2 1:19:40] WSARecv : 492
[2017-12-2 1:19:40] WSARecv : 492
[2017-12-2 1:19:40] WSARecv : 492
[2017-12-2 1:19:40] WSARecv : 492
[2017-12-2 1:19:41] WSARecv : 500
[2017-12-2 1:19:41] WSARecv : 500
[2017-12-2 1:19:41] WSARecv : 500
[2017-12-2 1:19:41] WSARecv : 500
[2017-12-2 1:19:41] WSARecv : 500
[2017-12-2 1:19:41] WSARecv : 500
[2017-12-2 1:19:41] WSARecv : 500
[2017-12-2 1:19:41] WSARecv : 500
[2017-12-2 1:19:41] WSARecv : 500
[2017-12-2 1:19:41] WSARecv : 500
[2017-12-2 1:19:41] WSARecv : 500
[2017-12-2 1:19:41] WSARecv : 500
[2017-12-2 1:19:41] WSARecv : 500
[2017-12-2 1:19:41] WSARecv : 500
[2017-12-2 1:19:41] WSARecv : 500
[2017-12-2 1:19:41] WSARecv : 500
[2017-12-2 1:19:41] WSARecv : 500
[2017-12-2 1:19:41] WSARecv : 500
[2017-12-2 1:19:41] WSARecv : 500
[2017-12-2 1:19:41] WSARecv : 500
[2017-12-2 1:19:41] WSARecv : 500
[2017-12-2 1:19:41] WSARecv : 500
[2017-12-2 1:19:41] WSARecv : 500
[2017-12-2 1:19:41] WSARecv : 500
[2017-12-2 1:19:41] WSARecv : 500
[2017-12-2 1:19:41] WSARecv : 500
[2017-12-2 1:19:41] WSARecv : 500
[2017-12-2 1:19:41] WSARecv : 500
[2017-12-2 1:19:41] WSARecv : 500
[2017-12-2 1:19:41] WSARecv : 500
[2017-12-2 1:19:41] WSARecv : 500
[2017-12-2 1:19:41] WSARecv : 500
[2017-12-2 1:19:41] WSARecv : 500
[2017-12-2 1:19:41] WSARecv : 500
[2017-12-2 1:19:41] WSARecv : 500
[2017-12-2 1:19:41] WSARecv : 500
[2017-12-2 1:19:41] WSARecv : 500
[2017-12-2 1:19:41] WSARecv : 500
[2017-12-2 1:19:41] WSARecv : 500
[2017-12-2 1:19:42] WSARecv : 500
[2017-12-2 1:19:42] WSARecv : 492
[2017-12-2 1:19:42] WSARecv : 492
[2017-12-2 1:19:42] WSARecv : 492
[2017-12-2 1:19:42] WSARecv : 492
[2017-12-2 1:19:42] WSARecv : 492
[2017-12-2 1:19:42] WSARecv : 492
[2017-12-2 1:19:42] WSARecv : 492
[2017-12-2 1:19:42] WSARecv : 492
[2017-12-2 1:19:42] WSARecv : 492
[2017-12-2 1:19:42] WSARecv : 492
[2017-12-2 1:19:42] WSARecv : 492
[2017-12-2 1:19:42] WSARecv : 492
[2017-12-2 1:19:42] WSARecv : 492
[2017-12-2 1:19:42] WSARecv : 492
[2017-12-2 1:19:42] WSARecv : 492
[2017-12-2 1:19:42] WSARecv : 492
[2017-12-2 1:19:42] WSARecv : 492
[2017-12-2 1:19:42] WSARecv : 492
[2017-12-2 1:19:42] WSARecv : 492
[2017-12-2 1:19:42] WSARecv : 492
[2017-12-2 1:19:42] WSARecv : 492
[2017-12-2 1:19:42] WSARecv : 492
[2017-12-2 1:19:42] WSARecv : 492
[2017-12-2 1:19:42] WSARecv : 492
[2017-12-2 1:19:42] WSARecv : 492
[2017-12-2 1:19:42] WSARecv : 492
[2017-12-2 1:19:42] WSARecv : 492
[2017-12-2 1:19:42] WSARecv : 492
[2017-12-2 1:19:42] WSARecv : 492
[2017-12-2 1:19:42] WSARecv : 492
[2017-12-2 1:19:42] WSARecv : 492
[2017-12-2 1:19:42] WSARecv : 492
[2017-12-2 1:19:42] WSARecv : 492
[2017-12-2 1:19:42] WSARecv : 492
[2017-12-2 1:19:42] WSARecv : 492
[2017-12-2 1:19:42] WSARecv : 492
[2017-12-2 1:19:43] WSARecv : 492
[2017-12-2 1:19:43] WSARecv : 492
[2017-12-2 1:19:43] WSARecv : 492
[2017-12-2 1:19:43] WSARecv : 492
[2017-12-2 1:19:43] WSARecv : 492
[2017-12-2 1:19:43] WSARecv : 492
[2017-12-2 1:19:43] WSARecv : 492
[2017-12-2 1:19:43] WSARecv : 492
[2017-12-2 1:19:43] WSARecv : 492
[2017-12-2 1:19:43] WSARecv : 492
[2017-12-2 1:19:43] WSARecv : 492
[2017-12-2 1:19:43] WSARecv : 492
[2017-12-2 1:19:43] AcceptEx Success
[2017-12-2 1:19:43] Client End
[2017-12-2 1:19:45] AcceptEx Success
[2017-12-2 1:19:45] Client End
