[2017-12-1 23:55:13] WSAStartup Success
[2017-12-1 23:55:13] Socket Init Success
[2017-12-1 23:55:13] listen Success
[2017-12-1 23:55:13] AcceptEx Success
[2017-12-1 23:55:13] AcceptEx Success
[2017-12-1 23:55:13] AcceptEx Success
[2017-12-1 23:55:13] AcceptEx Success
[2017-12-1 23:55:13] AcceptEx Success
[2017-12-1 23:55:13] AcceptEx Success
[2017-12-1 23:55:13] AcceptEx Success
[2017-12-1 23:55:13] AcceptEx Success
[2017-12-1 23:55:13] AcceptEx Success
[2017-12-1 23:55:13] AcceptEx Success
[2017-12-1 23:55:13] AcceptEx Success
[2017-12-1 23:55:13] AcceptEx Success
[2017-12-1 23:55:13] AcceptEx Success
[2017-12-1 23:55:13] AcceptEx Success
[2017-12-1 23:55:13] AcceptEx Success
[2017-12-1 23:55:13] AcceptEx Success
[2017-12-1 23:55:13] AcceptEx Success
[2017-12-1 23:55:13] AcceptEx Success
[2017-12-1 23:55:13] AcceptEx Success
[2017-12-1 23:55:13] AcceptEx Success
[2017-12-1 23:55:13] AcceptEx Success
[2017-12-1 23:55:13] AcceptEx Success
[2017-12-1 23:55:13] AcceptEx Success
[2017-12-1 23:55:13] AcceptEx Success
[2017-12-1 23:55:13] AcceptEx Success
[2017-12-1 23:55:13] AcceptEx Success
[2017-12-1 23:55:13] AcceptEx Success
[2017-12-1 23:55:13] AcceptEx Success
[2017-12-1 23:55:13] AcceptEx Success
[2017-12-1 23:55:13] AcceptEx Success
[2017-12-1 23:55:13] Thread Create 8
[2017-12-1 23:55:56] INFO Success
[2017-12-1 23:55:56] Active_Session : 1
[2017-12-1 23:55:56] InActive_Session : 29
[2017-12-1 23:55:56] WSARecv : 504
[2017-12-1 23:55:56] Accept Success
[2017-12-1 23:55:59] INFO Success
[2017-12-1 23:55:59] Active_Session : 2
[2017-12-1 23:55:59] InActive_Session : 28
[2017-12-1 23:55:59] WSARecv : 500
[2017-12-1 23:55:59] Accept Success
[2017-12-1 23:56:21] WSAStartup Success
[2017-12-1 23:56:21] Socket Init Success
[2017-12-1 23:56:21] listen Success
[2017-12-1 23:56:21] AcceptEx Success
[2017-12-1 23:56:21] AcceptEx Success
[2017-12-1 23:56:21] AcceptEx Success
[2017-12-1 23:56:21] AcceptEx Success
[2017-12-1 23:56:21] AcceptEx Success
[2017-12-1 23:56:21] AcceptEx Success
[2017-12-1 23:56:21] AcceptEx Success
[2017-12-1 23:56:21] AcceptEx Success
[2017-12-1 23:56:21] AcceptEx Success
[2017-12-1 23:56:21] AcceptEx Success
[2017-12-1 23:56:21] AcceptEx Success
[2017-12-1 23:56:21] AcceptEx Success
[2017-12-1 23:56:21] AcceptEx Success
[2017-12-1 23:56:21] AcceptEx Success
[2017-12-1 23:56:21] AcceptEx Success
[2017-12-1 23:56:21] AcceptEx Success
[2017-12-1 23:56:21] AcceptEx Success
[2017-12-1 23:56:21] AcceptEx Success
[2017-12-1 23:56:21] AcceptEx Success
[2017-12-1 23:56:21] AcceptEx Success
[2017-12-1 23:56:21] AcceptEx Success
[2017-12-1 23:56:21] AcceptEx Success
[2017-12-1 23:56:21] AcceptEx Success
[2017-12-1 23:56:21] AcceptEx Success
[2017-12-1 23:56:21] AcceptEx Success
[2017-12-1 23:56:21] AcceptEx Success
[2017-12-1 23:56:21] AcceptEx Success
[2017-12-1 23:56:21] AcceptEx Success
[2017-12-1 23:56:21] AcceptEx Success
[2017-12-1 23:56:21] AcceptEx Success
[2017-12-1 23:56:21] Thread Create 8
[2017-12-1 23:56:25] INFO Success
[2017-12-1 23:56:25] Active_Session : 1
[2017-12-1 23:56:25] InActive_Session : 29
[2017-12-1 23:56:25] WSARecv : 416
[2017-12-1 23:56:25] Accept Success
[2017-12-1 23:57:36] WSAStartup Success
[2017-12-1 23:57:36] Socket Init Success
[2017-12-1 23:57:36] listen Success
[2017-12-1 23:57:36] AcceptEx Success
[2017-12-1 23:57:36] AcceptEx Success
[2017-12-1 23:57:36] AcceptEx Success
[2017-12-1 23:57:36] AcceptEx Success
[2017-12-1 23:57:36] AcceptEx Success
[2017-12-1 23:57:36] AcceptEx Success
[2017-12-1 23:57:36] AcceptEx Success
[2017-12-1 23:57:36] AcceptEx Success
[2017-12-1 23:57:36] AcceptEx Success
[2017-12-1 23:57:36] AcceptEx Success
[2017-12-1 23:57:36] AcceptEx Success
[2017-12-1 23:57:36] AcceptEx Success
[2017-12-1 23:57:36] AcceptEx Success
[2017-12-1 23:57:36] AcceptEx Success
[2017-12-1 23:57:36] AcceptEx Success
[2017-12-1 23:57:36] AcceptEx Success
[2017-12-1 23:57:36] AcceptEx Success
[2017-12-1 23:57:36] AcceptEx Success
[2017-12-1 23:57:36] AcceptEx Success
[2017-12-1 23:57:36] AcceptEx Success
[2017-12-1 23:57:36] AcceptEx Success
[2017-12-1 23:57:36] AcceptEx Success
[2017-12-1 23:57:36] AcceptEx Success
[2017-12-1 23:57:36] AcceptEx Success
[2017-12-1 23:57:36] AcceptEx Success
[2017-12-1 23:57:36] AcceptEx Success
[2017-12-1 23:57:36] AcceptEx Success
[2017-12-1 23:57:36] AcceptEx Success
[2017-12-1 23:57:36] AcceptEx Success
[2017-12-1 23:57:36] AcceptEx Success
[2017-12-1 23:57:36] Thread Create 8
[2017-12-1 23:57:40] INFO Success
[2017-12-1 23:57:41] Active_Session : 1
[2017-12-1 23:57:41] InActive_Session : 29
[2017-12-1 23:57:41] WSARecv : 488
[2017-12-1 23:57:41] Accept Success
