[2021-6-9 21:27:22] WSAStartup Success
[2021-6-9 21:27:22] Socket Init Success
[2021-6-9 21:27:22] listen Success
[2021-6-9 21:27:22] AcceptEx Success
[2021-6-9 21:27:22] AcceptEx Success
[2021-6-9 21:27:22] AcceptEx Success
[2021-6-9 21:27:22] AcceptEx Success
[2021-6-9 21:27:22] AcceptEx Success
[2021-6-9 21:27:22] AcceptEx Success
[2021-6-9 21:27:22] AcceptEx Success
[2021-6-9 21:27:22] AcceptEx Success
[2021-6-9 21:27:22] AcceptEx Success
[2021-6-9 21:27:22] AcceptEx Success
[2021-6-9 21:27:22] AcceptEx Success
[2021-6-9 21:27:22] AcceptEx Success
[2021-6-9 21:27:22] AcceptEx Success
[2021-6-9 21:27:22] AcceptEx Success
[2021-6-9 21:27:22] AcceptEx Success
[2021-6-9 21:27:22] AcceptEx Success
[2021-6-9 21:27:22] AcceptEx Success
[2021-6-9 21:27:22] AcceptEx Success
[2021-6-9 21:27:22] AcceptEx Success
[2021-6-9 21:27:22] AcceptEx Success
[2021-6-9 21:27:22] AcceptEx Success
[2021-6-9 21:27:22] AcceptEx Success
[2021-6-9 21:27:22] AcceptEx Success
[2021-6-9 21:27:22] AcceptEx Success
[2021-6-9 21:27:22] AcceptEx Success
[2021-6-9 21:27:22] AcceptEx Success
[2021-6-9 21:27:22] AcceptEx Success
[2021-6-9 21:27:22] AcceptEx Success
[2021-6-9 21:27:22] AcceptEx Success
[2021-6-9 21:27:22] AcceptEx Success
[2021-6-9 21:27:22] Thread Create 8
[2021-6-9 21:28:4] WSAStartup Success
[2021-6-9 21:28:4] Socket Init Success
[2021-6-9 21:28:4] listen Success
[2021-6-9 21:28:4] AcceptEx Success
[2021-6-9 21:28:4] AcceptEx Success
[2021-6-9 21:28:4] AcceptEx Success
[2021-6-9 21:28:4] AcceptEx Success
[2021-6-9 21:28:4] AcceptEx Success
[2021-6-9 21:28:4] AcceptEx Success
[2021-6-9 21:28:4] AcceptEx Success
[2021-6-9 21:28:4] AcceptEx Success
[2021-6-9 21:28:4] AcceptEx Success
[2021-6-9 21:28:4] AcceptEx Success
[2021-6-9 21:28:4] AcceptEx Success
[2021-6-9 21:28:4] AcceptEx Success
[2021-6-9 21:28:4] AcceptEx Success
[2021-6-9 21:28:4] AcceptEx Success
[2021-6-9 21:28:4] AcceptEx Success
[2021-6-9 21:28:4] AcceptEx Success
[2021-6-9 21:28:4] AcceptEx Success
[2021-6-9 21:28:4] AcceptEx Success
[2021-6-9 21:28:4] AcceptEx Success
[2021-6-9 21:28:4] AcceptEx Success
[2021-6-9 21:28:4] AcceptEx Success
[2021-6-9 21:28:4] AcceptEx Success
[2021-6-9 21:28:4] AcceptEx Success
[2021-6-9 21:28:4] AcceptEx Success
[2021-6-9 21:28:4] AcceptEx Success
[2021-6-9 21:28:4] AcceptEx Success
[2021-6-9 21:28:4] AcceptEx Success
[2021-6-9 21:28:4] AcceptEx Success
[2021-6-9 21:28:4] AcceptEx Success
[2021-6-9 21:28:4] AcceptEx Success
[2021-6-9 21:28:4] Thread Create 8
[2021-6-9 21:28:17] INFO Success
[2021-6-9 21:28:17] Active_Session : 1
[2021-6-9 21:28:17] InActive_Session : 29
[2021-6-9 21:28:17] WSARecv : 620
[2021-6-9 21:28:17] Accept Success
[2021-6-9 21:28:26] INFO Success
[2021-6-9 21:28:26] Active_Session : 2
[2021-6-9 21:28:26] InActive_Session : 28
[2021-6-9 21:28:26] WSARecv : 604
[2021-6-9 21:28:26] Accept Success
[2021-6-9 21:28:39] WSARecv : 604
[2021-6-9 21:28:52] WSARecv : 620
[2021-6-9 21:29:1] Is Not Room User
[2021-6-9 21:29:1] Game_REQ Room Join
[2021-6-9 21:29:1] WSARecv : 604
[2021-6-9 21:29:3] Is Not Room User
[2021-6-9 21:29:3] Game_REQ Room Join
[2021-6-9 21:29:3] WSARecv : 620
[2021-6-9 21:29:14] WSARecv : 604
[2021-6-9 21:29:22] WSARecv : 620
[2021-6-9 21:29:28] WSARecv : 620
[2021-6-9 21:29:29] WSARecv : 604
[2021-6-9 21:29:39] WSARecv : 604
[2021-6-9 21:29:39] WSARecv : 604
[2021-6-9 21:29:40] WSARecv : 620
[2021-6-9 21:29:40] WSARecv : 620
[2021-6-9 21:29:47] WSARecv : 604
[2021-6-9 21:29:47] WSARecv : 604
[2021-6-9 21:29:47] WSARecv : 604
[2021-6-9 21:29:47] WSARecv : 604
[2021-6-9 21:29:47] WSARecv : 604
[2021-6-9 21:29:47] WSARecv : 604
[2021-6-9 21:29:47] WSARecv : 604
[2021-6-9 21:29:47] WSARecv : 604
[2021-6-9 21:29:47] WSARecv : 604
[2021-6-9 21:29:47] WSARecv : 604
[2021-6-9 21:29:47] WSARecv : 604
[2021-6-9 21:29:47] WSARecv : 604
[2021-6-9 21:29:47] WSARecv : 604
[2021-6-9 21:29:47] WSARecv : 604
[2021-6-9 21:29:47] WSARecv : 604
[2021-6-9 21:29:48] WSARecv : 604
[2021-6-9 21:29:48] WSARecv : 604
[2021-6-9 21:29:48] WSARecv : 604
[2021-6-9 21:29:48] WSARecv : 604
[2021-6-9 21:29:48] WSARecv : 604
[2021-6-9 21:29:48] WSARecv : 604
[2021-6-9 21:29:48] WSARecv : 604
[2021-6-9 21:29:48] WSARecv : 604
[2021-6-9 21:29:48] WSARecv : 604
[2021-6-9 21:29:48] WSARecv : 604
[2021-6-9 21:29:48] WSARecv : 604
[2021-6-9 21:29:48] WSARecv : 604
[2021-6-9 21:29:48] WSARecv : 604
[2021-6-9 21:29:48] WSARecv : 604
[2021-6-9 21:29:48] WSARecv : 604
[2021-6-9 21:29:48] WSARecv : 604
[2021-6-9 21:29:48] WSARecv : 604
[2021-6-9 21:29:48] WSARecv : 604
[2021-6-9 21:29:48] WSARecv : 604
[2021-6-9 21:29:48] WSARecv : 604
[2021-6-9 21:29:48] WSARecv : 604
[2021-6-9 21:29:48] WSARecv : 604
[2021-6-9 21:29:48] WSARecv : 604
[2021-6-9 21:29:48] WSARecv : 604
[2021-6-9 21:29:48] WSARecv : 604
[2021-6-9 21:29:48] WSARecv : 604
[2021-6-9 21:29:48] WSARecv : 604
[2021-6-9 21:29:48] WSARecv : 604
[2021-6-9 21:29:48] WSARecv : 604
[2021-6-9 21:29:48] WSARecv : 604
[2021-6-9 21:29:48] WSARecv : 604
[2021-6-9 21:29:48] WSARecv : 604
[2021-6-9 21:29:48] WSARecv : 604
[2021-6-9 21:29:48] WSARecv : 604
[2021-6-9 21:29:48] WSARecv : 604
[2021-6-9 21:29:48] WSARecv : 604
[2021-6-9 21:29:48] WSARecv : 604
[2021-6-9 21:29:48] WSARecv : 604
[2021-6-9 21:29:48] WSARecv : 604
[2021-6-9 21:29:48] WSARecv : 604
[2021-6-9 21:29:48] WSARecv : 604
[2021-6-9 21:29:48] WSARecv : 604
[2021-6-9 21:29:48] WSARecv : 604
[2021-6-9 21:29:48] WSARecv : 604
[2021-6-9 21:29:48] WSARecv : 604
[2021-6-9 21:29:48] WSARecv : 604
[2021-6-9 21:29:48] WSARecv : 604
[2021-6-9 21:29:48] WSARecv : 604
[2021-6-9 21:29:48] WSARecv : 604
[2021-6-9 21:29:48] WSARecv : 604
[2021-6-9 21:29:48] WSARecv : 604
[2021-6-9 21:29:48] WSARecv : 604
[2021-6-9 21:29:48] WSARecv : 604
[2021-6-9 21:29:48] WSARecv : 604
[2021-6-9 21:29:48] WSARecv : 604
[2021-6-9 21:29:48] WSARecv : 604
[2021-6-9 21:29:48] WSARecv : 604
[2021-6-9 21:29:48] WSARecv : 604
[2021-6-9 21:29:48] WSARecv : 604
[2021-6-9 21:29:48] WSARecv : 604
[2021-6-9 21:29:48] WSARecv : 604
[2021-6-9 21:29:48] WSARecv : 604
[2021-6-9 21:29:48] WSARecv : 604
[2021-6-9 21:29:48] WSARecv : 604
[2021-6-9 21:29:48] WSARecv : 604
[2021-6-9 21:29:48] WSARecv : 604
[2021-6-9 21:29:48] WSARecv : 604
[2021-6-9 21:29:48] WSARecv : 604
[2021-6-9 21:29:48] WSARecv : 604
[2021-6-9 21:29:48] WSARecv : 604
[2021-6-9 21:29:48] WSARecv : 604
[2021-6-9 21:29:48] WSARecv : 604
[2021-6-9 21:29:48] WSARecv : 604
[2021-6-9 21:29:48] WSARecv : 604
[2021-6-9 21:29:48] WSARecv : 604
[2021-6-9 21:29:48] WSARecv : 604
[2021-6-9 21:29:48] WSARecv : 604
[2021-6-9 21:29:48] WSARecv : 604
[2021-6-9 21:29:48] WSARecv : 604
[2021-6-9 21:29:48] WSARecv : 604
[2021-6-9 21:29:48] WSARecv : 604
[2021-6-9 21:29:48] WSARecv : 604
[2021-6-9 21:29:48] WSARecv : 604
[2021-6-9 21:29:48] WSARecv : 604
[2021-6-9 21:29:48] WSARecv : 604
[2021-6-9 21:29:48] WSARecv : 604
[2021-6-9 21:29:48] WSARecv : 604
[2021-6-9 21:29:48] WSARecv : 604
[2021-6-9 21:29:48] WSARecv : 604
[2021-6-9 21:29:48] WSARecv : 604
[2021-6-9 21:29:48] WSARecv : 604
[2021-6-9 21:29:48] WSARecv : 604
[2021-6-9 21:29:49] WSARecv : 604
[2021-6-9 21:29:49] WSARecv : 604
[2021-6-9 21:29:49] WSARecv : 604
[2021-6-9 21:29:49] WSARecv : 604
[2021-6-9 21:29:49] WSARecv : 604
[2021-6-9 21:29:49] WSARecv : 604
[2021-6-9 21:29:49] WSARecv : 604
[2021-6-9 21:29:49] WSARecv : 604
[2021-6-9 21:29:49] WSARecv : 604
[2021-6-9 21:29:49] WSARecv : 604
[2021-6-9 21:29:49] WSARecv : 604
[2021-6-9 21:29:49] WSARecv : 604
[2021-6-9 21:29:49] WSARecv : 604
[2021-6-9 21:29:49] WSARecv : 604
[2021-6-9 21:29:49] WSARecv : 604
[2021-6-9 21:29:49] WSARecv : 604
[2021-6-9 21:29:49] WSARecv : 604
[2021-6-9 21:29:49] WSARecv : 604
[2021-6-9 21:29:49] WSARecv : 604
[2021-6-9 21:29:49] WSARecv : 604
[2021-6-9 21:29:49] WSARecv : 604
[2021-6-9 21:29:49] WSARecv : 604
[2021-6-9 21:29:49] WSARecv : 604
[2021-6-9 21:29:49] WSARecv : 604
[2021-6-9 21:29:49] WSARecv : 604
[2021-6-9 21:29:49] WSARecv : 604
[2021-6-9 21:29:49] WSARecv : 604
[2021-6-9 21:29:49] WSARecv : 604
[2021-6-9 21:29:49] WSARecv : 604
[2021-6-9 21:29:49] WSARecv : 604
[2021-6-9 21:29:49] WSARecv : 604
[2021-6-9 21:29:49] WSARecv : 604
[2021-6-9 21:29:49] WSARecv : 604
[2021-6-9 21:29:49] WSARecv : 604
[2021-6-9 21:29:49] WSARecv : 604
[2021-6-9 21:29:49] WSARecv : 604
[2021-6-9 21:29:49] WSARecv : 604
[2021-6-9 21:29:49] WSARecv : 604
[2021-6-9 21:29:49] WSARecv : 604
[2021-6-9 21:29:49] WSARecv : 604
[2021-6-9 21:29:49] WSARecv : 604
[2021-6-9 21:29:49] WSARecv : 604
[2021-6-9 21:29:49] WSARecv : 604
[2021-6-9 21:29:49] WSARecv : 604
[2021-6-9 21:29:49] WSARecv : 604
[2021-6-9 21:29:49] WSARecv : 604
[2021-6-9 21:29:49] WSARecv : 604
[2021-6-9 21:29:49] WSARecv : 604
[2021-6-9 21:29:49] WSARecv : 604
[2021-6-9 21:29:49] WSARecv : 604
[2021-6-9 21:29:49] WSARecv : 604
[2021-6-9 21:29:49] WSARecv : 604
[2021-6-9 21:29:49] WSARecv : 604
[2021-6-9 21:29:49] WSARecv : 604
[2021-6-9 21:29:49] WSARecv : 604
[2021-6-9 21:29:49] WSARecv : 604
[2021-6-9 21:29:49] WSARecv : 604
[2021-6-9 21:29:49] WSARecv : 604
[2021-6-9 21:29:49] WSARecv : 604
[2021-6-9 21:29:49] WSARecv : 604
[2021-6-9 21:29:49] WSARecv : 604
[2021-6-9 21:29:49] WSARecv : 604
[2021-6-9 21:29:49] WSARecv : 604
[2021-6-9 21:29:49] WSARecv : 604
[2021-6-9 21:29:49] WSARecv : 604
[2021-6-9 21:29:49] WSARecv : 604
[2021-6-9 21:29:49] WSARecv : 604
[2021-6-9 21:29:49] WSARecv : 604
[2021-6-9 21:29:49] WSARecv : 604
[2021-6-9 21:29:49] WSARecv : 604
[2021-6-9 21:29:49] WSARecv : 604
[2021-6-9 21:29:51] WSARecv : 620
[2021-6-9 21:29:51] WSARecv : 620
[2021-6-9 21:29:51] WSARecv : 620
[2021-6-9 21:29:51] WSARecv : 620
[2021-6-9 21:29:51] WSARecv : 620
[2021-6-9 21:29:51] WSARecv : 620
[2021-6-9 21:29:51] WSARecv : 620
[2021-6-9 21:29:51] WSARecv : 620
[2021-6-9 21:29:51] WSARecv : 620
[2021-6-9 21:29:51] WSARecv : 620
[2021-6-9 21:29:51] WSARecv : 620
[2021-6-9 21:29:51] WSARecv : 620
[2021-6-9 21:29:51] WSARecv : 620
[2021-6-9 21:29:51] WSARecv : 620
[2021-6-9 21:29:51] WSARecv : 620
[2021-6-9 21:29:51] WSARecv : 620
[2021-6-9 21:29:51] WSARecv : 620
[2021-6-9 21:29:51] WSARecv : 620
[2021-6-9 21:29:51] WSARecv : 620
[2021-6-9 21:29:51] WSARecv : 620
[2021-6-9 21:29:51] WSARecv : 620
[2021-6-9 21:29:51] WSARecv : 620
[2021-6-9 21:29:51] WSARecv : 620
[2021-6-9 21:29:51] WSARecv : 620
[2021-6-9 21:29:51] WSARecv : 620
[2021-6-9 21:29:51] WSARecv : 620
[2021-6-9 21:29:51] WSARecv : 620
[2021-6-9 21:29:51] WSARecv : 620
[2021-6-9 21:29:51] WSARecv : 620
[2021-6-9 21:29:51] WSARecv : 620
[2021-6-9 21:29:51] WSARecv : 620
[2021-6-9 21:29:51] WSARecv : 620
[2021-6-9 21:29:51] WSARecv : 620
[2021-6-9 21:29:51] WSARecv : 620
[2021-6-9 21:29:51] WSARecv : 620
[2021-6-9 21:29:51] WSARecv : 620
[2021-6-9 21:29:52] WSARecv : 620
[2021-6-9 21:29:52] WSARecv : 620
[2021-6-9 21:29:52] WSARecv : 620
[2021-6-9 21:29:52] WSARecv : 620
[2021-6-9 21:29:52] WSARecv : 620
[2021-6-9 21:29:52] WSARecv : 620
[2021-6-9 21:29:52] WSARecv : 620
[2021-6-9 21:29:52] WSARecv : 620
[2021-6-9 21:29:52] WSARecv : 620
[2021-6-9 21:29:52] WSARecv : 620
[2021-6-9 21:29:52] WSARecv : 620
[2021-6-9 21:29:52] WSARecv : 620
[2021-6-9 21:29:52] WSARecv : 620
[2021-6-9 21:29:52] WSARecv : 620
[2021-6-9 21:29:52] WSARecv : 620
[2021-6-9 21:29:52] WSARecv : 620
[2021-6-9 21:29:52] WSARecv : 620
[2021-6-9 21:29:52] WSARecv : 620
[2021-6-9 21:29:52] WSARecv : 620
[2021-6-9 21:29:52] WSARecv : 620
[2021-6-9 21:29:52] WSARecv : 620
[2021-6-9 21:29:52] WSARecv : 620
[2021-6-9 21:29:52] WSARecv : 620
[2021-6-9 21:29:52] WSARecv : 620
[2021-6-9 21:29:52] WSARecv : 620
[2021-6-9 21:29:52] WSARecv : 620
[2021-6-9 21:29:52] WSARecv : 620
[2021-6-9 21:29:52] WSARecv : 620
[2021-6-9 21:29:52] WSARecv : 620
[2021-6-9 21:29:52] WSARecv : 620
[2021-6-9 21:29:52] WSARecv : 620
[2021-6-9 21:29:52] WSARecv : 620
[2021-6-9 21:29:52] WSARecv : 620
[2021-6-9 21:29:52] WSARecv : 620
[2021-6-9 21:29:52] WSARecv : 620
[2021-6-9 21:29:52] WSARecv : 620
[2021-6-9 21:29:52] WSARecv : 620
[2021-6-9 21:29:52] WSARecv : 620
[2021-6-9 21:29:52] WSARecv : 620
[2021-6-9 21:29:52] WSARecv : 620
[2021-6-9 21:29:52] WSARecv : 620
[2021-6-9 21:29:52] WSARecv : 620
[2021-6-9 21:29:52] WSARecv : 620
[2021-6-9 21:29:52] WSARecv : 620
[2021-6-9 21:29:52] WSARecv : 620
[2021-6-9 21:29:52] WSARecv : 620
[2021-6-9 21:29:52] WSARecv : 620
[2021-6-9 21:29:52] WSARecv : 620
[2021-6-9 21:29:52] WSARecv : 620
[2021-6-9 21:29:52] WSARecv : 620
[2021-6-9 21:29:52] WSARecv : 620
[2021-6-9 21:29:52] WSARecv : 620
[2021-6-9 21:29:52] WSARecv : 620
[2021-6-9 21:29:52] WSARecv : 620
[2021-6-9 21:29:52] WSARecv : 620
[2021-6-9 21:29:52] WSARecv : 620
[2021-6-9 21:29:52] WSARecv : 620
[2021-6-9 21:29:52] WSARecv : 620
[2021-6-9 21:29:52] WSARecv : 620
[2021-6-9 21:29:52] WSARecv : 620
[2021-6-9 21:29:52] WSARecv : 620
[2021-6-9 21:29:53] WSARecv : 620
[2021-6-9 21:29:53] WSARecv : 620
[2021-6-9 21:29:53] WSARecv : 620
[2021-6-9 21:29:53] WSARecv : 620
[2021-6-9 21:29:53] WSARecv : 620
[2021-6-9 21:29:53] WSARecv : 620
[2021-6-9 21:29:53] WSARecv : 620
[2021-6-9 21:29:53] WSARecv : 620
[2021-6-9 21:29:53] WSARecv : 620
[2021-6-9 21:29:53] WSARecv : 620
[2021-6-9 21:29:53] WSARecv : 620
[2021-6-9 21:29:53] WSARecv : 620
[2021-6-9 21:29:53] WSARecv : 620
[2021-6-9 21:29:53] WSARecv : 620
[2021-6-9 21:29:53] WSARecv : 620
[2021-6-9 21:29:53] WSARecv : 620
[2021-6-9 21:29:53] WSARecv : 620
[2021-6-9 21:29:53] WSARecv : 620
[2021-6-9 21:29:53] WSARecv : 620
[2021-6-9 21:29:53] WSARecv : 620
[2021-6-9 21:29:53] WSARecv : 620
[2021-6-9 21:29:53] WSARecv : 620
[2021-6-9 21:29:53] WSARecv : 620
[2021-6-9 21:29:53] WSARecv : 620
[2021-6-9 21:29:53] WSARecv : 620
[2021-6-9 21:29:53] WSARecv : 620
[2021-6-9 21:29:53] WSARecv : 620
[2021-6-9 21:29:53] WSARecv : 620
[2021-6-9 21:29:53] WSARecv : 620
[2021-6-9 21:29:53] WSARecv : 620
[2021-6-9 21:29:53] WSARecv : 620
[2021-6-9 21:29:53] WSARecv : 620
[2021-6-9 21:29:53] WSARecv : 620
[2021-6-9 21:29:53] WSARecv : 620
[2021-6-9 21:29:53] WSARecv : 620
[2021-6-9 21:29:53] WSARecv : 620
[2021-6-9 21:29:53] WSARecv : 620
[2021-6-9 21:29:53] WSARecv : 620
[2021-6-9 21:29:53] WSARecv : 620
[2021-6-9 21:29:53] WSARecv : 620
[2021-6-9 21:29:53] WSARecv : 620
[2021-6-9 21:29:53] WSARecv : 620
[2021-6-9 21:29:53] WSARecv : 620
[2021-6-9 21:29:53] WSARecv : 620
[2021-6-9 21:29:53] WSARecv : 620
[2021-6-9 21:29:53] WSARecv : 620
[2021-6-9 21:29:53] WSARecv : 620
[2021-6-9 21:29:53] WSARecv : 620
[2021-6-9 21:29:53] WSARecv : 620
[2021-6-9 21:29:53] WSARecv : 620
[2021-6-9 21:29:53] WSARecv : 620
[2021-6-9 21:29:53] WSARecv : 620
[2021-6-9 21:29:53] WSARecv : 620
[2021-6-9 21:29:53] WSARecv : 620
[2021-6-9 21:29:53] WSARecv : 620
[2021-6-9 21:29:53] WSARecv : 620
[2021-6-9 21:29:54] WSARecv : 620
[2021-6-9 21:29:54] WSARecv : 620
[2021-6-9 21:29:54] WSARecv : 620
[2021-6-9 21:29:54] WSARecv : 620
[2021-6-9 21:29:54] WSARecv : 620
[2021-6-9 21:29:54] WSARecv : 620
[2021-6-9 21:29:54] WSARecv : 620
[2021-6-9 21:29:54] WSARecv : 620
[2021-6-9 21:29:54] WSARecv : 620
[2021-6-9 21:29:54] WSARecv : 620
[2021-6-9 21:29:54] WSARecv : 620
[2021-6-9 21:29:54] WSARecv : 620
[2021-6-9 21:29:54] WSARecv : 620
[2021-6-9 21:29:54] WSARecv : 620
[2021-6-9 21:29:54] WSARecv : 620
[2021-6-9 21:29:54] WSARecv : 620
[2021-6-9 21:29:54] WSARecv : 620
[2021-6-9 21:29:54] WSARecv : 620
[2021-6-9 21:29:54] WSARecv : 620
[2021-6-9 21:29:54] WSARecv : 620
[2021-6-9 21:29:54] WSARecv : 620
[2021-6-9 21:29:54] WSARecv : 620
[2021-6-9 21:29:54] WSARecv : 620
[2021-6-9 21:29:54] WSARecv : 620
[2021-6-9 21:29:54] WSARecv : 620
[2021-6-9 21:29:54] WSARecv : 620
[2021-6-9 21:29:54] WSARecv : 620
[2021-6-9 21:29:54] WSARecv : 620
[2021-6-9 21:29:54] WSARecv : 620
[2021-6-9 21:29:54] WSARecv : 620
[2021-6-9 21:29:54] WSARecv : 620
[2021-6-9 21:29:54] WSARecv : 620
[2021-6-9 21:29:54] WSARecv : 620
[2021-6-9 21:29:54] WSARecv : 620
[2021-6-9 21:29:54] WSARecv : 620
[2021-6-9 21:29:54] WSARecv : 620
[2021-6-9 21:29:56] WSARecv : 604
[2021-6-9 21:29:56] WSARecv : 604
[2021-6-9 21:29:56] WSARecv : 604
[2021-6-9 21:29:56] WSARecv : 604
[2021-6-9 21:29:56] WSARecv : 604
[2021-6-9 21:29:56] WSARecv : 604
[2021-6-9 21:29:56] WSARecv : 604
[2021-6-9 21:29:56] WSARecv : 604
[2021-6-9 21:29:56] WSARecv : 604
[2021-6-9 21:29:56] WSARecv : 604
[2021-6-9 21:29:56] WSARecv : 604
[2021-6-9 21:29:56] WSARecv : 604
[2021-6-9 21:29:56] WSARecv : 604
[2021-6-9 21:29:56] WSARecv : 604
[2021-6-9 21:29:56] WSARecv : 604
[2021-6-9 21:29:56] WSARecv : 604
[2021-6-9 21:29:56] WSARecv : 604
[2021-6-9 21:29:56] WSARecv : 604
[2021-6-9 21:29:56] WSARecv : 604
[2021-6-9 21:29:56] WSARecv : 604
[2021-6-9 21:29:56] WSARecv : 604
[2021-6-9 21:29:56] WSARecv : 604
[2021-6-9 21:29:56] WSARecv : 604
[2021-6-9 21:29:56] WSARecv : 604
[2021-6-9 21:29:56] WSARecv : 604
[2021-6-9 21:29:56] WSARecv : 604
[2021-6-9 21:29:56] WSARecv : 604
[2021-6-9 21:29:56] WSARecv : 604
[2021-6-9 21:29:56] WSARecv : 604
[2021-6-9 21:29:56] WSARecv : 604
[2021-6-9 21:29:56] WSARecv : 604
[2021-6-9 21:29:56] WSARecv : 604
[2021-6-9 21:29:56] WSARecv : 604
[2021-6-9 21:29:56] WSARecv : 604
[2021-6-9 21:29:57] WSARecv : 604
[2021-6-9 21:29:57] WSARecv : 604
[2021-6-9 21:29:57] WSARecv : 604
[2021-6-9 21:29:57] WSARecv : 604
[2021-6-9 21:29:57] WSARecv : 604
[2021-6-9 21:29:57] WSARecv : 604
[2021-6-9 21:29:57] WSARecv : 604
[2021-6-9 21:29:57] WSARecv : 604
[2021-6-9 21:29:57] WSARecv : 604
[2021-6-9 21:29:57] WSARecv : 604
[2021-6-9 21:29:57] WSARecv : 604
[2021-6-9 21:29:57] WSARecv : 604
[2021-6-9 21:29:57] WSARecv : 604
[2021-6-9 21:29:57] WSARecv : 604
[2021-6-9 21:29:57] WSARecv : 604
[2021-6-9 21:29:57] WSARecv : 604
[2021-6-9 21:29:57] WSARecv : 604
[2021-6-9 21:29:57] WSARecv : 604
[2021-6-9 21:29:57] WSARecv : 604
[2021-6-9 21:29:57] WSARecv : 604
[2021-6-9 21:29:57] WSARecv : 604
[2021-6-9 21:29:57] WSARecv : 604
[2021-6-9 21:29:57] WSARecv : 604
[2021-6-9 21:29:57] WSARecv : 604
[2021-6-9 21:29:57] WSARecv : 604
[2021-6-9 21:29:57] WSARecv : 604
[2021-6-9 21:29:57] WSARecv : 604
[2021-6-9 21:29:57] WSARecv : 604
[2021-6-9 21:29:57] WSARecv : 604
[2021-6-9 21:29:57] WSARecv : 604
[2021-6-9 21:29:57] WSARecv : 604
[2021-6-9 21:29:57] WSARecv : 604
[2021-6-9 21:29:57] WSARecv : 604
[2021-6-9 21:29:57] WSARecv : 604
[2021-6-9 21:29:57] WSARecv : 604
[2021-6-9 21:29:57] WSARecv : 604
[2021-6-9 21:29:57] WSARecv : 604
[2021-6-9 21:29:57] WSARecv : 604
[2021-6-9 21:29:57] WSARecv : 604
[2021-6-9 21:29:57] WSARecv : 604
[2021-6-9 21:29:57] WSARecv : 604
[2021-6-9 21:29:57] WSARecv : 604
[2021-6-9 21:29:57] WSARecv : 604
[2021-6-9 21:29:57] WSARecv : 604
[2021-6-9 21:29:57] WSARecv : 604
[2021-6-9 21:29:57] WSARecv : 604
[2021-6-9 21:29:57] WSARecv : 604
[2021-6-9 21:29:57] WSARecv : 604
[2021-6-9 21:29:57] WSARecv : 604
[2021-6-9 21:29:57] WSARecv : 604
[2021-6-9 21:29:57] WSARecv : 604
[2021-6-9 21:29:57] WSARecv : 604
[2021-6-9 21:29:57] WSARecv : 604
[2021-6-9 21:29:57] WSARecv : 604
[2021-6-9 21:29:57] WSARecv : 604
[2021-6-9 21:29:57] WSARecv : 604
[2021-6-9 21:29:57] WSARecv : 604
[2021-6-9 21:29:57] WSARecv : 604
[2021-6-9 21:29:57] WSARecv : 604
[2021-6-9 21:29:57] WSARecv : 604
[2021-6-9 21:29:57] WSARecv : 604
[2021-6-9 21:29:57] WSARecv : 604
[2021-6-9 21:29:57] WSARecv : 604
[2021-6-9 21:29:57] WSARecv : 604
[2021-6-9 21:29:57] WSARecv : 604
[2021-6-9 21:29:57] WSARecv : 604
[2021-6-9 21:29:57] WSARecv : 604
[2021-6-9 21:29:57] WSARecv : 604
[2021-6-9 21:29:57] WSARecv : 604
[2021-6-9 21:29:57] WSARecv : 604
[2021-6-9 21:29:57] WSARecv : 604
[2021-6-9 21:29:57] WSARecv : 604
[2021-6-9 21:29:58] WSARecv : 604
[2021-6-9 21:29:58] WSARecv : 604
[2021-6-9 21:29:58] WSARecv : 604
[2021-6-9 21:29:58] WSARecv : 604
[2021-6-9 21:29:58] WSARecv : 604
[2021-6-9 21:29:58] WSARecv : 604
[2021-6-9 21:29:58] WSARecv : 604
[2021-6-9 21:29:58] WSARecv : 604
[2021-6-9 21:29:58] WSARecv : 604
[2021-6-9 21:29:58] WSARecv : 604
[2021-6-9 21:29:58] WSARecv : 604
[2021-6-9 21:29:58] WSARecv : 604
[2021-6-9 21:29:58] WSARecv : 604
[2021-6-9 21:29:58] WSARecv : 604
[2021-6-9 21:29:58] WSARecv : 604
[2021-6-9 21:29:58] WSARecv : 604
[2021-6-9 21:29:58] WSARecv : 604
[2021-6-9 21:29:58] WSARecv : 604
[2021-6-9 21:29:58] WSARecv : 604
[2021-6-9 21:29:58] WSARecv : 604
[2021-6-9 21:29:58] WSARecv : 604
[2021-6-9 21:29:58] WSARecv : 604
[2021-6-9 21:29:58] WSARecv : 604
[2021-6-9 21:29:58] WSARecv : 604
[2021-6-9 21:29:58] WSARecv : 604
[2021-6-9 21:29:58] WSARecv : 604
[2021-6-9 21:29:58] WSARecv : 604
[2021-6-9 21:29:58] WSARecv : 604
[2021-6-9 21:29:58] WSARecv : 604
[2021-6-9 21:29:58] WSARecv : 604
[2021-6-9 21:29:58] WSARecv : 604
[2021-6-9 21:29:58] WSARecv : 604
[2021-6-9 21:29:58] WSARecv : 604
[2021-6-9 21:29:58] WSARecv : 604
[2021-6-9 21:29:58] WSARecv : 604
[2021-6-9 21:29:58] WSARecv : 604
[2021-6-9 21:29:58] WSARecv : 604
[2021-6-9 21:29:58] WSARecv : 604
[2021-6-9 21:29:58] WSARecv : 604
[2021-6-9 21:29:58] WSARecv : 604
[2021-6-9 21:29:58] WSARecv : 604
[2021-6-9 21:29:58] WSARecv : 604
[2021-6-9 21:29:58] WSARecv : 604
[2021-6-9 21:29:58] WSARecv : 604
[2021-6-9 21:29:58] WSARecv : 604
[2021-6-9 21:29:58] WSARecv : 604
[2021-6-9 21:29:58] WSARecv : 604
[2021-6-9 21:29:58] WSARecv : 604
[2021-6-9 21:29:58] WSARecv : 604
[2021-6-9 21:30:1] WSARecv : 620
[2021-6-9 21:30:1] WSARecv : 620
[2021-6-9 21:30:1] WSARecv : 620
[2021-6-9 21:30:1] WSARecv : 620
[2021-6-9 21:30:1] WSARecv : 620
[2021-6-9 21:30:1] WSARecv : 620
[2021-6-9 21:30:1] WSARecv : 620
[2021-6-9 21:30:1] WSARecv : 620
[2021-6-9 21:30:1] WSARecv : 620
[2021-6-9 21:30:1] WSARecv : 620
[2021-6-9 21:30:1] WSARecv : 620
[2021-6-9 21:30:1] WSARecv : 620
[2021-6-9 21:30:1] WSARecv : 620
[2021-6-9 21:30:1] WSARecv : 620
[2021-6-9 21:30:1] WSARecv : 620
[2021-6-9 21:30:1] WSARecv : 620
[2021-6-9 21:30:1] WSARecv : 620
[2021-6-9 21:30:1] WSARecv : 620
[2021-6-9 21:30:1] WSARecv : 620
[2021-6-9 21:30:1] WSARecv : 620
[2021-6-9 21:30:1] WSARecv : 620
[2021-6-9 21:30:1] WSARecv : 620
[2021-6-9 21:30:1] WSARecv : 620
[2021-6-9 21:30:1] WSARecv : 620
[2021-6-9 21:30:1] WSARecv : 620
[2021-6-9 21:30:1] WSARecv : 620
[2021-6-9 21:30:1] WSARecv : 620
[2021-6-9 21:30:1] WSARecv : 620
[2021-6-9 21:30:1] WSARecv : 620
[2021-6-9 21:30:1] WSARecv : 620
[2021-6-9 21:30:1] WSARecv : 620
[2021-6-9 21:30:1] WSARecv : 620
[2021-6-9 21:30:1] WSARecv : 620
[2021-6-9 21:30:1] WSARecv : 620
[2021-6-9 21:30:2] WSARecv : 620
[2021-6-9 21:30:2] WSARecv : 620
[2021-6-9 21:30:2] WSARecv : 620
[2021-6-9 21:30:2] WSARecv : 620
[2021-6-9 21:30:2] WSARecv : 620
[2021-6-9 21:30:2] WSARecv : 620
[2021-6-9 21:30:2] WSARecv : 620
[2021-6-9 21:30:2] WSARecv : 620
[2021-6-9 21:30:2] WSARecv : 620
[2021-6-9 21:30:2] WSARecv : 620
[2021-6-9 21:30:2] WSARecv : 620
[2021-6-9 21:30:2] WSARecv : 620
[2021-6-9 21:30:2] WSARecv : 620
[2021-6-9 21:30:2] WSARecv : 620
[2021-6-9 21:30:2] WSARecv : 620
[2021-6-9 21:30:2] WSARecv : 620
[2021-6-9 21:30:2] WSARecv : 620
[2021-6-9 21:30:2] WSARecv : 620
[2021-6-9 21:30:2] WSARecv : 620
[2021-6-9 21:30:2] WSARecv : 620
[2021-6-9 21:30:2] WSARecv : 620
[2021-6-9 21:30:2] WSARecv : 620
[2021-6-9 21:30:11] WSARecv : 620
[2021-6-9 21:30:16] WSARecv : 604
[2021-6-9 21:30:20] AcceptEx Success
[2021-6-9 21:30:20] Client End
[2021-6-9 21:30:21] AcceptEx Success
[2021-6-9 21:30:21] Client End
