[2017-12-3 8:1:3] WSAStartup Success
[2017-12-3 8:1:3] Socket Init Success
[2017-12-3 8:1:3] listen Success
[2017-12-3 8:1:3] AcceptEx Success
[2017-12-3 8:1:3] AcceptEx Success
[2017-12-3 8:1:3] AcceptEx Success
[2017-12-3 8:1:3] AcceptEx Success
[2017-12-3 8:1:3] AcceptEx Success
[2017-12-3 8:1:3] AcceptEx Success
[2017-12-3 8:1:3] AcceptEx Success
[2017-12-3 8:1:3] AcceptEx Success
[2017-12-3 8:1:3] AcceptEx Success
[2017-12-3 8:1:3] AcceptEx Success
[2017-12-3 8:1:3] AcceptEx Success
[2017-12-3 8:1:3] AcceptEx Success
[2017-12-3 8:1:3] AcceptEx Success
[2017-12-3 8:1:3] AcceptEx Success
[2017-12-3 8:1:3] AcceptEx Success
[2017-12-3 8:1:3] AcceptEx Success
[2017-12-3 8:1:3] AcceptEx Success
[2017-12-3 8:1:3] AcceptEx Success
[2017-12-3 8:1:3] AcceptEx Success
[2017-12-3 8:1:3] AcceptEx Success
[2017-12-3 8:1:3] AcceptEx Success
[2017-12-3 8:1:3] AcceptEx Success
[2017-12-3 8:1:3] AcceptEx Success
[2017-12-3 8:1:3] AcceptEx Success
[2017-12-3 8:1:3] AcceptEx Success
[2017-12-3 8:1:3] AcceptEx Success
[2017-12-3 8:1:3] AcceptEx Success
[2017-12-3 8:1:3] AcceptEx Success
[2017-12-3 8:1:3] AcceptEx Success
[2017-12-3 8:1:3] AcceptEx Success
[2017-12-3 8:1:3] Thread Create 8
[2017-12-3 8:1:8] INFO Success
[2017-12-3 8:1:8] Active_Session : 1
[2017-12-3 8:1:8] InActive_Session : 29
[2017-12-3 8:1:8] WSARecv : 496
[2017-12-3 8:1:8] Accept Success
[2017-12-3 8:1:9] INFO Success
[2017-12-3 8:1:9] Active_Session : 2
[2017-12-3 8:1:9] InActive_Session : 28
[2017-12-3 8:1:9] WSARecv : 468
[2017-12-3 8:1:9] Accept Success
[2017-12-3 8:1:12] AcceptEx Success
[2017-12-3 8:1:12] Client End
[2017-12-3 8:1:12] AcceptEx Success
[2017-12-3 8:1:12] Client End
[2017-12-3 8:1:28] INFO Success
[2017-12-3 8:1:28] Active_Session : 2
[2017-12-3 8:1:28] InActive_Session : 28
[2017-12-3 8:1:28] WSARecv : 536
[2017-12-3 8:1:28] Accept Success
[2017-12-3 8:1:28] INFO Success
[2017-12-3 8:1:28] Active_Session : 2
[2017-12-3 8:1:28] InActive_Session : 28
[2017-12-3 8:1:28] WSARecv : 536
[2017-12-3 8:1:28] Accept Success
[2017-12-3 8:1:37] WSARecv : 536
[2017-12-3 8:1:42] Is Not Room User
[2017-12-3 8:1:42] Game_REQ Room Join
[2017-12-3 8:1:42] WSARecv : 536
[2017-12-3 8:2:6] WSAStartup Success
[2017-12-3 8:2:6] Socket Init Success
[2017-12-3 8:2:6] listen Success
[2017-12-3 8:2:6] AcceptEx Success
[2017-12-3 8:2:6] AcceptEx Success
[2017-12-3 8:2:6] AcceptEx Success
[2017-12-3 8:2:6] AcceptEx Success
[2017-12-3 8:2:6] AcceptEx Success
[2017-12-3 8:2:6] AcceptEx Success
[2017-12-3 8:2:6] AcceptEx Success
[2017-12-3 8:2:6] AcceptEx Success
[2017-12-3 8:2:6] AcceptEx Success
[2017-12-3 8:2:6] AcceptEx Success
[2017-12-3 8:2:6] AcceptEx Success
[2017-12-3 8:2:6] AcceptEx Success
[2017-12-3 8:2:6] AcceptEx Success
[2017-12-3 8:2:6] AcceptEx Success
[2017-12-3 8:2:6] AcceptEx Success
[2017-12-3 8:2:6] AcceptEx Success
[2017-12-3 8:2:6] AcceptEx Success
[2017-12-3 8:2:6] AcceptEx Success
[2017-12-3 8:2:6] AcceptEx Success
[2017-12-3 8:2:6] AcceptEx Success
[2017-12-3 8:2:6] AcceptEx Success
[2017-12-3 8:2:6] AcceptEx Success
[2017-12-3 8:2:6] AcceptEx Success
[2017-12-3 8:2:6] AcceptEx Success
[2017-12-3 8:2:6] AcceptEx Success
[2017-12-3 8:2:6] AcceptEx Success
[2017-12-3 8:2:6] AcceptEx Success
[2017-12-3 8:2:6] AcceptEx Success
[2017-12-3 8:2:6] AcceptEx Success
[2017-12-3 8:2:6] AcceptEx Success
[2017-12-3 8:2:6] Thread Create 8
[2017-12-3 8:2:13] INFO Success
[2017-12-3 8:2:13] Active_Session : 1
[2017-12-3 8:2:13] InActive_Session : 29
[2017-12-3 8:2:13] WSARecv : 504
[2017-12-3 8:2:13] Accept Success
[2017-12-3 8:2:16] INFO Success
[2017-12-3 8:2:16] Active_Session : 2
[2017-12-3 8:2:16] InActive_Session : 28
[2017-12-3 8:2:16] WSARecv : 496
[2017-12-3 8:2:16] Accept Success
[2017-12-3 8:2:20] WSARecv : 496
[2017-12-3 8:2:25] WSARecv : 504
[2017-12-3 8:2:29] Is Not Room User
[2017-12-3 8:2:29] Game_REQ Room Join
[2017-12-3 8:2:29] WSARecv : 496
[2017-12-3 8:2:33] Is Not Room User
[2017-12-3 8:2:33] Game_REQ Room Join
[2017-12-3 8:2:33] WSARecv : 504
[2017-12-3 8:2:39] WSARecv : 496
[2017-12-3 8:2:39] WSARecv : 496
[2017-12-3 8:2:39] WSARecv : 496
[2017-12-3 8:2:40] WSARecv : 504
[2017-12-3 8:2:40] WSARecv : 504
[2017-12-3 8:2:40] WSARecv : 504
[2017-12-3 8:2:42] WSARecv : 496
[2017-12-3 8:2:42] WSARecv : 496
[2017-12-3 8:2:42] WSARecv : 496
[2017-12-3 8:2:42] WSARecv : 496
[2017-12-3 8:2:42] WSARecv : 496
[2017-12-3 8:2:42] WSARecv : 496
[2017-12-3 8:2:42] WSARecv : 496
[2017-12-3 8:2:42] WSARecv : 496
[2017-12-3 8:2:42] WSARecv : 496
[2017-12-3 8:2:42] WSARecv : 496
[2017-12-3 8:2:42] WSARecv : 496
[2017-12-3 8:2:42] WSARecv : 496
[2017-12-3 8:2:42] WSARecv : 496
[2017-12-3 8:2:42] WSARecv : 496
[2017-12-3 8:2:42] WSARecv : 496
[2017-12-3 8:2:42] WSARecv : 496
[2017-12-3 8:2:42] WSARecv : 496
[2017-12-3 8:2:42] WSARecv : 496
[2017-12-3 8:2:42] WSARecv : 496
[2017-12-3 8:2:42] WSARecv : 496
[2017-12-3 8:2:43] WSARecv : 496
[2017-12-3 8:2:43] WSARecv : 496
[2017-12-3 8:2:43] WSARecv : 496
[2017-12-3 8:2:43] WSARecv : 496
[2017-12-3 8:2:43] WSARecv : 496
[2017-12-3 8:2:43] WSARecv : 496
[2017-12-3 8:2:43] WSARecv : 496
[2017-12-3 8:2:43] WSARecv : 496
[2017-12-3 8:2:43] WSARecv : 496
[2017-12-3 8:2:43] WSARecv : 496
[2017-12-3 8:2:43] WSARecv : 496
[2017-12-3 8:2:43] WSARecv : 496
[2017-12-3 8:2:43] WSARecv : 496
[2017-12-3 8:2:43] WSARecv : 496
[2017-12-3 8:2:43] WSARecv : 496
[2017-12-3 8:2:43] WSARecv : 496
[2017-12-3 8:2:43] WSARecv : 496
[2017-12-3 8:2:43] WSARecv : 496
[2017-12-3 8:2:43] WSARecv : 496
[2017-12-3 8:2:43] WSARecv : 496
[2017-12-3 8:2:43] WSARecv : 496
[2017-12-3 8:2:43] WSARecv : 496
[2017-12-3 8:2:43] WSARecv : 496
[2017-12-3 8:2:43] WSARecv : 496
[2017-12-3 8:2:43] WSARecv : 496
[2017-12-3 8:2:43] WSARecv : 496
[2017-12-3 8:2:43] WSARecv : 496
[2017-12-3 8:2:43] WSARecv : 496
[2017-12-3 8:2:43] WSARecv : 496
[2017-12-3 8:2:43] WSARecv : 496
[2017-12-3 8:2:43] WSARecv : 496
[2017-12-3 8:2:43] WSARecv : 496
[2017-12-3 8:2:43] WSARecv : 496
[2017-12-3 8:2:43] WSARecv : 496
[2017-12-3 8:2:43] WSARecv : 496
[2017-12-3 8:2:43] WSARecv : 496
[2017-12-3 8:2:43] WSARecv : 496
[2017-12-3 8:2:43] WSARecv : 496
[2017-12-3 8:2:43] WSARecv : 496
[2017-12-3 8:2:43] WSARecv : 496
[2017-12-3 8:2:43] WSARecv : 496
[2017-12-3 8:2:43] WSARecv : 496
[2017-12-3 8:2:43] WSARecv : 496
[2017-12-3 8:2:43] WSARecv : 496
[2017-12-3 8:2:43] WSARecv : 496
[2017-12-3 8:2:43] WSARecv : 496
[2017-12-3 8:2:43] WSARecv : 496
[2017-12-3 8:2:43] WSARecv : 496
[2017-12-3 8:2:43] WSARecv : 496
[2017-12-3 8:2:43] WSARecv : 496
[2017-12-3 8:2:43] WSARecv : 496
[2017-12-3 8:2:43] WSARecv : 496
[2017-12-3 8:2:43] WSARecv : 496
[2017-12-3 8:2:43] WSARecv : 496
[2017-12-3 8:2:43] WSARecv : 496
[2017-12-3 8:2:43] WSARecv : 496
[2017-12-3 8:2:43] WSARecv : 496
[2017-12-3 8:2:43] WSARecv : 496
[2017-12-3 8:2:43] WSARecv : 496
[2017-12-3 8:2:43] WSARecv : 496
[2017-12-3 8:2:43] WSARecv : 496
[2017-12-3 8:2:43] WSARecv : 496
[2017-12-3 8:2:43] WSARecv : 496
[2017-12-3 8:2:43] WSARecv : 496
[2017-12-3 8:2:43] WSARecv : 496
[2017-12-3 8:2:43] WSARecv : 496
[2017-12-3 8:2:43] WSARecv : 496
[2017-12-3 8:2:43] WSARecv : 496
[2017-12-3 8:2:43] WSARecv : 496
[2017-12-3 8:2:43] WSARecv : 496
[2017-12-3 8:2:43] WSARecv : 496
[2017-12-3 8:2:43] WSARecv : 496
[2017-12-3 8:2:43] WSARecv : 496
[2017-12-3 8:2:43] WSARecv : 496
[2017-12-3 8:2:43] WSARecv : 496
[2017-12-3 8:2:43] WSARecv : 496
[2017-12-3 8:2:43] WSARecv : 496
[2017-12-3 8:2:43] WSARecv : 496
[2017-12-3 8:2:43] WSARecv : 496
[2017-12-3 8:2:43] WSARecv : 496
[2017-12-3 8:2:43] WSARecv : 496
[2017-12-3 8:2:44] WSARecv : 504
[2017-12-3 8:2:44] WSARecv : 504
[2017-12-3 8:2:44] WSARecv : 504
[2017-12-3 8:2:44] WSARecv : 504
[2017-12-3 8:2:44] WSARecv : 504
[2017-12-3 8:2:44] WSARecv : 504
[2017-12-3 8:2:44] WSARecv : 504
[2017-12-3 8:2:44] WSARecv : 504
[2017-12-3 8:2:44] WSARecv : 504
[2017-12-3 8:2:44] WSARecv : 504
[2017-12-3 8:2:44] WSARecv : 504
[2017-12-3 8:2:44] WSARecv : 504
[2017-12-3 8:2:44] WSARecv : 504
[2017-12-3 8:2:44] WSARecv : 504
[2017-12-3 8:2:44] WSARecv : 504
[2017-12-3 8:2:44] WSARecv : 504
[2017-12-3 8:2:44] WSARecv : 504
[2017-12-3 8:2:44] WSARecv : 504
[2017-12-3 8:2:44] WSARecv : 504
[2017-12-3 8:2:44] WSARecv : 504
[2017-12-3 8:2:44] WSARecv : 504
[2017-12-3 8:2:44] WSARecv : 504
[2017-12-3 8:2:44] WSARecv : 504
[2017-12-3 8:2:44] WSARecv : 504
[2017-12-3 8:2:44] WSARecv : 504
[2017-12-3 8:2:44] WSARecv : 504
[2017-12-3 8:2:44] WSARecv : 504
[2017-12-3 8:2:44] WSARecv : 504
[2017-12-3 8:2:44] WSARecv : 504
[2017-12-3 8:2:44] WSARecv : 504
[2017-12-3 8:2:44] WSARecv : 504
[2017-12-3 8:2:44] WSARecv : 504
[2017-12-3 8:2:44] WSARecv : 504
[2017-12-3 8:2:44] WSARecv : 504
[2017-12-3 8:2:44] WSARecv : 504
[2017-12-3 8:2:44] WSARecv : 504
[2017-12-3 8:2:44] WSARecv : 504
[2017-12-3 8:2:44] WSARecv : 504
[2017-12-3 8:2:44] WSARecv : 504
[2017-12-3 8:2:44] WSARecv : 504
[2017-12-3 8:2:44] WSARecv : 504
[2017-12-3 8:2:44] WSARecv : 504
[2017-12-3 8:2:44] WSARecv : 504
[2017-12-3 8:2:44] WSARecv : 504
[2017-12-3 8:2:44] WSARecv : 504
[2017-12-3 8:2:44] WSARecv : 504
[2017-12-3 8:2:44] WSARecv : 504
[2017-12-3 8:2:44] WSARecv : 504
[2017-12-3 8:2:44] WSARecv : 504
[2017-12-3 8:2:44] WSARecv : 504
[2017-12-3 8:2:44] WSARecv : 504
[2017-12-3 8:2:44] WSARecv : 504
[2017-12-3 8:2:44] WSARecv : 504
[2017-12-3 8:2:44] WSARecv : 504
[2017-12-3 8:2:44] WSARecv : 504
[2017-12-3 8:2:44] WSARecv : 504
[2017-12-3 8:2:44] WSARecv : 504
[2017-12-3 8:2:44] WSARecv : 504
[2017-12-3 8:2:45] WSARecv : 504
[2017-12-3 8:2:45] WSARecv : 504
[2017-12-3 8:2:45] WSARecv : 504
[2017-12-3 8:2:45] WSARecv : 504
[2017-12-3 8:2:45] WSARecv : 504
[2017-12-3 8:2:45] WSARecv : 504
[2017-12-3 8:2:45] WSARecv : 504
[2017-12-3 8:2:45] WSARecv : 504
[2017-12-3 8:2:45] WSARecv : 504
[2017-12-3 8:2:45] WSARecv : 504
[2017-12-3 8:2:45] WSARecv : 504
[2017-12-3 8:2:45] WSARecv : 504
[2017-12-3 8:2:45] WSARecv : 504
[2017-12-3 8:2:45] WSARecv : 504
[2017-12-3 8:2:45] WSARecv : 504
[2017-12-3 8:2:45] WSARecv : 504
[2017-12-3 8:2:45] WSARecv : 504
[2017-12-3 8:2:45] WSARecv : 504
[2017-12-3 8:2:45] WSARecv : 504
[2017-12-3 8:2:45] WSARecv : 504
[2017-12-3 8:2:45] WSARecv : 504
[2017-12-3 8:2:45] WSARecv : 504
[2017-12-3 8:2:45] WSARecv : 504
[2017-12-3 8:2:45] WSARecv : 504
[2017-12-3 8:2:45] WSARecv : 504
[2017-12-3 8:2:45] WSARecv : 504
[2017-12-3 8:2:45] WSARecv : 504
[2017-12-3 8:2:45] WSARecv : 504
[2017-12-3 8:2:45] WSARecv : 504
[2017-12-3 8:2:45] WSARecv : 504
[2017-12-3 8:2:45] WSARecv : 504
[2017-12-3 8:2:45] WSARecv : 504
[2017-12-3 8:2:45] WSARecv : 504
[2017-12-3 8:2:45] WSARecv : 504
[2017-12-3 8:2:45] WSARecv : 504
[2017-12-3 8:2:45] WSARecv : 504
[2017-12-3 8:2:45] WSARecv : 504
[2017-12-3 8:2:45] WSARecv : 504
[2017-12-3 8:2:45] WSARecv : 504
[2017-12-3 8:2:45] WSARecv : 504
[2017-12-3 8:2:45] WSARecv : 504
[2017-12-3 8:2:45] WSARecv : 504
[2017-12-3 8:2:45] WSARecv : 504
[2017-12-3 8:2:45] WSARecv : 504
[2017-12-3 8:2:45] WSARecv : 504
[2017-12-3 8:2:45] WSARecv : 504
[2017-12-3 8:2:45] WSARecv : 504
[2017-12-3 8:2:45] WSARecv : 504
[2017-12-3 8:2:45] WSARecv : 504
[2017-12-3 8:2:45] WSARecv : 504
[2017-12-3 8:2:45] WSARecv : 504
[2017-12-3 8:2:45] WSARecv : 504
[2017-12-3 8:2:45] WSARecv : 504
[2017-12-3 8:2:45] WSARecv : 504
[2017-12-3 8:2:45] WSARecv : 504
[2017-12-3 8:2:45] WSARecv : 504
[2017-12-3 8:2:45] WSARecv : 504
[2017-12-3 8:2:45] WSARecv : 504
[2017-12-3 8:2:45] WSARecv : 504
[2017-12-3 8:2:45] WSARecv : 504
[2017-12-3 8:2:45] WSARecv : 504
[2017-12-3 8:2:45] WSARecv : 496
[2017-12-3 8:2:45] WSARecv : 496
[2017-12-3 8:2:45] WSARecv : 496
[2017-12-3 8:2:45] WSARecv : 496
[2017-12-3 8:2:45] WSARecv : 496
[2017-12-3 8:2:45] WSARecv : 496
[2017-12-3 8:2:45] WSARecv : 496
[2017-12-3 8:2:45] WSARecv : 496
[2017-12-3 8:2:45] WSARecv : 496
[2017-12-3 8:2:45] WSARecv : 496
[2017-12-3 8:2:45] WSARecv : 496
[2017-12-3 8:2:45] WSARecv : 496
[2017-12-3 8:2:45] WSARecv : 496
[2017-12-3 8:2:45] WSARecv : 496
[2017-12-3 8:2:45] WSARecv : 496
[2017-12-3 8:2:45] WSARecv : 496
[2017-12-3 8:2:45] WSARecv : 496
[2017-12-3 8:2:45] WSARecv : 496
[2017-12-3 8:2:45] WSARecv : 496
[2017-12-3 8:2:45] WSARecv : 496
[2017-12-3 8:2:45] WSARecv : 496
[2017-12-3 8:2:45] WSARecv : 496
[2017-12-3 8:2:45] WSARecv : 496
[2017-12-3 8:2:45] WSARecv : 496
[2017-12-3 8:2:45] WSARecv : 496
[2017-12-3 8:2:45] WSARecv : 496
[2017-12-3 8:2:45] WSARecv : 496
[2017-12-3 8:2:45] WSARecv : 496
[2017-12-3 8:2:45] WSARecv : 496
[2017-12-3 8:2:45] WSARecv : 496
[2017-12-3 8:2:46] WSARecv : 496
[2017-12-3 8:2:46] WSARecv : 496
[2017-12-3 8:2:46] WSARecv : 496
[2017-12-3 8:2:46] WSARecv : 496
[2017-12-3 8:2:46] WSARecv : 496
[2017-12-3 8:2:46] WSARecv : 496
[2017-12-3 8:2:46] WSARecv : 496
[2017-12-3 8:2:46] WSARecv : 496
[2017-12-3 8:2:46] WSARecv : 496
[2017-12-3 8:2:46] WSARecv : 496
[2017-12-3 8:2:46] WSARecv : 496
[2017-12-3 8:2:46] WSARecv : 496
[2017-12-3 8:2:46] WSARecv : 496
[2017-12-3 8:2:46] WSARecv : 496
[2017-12-3 8:2:46] WSARecv : 496
[2017-12-3 8:2:46] WSARecv : 496
[2017-12-3 8:2:46] WSARecv : 496
[2017-12-3 8:2:46] WSARecv : 496
[2017-12-3 8:2:46] WSARecv : 496
[2017-12-3 8:2:46] WSARecv : 496
[2017-12-3 8:2:46] WSARecv : 496
[2017-12-3 8:2:46] WSARecv : 496
[2017-12-3 8:2:46] WSARecv : 496
[2017-12-3 8:2:46] WSARecv : 496
[2017-12-3 8:2:46] WSARecv : 496
[2017-12-3 8:2:46] WSARecv : 496
[2017-12-3 8:2:46] WSARecv : 496
[2017-12-3 8:2:46] WSARecv : 496
[2017-12-3 8:2:46] WSARecv : 496
[2017-12-3 8:2:46] WSARecv : 496
[2017-12-3 8:2:46] WSARecv : 496
[2017-12-3 8:2:46] WSARecv : 496
[2017-12-3 8:2:46] WSARecv : 496
[2017-12-3 8:2:46] WSARecv : 496
[2017-12-3 8:2:46] WSARecv : 496
[2017-12-3 8:2:46] WSARecv : 496
[2017-12-3 8:2:46] WSARecv : 496
[2017-12-3 8:2:46] WSARecv : 496
[2017-12-3 8:2:46] WSARecv : 496
[2017-12-3 8:2:46] WSARecv : 496
[2017-12-3 8:2:46] WSARecv : 496
[2017-12-3 8:2:46] WSARecv : 496
[2017-12-3 8:2:46] WSARecv : 496
[2017-12-3 8:2:46] WSARecv : 496
[2017-12-3 8:2:46] WSARecv : 496
[2017-12-3 8:2:46] WSARecv : 496
[2017-12-3 8:2:46] WSARecv : 496
[2017-12-3 8:2:46] WSARecv : 496
[2017-12-3 8:2:46] WSARecv : 496
[2017-12-3 8:2:46] WSARecv : 496
[2017-12-3 8:2:46] WSARecv : 496
[2017-12-3 8:2:46] WSARecv : 496
[2017-12-3 8:2:46] WSARecv : 496
[2017-12-3 8:2:46] WSARecv : 496
[2017-12-3 8:2:46] WSARecv : 496
[2017-12-3 8:2:46] WSARecv : 496
[2017-12-3 8:2:46] WSARecv : 496
[2017-12-3 8:2:46] WSARecv : 496
[2017-12-3 8:2:46] WSARecv : 496
[2017-12-3 8:2:46] WSARecv : 496
[2017-12-3 8:2:46] WSARecv : 496
[2017-12-3 8:2:46] WSARecv : 496
[2017-12-3 8:2:46] WSARecv : 496
[2017-12-3 8:2:46] WSARecv : 496
[2017-12-3 8:2:46] WSARecv : 496
[2017-12-3 8:2:46] WSARecv : 496
[2017-12-3 8:2:46] WSARecv : 496
[2017-12-3 8:2:46] WSARecv : 496
[2017-12-3 8:2:46] WSARecv : 496
[2017-12-3 8:2:46] WSARecv : 496
[2017-12-3 8:2:46] WSARecv : 496
[2017-12-3 8:2:46] WSARecv : 496
[2017-12-3 8:2:46] WSARecv : 496
[2017-12-3 8:2:46] WSARecv : 496
[2017-12-3 8:2:46] WSARecv : 496
[2017-12-3 8:2:46] WSARecv : 496
[2017-12-3 8:2:46] WSARecv : 496
[2017-12-3 8:2:46] WSARecv : 496
[2017-12-3 8:2:46] WSARecv : 496
[2017-12-3 8:2:46] WSARecv : 496
[2017-12-3 8:2:46] WSARecv : 496
[2017-12-3 8:2:46] WSARecv : 496
[2017-12-3 8:2:46] WSARecv : 496
[2017-12-3 8:2:46] WSARecv : 496
[2017-12-3 8:2:46] WSARecv : 496
[2017-12-3 8:2:46] WSARecv : 496
[2017-12-3 8:2:47] WSARecv : 496
[2017-12-3 8:2:47] WSARecv : 496
[2017-12-3 8:2:47] WSARecv : 496
[2017-12-3 8:2:47] WSARecv : 496
[2017-12-3 8:2:47] WSARecv : 496
[2017-12-3 8:2:47] WSARecv : 496
[2017-12-3 8:2:47] WSARecv : 496
[2017-12-3 8:2:47] WSARecv : 496
[2017-12-3 8:2:47] WSARecv : 496
[2017-12-3 8:2:47] WSARecv : 496
[2017-12-3 8:2:47] WSARecv : 496
[2017-12-3 8:2:47] WSARecv : 496
[2017-12-3 8:2:47] WSARecv : 496
[2017-12-3 8:2:47] WSARecv : 496
[2017-12-3 8:2:47] WSARecv : 496
[2017-12-3 8:2:47] WSARecv : 496
[2017-12-3 8:2:47] WSARecv : 496
[2017-12-3 8:2:47] WSARecv : 496
[2017-12-3 8:2:47] WSARecv : 496
[2017-12-3 8:2:47] WSARecv : 496
[2017-12-3 8:2:47] WSARecv : 496
[2017-12-3 8:2:47] WSARecv : 496
[2017-12-3 8:2:47] WSARecv : 496
[2017-12-3 8:2:47] WSARecv : 496
[2017-12-3 8:2:47] WSARecv : 496
[2017-12-3 8:2:47] WSARecv : 496
[2017-12-3 8:2:47] WSARecv : 496
[2017-12-3 8:2:47] WSARecv : 496
[2017-12-3 8:2:47] WSARecv : 496
[2017-12-3 8:2:47] WSARecv : 496
[2017-12-3 8:2:47] WSARecv : 496
[2017-12-3 8:2:47] WSARecv : 496
[2017-12-3 8:2:47] WSARecv : 496
[2017-12-3 8:2:47] WSARecv : 496
[2017-12-3 8:2:47] WSARecv : 496
[2017-12-3 8:2:47] WSARecv : 496
[2017-12-3 8:2:47] WSARecv : 496
[2017-12-3 8:2:47] WSARecv : 496
[2017-12-3 8:2:47] WSARecv : 496
[2017-12-3 8:2:47] WSARecv : 496
[2017-12-3 8:2:47] WSARecv : 496
[2017-12-3 8:2:47] WSARecv : 504
[2017-12-3 8:2:47] WSARecv : 504
[2017-12-3 8:2:47] WSARecv : 504
[2017-12-3 8:2:47] WSARecv : 504
[2017-12-3 8:2:47] WSARecv : 504
[2017-12-3 8:2:47] WSARecv : 504
[2017-12-3 8:2:47] WSARecv : 504
[2017-12-3 8:2:47] WSARecv : 504
[2017-12-3 8:2:47] WSARecv : 504
[2017-12-3 8:2:47] WSARecv : 504
[2017-12-3 8:2:47] WSARecv : 504
[2017-12-3 8:2:47] WSARecv : 504
[2017-12-3 8:2:47] WSARecv : 504
[2017-12-3 8:2:47] WSARecv : 504
[2017-12-3 8:2:47] WSARecv : 504
[2017-12-3 8:2:47] WSARecv : 504
[2017-12-3 8:2:47] WSARecv : 504
[2017-12-3 8:2:47] WSARecv : 504
[2017-12-3 8:2:47] WSARecv : 504
[2017-12-3 8:2:47] WSARecv : 504
[2017-12-3 8:2:47] WSARecv : 504
[2017-12-3 8:2:47] WSARecv : 504
[2017-12-3 8:2:47] WSARecv : 504
[2017-12-3 8:2:47] WSARecv : 504
[2017-12-3 8:2:47] WSARecv : 504
[2017-12-3 8:2:48] WSARecv : 504
[2017-12-3 8:2:48] WSARecv : 504
[2017-12-3 8:2:48] WSARecv : 504
[2017-12-3 8:2:48] WSARecv : 504
[2017-12-3 8:2:48] WSARecv : 504
[2017-12-3 8:2:48] WSARecv : 504
[2017-12-3 8:2:48] WSARecv : 504
[2017-12-3 8:2:48] WSARecv : 504
[2017-12-3 8:2:48] WSARecv : 504
[2017-12-3 8:2:48] WSARecv : 504
[2017-12-3 8:2:48] WSARecv : 504
[2017-12-3 8:2:48] WSARecv : 504
[2017-12-3 8:2:48] WSARecv : 504
[2017-12-3 8:2:48] WSARecv : 504
[2017-12-3 8:2:48] WSARecv : 504
[2017-12-3 8:2:48] WSARecv : 504
[2017-12-3 8:2:48] WSARecv : 504
[2017-12-3 8:2:48] WSARecv : 504
[2017-12-3 8:2:48] WSARecv : 504
[2017-12-3 8:2:48] WSARecv : 504
[2017-12-3 8:2:48] WSARecv : 504
[2017-12-3 8:2:48] WSARecv : 504
[2017-12-3 8:2:48] WSARecv : 504
[2017-12-3 8:2:48] WSARecv : 504
[2017-12-3 8:2:48] WSARecv : 504
[2017-12-3 8:2:48] WSARecv : 504
[2017-12-3 8:2:48] WSARecv : 504
[2017-12-3 8:2:48] WSARecv : 504
[2017-12-3 8:2:48] WSARecv : 504
[2017-12-3 8:2:48] WSARecv : 504
[2017-12-3 8:2:48] WSARecv : 504
[2017-12-3 8:2:48] WSARecv : 504
[2017-12-3 8:2:48] WSARecv : 504
[2017-12-3 8:2:48] WSARecv : 504
[2017-12-3 8:2:48] WSARecv : 504
[2017-12-3 8:2:48] WSARecv : 504
[2017-12-3 8:2:48] WSARecv : 504
[2017-12-3 8:2:48] WSARecv : 504
[2017-12-3 8:2:48] WSARecv : 504
[2017-12-3 8:2:48] WSARecv : 504
[2017-12-3 8:2:49] AcceptEx Success
[2017-12-3 8:2:49] Client End
[2017-12-3 8:2:50] AcceptEx Success
[2017-12-3 8:2:50] Client End
