[2021-6-9 20:0:10] WSARecv : 616
[2021-6-9 20:0:11] WSARecv : 616
[2021-6-9 20:0:12] AcceptEx Success
[2021-6-9 20:0:12] Client End
[2021-6-9 20:0:29] WSAStartup Success
[2021-6-9 20:0:29] Socket Init Success
[2021-6-9 20:0:29] listen Success
[2021-6-9 20:0:29] AcceptEx Success
[2021-6-9 20:0:29] AcceptEx Success
[2021-6-9 20:0:29] AcceptEx Success
[2021-6-9 20:0:29] AcceptEx Success
[2021-6-9 20:0:29] AcceptEx Success
[2021-6-9 20:0:29] AcceptEx Success
[2021-6-9 20:0:29] AcceptEx Success
[2021-6-9 20:0:29] AcceptEx Success
[2021-6-9 20:0:29] AcceptEx Success
[2021-6-9 20:0:29] AcceptEx Success
[2021-6-9 20:0:29] AcceptEx Success
[2021-6-9 20:0:29] AcceptEx Success
[2021-6-9 20:0:29] AcceptEx Success
[2021-6-9 20:0:29] AcceptEx Success
[2021-6-9 20:0:29] AcceptEx Success
[2021-6-9 20:0:29] AcceptEx Success
[2021-6-9 20:0:29] AcceptEx Success
[2021-6-9 20:0:29] AcceptEx Success
[2021-6-9 20:0:29] AcceptEx Success
[2021-6-9 20:0:29] AcceptEx Success
[2021-6-9 20:0:29] AcceptEx Success
[2021-6-9 20:0:29] AcceptEx Success
[2021-6-9 20:0:29] AcceptEx Success
[2021-6-9 20:0:29] AcceptEx Success
[2021-6-9 20:0:29] AcceptEx Success
[2021-6-9 20:0:29] AcceptEx Success
[2021-6-9 20:0:29] AcceptEx Success
[2021-6-9 20:0:29] AcceptEx Success
[2021-6-9 20:0:29] AcceptEx Success
[2021-6-9 20:0:29] AcceptEx Success
[2021-6-9 20:0:29] Thread Create 8
[2021-6-9 20:0:42] INFO Success
[2021-6-9 20:0:42] Active_Session : 1
[2021-6-9 20:0:42] InActive_Session : 29
[2021-6-9 20:0:42] WSARecv : 620
[2021-6-9 20:0:42] Accept Success
[2021-6-9 20:0:45] WSARecv : 620
[2021-6-9 20:0:49] AcceptEx Success
[2021-6-9 20:0:49] Client End
[2021-6-9 20:1:17] WSAStartup Success
[2021-6-9 20:1:17] Socket Init Success
[2021-6-9 20:1:17] listen Success
[2021-6-9 20:1:17] AcceptEx Success
[2021-6-9 20:1:17] AcceptEx Success
[2021-6-9 20:1:17] AcceptEx Success
[2021-6-9 20:1:17] AcceptEx Success
[2021-6-9 20:1:17] AcceptEx Success
[2021-6-9 20:1:17] AcceptEx Success
[2021-6-9 20:1:17] AcceptEx Success
[2021-6-9 20:1:17] AcceptEx Success
[2021-6-9 20:1:17] AcceptEx Success
[2021-6-9 20:1:17] AcceptEx Success
[2021-6-9 20:1:17] AcceptEx Success
[2021-6-9 20:1:17] AcceptEx Success
[2021-6-9 20:1:17] AcceptEx Success
[2021-6-9 20:1:17] AcceptEx Success
[2021-6-9 20:1:17] AcceptEx Success
[2021-6-9 20:1:17] AcceptEx Success
[2021-6-9 20:1:17] AcceptEx Success
[2021-6-9 20:1:17] AcceptEx Success
[2021-6-9 20:1:17] AcceptEx Success
[2021-6-9 20:1:17] AcceptEx Success
[2021-6-9 20:1:17] AcceptEx Success
[2021-6-9 20:1:17] AcceptEx Success
[2021-6-9 20:1:17] AcceptEx Success
[2021-6-9 20:1:17] AcceptEx Success
[2021-6-9 20:1:17] AcceptEx Success
[2021-6-9 20:1:17] AcceptEx Success
[2021-6-9 20:1:17] AcceptEx Success
[2021-6-9 20:1:17] AcceptEx Success
[2021-6-9 20:1:17] AcceptEx Success
[2021-6-9 20:1:17] AcceptEx Success
[2021-6-9 20:1:17] Thread Create 8
[2021-6-9 20:1:23] INFO Success
[2021-6-9 20:1:23] Active_Session : 1
[2021-6-9 20:1:23] InActive_Session : 29
[2021-6-9 20:1:23] WSARecv : 624
[2021-6-9 20:1:23] Accept Success
[2021-6-9 20:1:25] WSARecv : 624
[2021-6-9 20:3:44] AcceptEx Success
[2021-6-9 20:3:44] Client End
[2021-6-9 20:7:47] INFO Success
[2021-6-9 20:7:47] Active_Session : 1
[2021-6-9 20:7:47] InActive_Session : 29
[2021-6-9 20:7:47] WSARecv : 668
[2021-6-9 20:7:47] Accept Success
[2021-6-9 20:7:49] WSARecv : 668
[2021-6-9 20:7:52] WSARecv : 668
[2021-6-9 20:7:53] WSARecv : 668
[2021-6-9 20:7:55] AcceptEx Success
[2021-6-9 20:7:55] Client End
[2021-6-9 20:8:2] INFO Success
[2021-6-9 20:8:2] Active_Session : 1
[2021-6-9 20:8:2] InActive_Session : 29
[2021-6-9 20:8:2] WSARecv : 252
[2021-6-9 20:8:2] Accept Success
[2021-6-9 20:8:4] AcceptEx Success
[2021-6-9 20:8:4] Client End
[2021-6-9 20:9:9] WSAStartup Success
[2021-6-9 20:9:9] Socket Init Success
[2021-6-9 20:9:9] listen Success
[2021-6-9 20:9:9] AcceptEx Success
[2021-6-9 20:9:9] AcceptEx Success
[2021-6-9 20:9:9] AcceptEx Success
[2021-6-9 20:9:9] AcceptEx Success
[2021-6-9 20:9:9] AcceptEx Success
[2021-6-9 20:9:9] AcceptEx Success
[2021-6-9 20:9:9] AcceptEx Success
[2021-6-9 20:9:9] AcceptEx Success
[2021-6-9 20:9:9] AcceptEx Success
[2021-6-9 20:9:9] AcceptEx Success
[2021-6-9 20:9:9] AcceptEx Success
[2021-6-9 20:9:9] AcceptEx Success
[2021-6-9 20:9:9] AcceptEx Success
[2021-6-9 20:9:9] AcceptEx Success
[2021-6-9 20:9:9] AcceptEx Success
[2021-6-9 20:9:9] AcceptEx Success
[2021-6-9 20:9:9] AcceptEx Success
[2021-6-9 20:9:9] AcceptEx Success
[2021-6-9 20:9:9] AcceptEx Success
[2021-6-9 20:9:9] AcceptEx Success
[2021-6-9 20:9:9] AcceptEx Success
[2021-6-9 20:9:9] AcceptEx Success
[2021-6-9 20:9:9] AcceptEx Success
[2021-6-9 20:9:9] AcceptEx Success
[2021-6-9 20:9:9] AcceptEx Success
[2021-6-9 20:9:9] AcceptEx Success
[2021-6-9 20:9:9] AcceptEx Success
[2021-6-9 20:9:9] AcceptEx Success
[2021-6-9 20:9:9] AcceptEx Success
[2021-6-9 20:9:9] AcceptEx Success
[2021-6-9 20:9:9] Thread Create 8
[2021-6-9 20:9:19] INFO Success
[2021-6-9 20:9:19] Active_Session : 1
[2021-6-9 20:9:19] InActive_Session : 29
[2021-6-9 20:9:19] WSARecv : 624
[2021-6-9 20:9:19] Accept Success
[2021-6-9 20:9:22] WSARecv : 624
[2021-6-9 20:9:26] Is Not Room User
[2021-6-9 20:9:26] Game_REQ Room Join
[2021-6-9 20:9:26] WSARecv : 624
[2021-6-9 20:9:30] WSARecv : 624
[2021-6-9 20:9:33] WSARecv : 624
[2021-6-9 20:9:34] WSARecv : 624
[2021-6-9 20:9:34] WSARecv : 624
[2021-6-9 20:9:36] WSARecv : 624
[2021-6-9 20:9:36] WSARecv : 624
[2021-6-9 20:9:36] WSARecv : 624
[2021-6-9 20:9:36] WSARecv : 624
[2021-6-9 20:9:36] WSARecv : 624
[2021-6-9 20:9:36] WSARecv : 624
[2021-6-9 20:9:36] WSARecv : 624
[2021-6-9 20:9:36] WSARecv : 624
[2021-6-9 20:9:36] WSARecv : 624
[2021-6-9 20:9:36] WSARecv : 624
[2021-6-9 20:9:36] WSARecv : 624
[2021-6-9 20:9:36] WSARecv : 624
[2021-6-9 20:9:36] WSARecv : 624
[2021-6-9 20:9:36] WSARecv : 624
[2021-6-9 20:9:36] WSARecv : 624
[2021-6-9 20:9:36] WSARecv : 624
[2021-6-9 20:9:36] WSARecv : 624
[2021-6-9 20:9:36] WSARecv : 624
[2021-6-9 20:9:36] WSARecv : 624
[2021-6-9 20:9:36] WSARecv : 624
[2021-6-9 20:9:36] WSARecv : 624
[2021-6-9 20:9:36] WSARecv : 624
[2021-6-9 20:9:36] WSARecv : 624
[2021-6-9 20:9:36] WSARecv : 624
[2021-6-9 20:9:36] WSARecv : 624
[2021-6-9 20:9:36] WSARecv : 624
[2021-6-9 20:9:36] WSARecv : 624
[2021-6-9 20:9:37] WSARecv : 624
[2021-6-9 20:9:37] WSARecv : 624
[2021-6-9 20:9:45] INFO Success
[2021-6-9 20:9:45] Active_Session : 2
[2021-6-9 20:9:45] InActive_Session : 28
[2021-6-9 20:9:45] WSARecv : 616
[2021-6-9 20:9:45] Accept Success
[2021-6-9 20:9:47] WSARecv : 616
[2021-6-9 20:9:51] Is Not Room User
[2021-6-9 20:9:51] Game_REQ Room Join
[2021-6-9 20:9:51] WSARecv : 616
[2021-6-9 20:9:56] WSARecv : 616
[2021-6-9 20:9:56] WSARecv : 616
[2021-6-9 20:9:56] WSARecv : 616
[2021-6-9 20:9:59] WSARecv : 624
[2021-6-9 20:9:59] WSARecv : 624
[2021-6-9 20:9:59] WSARecv : 624
[2021-6-9 20:9:59] WSARecv : 624
[2021-6-9 20:9:59] WSARecv : 624
[2021-6-9 20:9:59] WSARecv : 624
[2021-6-9 20:9:59] WSARecv : 624
[2021-6-9 20:9:59] WSARecv : 624
[2021-6-9 20:9:59] WSARecv : 624
[2021-6-9 20:9:59] WSARecv : 624
[2021-6-9 20:9:59] WSARecv : 624
[2021-6-9 20:9:59] WSARecv : 624
[2021-6-9 20:9:59] WSARecv : 624
[2021-6-9 20:9:59] WSARecv : 624
[2021-6-9 20:9:59] WSARecv : 624
[2021-6-9 20:9:59] WSARecv : 624
[2021-6-9 20:9:59] WSARecv : 624
[2021-6-9 20:9:59] WSARecv : 624
[2021-6-9 20:9:59] WSARecv : 624
[2021-6-9 20:9:59] WSARecv : 624
[2021-6-9 20:9:59] WSARecv : 624
[2021-6-9 20:9:59] WSARecv : 624
[2021-6-9 20:9:59] WSARecv : 624
[2021-6-9 20:9:59] WSARecv : 624
[2021-6-9 20:9:59] WSARecv : 624
[2021-6-9 20:9:59] WSARecv : 624
[2021-6-9 20:9:59] WSARecv : 624
[2021-6-9 20:9:59] WSARecv : 624
[2021-6-9 20:9:59] WSARecv : 624
[2021-6-9 20:9:59] WSARecv : 624
[2021-6-9 20:9:59] WSARecv : 624
[2021-6-9 20:9:59] WSARecv : 624
[2021-6-9 20:9:59] WSARecv : 624
[2021-6-9 20:9:59] WSARecv : 624
[2021-6-9 20:9:59] WSARecv : 624
[2021-6-9 20:9:59] WSARecv : 624
[2021-6-9 20:9:59] WSARecv : 624
[2021-6-9 20:9:59] WSARecv : 624
[2021-6-9 20:9:59] WSARecv : 624
[2021-6-9 20:9:59] WSARecv : 624
[2021-6-9 20:9:59] WSARecv : 624
[2021-6-9 20:9:59] WSARecv : 624
[2021-6-9 20:9:59] WSARecv : 624
[2021-6-9 20:9:59] WSARecv : 624
[2021-6-9 20:9:59] WSARecv : 624
[2021-6-9 20:9:59] WSARecv : 624
[2021-6-9 20:9:59] WSARecv : 624
[2021-6-9 20:9:59] WSARecv : 624
[2021-6-9 20:9:59] WSARecv : 624
[2021-6-9 20:9:59] WSARecv : 624
[2021-6-9 20:9:59] WSARecv : 624
[2021-6-9 20:9:59] WSARecv : 624
[2021-6-9 20:9:59] WSARecv : 624
[2021-6-9 20:9:59] WSARecv : 624
[2021-6-9 20:9:59] WSARecv : 624
[2021-6-9 20:10:0] WSARecv : 624
[2021-6-9 20:10:0] WSARecv : 624
[2021-6-9 20:10:0] WSARecv : 624
[2021-6-9 20:10:0] WSARecv : 624
[2021-6-9 20:10:0] WSARecv : 624
[2021-6-9 20:10:0] WSARecv : 624
[2021-6-9 20:10:0] WSARecv : 624
[2021-6-9 20:10:0] WSARecv : 624
[2021-6-9 20:10:0] WSARecv : 624
[2021-6-9 20:10:0] WSARecv : 624
[2021-6-9 20:10:0] WSARecv : 624
[2021-6-9 20:10:0] WSARecv : 624
[2021-6-9 20:10:0] WSARecv : 624
[2021-6-9 20:10:0] WSARecv : 624
[2021-6-9 20:10:0] WSARecv : 624
[2021-6-9 20:10:0] WSARecv : 624
[2021-6-9 20:10:0] WSARecv : 624
[2021-6-9 20:10:0] WSARecv : 624
[2021-6-9 20:10:0] WSARecv : 624
[2021-6-9 20:10:0] WSARecv : 624
[2021-6-9 20:10:0] WSARecv : 624
[2021-6-9 20:10:0] WSARecv : 624
[2021-6-9 20:10:0] WSARecv : 624
[2021-6-9 20:10:0] WSARecv : 624
[2021-6-9 20:10:0] WSARecv : 624
[2021-6-9 20:10:0] WSARecv : 624
[2021-6-9 20:10:0] WSARecv : 624
[2021-6-9 20:10:0] WSARecv : 624
[2021-6-9 20:10:0] WSARecv : 624
[2021-6-9 20:10:0] WSARecv : 624
[2021-6-9 20:10:0] WSARecv : 624
[2021-6-9 20:10:0] WSARecv : 624
[2021-6-9 20:10:0] WSARecv : 624
[2021-6-9 20:10:0] WSARecv : 624
[2021-6-9 20:10:0] WSARecv : 624
[2021-6-9 20:10:0] WSARecv : 624
[2021-6-9 20:10:0] WSARecv : 624
[2021-6-9 20:10:0] WSARecv : 624
[2021-6-9 20:10:0] WSARecv : 624
[2021-6-9 20:10:0] WSARecv : 624
[2021-6-9 20:10:0] WSARecv : 624
[2021-6-9 20:10:0] WSARecv : 624
[2021-6-9 20:10:0] WSARecv : 624
[2021-6-9 20:10:0] WSARecv : 624
[2021-6-9 20:10:0] WSARecv : 624
[2021-6-9 20:10:0] WSARecv : 624
[2021-6-9 20:10:0] WSARecv : 624
[2021-6-9 20:10:0] WSARecv : 624
[2021-6-9 20:10:0] WSARecv : 624
[2021-6-9 20:10:0] WSARecv : 624
[2021-6-9 20:10:0] WSARecv : 624
[2021-6-9 20:10:0] WSARecv : 624
[2021-6-9 20:10:0] WSARecv : 624
[2021-6-9 20:10:0] WSARecv : 624
[2021-6-9 20:10:0] WSARecv : 624
[2021-6-9 20:10:0] WSARecv : 624
[2021-6-9 20:10:0] WSARecv : 624
[2021-6-9 20:10:0] WSARecv : 624
[2021-6-9 20:10:0] WSARecv : 624
[2021-6-9 20:10:0] WSARecv : 624
[2021-6-9 20:10:0] WSARecv : 624
[2021-6-9 20:10:0] WSARecv : 624
[2021-6-9 20:10:0] WSARecv : 624
[2021-6-9 20:10:0] WSARecv : 624
[2021-6-9 20:10:0] WSARecv : 624
[2021-6-9 20:10:0] WSARecv : 624
[2021-6-9 20:10:0] WSARecv : 624
[2021-6-9 20:10:0] WSARecv : 624
[2021-6-9 20:10:0] WSARecv : 624
[2021-6-9 20:10:0] WSARecv : 624
[2021-6-9 20:10:0] WSARecv : 624
[2021-6-9 20:10:0] WSARecv : 624
[2021-6-9 20:10:0] WSARecv : 624
[2021-6-9 20:10:0] WSARecv : 624
[2021-6-9 20:10:0] WSARecv : 624
[2021-6-9 20:10:0] WSARecv : 624
[2021-6-9 20:10:0] WSARecv : 624
[2021-6-9 20:10:0] WSARecv : 624
[2021-6-9 20:10:0] WSARecv : 624
[2021-6-9 20:10:0] WSARecv : 624
[2021-6-9 20:10:0] WSARecv : 624
[2021-6-9 20:10:0] WSARecv : 624
[2021-6-9 20:10:0] WSARecv : 624
[2021-6-9 20:10:0] WSARecv : 624
[2021-6-9 20:10:0] WSARecv : 624
[2021-6-9 20:10:0] WSARecv : 624
[2021-6-9 20:10:0] WSARecv : 624
[2021-6-9 20:10:0] WSARecv : 624
[2021-6-9 20:10:0] WSARecv : 624
[2021-6-9 20:10:0] WSARecv : 624
[2021-6-9 20:10:0] WSARecv : 624
[2021-6-9 20:10:0] WSARecv : 624
[2021-6-9 20:10:0] WSARecv : 624
[2021-6-9 20:10:1] WSARecv : 624
[2021-6-9 20:10:1] WSARecv : 624
[2021-6-9 20:10:1] WSARecv : 624
[2021-6-9 20:10:1] WSARecv : 624
[2021-6-9 20:10:1] WSARecv : 624
[2021-6-9 20:10:1] WSARecv : 624
[2021-6-9 20:10:1] WSARecv : 624
[2021-6-9 20:10:1] WSARecv : 624
[2021-6-9 20:10:1] WSARecv : 624
[2021-6-9 20:10:1] WSARecv : 624
[2021-6-9 20:10:1] WSARecv : 624
[2021-6-9 20:10:1] WSARecv : 624
[2021-6-9 20:10:1] WSARecv : 624
[2021-6-9 20:10:1] WSARecv : 624
[2021-6-9 20:10:1] WSARecv : 624
[2021-6-9 20:10:1] WSARecv : 624
[2021-6-9 20:10:1] WSARecv : 624
[2021-6-9 20:10:1] WSARecv : 624
[2021-6-9 20:10:1] WSARecv : 624
[2021-6-9 20:10:1] WSARecv : 624
[2021-6-9 20:10:1] WSARecv : 624
[2021-6-9 20:10:1] WSARecv : 624
[2021-6-9 20:10:1] WSARecv : 624
[2021-6-9 20:10:1] WSARecv : 624
[2021-6-9 20:10:1] WSARecv : 624
[2021-6-9 20:10:1] WSARecv : 624
[2021-6-9 20:10:1] WSARecv : 624
[2021-6-9 20:10:1] WSARecv : 624
[2021-6-9 20:10:1] WSARecv : 624
[2021-6-9 20:10:1] WSARecv : 624
[2021-6-9 20:10:1] WSARecv : 624
[2021-6-9 20:10:1] WSARecv : 624
[2021-6-9 20:10:1] WSARecv : 624
[2021-6-9 20:10:1] WSARecv : 624
[2021-6-9 20:10:1] WSARecv : 624
[2021-6-9 20:10:1] WSARecv : 624
[2021-6-9 20:10:1] WSARecv : 624
[2021-6-9 20:10:1] WSARecv : 624
[2021-6-9 20:10:1] WSARecv : 624
[2021-6-9 20:10:1] WSARecv : 624
[2021-6-9 20:10:1] WSARecv : 624
[2021-6-9 20:10:1] WSARecv : 624
[2021-6-9 20:10:1] WSARecv : 624
[2021-6-9 20:10:1] WSARecv : 624
[2021-6-9 20:10:1] WSARecv : 624
[2021-6-9 20:10:1] WSARecv : 624
[2021-6-9 20:10:1] WSARecv : 624
[2021-6-9 20:10:1] WSARecv : 624
[2021-6-9 20:10:1] WSARecv : 624
[2021-6-9 20:10:1] WSARecv : 624
[2021-6-9 20:10:1] WSARecv : 624
[2021-6-9 20:10:1] WSARecv : 624
[2021-6-9 20:10:1] WSARecv : 624
[2021-6-9 20:10:1] WSARecv : 624
[2021-6-9 20:10:1] WSARecv : 624
[2021-6-9 20:10:1] WSARecv : 624
[2021-6-9 20:10:1] WSARecv : 624
[2021-6-9 20:10:1] WSARecv : 624
[2021-6-9 20:10:1] WSARecv : 624
[2021-6-9 20:10:1] WSARecv : 624
[2021-6-9 20:10:1] WSARecv : 624
[2021-6-9 20:10:1] WSARecv : 624
[2021-6-9 20:10:1] WSARecv : 624
[2021-6-9 20:10:1] WSARecv : 624
[2021-6-9 20:10:1] WSARecv : 624
[2021-6-9 20:10:1] WSARecv : 624
[2021-6-9 20:10:1] WSARecv : 624
[2021-6-9 20:10:1] WSARecv : 624
[2021-6-9 20:10:1] WSARecv : 624
[2021-6-9 20:10:1] WSARecv : 624
[2021-6-9 20:10:1] WSARecv : 624
[2021-6-9 20:10:1] WSARecv : 624
[2021-6-9 20:10:1] WSARecv : 624
[2021-6-9 20:10:1] WSARecv : 624
[2021-6-9 20:10:1] WSARecv : 624
[2021-6-9 20:10:1] WSARecv : 624
[2021-6-9 20:10:1] WSARecv : 624
[2021-6-9 20:10:1] WSARecv : 624
[2021-6-9 20:10:1] WSARecv : 624
[2021-6-9 20:10:1] WSARecv : 624
[2021-6-9 20:10:2] WSARecv : 616
[2021-6-9 20:10:2] WSARecv : 616
[2021-6-9 20:10:2] WSARecv : 616
[2021-6-9 20:10:2] WSARecv : 616
[2021-6-9 20:10:2] WSARecv : 616
[2021-6-9 20:10:2] WSARecv : 616
[2021-6-9 20:10:2] WSARecv : 616
[2021-6-9 20:10:2] WSARecv : 616
[2021-6-9 20:10:2] WSARecv : 616
[2021-6-9 20:10:2] WSARecv : 616
[2021-6-9 20:10:2] WSARecv : 616
[2021-6-9 20:10:2] WSARecv : 616
[2021-6-9 20:10:2] WSARecv : 616
[2021-6-9 20:10:2] WSARecv : 616
[2021-6-9 20:10:2] WSARecv : 616
[2021-6-9 20:10:2] WSARecv : 616
[2021-6-9 20:10:2] WSARecv : 616
[2021-6-9 20:10:2] WSARecv : 616
[2021-6-9 20:10:2] WSARecv : 616
[2021-6-9 20:10:2] WSARecv : 616
[2021-6-9 20:10:2] WSARecv : 616
[2021-6-9 20:10:2] WSARecv : 616
[2021-6-9 20:10:2] WSARecv : 616
[2021-6-9 20:10:2] WSARecv : 616
[2021-6-9 20:10:2] WSARecv : 616
[2021-6-9 20:10:2] WSARecv : 616
[2021-6-9 20:10:2] WSARecv : 616
[2021-6-9 20:10:2] WSARecv : 616
[2021-6-9 20:10:2] WSARecv : 616
[2021-6-9 20:10:2] WSARecv : 616
[2021-6-9 20:10:2] WSARecv : 616
[2021-6-9 20:10:2] WSARecv : 616
[2021-6-9 20:10:2] WSARecv : 616
[2021-6-9 20:10:2] WSARecv : 616
[2021-6-9 20:10:2] WSARecv : 616
[2021-6-9 20:10:2] WSARecv : 616
[2021-6-9 20:10:2] WSARecv : 616
[2021-6-9 20:10:2] WSARecv : 616
[2021-6-9 20:10:2] WSARecv : 616
[2021-6-9 20:10:2] WSARecv : 616
[2021-6-9 20:10:2] WSARecv : 616
[2021-6-9 20:10:2] WSARecv : 616
[2021-6-9 20:10:2] WSARecv : 616
[2021-6-9 20:10:2] WSARecv : 616
[2021-6-9 20:10:2] WSARecv : 616
[2021-6-9 20:10:2] WSARecv : 616
[2021-6-9 20:10:2] WSARecv : 616
[2021-6-9 20:10:2] WSARecv : 616
[2021-6-9 20:10:2] WSARecv : 616
[2021-6-9 20:10:2] WSARecv : 616
[2021-6-9 20:10:2] WSARecv : 616
[2021-6-9 20:10:2] WSARecv : 616
[2021-6-9 20:10:2] WSARecv : 616
[2021-6-9 20:10:2] WSARecv : 616
[2021-6-9 20:10:2] WSARecv : 616
[2021-6-9 20:10:2] WSARecv : 616
[2021-6-9 20:10:2] WSARecv : 616
[2021-6-9 20:10:2] WSARecv : 616
[2021-6-9 20:10:2] WSARecv : 616
[2021-6-9 20:10:2] WSARecv : 616
[2021-6-9 20:10:2] WSARecv : 616
[2021-6-9 20:10:2] WSARecv : 616
[2021-6-9 20:10:2] WSARecv : 616
[2021-6-9 20:10:2] WSARecv : 616
[2021-6-9 20:10:2] WSARecv : 616
[2021-6-9 20:10:2] WSARecv : 616
[2021-6-9 20:10:2] WSARecv : 616
[2021-6-9 20:10:2] WSARecv : 616
[2021-6-9 20:10:2] WSARecv : 616
[2021-6-9 20:10:2] WSARecv : 616
[2021-6-9 20:10:2] WSARecv : 616
[2021-6-9 20:10:2] WSARecv : 616
[2021-6-9 20:10:3] WSARecv : 616
[2021-6-9 20:10:3] WSARecv : 616
[2021-6-9 20:10:3] WSARecv : 616
[2021-6-9 20:10:3] WSARecv : 616
[2021-6-9 20:10:3] WSARecv : 616
[2021-6-9 20:10:3] WSARecv : 616
[2021-6-9 20:10:3] WSARecv : 616
[2021-6-9 20:10:3] WSARecv : 616
[2021-6-9 20:10:3] WSARecv : 616
[2021-6-9 20:10:3] WSARecv : 616
[2021-6-9 20:10:3] WSARecv : 616
[2021-6-9 20:10:3] WSARecv : 616
[2021-6-9 20:10:3] WSARecv : 616
[2021-6-9 20:10:3] WSARecv : 616
[2021-6-9 20:10:3] WSARecv : 616
[2021-6-9 20:10:3] WSARecv : 616
[2021-6-9 20:10:3] WSARecv : 616
[2021-6-9 20:10:3] WSARecv : 616
[2021-6-9 20:10:3] WSARecv : 616
[2021-6-9 20:10:3] WSARecv : 616
[2021-6-9 20:10:3] WSARecv : 616
[2021-6-9 20:10:3] WSARecv : 616
[2021-6-9 20:10:3] WSARecv : 616
[2021-6-9 20:10:3] WSARecv : 616
[2021-6-9 20:10:3] WSARecv : 616
[2021-6-9 20:10:3] WSARecv : 616
[2021-6-9 20:10:3] WSARecv : 616
[2021-6-9 20:10:3] WSARecv : 616
[2021-6-9 20:10:3] WSARecv : 616
[2021-6-9 20:10:3] WSARecv : 616
[2021-6-9 20:10:3] WSARecv : 616
[2021-6-9 20:10:3] WSARecv : 616
[2021-6-9 20:10:3] WSARecv : 616
[2021-6-9 20:10:3] WSARecv : 616
[2021-6-9 20:10:3] WSARecv : 616
[2021-6-9 20:10:3] WSARecv : 616
[2021-6-9 20:10:3] WSARecv : 616
[2021-6-9 20:10:3] WSARecv : 616
[2021-6-9 20:10:3] WSARecv : 616
[2021-6-9 20:10:3] WSARecv : 616
[2021-6-9 20:10:3] WSARecv : 616
[2021-6-9 20:10:3] WSARecv : 616
[2021-6-9 20:10:3] WSARecv : 616
[2021-6-9 20:10:3] WSARecv : 616
[2021-6-9 20:10:3] WSARecv : 616
[2021-6-9 20:10:3] WSARecv : 616
[2021-6-9 20:10:3] WSARecv : 616
[2021-6-9 20:10:3] WSARecv : 616
[2021-6-9 20:10:3] WSARecv : 616
[2021-6-9 20:10:3] WSARecv : 616
[2021-6-9 20:10:3] WSARecv : 616
[2021-6-9 20:10:3] WSARecv : 616
[2021-6-9 20:10:3] WSARecv : 616
[2021-6-9 20:10:3] WSARecv : 616
[2021-6-9 20:10:3] WSARecv : 616
[2021-6-9 20:10:3] WSARecv : 616
[2021-6-9 20:10:3] WSARecv : 616
[2021-6-9 20:10:3] WSARecv : 616
[2021-6-9 20:10:3] WSARecv : 616
[2021-6-9 20:10:3] WSARecv : 616
[2021-6-9 20:10:3] WSARecv : 616
[2021-6-9 20:10:3] WSARecv : 616
[2021-6-9 20:10:3] WSARecv : 616
[2021-6-9 20:10:3] WSARecv : 616
[2021-6-9 20:10:3] WSARecv : 616
[2021-6-9 20:10:3] WSARecv : 616
[2021-6-9 20:10:3] WSARecv : 616
[2021-6-9 20:10:3] WSARecv : 616
[2021-6-9 20:10:3] WSARecv : 616
[2021-6-9 20:10:3] WSARecv : 616
[2021-6-9 20:10:3] WSARecv : 616
[2021-6-9 20:10:3] WSARecv : 616
[2021-6-9 20:10:3] WSARecv : 616
[2021-6-9 20:10:3] WSARecv : 616
[2021-6-9 20:10:3] WSARecv : 616
[2021-6-9 20:10:3] WSARecv : 616
[2021-6-9 20:10:3] WSARecv : 616
[2021-6-9 20:10:3] WSARecv : 616
[2021-6-9 20:10:3] WSARecv : 616
[2021-6-9 20:10:3] WSARecv : 616
[2021-6-9 20:10:3] WSARecv : 616
[2021-6-9 20:10:3] WSARecv : 616
[2021-6-9 20:10:3] WSARecv : 616
[2021-6-9 20:10:3] WSARecv : 616
[2021-6-9 20:10:3] WSARecv : 616
[2021-6-9 20:10:3] WSARecv : 616
[2021-6-9 20:10:3] WSARecv : 616
[2021-6-9 20:10:3] WSARecv : 616
[2021-6-9 20:10:3] WSARecv : 616
[2021-6-9 20:10:3] WSARecv : 616
[2021-6-9 20:10:3] WSARecv : 616
[2021-6-9 20:10:3] WSARecv : 616
[2021-6-9 20:10:3] WSARecv : 616
[2021-6-9 20:10:3] WSARecv : 616
[2021-6-9 20:10:3] WSARecv : 616
[2021-6-9 20:10:3] WSARecv : 616
[2021-6-9 20:10:3] WSARecv : 616
[2021-6-9 20:10:3] WSARecv : 616
[2021-6-9 20:10:3] WSARecv : 616
[2021-6-9 20:10:3] WSARecv : 616
[2021-6-9 20:10:3] WSARecv : 616
[2021-6-9 20:10:3] WSARecv : 616
[2021-6-9 20:10:3] WSARecv : 616
[2021-6-9 20:10:4] WSARecv : 616
[2021-6-9 20:10:4] WSARecv : 616
[2021-6-9 20:10:4] WSARecv : 616
[2021-6-9 20:10:4] WSARecv : 616
[2021-6-9 20:10:4] WSARecv : 616
[2021-6-9 20:10:4] WSARecv : 616
[2021-6-9 20:10:4] WSARecv : 616
[2021-6-9 20:10:4] WSARecv : 616
[2021-6-9 20:10:4] WSARecv : 616
[2021-6-9 20:10:4] WSARecv : 616
[2021-6-9 20:10:4] WSARecv : 616
[2021-6-9 20:10:4] WSARecv : 616
[2021-6-9 20:10:4] WSARecv : 616
[2021-6-9 20:10:4] WSARecv : 616
[2021-6-9 20:10:4] WSARecv : 616
[2021-6-9 20:10:4] WSARecv : 616
[2021-6-9 20:10:4] WSARecv : 616
[2021-6-9 20:10:4] WSARecv : 616
[2021-6-9 20:10:4] WSARecv : 616
[2021-6-9 20:10:4] WSARecv : 616
[2021-6-9 20:10:4] WSARecv : 616
[2021-6-9 20:10:4] WSARecv : 616
[2021-6-9 20:10:4] WSARecv : 616
[2021-6-9 20:10:4] WSARecv : 616
[2021-6-9 20:10:4] WSARecv : 616
[2021-6-9 20:10:4] WSARecv : 616
[2021-6-9 20:10:4] WSARecv : 616
[2021-6-9 20:10:4] WSARecv : 616
[2021-6-9 20:10:4] WSARecv : 616
[2021-6-9 20:10:4] WSARecv : 616
[2021-6-9 20:10:4] WSARecv : 616
[2021-6-9 20:10:4] WSARecv : 616
[2021-6-9 20:10:4] WSARecv : 624
[2021-6-9 20:10:4] WSARecv : 624
[2021-6-9 20:10:4] WSARecv : 624
[2021-6-9 20:10:4] WSARecv : 624
[2021-6-9 20:10:5] WSARecv : 624
[2021-6-9 20:10:5] WSARecv : 624
[2021-6-9 20:10:5] WSARecv : 624
[2021-6-9 20:10:5] WSARecv : 624
[2021-6-9 20:10:5] WSARecv : 624
[2021-6-9 20:10:5] WSARecv : 624
[2021-6-9 20:10:5] WSARecv : 624
[2021-6-9 20:10:5] WSARecv : 624
[2021-6-9 20:10:5] WSARecv : 624
[2021-6-9 20:10:5] WSARecv : 624
[2021-6-9 20:10:5] WSARecv : 624
[2021-6-9 20:10:5] WSARecv : 624
[2021-6-9 20:10:5] WSARecv : 624
[2021-6-9 20:10:5] WSARecv : 624
[2021-6-9 20:10:5] WSARecv : 624
[2021-6-9 20:10:5] WSARecv : 624
[2021-6-9 20:10:5] WSARecv : 624
[2021-6-9 20:10:5] WSARecv : 624
[2021-6-9 20:10:5] WSARecv : 624
[2021-6-9 20:10:5] WSARecv : 624
[2021-6-9 20:10:5] WSARecv : 624
[2021-6-9 20:10:5] WSARecv : 624
[2021-6-9 20:10:5] WSARecv : 624
[2021-6-9 20:10:5] WSARecv : 624
[2021-6-9 20:10:5] WSARecv : 624
[2021-6-9 20:10:5] WSARecv : 624
[2021-6-9 20:10:5] WSARecv : 624
[2021-6-9 20:10:5] WSARecv : 624
[2021-6-9 20:10:5] WSARecv : 624
[2021-6-9 20:10:5] WSARecv : 624
[2021-6-9 20:10:5] WSARecv : 624
[2021-6-9 20:10:5] WSARecv : 624
[2021-6-9 20:10:5] WSARecv : 624
[2021-6-9 20:10:5] WSARecv : 624
[2021-6-9 20:10:5] WSARecv : 624
[2021-6-9 20:10:5] WSARecv : 624
[2021-6-9 20:10:5] WSARecv : 624
[2021-6-9 20:10:5] WSARecv : 624
[2021-6-9 20:10:5] WSARecv : 624
[2021-6-9 20:10:5] WSARecv : 624
[2021-6-9 20:10:5] WSARecv : 624
[2021-6-9 20:10:5] WSARecv : 624
[2021-6-9 20:10:5] WSARecv : 624
[2021-6-9 20:10:5] WSARecv : 624
[2021-6-9 20:10:5] WSARecv : 624
[2021-6-9 20:10:5] WSARecv : 624
[2021-6-9 20:10:5] WSARecv : 624
[2021-6-9 20:10:5] WSARecv : 624
[2021-6-9 20:10:5] WSARecv : 624
[2021-6-9 20:10:5] WSARecv : 624
[2021-6-9 20:10:5] WSARecv : 624
[2021-6-9 20:10:5] WSARecv : 624
[2021-6-9 20:10:5] WSARecv : 624
[2021-6-9 20:10:5] WSARecv : 624
[2021-6-9 20:10:5] WSARecv : 624
[2021-6-9 20:10:5] WSARecv : 624
[2021-6-9 20:10:5] WSARecv : 624
[2021-6-9 20:10:5] WSARecv : 624
[2021-6-9 20:10:5] WSARecv : 624
[2021-6-9 20:10:5] WSARecv : 624
[2021-6-9 20:10:5] WSARecv : 624
[2021-6-9 20:10:5] WSARecv : 624
[2021-6-9 20:10:5] WSARecv : 624
[2021-6-9 20:10:5] WSARecv : 624
[2021-6-9 20:10:5] WSARecv : 624
[2021-6-9 20:10:5] WSARecv : 624
[2021-6-9 20:10:5] WSARecv : 624
[2021-6-9 20:10:5] WSARecv : 624
[2021-6-9 20:10:5] WSARecv : 624
[2021-6-9 20:10:5] WSARecv : 624
[2021-6-9 20:10:5] WSARecv : 624
[2021-6-9 20:10:5] WSARecv : 624
[2021-6-9 20:10:5] WSARecv : 624
[2021-6-9 20:10:5] WSARecv : 624
[2021-6-9 20:10:5] WSARecv : 624
[2021-6-9 20:10:5] WSARecv : 624
[2021-6-9 20:10:5] WSARecv : 624
[2021-6-9 20:10:5] WSARecv : 624
[2021-6-9 20:10:5] WSARecv : 624
[2021-6-9 20:10:5] WSARecv : 624
[2021-6-9 20:10:5] WSARecv : 624
[2021-6-9 20:10:5] WSARecv : 624
[2021-6-9 20:10:5] WSARecv : 624
[2021-6-9 20:10:5] WSARecv : 624
[2021-6-9 20:10:5] WSARecv : 624
[2021-6-9 20:10:5] WSARecv : 624
[2021-6-9 20:10:5] WSARecv : 624
[2021-6-9 20:10:5] WSARecv : 624
[2021-6-9 20:10:5] WSARecv : 624
[2021-6-9 20:10:5] WSARecv : 624
[2021-6-9 20:10:5] WSARecv : 624
[2021-6-9 20:10:5] WSARecv : 624
[2021-6-9 20:10:6] WSARecv : 624
[2021-6-9 20:10:6] WSARecv : 624
[2021-6-9 20:10:6] WSARecv : 624
[2021-6-9 20:10:6] WSARecv : 624
[2021-6-9 20:10:6] WSARecv : 624
[2021-6-9 20:10:6] WSARecv : 624
[2021-6-9 20:10:6] WSARecv : 624
[2021-6-9 20:10:6] WSARecv : 624
[2021-6-9 20:10:6] WSARecv : 624
[2021-6-9 20:10:6] WSARecv : 624
[2021-6-9 20:10:6] WSARecv : 624
[2021-6-9 20:10:6] WSARecv : 624
[2021-6-9 20:10:6] WSARecv : 624
[2021-6-9 20:10:6] WSARecv : 624
[2021-6-9 20:10:6] WSARecv : 624
[2021-6-9 20:10:6] WSARecv : 624
[2021-6-9 20:10:6] WSARecv : 624
[2021-6-9 20:10:6] WSARecv : 624
[2021-6-9 20:10:6] WSARecv : 624
[2021-6-9 20:10:6] WSARecv : 624
[2021-6-9 20:10:6] WSARecv : 624
[2021-6-9 20:10:6] WSARecv : 624
[2021-6-9 20:10:6] WSARecv : 624
[2021-6-9 20:10:6] WSARecv : 624
[2021-6-9 20:10:6] WSARecv : 624
[2021-6-9 20:10:6] WSARecv : 624
[2021-6-9 20:10:6] WSARecv : 624
[2021-6-9 20:10:6] WSARecv : 624
[2021-6-9 20:10:6] WSARecv : 624
[2021-6-9 20:10:6] WSARecv : 624
[2021-6-9 20:10:6] WSARecv : 624
[2021-6-9 20:10:6] WSARecv : 624
[2021-6-9 20:10:6] WSARecv : 624
[2021-6-9 20:10:6] WSARecv : 624
[2021-6-9 20:10:6] WSARecv : 624
[2021-6-9 20:10:6] WSARecv : 624
[2021-6-9 20:10:6] WSARecv : 624
[2021-6-9 20:10:6] WSARecv : 624
[2021-6-9 20:10:6] WSARecv : 624
[2021-6-9 20:10:6] WSARecv : 624
[2021-6-9 20:10:6] WSARecv : 624
[2021-6-9 20:10:6] WSARecv : 624
[2021-6-9 20:10:6] WSARecv : 624
[2021-6-9 20:10:6] WSARecv : 624
[2021-6-9 20:10:6] WSARecv : 624
[2021-6-9 20:10:6] WSARecv : 624
[2021-6-9 20:10:6] WSARecv : 624
[2021-6-9 20:10:6] WSARecv : 624
[2021-6-9 20:10:6] WSARecv : 624
[2021-6-9 20:10:6] WSARecv : 624
[2021-6-9 20:10:6] WSARecv : 624
[2021-6-9 20:10:6] WSARecv : 624
[2021-6-9 20:10:6] WSARecv : 624
[2021-6-9 20:10:6] WSARecv : 624
[2021-6-9 20:10:6] WSARecv : 624
[2021-6-9 20:10:6] WSARecv : 624
[2021-6-9 20:10:6] WSARecv : 624
[2021-6-9 20:10:6] WSARecv : 624
[2021-6-9 20:10:6] WSARecv : 624
[2021-6-9 20:10:6] WSARecv : 624
[2021-6-9 20:10:6] WSARecv : 624
[2021-6-9 20:10:6] WSARecv : 624
[2021-6-9 20:10:6] WSARecv : 624
[2021-6-9 20:10:6] WSARecv : 624
[2021-6-9 20:10:6] WSARecv : 624
[2021-6-9 20:10:6] WSARecv : 624
[2021-6-9 20:10:6] WSARecv : 624
[2021-6-9 20:10:6] WSARecv : 624
[2021-6-9 20:10:6] WSARecv : 624
[2021-6-9 20:10:6] WSARecv : 624
[2021-6-9 20:10:6] WSARecv : 624
[2021-6-9 20:10:6] WSARecv : 624
[2021-6-9 20:10:6] WSARecv : 624
[2021-6-9 20:10:6] WSARecv : 624
[2021-6-9 20:10:6] WSARecv : 624
[2021-6-9 20:10:6] WSARecv : 624
[2021-6-9 20:10:6] WSARecv : 624
[2021-6-9 20:10:6] WSARecv : 624
[2021-6-9 20:10:6] WSARecv : 624
[2021-6-9 20:10:6] WSARecv : 624
[2021-6-9 20:10:6] WSARecv : 624
[2021-6-9 20:10:6] WSARecv : 624
[2021-6-9 20:10:6] WSARecv : 624
[2021-6-9 20:10:6] WSARecv : 624
[2021-6-9 20:10:6] WSARecv : 624
[2021-6-9 20:10:6] WSARecv : 624
[2021-6-9 20:10:6] WSARecv : 624
[2021-6-9 20:10:6] WSARecv : 624
[2021-6-9 20:10:6] WSARecv : 624
[2021-6-9 20:10:6] WSARecv : 624
[2021-6-9 20:10:6] WSARecv : 624
[2021-6-9 20:10:6] WSARecv : 624
[2021-6-9 20:10:7] WSARecv : 624
[2021-6-9 20:10:7] WSARecv : 624
[2021-6-9 20:10:7] WSARecv : 624
[2021-6-9 20:10:7] WSARecv : 624
[2021-6-9 20:10:7] WSARecv : 624
[2021-6-9 20:10:7] WSARecv : 624
[2021-6-9 20:10:7] WSARecv : 624
[2021-6-9 20:10:7] WSARecv : 624
[2021-6-9 20:10:7] WSARecv : 624
[2021-6-9 20:10:7] WSARecv : 624
[2021-6-9 20:10:7] WSARecv : 624
[2021-6-9 20:10:7] WSARecv : 624
[2021-6-9 20:10:7] WSARecv : 624
[2021-6-9 20:10:7] WSARecv : 624
[2021-6-9 20:10:7] WSARecv : 624
[2021-6-9 20:10:7] WSARecv : 624
[2021-6-9 20:10:7] WSARecv : 624
[2021-6-9 20:10:7] WSARecv : 616
[2021-6-9 20:10:7] WSARecv : 616
[2021-6-9 20:10:7] WSARecv : 616
[2021-6-9 20:10:7] WSARecv : 616
[2021-6-9 20:10:7] WSARecv : 616
[2021-6-9 20:10:7] WSARecv : 616
[2021-6-9 20:10:7] WSARecv : 616
[2021-6-9 20:10:7] WSARecv : 616
[2021-6-9 20:10:7] WSARecv : 616
[2021-6-9 20:10:7] WSARecv : 616
[2021-6-9 20:10:7] WSARecv : 616
[2021-6-9 20:10:7] WSARecv : 616
[2021-6-9 20:10:7] WSARecv : 616
[2021-6-9 20:10:7] WSARecv : 616
[2021-6-9 20:10:7] WSARecv : 616
[2021-6-9 20:10:7] WSARecv : 616
[2021-6-9 20:10:7] WSARecv : 616
[2021-6-9 20:10:7] WSARecv : 616
[2021-6-9 20:10:7] WSARecv : 616
[2021-6-9 20:10:7] WSARecv : 616
[2021-6-9 20:10:7] WSARecv : 616
[2021-6-9 20:10:7] WSARecv : 616
[2021-6-9 20:10:7] WSARecv : 616
[2021-6-9 20:10:7] WSARecv : 616
[2021-6-9 20:10:7] WSARecv : 616
[2021-6-9 20:10:7] WSARecv : 616
[2021-6-9 20:10:7] WSARecv : 616
[2021-6-9 20:10:7] WSARecv : 616
[2021-6-9 20:10:7] WSARecv : 616
[2021-6-9 20:10:7] WSARecv : 616
[2021-6-9 20:10:7] WSARecv : 616
[2021-6-9 20:10:7] WSARecv : 616
[2021-6-9 20:10:7] WSARecv : 616
[2021-6-9 20:10:7] WSARecv : 616
[2021-6-9 20:10:7] WSARecv : 616
[2021-6-9 20:10:7] WSARecv : 616
[2021-6-9 20:10:7] WSARecv : 616
[2021-6-9 20:10:7] WSARecv : 616
[2021-6-9 20:10:7] WSARecv : 616
[2021-6-9 20:10:7] WSARecv : 616
[2021-6-9 20:10:7] WSARecv : 616
[2021-6-9 20:10:7] WSARecv : 616
[2021-6-9 20:10:7] WSARecv : 616
[2021-6-9 20:10:7] WSARecv : 616
[2021-6-9 20:10:7] WSARecv : 616
[2021-6-9 20:10:7] WSARecv : 616
[2021-6-9 20:10:7] WSARecv : 616
[2021-6-9 20:10:7] WSARecv : 616
[2021-6-9 20:10:7] WSARecv : 616
[2021-6-9 20:10:7] WSARecv : 616
[2021-6-9 20:10:7] WSARecv : 616
[2021-6-9 20:10:7] WSARecv : 616
[2021-6-9 20:10:7] WSARecv : 616
[2021-6-9 20:10:8] WSARecv : 616
[2021-6-9 20:10:8] WSARecv : 616
[2021-6-9 20:10:8] WSARecv : 616
[2021-6-9 20:10:8] WSARecv : 616
[2021-6-9 20:10:8] WSARecv : 616
[2021-6-9 20:10:8] WSARecv : 616
[2021-6-9 20:10:8] WSARecv : 616
[2021-6-9 20:10:8] WSARecv : 616
[2021-6-9 20:10:8] WSARecv : 616
[2021-6-9 20:10:8] WSARecv : 616
[2021-6-9 20:10:8] WSARecv : 616
[2021-6-9 20:10:8] WSARecv : 616
[2021-6-9 20:10:8] WSARecv : 616
[2021-6-9 20:10:8] WSARecv : 616
[2021-6-9 20:10:8] WSARecv : 616
[2021-6-9 20:10:8] WSARecv : 616
[2021-6-9 20:10:8] WSARecv : 616
[2021-6-9 20:10:8] WSARecv : 616
[2021-6-9 20:10:8] WSARecv : 616
[2021-6-9 20:10:8] WSARecv : 616
[2021-6-9 20:10:8] WSARecv : 616
[2021-6-9 20:10:8] WSARecv : 616
[2021-6-9 20:10:8] WSARecv : 616
[2021-6-9 20:10:8] WSARecv : 616
[2021-6-9 20:10:8] WSARecv : 616
[2021-6-9 20:10:8] WSARecv : 616
[2021-6-9 20:10:8] WSARecv : 616
[2021-6-9 20:10:8] WSARecv : 616
[2021-6-9 20:10:8] WSARecv : 616
[2021-6-9 20:10:8] WSARecv : 616
[2021-6-9 20:10:8] WSARecv : 616
[2021-6-9 20:10:8] WSARecv : 616
[2021-6-9 20:10:8] WSARecv : 616
[2021-6-9 20:10:8] WSARecv : 616
[2021-6-9 20:10:8] WSARecv : 616
[2021-6-9 20:10:8] WSARecv : 616
[2021-6-9 20:10:8] WSARecv : 616
[2021-6-9 20:10:8] WSARecv : 616
[2021-6-9 20:10:8] WSARecv : 616
[2021-6-9 20:10:8] WSARecv : 616
[2021-6-9 20:10:8] WSARecv : 616
[2021-6-9 20:10:8] WSARecv : 616
[2021-6-9 20:10:8] WSARecv : 616
[2021-6-9 20:10:8] WSARecv : 616
[2021-6-9 20:10:8] WSARecv : 616
[2021-6-9 20:10:8] WSARecv : 616
[2021-6-9 20:10:8] WSARecv : 616
[2021-6-9 20:10:8] WSARecv : 616
[2021-6-9 20:10:8] WSARecv : 616
[2021-6-9 20:10:8] WSARecv : 616
[2021-6-9 20:10:8] WSARecv : 616
[2021-6-9 20:10:8] WSARecv : 616
[2021-6-9 20:10:8] WSARecv : 616
[2021-6-9 20:10:8] WSARecv : 616
[2021-6-9 20:10:8] WSARecv : 616
[2021-6-9 20:10:8] WSARecv : 616
[2021-6-9 20:10:8] WSARecv : 616
[2021-6-9 20:10:8] WSARecv : 616
[2021-6-9 20:10:8] WSARecv : 616
[2021-6-9 20:10:8] WSARecv : 616
[2021-6-9 20:10:8] WSARecv : 616
[2021-6-9 20:10:8] WSARecv : 616
[2021-6-9 20:10:8] WSARecv : 616
[2021-6-9 20:10:8] WSARecv : 616
[2021-6-9 20:10:8] WSARecv : 616
[2021-6-9 20:10:8] WSARecv : 616
[2021-6-9 20:10:8] WSARecv : 616
[2021-6-9 20:10:8] WSARecv : 616
[2021-6-9 20:10:8] WSARecv : 616
[2021-6-9 20:10:8] WSARecv : 616
[2021-6-9 20:10:8] WSARecv : 616
[2021-6-9 20:10:8] WSARecv : 616
[2021-6-9 20:10:8] WSARecv : 616
[2021-6-9 20:10:8] WSARecv : 616
[2021-6-9 20:10:8] WSARecv : 616
[2021-6-9 20:10:8] WSARecv : 616
[2021-6-9 20:10:8] WSARecv : 616
[2021-6-9 20:10:8] WSARecv : 616
[2021-6-9 20:10:8] WSARecv : 616
[2021-6-9 20:10:8] WSARecv : 616
[2021-6-9 20:10:8] WSARecv : 616
[2021-6-9 20:10:8] WSARecv : 616
[2021-6-9 20:10:8] WSARecv : 616
[2021-6-9 20:10:8] WSARecv : 616
[2021-6-9 20:10:8] WSARecv : 616
[2021-6-9 20:10:8] WSARecv : 616
[2021-6-9 20:10:8] WSARecv : 616
[2021-6-9 20:10:8] WSARecv : 616
[2021-6-9 20:10:8] WSARecv : 616
[2021-6-9 20:10:8] WSARecv : 616
[2021-6-9 20:10:8] WSARecv : 616
[2021-6-9 20:10:8] WSARecv : 616
[2021-6-9 20:10:8] WSARecv : 616
[2021-6-9 20:10:8] WSARecv : 616
[2021-6-9 20:10:8] WSARecv : 616
[2021-6-9 20:10:8] WSARecv : 616
[2021-6-9 20:10:8] WSARecv : 616
[2021-6-9 20:10:8] WSARecv : 616
[2021-6-9 20:10:8] WSARecv : 616
[2021-6-9 20:10:8] WSARecv : 616
[2021-6-9 20:10:8] WSARecv : 616
[2021-6-9 20:10:8] WSARecv : 616
[2021-6-9 20:10:8] WSARecv : 616
[2021-6-9 20:10:8] WSARecv : 616
[2021-6-9 20:10:8] WSARecv : 616
[2021-6-9 20:10:8] WSARecv : 616
[2021-6-9 20:10:8] WSARecv : 616
[2021-6-9 20:10:8] WSARecv : 616
[2021-6-9 20:10:8] WSARecv : 616
[2021-6-9 20:10:8] WSARecv : 616
[2021-6-9 20:10:9] WSARecv : 616
[2021-6-9 20:10:9] WSARecv : 616
[2021-6-9 20:10:9] WSARecv : 616
[2021-6-9 20:10:9] WSARecv : 616
[2021-6-9 20:10:9] WSARecv : 616
[2021-6-9 20:10:9] WSARecv : 616
[2021-6-9 20:10:9] WSARecv : 616
[2021-6-9 20:10:9] WSARecv : 616
[2021-6-9 20:10:9] WSARecv : 616
[2021-6-9 20:10:9] WSARecv : 616
[2021-6-9 20:10:9] WSARecv : 616
[2021-6-9 20:10:9] WSARecv : 616
[2021-6-9 20:10:9] WSARecv : 616
[2021-6-9 20:10:9] WSARecv : 616
[2021-6-9 20:10:9] WSARecv : 616
[2021-6-9 20:10:9] WSARecv : 616
[2021-6-9 20:10:9] WSARecv : 616
[2021-6-9 20:10:9] WSARecv : 616
[2021-6-9 20:10:9] WSARecv : 616
[2021-6-9 20:10:9] WSARecv : 616
[2021-6-9 20:10:9] WSARecv : 616
[2021-6-9 20:10:9] WSARecv : 616
[2021-6-9 20:10:9] WSARecv : 616
[2021-6-9 20:10:9] WSARecv : 616
[2021-6-9 20:10:9] WSARecv : 616
[2021-6-9 20:10:9] WSARecv : 616
[2021-6-9 20:10:9] WSARecv : 616
[2021-6-9 20:10:9] WSARecv : 616
[2021-6-9 20:10:9] WSARecv : 616
[2021-6-9 20:10:9] WSARecv : 616
[2021-6-9 20:10:9] WSARecv : 616
[2021-6-9 20:10:9] WSARecv : 616
[2021-6-9 20:10:9] WSARecv : 616
[2021-6-9 20:10:9] WSARecv : 616
[2021-6-9 20:10:9] WSARecv : 616
[2021-6-9 20:10:9] WSARecv : 616
[2021-6-9 20:10:9] WSARecv : 616
[2021-6-9 20:10:9] WSARecv : 616
[2021-6-9 20:10:9] WSARecv : 616
[2021-6-9 20:10:9] WSARecv : 616
[2021-6-9 20:10:9] WSARecv : 616
[2021-6-9 20:10:9] WSARecv : 616
[2021-6-9 20:10:9] WSARecv : 616
[2021-6-9 20:10:9] WSARecv : 616
[2021-6-9 20:10:9] WSARecv : 616
[2021-6-9 20:10:9] WSARecv : 616
[2021-6-9 20:10:9] WSARecv : 616
[2021-6-9 20:10:9] WSARecv : 616
[2021-6-9 20:10:9] WSARecv : 616
[2021-6-9 20:10:9] WSARecv : 616
[2021-6-9 20:10:9] WSARecv : 616
[2021-6-9 20:10:9] WSARecv : 616
[2021-6-9 20:10:9] WSARecv : 616
[2021-6-9 20:10:9] WSARecv : 616
[2021-6-9 20:10:9] WSARecv : 616
[2021-6-9 20:10:9] WSARecv : 616
[2021-6-9 20:10:9] WSARecv : 616
[2021-6-9 20:10:9] WSARecv : 616
[2021-6-9 20:10:9] WSARecv : 616
[2021-6-9 20:10:9] WSARecv : 616
[2021-6-9 20:10:9] WSARecv : 616
[2021-6-9 20:10:9] WSARecv : 616
[2021-6-9 20:10:9] WSARecv : 616
[2021-6-9 20:10:9] WSARecv : 616
[2021-6-9 20:10:9] WSARecv : 616
[2021-6-9 20:10:9] WSARecv : 616
[2021-6-9 20:10:9] WSARecv : 616
[2021-6-9 20:10:10] WSARecv : 616
[2021-6-9 20:10:10] WSARecv : 616
[2021-6-9 20:10:10] WSARecv : 616
[2021-6-9 20:10:10] WSARecv : 616
[2021-6-9 20:10:10] WSARecv : 616
[2021-6-9 20:10:10] WSARecv : 616
[2021-6-9 20:10:10] WSARecv : 616
[2021-6-9 20:10:10] WSARecv : 616
[2021-6-9 20:10:10] WSARecv : 616
[2021-6-9 20:10:10] WSARecv : 616
[2021-6-9 20:10:10] WSARecv : 616
[2021-6-9 20:10:10] WSARecv : 616
[2021-6-9 20:10:10] WSARecv : 616
[2021-6-9 20:10:10] WSARecv : 616
[2021-6-9 20:10:10] WSARecv : 616
[2021-6-9 20:10:10] WSARecv : 616
[2021-6-9 20:10:10] WSARecv : 616
[2021-6-9 20:10:10] WSARecv : 616
[2021-6-9 20:10:10] WSARecv : 616
[2021-6-9 20:10:10] WSARecv : 616
[2021-6-9 20:10:10] WSARecv : 616
[2021-6-9 20:10:10] WSARecv : 616
[2021-6-9 20:10:10] WSARecv : 616
[2021-6-9 20:10:10] WSARecv : 616
[2021-6-9 20:10:10] WSARecv : 616
[2021-6-9 20:10:10] WSARecv : 616
[2021-6-9 20:10:10] WSARecv : 616
[2021-6-9 20:10:10] WSARecv : 616
[2021-6-9 20:10:10] WSARecv : 616
[2021-6-9 20:10:10] WSARecv : 616
[2021-6-9 20:10:10] WSARecv : 616
[2021-6-9 20:10:10] WSARecv : 616
[2021-6-9 20:10:10] WSARecv : 616
[2021-6-9 20:10:10] WSARecv : 616
[2021-6-9 20:10:10] WSARecv : 616
[2021-6-9 20:10:10] WSARecv : 616
[2021-6-9 20:10:10] WSARecv : 616
[2021-6-9 20:10:10] WSARecv : 616
[2021-6-9 20:10:10] WSARecv : 616
[2021-6-9 20:10:10] WSARecv : 616
[2021-6-9 20:10:10] WSARecv : 616
[2021-6-9 20:10:10] WSARecv : 616
[2021-6-9 20:10:10] WSARecv : 616
[2021-6-9 20:10:10] WSARecv : 616
[2021-6-9 20:10:10] WSARecv : 616
[2021-6-9 20:10:10] WSARecv : 616
[2021-6-9 20:10:10] WSARecv : 616
[2021-6-9 20:10:10] WSARecv : 616
[2021-6-9 20:10:10] WSARecv : 616
[2021-6-9 20:10:10] WSARecv : 616
[2021-6-9 20:10:10] WSARecv : 616
[2021-6-9 20:10:10] WSARecv : 616
[2021-6-9 20:10:10] WSARecv : 616
[2021-6-9 20:10:10] WSARecv : 616
[2021-6-9 20:10:10] WSARecv : 616
[2021-6-9 20:10:10] WSARecv : 616
[2021-6-9 20:10:10] WSARecv : 616
[2021-6-9 20:10:10] WSARecv : 616
[2021-6-9 20:10:10] WSARecv : 616
[2021-6-9 20:10:10] WSARecv : 616
[2021-6-9 20:10:10] WSARecv : 616
[2021-6-9 20:10:10] WSARecv : 616
[2021-6-9 20:10:10] WSARecv : 616
[2021-6-9 20:10:10] WSARecv : 616
[2021-6-9 20:10:10] WSARecv : 616
[2021-6-9 20:10:10] WSARecv : 616
[2021-6-9 20:10:10] WSARecv : 616
[2021-6-9 20:10:10] WSARecv : 616
[2021-6-9 20:10:10] WSARecv : 616
[2021-6-9 20:10:10] WSARecv : 616
[2021-6-9 20:10:10] WSARecv : 616
[2021-6-9 20:10:10] WSARecv : 616
[2021-6-9 20:10:10] WSARecv : 616
[2021-6-9 20:10:10] WSARecv : 616
[2021-6-9 20:10:10] WSARecv : 616
[2021-6-9 20:10:10] WSARecv : 616
[2021-6-9 20:10:10] WSARecv : 616
[2021-6-9 20:10:10] WSARecv : 616
[2021-6-9 20:10:10] WSARecv : 616
[2021-6-9 20:10:10] WSARecv : 616
[2021-6-9 20:10:10] WSARecv : 616
[2021-6-9 20:10:10] WSARecv : 616
[2021-6-9 20:10:10] WSARecv : 616
[2021-6-9 20:10:10] WSARecv : 616
[2021-6-9 20:10:10] WSARecv : 616
[2021-6-9 20:10:10] WSARecv : 616
[2021-6-9 20:10:10] WSARecv : 616
[2021-6-9 20:10:10] WSARecv : 616
[2021-6-9 20:10:10] WSARecv : 616
[2021-6-9 20:10:10] WSARecv : 616
[2021-6-9 20:10:10] WSARecv : 616
[2021-6-9 20:10:10] WSARecv : 616
[2021-6-9 20:10:10] WSARecv : 616
[2021-6-9 20:10:10] WSARecv : 616
[2021-6-9 20:10:10] WSARecv : 616
[2021-6-9 20:10:11] WSARecv : 616
[2021-6-9 20:10:11] WSARecv : 616
[2021-6-9 20:10:11] WSARecv : 616
[2021-6-9 20:10:11] WSARecv : 616
[2021-6-9 20:10:11] WSARecv : 616
[2021-6-9 20:10:11] WSARecv : 616
[2021-6-9 20:10:11] WSARecv : 616
[2021-6-9 20:10:11] WSARecv : 616
[2021-6-9 20:10:11] WSARecv : 616
[2021-6-9 20:10:11] WSARecv : 616
[2021-6-9 20:10:11] WSARecv : 616
[2021-6-9 20:10:11] WSARecv : 616
[2021-6-9 20:10:11] WSARecv : 616
[2021-6-9 20:10:11] WSARecv : 616
[2021-6-9 20:10:11] WSARecv : 616
[2021-6-9 20:10:11] WSARecv : 616
[2021-6-9 20:10:11] WSARecv : 616
[2021-6-9 20:10:11] WSARecv : 616
[2021-6-9 20:10:11] WSARecv : 616
[2021-6-9 20:10:11] WSARecv : 616
[2021-6-9 20:10:11] WSARecv : 616
[2021-6-9 20:10:11] WSARecv : 616
[2021-6-9 20:10:11] WSARecv : 616
[2021-6-9 20:10:11] WSARecv : 616
[2021-6-9 20:10:11] WSARecv : 616
[2021-6-9 20:10:11] WSARecv : 616
[2021-6-9 20:10:11] WSARecv : 616
[2021-6-9 20:10:11] WSARecv : 616
[2021-6-9 20:10:11] WSARecv : 616
[2021-6-9 20:10:11] WSARecv : 616
[2021-6-9 20:10:11] WSARecv : 616
[2021-6-9 20:10:11] WSARecv : 616
[2021-6-9 20:10:11] WSARecv : 616
[2021-6-9 20:10:11] WSARecv : 616
[2021-6-9 20:10:11] WSARecv : 616
[2021-6-9 20:10:11] WSARecv : 616
[2021-6-9 20:10:11] WSARecv : 616
[2021-6-9 20:10:11] WSARecv : 616
[2021-6-9 20:10:11] WSARecv : 616
[2021-6-9 20:10:11] WSARecv : 616
[2021-6-9 20:10:11] WSARecv : 616
[2021-6-9 20:10:12] WSARecv : 624
[2021-6-9 20:10:12] WSARecv : 624
[2021-6-9 20:10:12] WSARecv : 624
[2021-6-9 20:10:12] WSARecv : 624
[2021-6-9 20:10:12] WSARecv : 624
[2021-6-9 20:10:12] WSARecv : 624
[2021-6-9 20:10:12] WSARecv : 624
[2021-6-9 20:10:12] WSARecv : 624
[2021-6-9 20:10:12] WSARecv : 624
[2021-6-9 20:10:12] WSARecv : 624
[2021-6-9 20:10:12] WSARecv : 624
[2021-6-9 20:10:12] WSARecv : 624
[2021-6-9 20:10:12] WSARecv : 624
[2021-6-9 20:10:12] WSARecv : 624
[2021-6-9 20:10:12] WSARecv : 624
[2021-6-9 20:10:12] WSARecv : 624
[2021-6-9 20:10:13] WSARecv : 624
[2021-6-9 20:10:13] WSARecv : 624
[2021-6-9 20:10:13] WSARecv : 624
[2021-6-9 20:10:13] WSARecv : 624
[2021-6-9 20:10:13] WSARecv : 624
[2021-6-9 20:10:13] WSARecv : 624
[2021-6-9 20:10:13] WSARecv : 624
[2021-6-9 20:10:13] WSARecv : 624
[2021-6-9 20:10:13] WSARecv : 624
[2021-6-9 20:10:13] WSARecv : 624
[2021-6-9 20:10:13] WSARecv : 624
[2021-6-9 20:10:13] WSARecv : 624
[2021-6-9 20:10:13] WSARecv : 624
[2021-6-9 20:10:13] WSARecv : 624
[2021-6-9 20:10:13] WSARecv : 624
[2021-6-9 20:10:13] WSARecv : 624
[2021-6-9 20:10:13] WSARecv : 624
[2021-6-9 20:10:13] WSARecv : 624
[2021-6-9 20:10:13] WSARecv : 624
[2021-6-9 20:10:13] WSARecv : 624
[2021-6-9 20:10:13] WSARecv : 624
[2021-6-9 20:10:13] WSARecv : 624
[2021-6-9 20:10:13] WSARecv : 624
[2021-6-9 20:10:13] WSARecv : 624
[2021-6-9 20:10:13] WSARecv : 624
[2021-6-9 20:10:13] WSARecv : 624
[2021-6-9 20:10:13] WSARecv : 624
[2021-6-9 20:10:13] WSARecv : 624
[2021-6-9 20:10:13] WSARecv : 624
[2021-6-9 20:10:13] WSARecv : 624
[2021-6-9 20:10:13] WSARecv : 624
[2021-6-9 20:10:13] WSARecv : 624
[2021-6-9 20:10:13] WSARecv : 624
[2021-6-9 20:10:13] WSARecv : 624
[2021-6-9 20:10:13] WSARecv : 624
[2021-6-9 20:10:13] WSARecv : 624
[2021-6-9 20:10:13] WSARecv : 624
[2021-6-9 20:10:13] WSARecv : 624
[2021-6-9 20:10:13] WSARecv : 624
[2021-6-9 20:10:13] WSARecv : 624
[2021-6-9 20:10:13] WSARecv : 624
[2021-6-9 20:10:13] WSARecv : 624
[2021-6-9 20:10:13] WSARecv : 624
[2021-6-9 20:10:13] WSARecv : 624
[2021-6-9 20:10:13] WSARecv : 624
[2021-6-9 20:10:13] WSARecv : 624
[2021-6-9 20:10:13] WSARecv : 624
[2021-6-9 20:10:13] WSARecv : 624
[2021-6-9 20:10:13] WSARecv : 624
[2021-6-9 20:10:13] WSARecv : 624
[2021-6-9 20:10:13] WSARecv : 624
[2021-6-9 20:10:13] WSARecv : 624
[2021-6-9 20:10:13] WSARecv : 624
[2021-6-9 20:10:13] WSARecv : 624
[2021-6-9 20:10:13] WSARecv : 624
[2021-6-9 20:10:13] WSARecv : 624
[2021-6-9 20:10:13] WSARecv : 624
[2021-6-9 20:10:13] WSARecv : 624
[2021-6-9 20:10:13] WSARecv : 624
[2021-6-9 20:10:13] WSARecv : 624
[2021-6-9 20:10:13] WSARecv : 624
[2021-6-9 20:10:13] WSARecv : 624
[2021-6-9 20:10:13] WSARecv : 624
[2021-6-9 20:10:13] WSARecv : 624
[2021-6-9 20:10:13] WSARecv : 624
[2021-6-9 20:10:13] WSARecv : 624
[2021-6-9 20:10:13] WSARecv : 624
[2021-6-9 20:10:13] WSARecv : 624
[2021-6-9 20:10:13] WSARecv : 624
[2021-6-9 20:10:13] WSARecv : 624
[2021-6-9 20:10:13] WSARecv : 624
[2021-6-9 20:10:13] WSARecv : 624
[2021-6-9 20:10:13] WSARecv : 624
[2021-6-9 20:10:13] WSARecv : 624
[2021-6-9 20:10:13] WSARecv : 624
[2021-6-9 20:10:13] WSARecv : 624
[2021-6-9 20:10:13] WSARecv : 624
[2021-6-9 20:10:13] WSARecv : 624
[2021-6-9 20:10:13] WSARecv : 624
[2021-6-9 20:10:14] WSARecv : 624
[2021-6-9 20:10:14] WSARecv : 624
[2021-6-9 20:10:14] WSARecv : 624
[2021-6-9 20:10:14] WSARecv : 624
[2021-6-9 20:10:14] WSARecv : 624
[2021-6-9 20:10:14] WSARecv : 624
[2021-6-9 20:10:14] WSARecv : 624
[2021-6-9 20:10:14] WSARecv : 624
[2021-6-9 20:10:14] WSARecv : 624
[2021-6-9 20:10:14] WSARecv : 624
[2021-6-9 20:10:14] WSARecv : 624
[2021-6-9 20:10:14] WSARecv : 624
[2021-6-9 20:10:14] WSARecv : 624
[2021-6-9 20:10:14] WSARecv : 624
[2021-6-9 20:10:14] WSARecv : 624
[2021-6-9 20:10:14] WSARecv : 624
[2021-6-9 20:10:14] WSARecv : 624
[2021-6-9 20:10:14] WSARecv : 624
[2021-6-9 20:10:14] WSARecv : 624
[2021-6-9 20:10:14] WSARecv : 624
[2021-6-9 20:10:14] WSARecv : 624
[2021-6-9 20:10:14] WSARecv : 624
[2021-6-9 20:10:14] WSARecv : 624
[2021-6-9 20:10:14] WSARecv : 624
[2021-6-9 20:10:14] WSARecv : 624
[2021-6-9 20:10:14] WSARecv : 624
[2021-6-9 20:10:14] WSARecv : 624
[2021-6-9 20:10:14] WSARecv : 624
[2021-6-9 20:10:14] WSARecv : 624
[2021-6-9 20:10:14] WSARecv : 624
[2021-6-9 20:10:14] WSARecv : 624
[2021-6-9 20:10:14] WSARecv : 624
[2021-6-9 20:10:14] WSARecv : 624
[2021-6-9 20:10:14] WSARecv : 624
[2021-6-9 20:10:14] WSARecv : 624
[2021-6-9 20:10:14] WSARecv : 624
[2021-6-9 20:10:14] WSARecv : 624
[2021-6-9 20:10:14] WSARecv : 624
[2021-6-9 20:10:14] WSARecv : 624
[2021-6-9 20:10:14] WSARecv : 624
[2021-6-9 20:10:14] WSARecv : 624
[2021-6-9 20:10:14] WSARecv : 624
[2021-6-9 20:10:14] WSARecv : 624
[2021-6-9 20:10:14] WSARecv : 624
[2021-6-9 20:10:14] WSARecv : 624
[2021-6-9 20:10:14] WSARecv : 624
[2021-6-9 20:10:14] WSARecv : 624
[2021-6-9 20:10:14] WSARecv : 624
[2021-6-9 20:10:14] WSARecv : 624
[2021-6-9 20:10:14] WSARecv : 624
[2021-6-9 20:10:14] WSARecv : 624
[2021-6-9 20:10:14] WSARecv : 624
[2021-6-9 20:10:14] WSARecv : 624
[2021-6-9 20:10:14] WSARecv : 624
[2021-6-9 20:10:14] WSARecv : 624
[2021-6-9 20:10:14] WSARecv : 624
[2021-6-9 20:10:14] WSARecv : 624
[2021-6-9 20:10:14] WSARecv : 624
[2021-6-9 20:10:14] WSARecv : 624
[2021-6-9 20:10:14] WSARecv : 624
[2021-6-9 20:10:14] WSARecv : 624
[2021-6-9 20:10:14] WSARecv : 624
[2021-6-9 20:10:14] WSARecv : 624
[2021-6-9 20:10:14] WSARecv : 624
[2021-6-9 20:10:14] WSARecv : 624
[2021-6-9 20:10:14] WSARecv : 624
[2021-6-9 20:10:14] WSARecv : 624
[2021-6-9 20:10:14] WSARecv : 624
[2021-6-9 20:10:14] WSARecv : 624
[2021-6-9 20:10:14] WSARecv : 624
[2021-6-9 20:10:14] WSARecv : 624
[2021-6-9 20:10:14] WSARecv : 624
[2021-6-9 20:10:14] WSARecv : 624
[2021-6-9 20:10:14] WSARecv : 624
[2021-6-9 20:10:14] WSARecv : 624
[2021-6-9 20:10:14] WSARecv : 624
[2021-6-9 20:10:14] WSARecv : 624
[2021-6-9 20:10:14] WSARecv : 624
[2021-6-9 20:10:14] WSARecv : 624
[2021-6-9 20:10:14] WSARecv : 624
[2021-6-9 20:10:14] WSARecv : 624
[2021-6-9 20:10:14] WSARecv : 624
[2021-6-9 20:10:14] WSARecv : 624
[2021-6-9 20:10:14] WSARecv : 624
[2021-6-9 20:10:14] WSARecv : 624
[2021-6-9 20:10:14] WSARecv : 624
[2021-6-9 20:10:14] WSARecv : 624
[2021-6-9 20:10:14] WSARecv : 624
[2021-6-9 20:10:14] WSARecv : 624
[2021-6-9 20:10:14] WSARecv : 624
[2021-6-9 20:10:14] WSARecv : 624
[2021-6-9 20:10:14] WSARecv : 624
[2021-6-9 20:10:14] WSARecv : 624
[2021-6-9 20:10:14] WSARecv : 624
[2021-6-9 20:10:14] WSARecv : 624
[2021-6-9 20:10:14] WSARecv : 624
[2021-6-9 20:10:14] WSARecv : 624
[2021-6-9 20:10:14] WSARecv : 624
[2021-6-9 20:10:14] WSARecv : 624
[2021-6-9 20:10:14] WSARecv : 624
[2021-6-9 20:10:14] WSARecv : 624
[2021-6-9 20:10:14] WSARecv : 624
[2021-6-9 20:10:14] WSARecv : 624
[2021-6-9 20:10:14] WSARecv : 624
[2021-6-9 20:10:14] WSARecv : 624
[2021-6-9 20:10:14] WSARecv : 624
[2021-6-9 20:10:14] WSARecv : 624
[2021-6-9 20:10:14] WSARecv : 624
[2021-6-9 20:10:14] WSARecv : 624
[2021-6-9 20:10:14] WSARecv : 624
[2021-6-9 20:10:14] WSARecv : 624
[2021-6-9 20:10:14] WSARecv : 624
[2021-6-9 20:10:14] WSARecv : 624
[2021-6-9 20:10:14] WSARecv : 624
[2021-6-9 20:10:14] WSARecv : 624
[2021-6-9 20:10:14] WSARecv : 624
[2021-6-9 20:10:14] WSARecv : 624
[2021-6-9 20:10:14] WSARecv : 624
[2021-6-9 20:10:15] WSARecv : 624
[2021-6-9 20:10:15] WSARecv : 624
[2021-6-9 20:10:15] WSARecv : 624
[2021-6-9 20:10:15] WSARecv : 624
[2021-6-9 20:10:15] WSARecv : 624
[2021-6-9 20:10:15] WSARecv : 624
[2021-6-9 20:10:15] WSARecv : 624
[2021-6-9 20:10:15] WSARecv : 624
[2021-6-9 20:10:15] WSARecv : 624
[2021-6-9 20:10:15] WSARecv : 624
[2021-6-9 20:10:15] WSARecv : 624
[2021-6-9 20:10:15] WSARecv : 624
[2021-6-9 20:10:15] WSARecv : 624
[2021-6-9 20:10:15] WSARecv : 624
[2021-6-9 20:10:15] WSARecv : 624
[2021-6-9 20:10:15] WSARecv : 624
[2021-6-9 20:10:15] WSARecv : 624
[2021-6-9 20:10:15] WSARecv : 624
[2021-6-9 20:10:15] WSARecv : 624
[2021-6-9 20:10:15] WSARecv : 624
[2021-6-9 20:10:15] WSARecv : 624
[2021-6-9 20:10:15] WSARecv : 624
[2021-6-9 20:10:15] WSARecv : 624
[2021-6-9 20:10:15] WSARecv : 624
[2021-6-9 20:10:15] WSARecv : 624
[2021-6-9 20:10:15] WSARecv : 624
[2021-6-9 20:10:15] WSARecv : 624
[2021-6-9 20:10:15] WSARecv : 624
[2021-6-9 20:10:15] WSARecv : 624
[2021-6-9 20:10:15] WSARecv : 624
[2021-6-9 20:10:15] WSARecv : 624
[2021-6-9 20:10:15] WSARecv : 624
[2021-6-9 20:10:15] WSARecv : 624
[2021-6-9 20:10:15] WSARecv : 624
[2021-6-9 20:10:15] WSARecv : 624
[2021-6-9 20:10:15] WSARecv : 624
[2021-6-9 20:10:15] WSARecv : 624
[2021-6-9 20:10:15] WSARecv : 624
[2021-6-9 20:10:15] WSARecv : 624
[2021-6-9 20:10:15] WSARecv : 624
[2021-6-9 20:10:15] WSARecv : 624
[2021-6-9 20:10:15] WSARecv : 624
[2021-6-9 20:10:15] WSARecv : 624
[2021-6-9 20:10:15] WSARecv : 624
[2021-6-9 20:10:15] WSARecv : 624
[2021-6-9 20:10:15] WSARecv : 624
[2021-6-9 20:10:15] WSARecv : 624
[2021-6-9 20:10:19] AcceptEx Success
[2021-6-9 20:10:19] Client End
[2021-6-9 20:10:22] AcceptEx Success
[2021-6-9 20:10:22] Client End
