[2017-12-3 16:6:34] WSAStartup Success
[2017-12-3 16:6:34] Socket Init Success
[2017-12-3 16:6:34] listen Success
[2017-12-3 16:6:34] AcceptEx Success
[2017-12-3 16:6:34] AcceptEx Success
[2017-12-3 16:6:34] AcceptEx Success
[2017-12-3 16:6:34] AcceptEx Success
[2017-12-3 16:6:34] AcceptEx Success
[2017-12-3 16:6:34] AcceptEx Success
[2017-12-3 16:6:34] AcceptEx Success
[2017-12-3 16:6:34] AcceptEx Success
[2017-12-3 16:6:34] AcceptEx Success
[2017-12-3 16:6:34] AcceptEx Success
[2017-12-3 16:6:34] AcceptEx Success
[2017-12-3 16:6:34] AcceptEx Success
[2017-12-3 16:6:34] AcceptEx Success
[2017-12-3 16:6:34] AcceptEx Success
[2017-12-3 16:6:34] AcceptEx Success
[2017-12-3 16:6:34] AcceptEx Success
[2017-12-3 16:6:34] AcceptEx Success
[2017-12-3 16:6:34] AcceptEx Success
[2017-12-3 16:6:34] AcceptEx Success
[2017-12-3 16:6:34] AcceptEx Success
[2017-12-3 16:6:34] AcceptEx Success
[2017-12-3 16:6:34] AcceptEx Success
[2017-12-3 16:6:34] AcceptEx Success
[2017-12-3 16:6:34] AcceptEx Success
[2017-12-3 16:6:34] AcceptEx Success
[2017-12-3 16:6:34] AcceptEx Success
[2017-12-3 16:6:34] AcceptEx Success
[2017-12-3 16:6:34] AcceptEx Success
[2017-12-3 16:6:34] AcceptEx Success
[2017-12-3 16:6:34] AcceptEx Success
[2017-12-3 16:6:34] Thread Create 8
[2017-12-3 16:6:39] INFO Success
[2017-12-3 16:6:39] Active_Session : 1
[2017-12-3 16:6:39] InActive_Session : 29
[2017-12-3 16:6:39] WSARecv : 496
[2017-12-3 16:6:39] Accept Success
[2017-12-3 16:6:41] INFO Success
[2017-12-3 16:6:41] Active_Session : 2
[2017-12-3 16:6:41] InActive_Session : 28
[2017-12-3 16:6:41] WSARecv : 404
[2017-12-3 16:6:41] Accept Success
[2017-12-3 16:6:46] WSARecv : 496
[2017-12-3 16:6:53] WSARecv : 404
[2017-12-3 16:7:5] Is Not Room User
[2017-12-3 16:7:5] Game_REQ Room Join
[2017-12-3 16:7:5] WSARecv : 496
[2017-12-3 16:7:6] Is Not Room User
[2017-12-3 16:7:6] Game_REQ Room Join
[2017-12-3 16:7:6] WSARecv : 404
[2017-12-3 16:7:27] WSARecv : 496
[2017-12-3 16:7:28] WSARecv : 404
[2017-12-3 16:7:29] WSARecv : 496
[2017-12-3 16:7:29] WSARecv : 496
[2017-12-3 16:7:30] WSARecv : 404
[2017-12-3 16:7:30] WSARecv : 404
[2017-12-3 16:7:55] WSARecv : 404
[2017-12-3 16:7:55] WSARecv : 404
[2017-12-3 16:7:55] WSARecv : 404
[2017-12-3 16:7:55] WSARecv : 404
[2017-12-3 16:7:55] WSARecv : 404
[2017-12-3 16:7:55] WSARecv : 404
[2017-12-3 16:7:55] WSARecv : 404
[2017-12-3 16:7:55] WSARecv : 404
[2017-12-3 16:7:55] WSARecv : 404
[2017-12-3 16:7:55] WSARecv : 404
[2017-12-3 16:7:55] WSARecv : 404
[2017-12-3 16:7:55] WSARecv : 404
[2017-12-3 16:7:55] WSARecv : 404
[2017-12-3 16:7:55] WSARecv : 404
[2017-12-3 16:7:55] WSARecv : 404
[2017-12-3 16:7:55] WSARecv : 404
[2017-12-3 16:7:55] WSARecv : 404
[2017-12-3 16:7:55] WSARecv : 404
[2017-12-3 16:7:55] WSARecv : 496
[2017-12-3 16:7:55] WSARecv : 496
[2017-12-3 16:7:56] WSARecv : 496
[2017-12-3 16:7:56] WSARecv : 496
[2017-12-3 16:7:56] WSARecv : 496
[2017-12-3 16:7:56] WSARecv : 496
[2017-12-3 16:7:56] WSARecv : 496
[2017-12-3 16:7:56] WSARecv : 496
[2017-12-3 16:7:56] WSARecv : 496
[2017-12-3 16:7:56] WSARecv : 496
[2017-12-3 16:7:56] WSARecv : 496
[2017-12-3 16:7:56] WSARecv : 496
[2017-12-3 16:7:56] WSARecv : 496
[2017-12-3 16:7:56] WSARecv : 496
[2017-12-3 16:7:56] WSARecv : 496
[2017-12-3 16:7:56] WSARecv : 496
[2017-12-3 16:7:56] WSARecv : 496
[2017-12-3 16:7:56] WSARecv : 496
[2017-12-3 16:7:56] WSARecv : 496
[2017-12-3 16:7:56] WSARecv : 496
[2017-12-3 16:7:56] WSARecv : 496
[2017-12-3 16:7:56] WSARecv : 496
[2017-12-3 16:7:56] WSARecv : 496
[2017-12-3 16:7:56] WSARecv : 496
[2017-12-3 16:7:56] WSARecv : 496
[2017-12-3 16:7:56] WSARecv : 496
[2017-12-3 16:7:56] WSARecv : 496
[2017-12-3 16:7:56] WSARecv : 496
[2017-12-3 16:7:56] WSARecv : 496
[2017-12-3 16:7:56] WSARecv : 496
[2017-12-3 16:7:56] WSARecv : 496
[2017-12-3 16:7:56] WSARecv : 496
[2017-12-3 16:7:56] WSARecv : 496
[2017-12-3 16:7:56] WSARecv : 496
[2017-12-3 16:7:57] WSARecv : 496
[2017-12-3 16:7:57] WSARecv : 496
[2017-12-3 16:7:57] WSARecv : 496
[2017-12-3 16:7:57] WSARecv : 496
[2017-12-3 16:7:57] WSARecv : 496
[2017-12-3 16:7:57] WSARecv : 496
[2017-12-3 16:7:57] WSARecv : 496
[2017-12-3 16:7:57] WSARecv : 496
[2017-12-3 16:7:57] WSARecv : 496
[2017-12-3 16:7:57] WSARecv : 496
[2017-12-3 16:7:57] WSARecv : 496
[2017-12-3 16:7:57] WSARecv : 496
[2017-12-3 16:7:57] WSARecv : 496
[2017-12-3 16:7:57] WSARecv : 496
[2017-12-3 16:7:57] WSARecv : 496
[2017-12-3 16:7:57] WSARecv : 496
[2017-12-3 16:7:57] WSARecv : 496
[2017-12-3 16:7:57] WSARecv : 496
[2017-12-3 16:7:57] WSARecv : 496
[2017-12-3 16:7:57] WSARecv : 496
[2017-12-3 16:7:57] WSARecv : 496
[2017-12-3 16:7:57] WSARecv : 496
[2017-12-3 16:7:57] WSARecv : 496
[2017-12-3 16:7:57] WSARecv : 496
[2017-12-3 16:7:57] WSARecv : 496
[2017-12-3 16:7:57] WSARecv : 496
[2017-12-3 16:7:57] WSARecv : 496
[2017-12-3 16:7:57] WSARecv : 496
[2017-12-3 16:7:57] WSARecv : 496
[2017-12-3 16:7:57] WSARecv : 496
[2017-12-3 16:7:57] WSARecv : 496
[2017-12-3 16:7:57] WSARecv : 496
[2017-12-3 16:7:57] WSARecv : 496
[2017-12-3 16:7:57] WSARecv : 496
[2017-12-3 16:7:57] WSARecv : 496
[2017-12-3 16:7:57] WSARecv : 496
[2017-12-3 16:7:57] WSARecv : 496
[2017-12-3 16:7:57] WSARecv : 496
[2017-12-3 16:7:57] WSARecv : 496
[2017-12-3 16:7:57] WSARecv : 496
[2017-12-3 16:7:57] WSARecv : 496
[2017-12-3 16:7:57] WSARecv : 496
[2017-12-3 16:7:57] WSARecv : 496
[2017-12-3 16:7:57] WSARecv : 496
[2017-12-3 16:7:57] WSARecv : 496
[2017-12-3 16:7:57] WSARecv : 496
[2017-12-3 16:7:57] WSARecv : 496
[2017-12-3 16:7:57] WSARecv : 496
[2017-12-3 16:7:57] WSARecv : 496
[2017-12-3 16:7:57] WSARecv : 496
[2017-12-3 16:7:57] WSARecv : 496
[2017-12-3 16:7:57] WSARecv : 496
[2017-12-3 16:7:57] WSARecv : 496
[2017-12-3 16:7:57] WSARecv : 496
[2017-12-3 16:7:57] WSARecv : 496
[2017-12-3 16:7:57] WSARecv : 496
[2017-12-3 16:7:58] WSARecv : 496
[2017-12-3 16:7:58] WSARecv : 496
[2017-12-3 16:7:58] WSARecv : 496
[2017-12-3 16:7:58] WSARecv : 496
[2017-12-3 16:7:58] WSARecv : 496
[2017-12-3 16:7:58] WSARecv : 496
[2017-12-3 16:7:58] WSARecv : 496
[2017-12-3 16:7:58] WSARecv : 496
[2017-12-3 16:7:58] WSARecv : 496
[2017-12-3 16:7:58] WSARecv : 496
[2017-12-3 16:7:58] WSARecv : 496
[2017-12-3 16:7:58] WSARecv : 496
[2017-12-3 16:7:58] WSARecv : 496
[2017-12-3 16:7:58] WSARecv : 496
[2017-12-3 16:7:58] WSARecv : 496
[2017-12-3 16:7:58] WSARecv : 496
[2017-12-3 16:7:58] WSARecv : 496
[2017-12-3 16:7:58] WSARecv : 496
[2017-12-3 16:7:58] WSARecv : 496
[2017-12-3 16:7:58] WSARecv : 496
[2017-12-3 16:7:58] WSARecv : 496
[2017-12-3 16:7:58] WSARecv : 496
[2017-12-3 16:7:58] WSARecv : 496
[2017-12-3 16:7:58] WSARecv : 496
[2017-12-3 16:7:58] WSARecv : 496
[2017-12-3 16:7:58] WSARecv : 496
[2017-12-3 16:7:58] WSARecv : 496
[2017-12-3 16:7:58] WSARecv : 496
[2017-12-3 16:7:58] WSARecv : 496
[2017-12-3 16:7:58] WSARecv : 496
[2017-12-3 16:7:58] WSARecv : 496
[2017-12-3 16:7:58] WSARecv : 496
[2017-12-3 16:7:58] WSARecv : 496
[2017-12-3 16:7:58] WSARecv : 496
[2017-12-3 16:7:58] WSARecv : 496
[2017-12-3 16:7:58] WSARecv : 496
[2017-12-3 16:7:58] WSARecv : 496
[2017-12-3 16:7:58] WSARecv : 496
[2017-12-3 16:7:58] WSARecv : 496
[2017-12-3 16:7:58] WSARecv : 496
[2017-12-3 16:7:58] WSARecv : 496
[2017-12-3 16:7:58] WSARecv : 496
[2017-12-3 16:7:58] WSARecv : 496
[2017-12-3 16:7:58] WSARecv : 496
[2017-12-3 16:7:58] WSARecv : 496
[2017-12-3 16:7:58] WSARecv : 496
[2017-12-3 16:7:58] WSARecv : 496
[2017-12-3 16:7:59] WSARecv : 496
[2017-12-3 16:7:59] WSARecv : 496
[2017-12-3 16:7:59] WSARecv : 496
[2017-12-3 16:7:59] WSARecv : 496
[2017-12-3 16:7:59] WSARecv : 496
[2017-12-3 16:7:59] WSARecv : 496
[2017-12-3 16:7:59] WSARecv : 496
[2017-12-3 16:7:59] WSARecv : 496
[2017-12-3 16:7:59] WSARecv : 496
[2017-12-3 16:7:59] WSARecv : 496
[2017-12-3 16:7:59] WSARecv : 496
[2017-12-3 16:7:59] WSARecv : 496
[2017-12-3 16:7:59] WSARecv : 496
[2017-12-3 16:7:59] WSARecv : 496
[2017-12-3 16:7:59] WSARecv : 496
[2017-12-3 16:7:59] WSARecv : 496
[2017-12-3 16:7:59] WSARecv : 496
[2017-12-3 16:7:59] WSARecv : 496
[2017-12-3 16:7:59] WSARecv : 496
[2017-12-3 16:7:59] WSARecv : 496
[2017-12-3 16:7:59] WSARecv : 496
[2017-12-3 16:7:59] WSARecv : 496
[2017-12-3 16:7:59] WSARecv : 496
[2017-12-3 16:7:59] WSARecv : 496
[2017-12-3 16:7:59] WSARecv : 496
[2017-12-3 16:8:1] WSARecv : 404
[2017-12-3 16:8:1] WSARecv : 404
[2017-12-3 16:8:1] WSARecv : 404
[2017-12-3 16:8:1] WSARecv : 404
[2017-12-3 16:8:1] WSARecv : 404
[2017-12-3 16:8:1] WSARecv : 404
[2017-12-3 16:8:1] WSARecv : 404
[2017-12-3 16:8:1] WSARecv : 404
[2017-12-3 16:8:1] WSARecv : 404
[2017-12-3 16:8:1] WSARecv : 404
[2017-12-3 16:8:1] WSARecv : 404
[2017-12-3 16:8:1] WSARecv : 404
[2017-12-3 16:8:1] WSARecv : 404
[2017-12-3 16:8:1] WSARecv : 404
[2017-12-3 16:8:1] WSARecv : 404
[2017-12-3 16:8:1] WSARecv : 404
[2017-12-3 16:8:1] WSARecv : 404
[2017-12-3 16:8:1] WSARecv : 404
[2017-12-3 16:8:1] WSARecv : 404
[2017-12-3 16:8:1] WSARecv : 404
[2017-12-3 16:8:1] WSARecv : 404
[2017-12-3 16:8:1] WSARecv : 404
[2017-12-3 16:8:1] WSARecv : 404
[2017-12-3 16:8:1] WSARecv : 404
[2017-12-3 16:8:1] WSARecv : 404
[2017-12-3 16:8:1] WSARecv : 404
[2017-12-3 16:8:1] WSARecv : 404
[2017-12-3 16:8:1] WSARecv : 404
[2017-12-3 16:8:2] WSARecv : 404
[2017-12-3 16:8:2] WSARecv : 404
[2017-12-3 16:8:2] WSARecv : 404
[2017-12-3 16:8:2] WSARecv : 404
[2017-12-3 16:8:2] WSARecv : 404
[2017-12-3 16:8:2] WSARecv : 404
[2017-12-3 16:8:2] WSARecv : 404
[2017-12-3 16:8:2] WSARecv : 404
[2017-12-3 16:8:2] WSARecv : 404
[2017-12-3 16:8:2] WSARecv : 404
[2017-12-3 16:8:2] WSARecv : 404
[2017-12-3 16:8:2] WSARecv : 404
[2017-12-3 16:8:2] WSARecv : 404
[2017-12-3 16:8:2] WSARecv : 404
[2017-12-3 16:8:2] WSARecv : 404
[2017-12-3 16:8:2] WSARecv : 404
[2017-12-3 16:8:2] WSARecv : 404
[2017-12-3 16:8:2] WSARecv : 404
[2017-12-3 16:8:2] WSARecv : 404
[2017-12-3 16:8:2] WSARecv : 404
[2017-12-3 16:8:2] WSARecv : 404
[2017-12-3 16:8:2] WSARecv : 404
[2017-12-3 16:8:2] WSARecv : 404
[2017-12-3 16:8:2] WSARecv : 404
[2017-12-3 16:8:2] WSARecv : 404
[2017-12-3 16:8:2] WSARecv : 404
[2017-12-3 16:8:2] WSARecv : 404
[2017-12-3 16:8:2] WSARecv : 404
[2017-12-3 16:8:2] WSARecv : 404
[2017-12-3 16:8:2] WSARecv : 404
[2017-12-3 16:8:2] WSARecv : 404
[2017-12-3 16:8:2] WSARecv : 404
[2017-12-3 16:8:2] WSARecv : 404
[2017-12-3 16:8:2] WSARecv : 404
[2017-12-3 16:8:2] WSARecv : 404
[2017-12-3 16:8:2] WSARecv : 404
[2017-12-3 16:8:2] WSARecv : 404
[2017-12-3 16:8:2] WSARecv : 404
[2017-12-3 16:8:2] WSARecv : 404
[2017-12-3 16:8:2] WSARecv : 404
[2017-12-3 16:8:2] WSARecv : 404
[2017-12-3 16:8:2] WSARecv : 404
[2017-12-3 16:8:2] WSARecv : 404
[2017-12-3 16:8:2] WSARecv : 404
[2017-12-3 16:8:2] WSARecv : 404
[2017-12-3 16:8:2] WSARecv : 404
[2017-12-3 16:8:2] WSARecv : 404
[2017-12-3 16:8:2] WSARecv : 404
[2017-12-3 16:8:2] WSARecv : 404
[2017-12-3 16:8:2] WSARecv : 404
[2017-12-3 16:8:2] WSARecv : 404
[2017-12-3 16:8:2] WSARecv : 404
[2017-12-3 16:8:2] WSARecv : 404
[2017-12-3 16:8:2] WSARecv : 404
[2017-12-3 16:8:2] WSARecv : 404
[2017-12-3 16:8:2] WSARecv : 404
[2017-12-3 16:8:2] WSARecv : 404
[2017-12-3 16:8:2] WSARecv : 404
[2017-12-3 16:8:3] WSARecv : 404
[2017-12-3 16:8:3] WSARecv : 404
[2017-12-3 16:8:3] WSARecv : 404
[2017-12-3 16:8:3] WSARecv : 404
[2017-12-3 16:8:3] WSARecv : 404
[2017-12-3 16:8:3] WSARecv : 404
[2017-12-3 16:8:3] WSARecv : 404
[2017-12-3 16:8:3] WSARecv : 404
[2017-12-3 16:8:3] WSARecv : 404
[2017-12-3 16:8:3] WSARecv : 404
[2017-12-3 16:8:3] WSARecv : 404
[2017-12-3 16:8:3] WSARecv : 404
[2017-12-3 16:8:3] WSARecv : 404
[2017-12-3 16:8:3] WSARecv : 404
[2017-12-3 16:8:3] WSARecv : 404
[2017-12-3 16:8:3] WSARecv : 404
[2017-12-3 16:8:3] WSARecv : 404
[2017-12-3 16:8:3] WSARecv : 404
[2017-12-3 16:8:3] WSARecv : 404
[2017-12-3 16:8:3] WSARecv : 404
[2017-12-3 16:8:3] WSARecv : 404
[2017-12-3 16:8:3] WSARecv : 404
[2017-12-3 16:8:3] WSARecv : 404
[2017-12-3 16:8:3] WSARecv : 404
[2017-12-3 16:8:3] WSARecv : 404
[2017-12-3 16:8:3] WSARecv : 404
[2017-12-3 16:8:3] WSARecv : 404
[2017-12-3 16:8:3] WSARecv : 404
[2017-12-3 16:8:3] WSARecv : 404
[2017-12-3 16:8:3] WSARecv : 404
[2017-12-3 16:8:3] WSARecv : 404
[2017-12-3 16:8:3] WSARecv : 404
[2017-12-3 16:8:3] WSARecv : 404
[2017-12-3 16:8:3] WSARecv : 404
[2017-12-3 16:8:3] WSARecv : 404
[2017-12-3 16:8:3] WSARecv : 404
[2017-12-3 16:8:3] WSARecv : 404
[2017-12-3 16:8:3] WSARecv : 404
[2017-12-3 16:8:3] WSARecv : 404
[2017-12-3 16:8:3] WSARecv : 404
[2017-12-3 16:8:3] WSARecv : 404
[2017-12-3 16:8:3] WSARecv : 404
[2017-12-3 16:8:3] WSARecv : 404
[2017-12-3 16:8:3] WSARecv : 404
[2017-12-3 16:8:15] AcceptEx Success
[2017-12-3 16:8:15] Client End
[2017-12-3 16:8:19] AcceptEx Success
[2017-12-3 16:8:19] Client End
[2017-12-3 16:8:27] INFO Success
[2017-12-3 16:8:27] Active_Session : 2
[2017-12-3 16:8:27] InActive_Session : 28
[2017-12-3 16:8:27] WSARecv : 612
[2017-12-3 16:8:27] Accept Success
[2017-12-3 16:8:32] INFO Success
[2017-12-3 16:8:32] Active_Session : 2
[2017-12-3 16:8:32] InActive_Session : 28
[2017-12-3 16:8:32] WSARecv : 612
[2017-12-3 16:8:32] Accept Success
[2017-12-3 16:9:22] WSARecv : 612
[2017-12-3 16:11:20] WSAStartup Success
[2017-12-3 16:11:20] Socket Init Success
[2017-12-3 16:11:20] listen Success
[2017-12-3 16:11:20] AcceptEx Success
[2017-12-3 16:11:20] AcceptEx Success
[2017-12-3 16:11:20] AcceptEx Success
[2017-12-3 16:11:20] AcceptEx Success
[2017-12-3 16:11:20] AcceptEx Success
[2017-12-3 16:11:20] AcceptEx Success
[2017-12-3 16:11:20] AcceptEx Success
[2017-12-3 16:11:20] AcceptEx Success
[2017-12-3 16:11:20] AcceptEx Success
[2017-12-3 16:11:20] AcceptEx Success
[2017-12-3 16:11:20] AcceptEx Success
[2017-12-3 16:11:20] AcceptEx Success
[2017-12-3 16:11:20] AcceptEx Success
[2017-12-3 16:11:20] AcceptEx Success
[2017-12-3 16:11:20] AcceptEx Success
[2017-12-3 16:11:20] AcceptEx Success
[2017-12-3 16:11:20] AcceptEx Success
[2017-12-3 16:11:20] AcceptEx Success
[2017-12-3 16:11:20] AcceptEx Success
[2017-12-3 16:11:20] AcceptEx Success
[2017-12-3 16:11:20] AcceptEx Success
[2017-12-3 16:11:20] AcceptEx Success
[2017-12-3 16:11:20] AcceptEx Success
[2017-12-3 16:11:20] AcceptEx Success
[2017-12-3 16:11:20] AcceptEx Success
[2017-12-3 16:11:20] AcceptEx Success
[2017-12-3 16:11:20] AcceptEx Success
[2017-12-3 16:11:20] AcceptEx Success
[2017-12-3 16:11:20] AcceptEx Success
[2017-12-3 16:11:20] AcceptEx Success
[2017-12-3 16:11:20] Thread Create 8
[2017-12-3 16:11:32] INFO Success
[2017-12-3 16:11:32] Active_Session : 1
[2017-12-3 16:11:32] InActive_Session : 29
[2017-12-3 16:11:32] WSARecv : 496
[2017-12-3 16:11:32] Accept Success
[2017-12-3 16:11:32] INFO Success
[2017-12-3 16:11:32] Active_Session : 2
[2017-12-3 16:11:32] InActive_Session : 28
[2017-12-3 16:11:32] WSARecv : 484
[2017-12-3 16:11:32] Accept Success
[2017-12-3 16:11:38] WSARecv : 484
[2017-12-3 16:11:44] WSARecv : 496
[2017-12-3 16:11:53] Is Not Room User
[2017-12-3 16:11:53] Game_REQ Room Join
[2017-12-3 16:11:53] WSARecv : 484
[2017-12-3 16:11:57] Is Not Room User
[2017-12-3 16:11:57] Game_REQ Room Join
[2017-12-3 16:11:57] WSARecv : 496
[2017-12-3 16:12:15] WSARecv : 484
[2017-12-3 16:12:16] WSARecv : 496
[2017-12-3 16:12:17] WSARecv : 484
[2017-12-3 16:12:17] WSARecv : 484
[2017-12-3 16:12:18] WSARecv : 496
[2017-12-3 16:12:18] WSARecv : 496
[2017-12-3 16:12:45] AcceptEx Success
[2017-12-3 16:12:45] Client End
[2017-12-3 16:13:39] WSAStartup Success
[2017-12-3 16:13:39] Socket Init Success
[2017-12-3 16:13:39] listen Success
[2017-12-3 16:13:39] AcceptEx Success
[2017-12-3 16:13:39] AcceptEx Success
[2017-12-3 16:13:39] AcceptEx Success
[2017-12-3 16:13:39] AcceptEx Success
[2017-12-3 16:13:39] AcceptEx Success
[2017-12-3 16:13:39] AcceptEx Success
[2017-12-3 16:13:39] AcceptEx Success
[2017-12-3 16:13:39] AcceptEx Success
[2017-12-3 16:13:39] AcceptEx Success
[2017-12-3 16:13:39] AcceptEx Success
[2017-12-3 16:13:39] AcceptEx Success
[2017-12-3 16:13:39] AcceptEx Success
[2017-12-3 16:13:39] AcceptEx Success
[2017-12-3 16:13:39] AcceptEx Success
[2017-12-3 16:13:39] AcceptEx Success
[2017-12-3 16:13:39] AcceptEx Success
[2017-12-3 16:13:39] AcceptEx Success
[2017-12-3 16:13:39] AcceptEx Success
[2017-12-3 16:13:39] AcceptEx Success
[2017-12-3 16:13:39] AcceptEx Success
[2017-12-3 16:13:39] AcceptEx Success
[2017-12-3 16:13:39] AcceptEx Success
[2017-12-3 16:13:39] AcceptEx Success
[2017-12-3 16:13:39] AcceptEx Success
[2017-12-3 16:13:39] AcceptEx Success
[2017-12-3 16:13:39] AcceptEx Success
[2017-12-3 16:13:39] AcceptEx Success
[2017-12-3 16:13:39] AcceptEx Success
[2017-12-3 16:13:39] AcceptEx Success
[2017-12-3 16:13:39] AcceptEx Success
[2017-12-3 16:13:39] Thread Create 8
[2017-12-3 16:13:52] INFO Success
[2017-12-3 16:13:52] Active_Session : 1
[2017-12-3 16:13:52] InActive_Session : 29
[2017-12-3 16:13:52] WSARecv : 504
[2017-12-3 16:13:52] Accept Success
[2017-12-3 16:13:54] INFO Success
[2017-12-3 16:13:54] Active_Session : 2
[2017-12-3 16:13:54] InActive_Session : 28
[2017-12-3 16:13:54] WSARecv : 500
[2017-12-3 16:13:54] Accept Success
[2017-12-3 16:13:59] WSARecv : 504
[2017-12-3 16:14:5] WSARecv : 500
[2017-12-3 16:14:12] Is Not Room User
[2017-12-3 16:14:12] Game_REQ Room Join
[2017-12-3 16:14:12] WSARecv : 504
[2017-12-3 16:14:13] Is Not Room User
[2017-12-3 16:14:13] Game_REQ Room Join
[2017-12-3 16:14:13] WSARecv : 500
[2017-12-3 16:14:20] WSARecv : 504
[2017-12-3 16:14:21] WSARecv : 500
[2017-12-3 16:14:23] WSARecv : 504
[2017-12-3 16:14:23] WSARecv : 504
[2017-12-3 16:14:24] WSARecv : 500
[2017-12-3 16:14:24] WSARecv : 500
[2017-12-3 16:15:6] AcceptEx Success
[2017-12-3 16:15:6] Client End
[2017-12-3 16:15:7] AcceptEx Success
[2017-12-3 16:15:7] Client End
[2017-12-3 16:15:20] INFO Success
[2017-12-3 16:15:20] Active_Session : 2
[2017-12-3 16:15:20] InActive_Session : 28
[2017-12-3 16:15:20] WSARecv : 564
[2017-12-3 16:15:20] Accept Success
[2017-12-3 16:15:23] INFO Success
[2017-12-3 16:15:23] Active_Session : 2
[2017-12-3 16:15:23] InActive_Session : 28
[2017-12-3 16:15:23] WSARecv : 564
[2017-12-3 16:15:23] Accept Success
[2017-12-3 16:15:29] WSAStartup Success
[2017-12-3 16:15:29] Socket Init Success
[2017-12-3 16:15:29] listen Success
[2017-12-3 16:15:29] AcceptEx Success
[2017-12-3 16:15:29] AcceptEx Success
[2017-12-3 16:15:29] AcceptEx Success
[2017-12-3 16:15:29] AcceptEx Success
[2017-12-3 16:15:29] AcceptEx Success
[2017-12-3 16:15:29] AcceptEx Success
[2017-12-3 16:15:29] AcceptEx Success
[2017-12-3 16:15:29] AcceptEx Success
[2017-12-3 16:15:29] AcceptEx Success
[2017-12-3 16:15:29] AcceptEx Success
[2017-12-3 16:15:29] AcceptEx Success
[2017-12-3 16:15:29] AcceptEx Success
[2017-12-3 16:15:29] AcceptEx Success
[2017-12-3 16:15:29] AcceptEx Success
[2017-12-3 16:15:29] AcceptEx Success
[2017-12-3 16:15:29] AcceptEx Success
[2017-12-3 16:15:29] AcceptEx Success
[2017-12-3 16:15:29] AcceptEx Success
[2017-12-3 16:15:29] AcceptEx Success
[2017-12-3 16:15:29] AcceptEx Success
[2017-12-3 16:15:29] AcceptEx Success
[2017-12-3 16:15:29] AcceptEx Success
[2017-12-3 16:15:29] AcceptEx Success
[2017-12-3 16:15:29] AcceptEx Success
[2017-12-3 16:15:29] AcceptEx Success
[2017-12-3 16:15:29] AcceptEx Success
[2017-12-3 16:15:29] AcceptEx Success
[2017-12-3 16:15:29] AcceptEx Success
[2017-12-3 16:15:29] AcceptEx Success
[2017-12-3 16:15:29] AcceptEx Success
[2017-12-3 16:15:30] Thread Create 8
[2017-12-3 16:15:40] INFO Success
[2017-12-3 16:15:40] Active_Session : 1
[2017-12-3 16:15:40] InActive_Session : 29
[2017-12-3 16:15:40] WSARecv : 412
[2017-12-3 16:15:40] Accept Success
[2017-12-3 16:15:41] INFO Success
[2017-12-3 16:15:41] Active_Session : 2
[2017-12-3 16:15:41] InActive_Session : 28
[2017-12-3 16:15:41] WSARecv : 492
[2017-12-3 16:15:41] Accept Success
[2017-12-3 16:15:51] WSARecv : 412
[2017-12-3 16:16:2] WSARecv : 492
[2017-12-3 16:16:9] Is Not Room User
[2017-12-3 16:16:9] Game_REQ Room Join
[2017-12-3 16:16:9] WSARecv : 412
[2017-12-3 16:16:27] Is Not Room User
[2017-12-3 16:16:27] Game_REQ Room Join
[2017-12-3 16:16:27] WSARecv : 492
[2017-12-3 16:16:34] WSARecv : 412
[2017-12-3 16:16:35] WSARecv : 492
[2017-12-3 16:16:37] WSARecv : 412
[2017-12-3 16:16:37] WSARecv : 412
[2017-12-3 16:16:40] WSARecv : 492
[2017-12-3 16:16:40] WSARecv : 492
[2017-12-3 16:16:44] WSARecv : 412
[2017-12-3 16:16:44] WSARecv : 412
[2017-12-3 16:16:44] WSARecv : 412
[2017-12-3 16:16:44] WSARecv : 412
[2017-12-3 16:16:44] WSARecv : 412
[2017-12-3 16:16:44] WSARecv : 412
[2017-12-3 16:16:44] WSARecv : 412
[2017-12-3 16:16:44] WSARecv : 412
[2017-12-3 16:16:44] WSARecv : 412
[2017-12-3 16:16:44] WSARecv : 412
[2017-12-3 16:16:44] WSARecv : 412
[2017-12-3 16:16:44] WSARecv : 412
[2017-12-3 16:16:44] WSARecv : 412
[2017-12-3 16:16:44] WSARecv : 412
[2017-12-3 16:16:44] WSARecv : 412
[2017-12-3 16:16:45] WSARecv : 412
[2017-12-3 16:16:45] WSARecv : 412
[2017-12-3 16:16:47] WSARecv : 492
[2017-12-3 16:16:47] WSARecv : 492
[2017-12-3 16:16:47] WSARecv : 492
[2017-12-3 16:16:47] WSARecv : 492
[2017-12-3 16:16:47] WSARecv : 492
[2017-12-3 16:16:47] WSARecv : 492
[2017-12-3 16:16:47] WSARecv : 492
[2017-12-3 16:16:47] WSARecv : 492
[2017-12-3 16:16:47] WSARecv : 492
[2017-12-3 16:16:47] WSARecv : 492
[2017-12-3 16:16:47] WSARecv : 492
[2017-12-3 16:16:47] WSARecv : 492
[2017-12-3 16:16:47] WSARecv : 492
[2017-12-3 16:16:47] WSARecv : 492
[2017-12-3 16:16:47] WSARecv : 492
[2017-12-3 16:16:47] WSARecv : 492
[2017-12-3 16:16:47] WSARecv : 492
[2017-12-3 16:16:47] WSARecv : 492
[2017-12-3 16:16:47] WSARecv : 492
[2017-12-3 16:16:47] WSARecv : 492
[2017-12-3 16:16:47] WSARecv : 492
[2017-12-3 16:16:47] WSARecv : 492
[2017-12-3 16:16:47] WSARecv : 492
[2017-12-3 16:16:47] WSARecv : 492
[2017-12-3 16:16:47] WSARecv : 492
[2017-12-3 16:16:47] WSARecv : 492
[2017-12-3 16:16:47] WSARecv : 492
[2017-12-3 16:16:47] WSARecv : 492
[2017-12-3 16:16:47] WSARecv : 492
[2017-12-3 16:16:47] WSARecv : 492
[2017-12-3 16:16:47] WSARecv : 492
[2017-12-3 16:16:47] WSARecv : 492
[2017-12-3 16:16:47] WSARecv : 492
[2017-12-3 16:16:47] WSARecv : 492
[2017-12-3 16:16:47] WSARecv : 492
[2017-12-3 16:16:47] WSARecv : 492
[2017-12-3 16:16:47] WSARecv : 492
[2017-12-3 16:16:47] WSARecv : 492
[2017-12-3 16:16:47] WSARecv : 492
[2017-12-3 16:16:47] WSARecv : 492
[2017-12-3 16:16:47] WSARecv : 492
[2017-12-3 16:16:47] WSARecv : 492
[2017-12-3 16:16:47] WSARecv : 492
[2017-12-3 16:16:47] WSARecv : 492
[2017-12-3 16:16:48] WSARecv : 492
[2017-12-3 16:16:48] WSARecv : 492
[2017-12-3 16:16:48] WSARecv : 492
[2017-12-3 16:16:48] WSARecv : 492
[2017-12-3 16:16:48] WSARecv : 492
[2017-12-3 16:16:48] WSARecv : 492
[2017-12-3 16:16:48] WSARecv : 492
[2017-12-3 16:16:48] WSARecv : 492
[2017-12-3 16:16:48] WSARecv : 492
[2017-12-3 16:16:48] WSARecv : 492
[2017-12-3 16:16:48] WSARecv : 492
[2017-12-3 16:16:48] WSARecv : 492
[2017-12-3 16:16:48] WSARecv : 492
[2017-12-3 16:16:48] WSARecv : 492
[2017-12-3 16:16:48] WSARecv : 492
[2017-12-3 16:16:48] WSARecv : 492
[2017-12-3 16:16:48] WSARecv : 492
[2017-12-3 16:16:48] WSARecv : 492
[2017-12-3 16:16:50] WSARecv : 412
[2017-12-3 16:16:50] WSARecv : 412
[2017-12-3 16:16:50] WSARecv : 412
[2017-12-3 16:16:50] WSARecv : 412
[2017-12-3 16:16:50] WSARecv : 412
[2017-12-3 16:16:50] WSARecv : 412
[2017-12-3 16:16:50] WSARecv : 412
[2017-12-3 16:16:50] WSARecv : 412
[2017-12-3 16:16:50] WSARecv : 412
[2017-12-3 16:16:50] WSARecv : 412
[2017-12-3 16:16:50] WSARecv : 412
[2017-12-3 16:16:50] WSARecv : 412
[2017-12-3 16:16:50] WSARecv : 412
[2017-12-3 16:16:50] WSARecv : 412
[2017-12-3 16:16:50] WSARecv : 412
[2017-12-3 16:16:50] WSARecv : 412
[2017-12-3 16:16:50] WSARecv : 412
[2017-12-3 16:16:50] WSARecv : 412
[2017-12-3 16:16:50] WSARecv : 412
[2017-12-3 16:16:50] WSARecv : 412
[2017-12-3 16:16:50] WSARecv : 412
[2017-12-3 16:16:50] WSARecv : 412
[2017-12-3 16:16:50] WSARecv : 412
[2017-12-3 16:16:50] WSARecv : 412
[2017-12-3 16:16:50] WSARecv : 412
[2017-12-3 16:16:50] WSARecv : 412
[2017-12-3 16:16:50] WSARecv : 412
[2017-12-3 16:16:50] WSARecv : 412
[2017-12-3 16:16:50] WSARecv : 412
[2017-12-3 16:16:50] WSARecv : 412
[2017-12-3 16:16:50] WSARecv : 412
[2017-12-3 16:16:50] WSARecv : 412
[2017-12-3 16:16:50] WSARecv : 412
[2017-12-3 16:16:50] WSARecv : 412
[2017-12-3 16:16:50] WSARecv : 412
[2017-12-3 16:16:50] WSARecv : 412
[2017-12-3 16:16:50] WSARecv : 412
[2017-12-3 16:16:50] WSARecv : 412
[2017-12-3 16:16:50] WSARecv : 412
[2017-12-3 16:16:50] WSARecv : 412
[2017-12-3 16:16:50] WSARecv : 412
[2017-12-3 16:16:50] WSARecv : 412
[2017-12-3 16:16:50] WSARecv : 412
[2017-12-3 16:16:50] WSARecv : 412
[2017-12-3 16:16:50] WSARecv : 412
[2017-12-3 16:16:50] WSARecv : 412
[2017-12-3 16:16:50] WSARecv : 412
[2017-12-3 16:16:50] WSARecv : 412
[2017-12-3 16:16:50] WSARecv : 412
[2017-12-3 16:16:50] WSARecv : 412
[2017-12-3 16:16:50] WSARecv : 412
[2017-12-3 16:16:52] AcceptEx Success
[2017-12-3 16:16:52] Client End
[2017-12-3 16:16:57] AcceptEx Success
[2017-12-3 16:16:57] Client End
[2017-12-3 16:17:37] WSAStartup Success
[2017-12-3 16:17:37] Socket Init Success
[2017-12-3 16:17:37] listen Success
[2017-12-3 16:17:37] AcceptEx Success
[2017-12-3 16:17:37] AcceptEx Success
[2017-12-3 16:17:37] AcceptEx Success
[2017-12-3 16:17:37] AcceptEx Success
[2017-12-3 16:17:37] AcceptEx Success
[2017-12-3 16:17:37] AcceptEx Success
[2017-12-3 16:17:37] AcceptEx Success
[2017-12-3 16:17:37] AcceptEx Success
[2017-12-3 16:17:37] AcceptEx Success
[2017-12-3 16:17:37] AcceptEx Success
[2017-12-3 16:17:37] AcceptEx Success
[2017-12-3 16:17:37] AcceptEx Success
[2017-12-3 16:17:37] AcceptEx Success
[2017-12-3 16:17:37] AcceptEx Success
[2017-12-3 16:17:37] AcceptEx Success
[2017-12-3 16:17:38] AcceptEx Success
[2017-12-3 16:17:38] AcceptEx Success
[2017-12-3 16:17:38] AcceptEx Success
[2017-12-3 16:17:38] AcceptEx Success
[2017-12-3 16:17:38] AcceptEx Success
[2017-12-3 16:17:38] AcceptEx Success
[2017-12-3 16:17:38] AcceptEx Success
[2017-12-3 16:17:38] AcceptEx Success
[2017-12-3 16:17:38] AcceptEx Success
[2017-12-3 16:17:38] AcceptEx Success
[2017-12-3 16:17:38] AcceptEx Success
[2017-12-3 16:17:38] AcceptEx Success
[2017-12-3 16:17:38] AcceptEx Success
[2017-12-3 16:17:38] AcceptEx Success
[2017-12-3 16:17:38] AcceptEx Success
[2017-12-3 16:17:38] Thread Create 8
[2017-12-3 16:17:44] INFO Success
[2017-12-3 16:17:44] Active_Session : 1
[2017-12-3 16:17:44] InActive_Session : 29
[2017-12-3 16:17:44] WSARecv : 496
[2017-12-3 16:17:44] Accept Success
[2017-12-3 16:17:46] INFO Success
[2017-12-3 16:17:46] Active_Session : 2
[2017-12-3 16:17:46] InActive_Session : 28
[2017-12-3 16:17:46] WSARecv : 480
[2017-12-3 16:17:46] Accept Success
[2017-12-3 16:17:49] WSARecv : 496
[2017-12-3 16:17:55] WSARecv : 480
[2017-12-3 16:18:0] Is Not Room User
[2017-12-3 16:18:0] Game_REQ Room Join
[2017-12-3 16:18:0] WSARecv : 496
[2017-12-3 16:18:3] Is Not Room User
[2017-12-3 16:18:3] Game_REQ Room Join
[2017-12-3 16:18:3] WSARecv : 480
[2017-12-3 16:18:12] WSARecv : 480
[2017-12-3 16:18:13] WSARecv : 496
[2017-12-3 16:18:14] WSARecv : 480
[2017-12-3 16:18:14] WSARecv : 480
[2017-12-3 16:18:15] WSARecv : 496
[2017-12-3 16:18:15] WSARecv : 496
[2017-12-3 16:18:25] AcceptEx Success
[2017-12-3 16:18:25] Client End
[2017-12-3 16:18:26] AcceptEx Success
[2017-12-3 16:18:26] Client End
[2017-12-3 16:18:33] INFO Success
[2017-12-3 16:18:33] Active_Session : 2
[2017-12-3 16:18:33] InActive_Session : 28
[2017-12-3 16:18:33] WSARecv : 252
[2017-12-3 16:18:33] Accept Success
[2017-12-3 16:18:36] INFO Success
[2017-12-3 16:18:36] Active_Session : 2
[2017-12-3 16:18:36] InActive_Session : 28
[2017-12-3 16:18:36] WSARecv : 252
[2017-12-3 16:18:36] Accept Success
[2017-12-3 16:18:46] WSARecv : 252
[2017-12-3 16:18:55] Is Not Room User
[2017-12-3 16:18:55] Game_REQ Room Join
[2017-12-3 16:18:55] WSARecv : 252
[2017-12-3 16:19:18] INFO Success
[2017-12-3 16:19:18] Active_Session : 3
[2017-12-3 16:19:18] InActive_Session : 27
[2017-12-3 16:19:18] WSARecv : 492
[2017-12-3 16:19:18] Accept Success
[2017-12-3 16:19:22] WSARecv : 492
[2017-12-3 16:19:27] Is Not Room User
[2017-12-3 16:19:27] Game_REQ Room Join
[2017-12-3 16:19:27] WSARecv : 492
[2017-12-3 16:19:33] WSARecv : 252
[2017-12-3 16:19:34] WSARecv : 492
[2017-12-3 16:19:35] WSARecv ERROR 

[2017-12-3 16:19:35] WSARecv ERROR 

[2017-12-3 16:19:35] WSARecv ERROR 

[2017-12-3 16:19:35] WSARecv ERROR 

[2017-12-3 16:19:35] WSARecv ERROR 

[2017-12-3 16:19:35] WSARecv ERROR 

[2017-12-3 16:19:35] WSARecv ERROR 

[2017-12-3 16:19:35] WSARecv ERROR 

[2017-12-3 16:19:35] WSARecv ERROR 

[2017-12-3 16:19:35] WSARecv ERROR 

[2017-12-3 16:19:35] WSARecv ERROR 

[2017-12-3 16:19:35] WSARecv ERROR 

[2017-12-3 16:19:35] WSARecv ERROR 

[2017-12-3 16:19:35] WSARecv ERROR 

[2017-12-3 16:19:35] WSARecv ERROR 

[2017-12-3 16:19:35] WSARecv ERROR 

[2017-12-3 16:19:35] WSARecv ERROR 

[2017-12-3 16:19:35] WSARecv ERROR 

[2017-12-3 16:19:35] WSARecv ERROR 

[2017-12-3 16:19:35] WSARecv ERROR 

[2017-12-3 16:19:35] WSARecv ERROR 

[2017-12-3 16:19:35] WSARecv ERROR 

[2017-12-3 16:19:35] WSARecv ERROR 

[2017-12-3 16:19:35] WSARecv ERROR 

[2017-12-3 16:19:35] WSARecv ERROR 

[2017-12-3 16:19:35] WSARecv ERROR 

[2017-12-3 16:19:35] WSARecv ERROR 

[2017-12-3 16:19:35] WSARecv ERROR 

[2017-12-3 16:19:35] WSARecv ERROR 

[2017-12-3 16:19:35] WSARecv ERROR 

[2017-12-3 16:19:35] WSARecv ERROR 

[2017-12-3 16:19:35] WSARecv ERROR 

[2017-12-3 16:19:35] WSARecv ERROR 

[2017-12-3 16:19:35] WSARecv ERROR 

[2017-12-3 16:19:35] WSARecv ERROR 

[2017-12-3 16:19:35] WSARecv ERROR 

[2017-12-3 16:19:35] WSARecv ERROR 

[2017-12-3 16:19:35] WSARecv ERROR 

[2017-12-3 16:19:35] WSARecv ERROR 

[2017-12-3 16:19:35] WSARecv ERROR 

[2017-12-3 16:19:35] WSARecv ERROR 

[2017-12-3 16:19:35] WSARecv ERROR 

[2017-12-3 16:19:35] WSARecv ERROR 

[2017-12-3 16:19:35] WSARecv ERROR 

[2017-12-3 16:19:35] writeBuffer.Enqueue() Error
[2017-12-3 16:19:35] writeBuffer.Enqueue() Error
[2017-12-3 16:19:35] writeBuffer.Enqueue() Error
[2017-12-3 16:19:35] writeBuffer.Enqueue() Error
[2017-12-3 16:19:35] writeBuffer.Enqueue() Error
[2017-12-3 16:19:35] writeBuffer.Enqueue() Error
[2017-12-3 16:19:35] writeBuffer.Enqueue() Error
[2017-12-3 16:19:35] writeBuffer.Enqueue() Error
[2017-12-3 16:19:35] writeBuffer.Enqueue() Error
[2017-12-3 16:19:35] writeBuffer.Enqueue() Error
[2017-12-3 16:19:35] writeBuffer.Enqueue() Error
[2017-12-3 16:19:35] writeBuffer.Enqueue() Error
[2017-12-3 16:19:35] writeBuffer.Enqueue() Error
[2017-12-3 16:19:35] writeBuffer.Enqueue() Error
[2017-12-3 16:19:35] writeBuffer.Enqueue() Error
[2017-12-3 16:19:35] writeBuffer.Enqueue() Error
[2017-12-3 16:19:35] writeBuffer.Enqueue() Error
[2017-12-3 16:19:35] writeBuffer.Enqueue() Error
[2017-12-3 16:19:35] writeBuffer.Enqueue() Error
[2017-12-3 16:19:35] writeBuffer.Enqueue() Error
[2017-12-3 16:19:35] writeBuffer.Enqueue() Error
[2017-12-3 16:19:35] writeBuffer.Enqueue() Error
[2017-12-3 16:19:35] writeBuffer.Enqueue() Error
[2017-12-3 16:19:35] writeBuffer.Enqueue() Error
[2017-12-3 16:19:35] writeBuffer.Enqueue() Error
[2017-12-3 16:19:35] writeBuffer.Enqueue() Error
[2017-12-3 16:19:35] writeBuffer.Enqueue() Error
[2017-12-3 16:19:35] writeBuffer.Enqueue() Error
[2017-12-3 16:19:35] writeBuffer.Enqueue() Error
[2017-12-3 16:19:35] writeBuffer.Enqueue() Error
[2017-12-3 16:19:35] writeBuffer.Enqueue() Error
[2017-12-3 16:19:35] writeBuffer.Enqueue() Error
[2017-12-3 16:19:35] writeBuffer.Enqueue() Error
[2017-12-3 16:19:35] writeBuffer.Enqueue() Error
[2017-12-3 16:19:35] writeBuffer.Enqueue() Error
[2017-12-3 16:19:35] writeBuffer.Enqueue() Error
[2017-12-3 16:19:35] writeBuffer.Enqueue() Error
[2017-12-3 16:19:35] writeBuffer.Enqueue() Error
[2017-12-3 16:19:35] writeBuffer.Enqueue() Error
[2017-12-3 16:19:35] writeBuffer.Enqueue() Error
[2017-12-3 16:19:35] writeBuffer.Enqueue() Error
[2017-12-3 16:19:35] writeBuffer.Enqueue() Error
[2017-12-3 16:19:35] writeBuffer.Enqueue() Error
[2017-12-3 16:19:35] writeBuffer.Enqueue() Error
[2017-12-3 16:19:35] writeBuffer.Enqueue() Error
[2017-12-3 16:19:35] writeBuffer.Enqueue() Error
[2017-12-3 16:19:35] writeBuffer.Enqueue() Error
[2017-12-3 16:19:35] writeBuffer.Enqueue() Error
[2017-12-3 16:19:36] writeBuffer.Enqueue() Error
[2017-12-3 16:19:36] writeBuffer.Enqueue() Error
[2017-12-3 16:19:36] writeBuffer.Enqueue() Error
[2017-12-3 16:19:36] writeBuffer.Enqueue() Error
[2017-12-3 16:19:36] writeBuffer.Enqueue() Error
[2017-12-3 16:19:36] writeBuffer.Enqueue() Error
[2017-12-3 16:19:36] writeBuffer.Enqueue() Error
[2017-12-3 16:19:36] writeBuffer.Enqueue() Error
[2017-12-3 16:19:36] writeBuffer.Enqueue() Error
[2017-12-3 16:19:36] writeBuffer.Enqueue() Error
[2017-12-3 16:19:36] writeBuffer.Enqueue() Error
[2017-12-3 16:19:36] writeBuffer.Enqueue() Error
[2017-12-3 16:19:36] writeBuffer.Enqueue() Error
[2017-12-3 16:19:36] writeBuffer.Enqueue() Error
[2017-12-3 16:19:36] writeBuffer.Enqueue() Error
[2017-12-3 16:19:36] writeBuffer.Enqueue() Error
[2017-12-3 16:19:36] writeBuffer.Enqueue() Error
[2017-12-3 16:19:36] writeBuffer.Enqueue() Error
[2017-12-3 16:19:36] writeBuffer.Enqueue() Error
[2017-12-3 16:19:36] writeBuffer.Enqueue() Error
[2017-12-3 16:19:36] writeBuffer.Enqueue() Error
[2017-12-3 16:19:36] writeBuffer.Enqueue() Error
[2017-12-3 16:19:36] writeBuffer.Enqueue() Error
[2017-12-3 16:19:36] writeBuffer.Enqueue() Error
[2017-12-3 16:19:36] writeBuffer.Enqueue() Error
[2017-12-3 16:19:36] writeBuffer.Enqueue() Error
[2017-12-3 16:19:36] writeBuffer.Enqueue() Error
[2017-12-3 16:19:36] writeBuffer.Enqueue() Error
[2017-12-3 16:19:36] writeBuffer.Enqueue() Error
[2017-12-3 16:19:36] writeBuffer.Enqueue() Error
[2017-12-3 16:19:36] writeBuffer.Enqueue() Error
[2017-12-3 16:19:36] writeBuffer.Enqueue() Error
[2017-12-3 16:19:36] writeBuffer.Enqueue() Error
[2017-12-3 16:19:36] writeBuffer.Enqueue() Error
[2017-12-3 16:19:36] writeBuffer.Enqueue() Error
[2017-12-3 16:19:36] writeBuffer.Enqueue() Error
[2017-12-3 16:19:36] writeBuffer.Enqueue() Error
[2017-12-3 16:19:36] writeBuffer.Enqueue() Error
[2017-12-3 16:19:36] writeBuffer.Enqueue() Error
[2017-12-3 16:19:36] writeBuffer.Enqueue() Error
[2017-12-3 16:19:36] writeBuffer.Enqueue() Error
[2017-12-3 16:19:36] writeBuffer.Enqueue() Error
[2017-12-3 16:19:36] writeBuffer.Enqueue() Error
[2017-12-3 16:19:36] writeBuffer.Enqueue() Error
[2017-12-3 16:19:36] writeBuffer.Enqueue() Error
[2017-12-3 16:19:36] writeBuffer.Enqueue() Error
[2017-12-3 16:19:36] writeBuffer.Enqueue() Error
[2017-12-3 16:19:36] writeBuffer.Enqueue() Error
[2017-12-3 16:19:36] writeBuffer.Enqueue() Error
[2017-12-3 16:19:36] writeBuffer.Enqueue() Error
[2017-12-3 16:19:36] writeBuffer.Enqueue() Error
[2017-12-3 16:19:36] writeBuffer.Enqueue() Error
[2017-12-3 16:19:36] writeBuffer.Enqueue() Error
[2017-12-3 16:19:36] writeBuffer.Enqueue() Error
[2017-12-3 16:19:36] writeBuffer.Enqueue() Error
[2017-12-3 16:19:36] writeBuffer.Enqueue() Error
[2017-12-3 16:19:36] writeBuffer.Enqueue() Error
[2017-12-3 16:19:36] writeBuffer.Enqueue() Error
[2017-12-3 16:19:36] writeBuffer.Enqueue() Error
[2017-12-3 16:19:36] writeBuffer.Enqueue() Error
[2017-12-3 16:19:36] writeBuffer.Enqueue() Error
[2017-12-3 16:19:36] writeBuffer.Enqueue() Error
[2017-12-3 16:19:36] writeBuffer.Enqueue() Error
[2017-12-3 16:19:36] writeBuffer.Enqueue() Error
[2017-12-3 16:19:36] writeBuffer.Enqueue() Error
[2017-12-3 16:19:36] writeBuffer.Enqueue() Error
[2017-12-3 16:19:36] writeBuffer.Enqueue() Error
[2017-12-3 16:19:36] writeBuffer.Enqueue() Error
[2017-12-3 16:19:36] writeBuffer.Enqueue() Error
[2017-12-3 16:19:36] writeBuffer.Enqueue() Error
[2017-12-3 16:19:36] writeBuffer.Enqueue() Error
[2017-12-3 16:19:36] writeBuffer.Enqueue() Error
[2017-12-3 16:19:36] writeBuffer.Enqueue() Error
[2017-12-3 16:19:36] writeBuffer.Enqueue() Error
[2017-12-3 16:19:36] writeBuffer.Enqueue() Error
[2017-12-3 16:19:36] writeBuffer.Enqueue() Error
[2017-12-3 16:19:36] writeBuffer.Enqueue() Error
[2017-12-3 16:19:36] writeBuffer.Enqueue() Error
[2017-12-3 16:19:36] writeBuffer.Enqueue() Error
[2017-12-3 16:19:36] writeBuffer.Enqueue() Error
[2017-12-3 16:19:36] writeBuffer.Enqueue() Error
[2017-12-3 16:19:36] writeBuffer.Enqueue() Error
[2017-12-3 16:19:36] writeBuffer.Enqueue() Error
[2017-12-3 16:19:36] writeBuffer.Enqueue() Error
[2017-12-3 16:19:36] writeBuffer.Enqueue() Error
[2017-12-3 16:19:36] writeBuffer.Enqueue() Error
[2017-12-3 16:19:36] writeBuffer.Enqueue() Error
[2017-12-3 16:19:36] writeBuffer.Enqueue() Error
[2017-12-3 16:19:36] writeBuffer.Enqueue() Error
[2017-12-3 16:19:36] writeBuffer.Enqueue() Error
[2017-12-3 16:19:36] writeBuffer.Enqueue() Error
[2017-12-3 16:19:36] writeBuffer.Enqueue() Error
[2017-12-3 16:19:36] writeBuffer.Enqueue() Error
[2017-12-3 16:19:36] writeBuffer.Enqueue() Error
[2017-12-3 16:19:36] writeBuffer.Enqueue() Error
[2017-12-3 16:19:36] writeBuffer.Enqueue() Error
[2017-12-3 16:19:36] writeBuffer.Enqueue() Error
[2017-12-3 16:19:36] writeBuffer.Enqueue() Error
[2017-12-3 16:19:36] writeBuffer.Enqueue() Error
[2017-12-3 16:19:36] writeBuffer.Enqueue() Error
[2017-12-3 16:19:36] writeBuffer.Enqueue() Error
[2017-12-3 16:19:36] writeBuffer.Enqueue() Error
[2017-12-3 16:19:36] writeBuffer.Enqueue() Error
[2017-12-3 16:19:36] writeBuffer.Enqueue() Error
[2017-12-3 16:19:36] writeBuffer.Enqueue() Error
[2017-12-3 16:19:36] writeBuffer.Enqueue() Error
[2017-12-3 16:19:36] writeBuffer.Enqueue() Error
[2017-12-3 16:19:36] writeBuffer.Enqueue() Error
[2017-12-3 16:19:36] writeBuffer.Enqueue() Error
[2017-12-3 16:19:36] writeBuffer.Enqueue() Error
[2017-12-3 16:19:36] writeBuffer.Enqueue() Error
[2017-12-3 16:19:36] writeBuffer.Enqueue() Error
[2017-12-3 16:19:36] writeBuffer.Enqueue() Error
[2017-12-3 16:19:36] writeBuffer.Enqueue() Error
[2017-12-3 16:19:36] writeBuffer.Enqueue() Error
[2017-12-3 16:19:36] writeBuffer.Enqueue() Error
[2017-12-3 16:19:36] writeBuffer.Enqueue() Error
[2017-12-3 16:19:36] writeBuffer.Enqueue() Error
[2017-12-3 16:19:36] writeBuffer.Enqueue() Error
[2017-12-3 16:19:36] writeBuffer.Enqueue() Error
[2017-12-3 16:19:36] writeBuffer.Enqueue() Error
[2017-12-3 16:19:36] writeBuffer.Enqueue() Error
[2017-12-3 16:19:36] writeBuffer.Enqueue() Error
[2017-12-3 16:19:36] writeBuffer.Enqueue() Error
[2017-12-3 16:19:36] writeBuffer.Enqueue() Error
[2017-12-3 16:19:36] writeBuffer.Enqueue() Error
[2017-12-3 16:19:36] writeBuffer.Enqueue() Error
[2017-12-3 16:19:36] writeBuffer.Enqueue() Error
[2017-12-3 16:19:36] writeBuffer.Enqueue() Error
[2017-12-3 16:19:36] writeBuffer.Enqueue() Error
[2017-12-3 16:19:36] writeBuffer.Enqueue() Error
[2017-12-3 16:19:36] writeBuffer.Enqueue() Error
[2017-12-3 16:19:36] writeBuffer.Enqueue() Error
[2017-12-3 16:19:36] writeBuffer.Enqueue() Error
[2017-12-3 16:19:36] writeBuffer.Enqueue() Error
[2017-12-3 16:19:36] writeBuffer.Enqueue() Error
[2017-12-3 16:19:36] writeBuffer.Enqueue() Error
[2017-12-3 16:19:36] writeBuffer.Enqueue() Error
[2017-12-3 16:19:36] writeBuffer.Enqueue() Error
[2017-12-3 16:19:36] writeBuffer.Enqueue() Error
[2017-12-3 16:19:37] writeBuffer.Enqueue() Error
[2017-12-3 16:19:37] writeBuffer.Enqueue() Error
[2017-12-3 16:19:37] writeBuffer.Enqueue() Error
[2017-12-3 16:19:37] writeBuffer.Enqueue() Error
[2017-12-3 16:19:37] writeBuffer.Enqueue() Error
[2017-12-3 16:19:37] writeBuffer.Enqueue() Error
[2017-12-3 16:19:37] writeBuffer.Enqueue() Error
[2017-12-3 16:19:37] writeBuffer.Enqueue() Error
[2017-12-3 16:19:37] writeBuffer.Enqueue() Error
[2017-12-3 16:19:37] writeBuffer.Enqueue() Error
[2017-12-3 16:19:37] writeBuffer.Enqueue() Error
[2017-12-3 16:19:37] writeBuffer.Enqueue() Error
[2017-12-3 16:19:37] writeBuffer.Enqueue() Error
[2017-12-3 16:19:37] writeBuffer.Enqueue() Error
[2017-12-3 16:19:37] writeBuffer.Enqueue() Error
[2017-12-3 16:19:37] writeBuffer.Enqueue() Error
[2017-12-3 16:19:37] writeBuffer.Enqueue() Error
[2017-12-3 16:19:37] writeBuffer.Enqueue() Error
[2017-12-3 16:19:37] writeBuffer.Enqueue() Error
[2017-12-3 16:19:37] writeBuffer.Enqueue() Error
[2017-12-3 16:19:37] writeBuffer.Enqueue() Error
[2017-12-3 16:19:37] writeBuffer.Enqueue() Error
[2017-12-3 16:19:37] writeBuffer.Enqueue() Error
[2017-12-3 16:19:37] writeBuffer.Enqueue() Error
[2017-12-3 16:19:37] writeBuffer.Enqueue() Error
[2017-12-3 16:19:37] writeBuffer.Enqueue() Error
[2017-12-3 16:19:37] writeBuffer.Enqueue() Error
[2017-12-3 16:19:37] writeBuffer.Enqueue() Error
[2017-12-3 16:19:37] writeBuffer.Enqueue() Error
[2017-12-3 16:19:37] writeBuffer.Enqueue() Error
[2017-12-3 16:19:37] writeBuffer.Enqueue() Error
[2017-12-3 16:19:37] writeBuffer.Enqueue() Error
[2017-12-3 16:19:37] writeBuffer.Enqueue() Error
[2017-12-3 16:19:37] writeBuffer.Enqueue() Error
[2017-12-3 16:19:37] writeBuffer.Enqueue() Error
[2017-12-3 16:19:37] writeBuffer.Enqueue() Error
[2017-12-3 16:19:37] writeBuffer.Enqueue() Error
[2017-12-3 16:19:37] writeBuffer.Enqueue() Error
[2017-12-3 16:19:37] writeBuffer.Enqueue() Error
[2017-12-3 16:19:37] writeBuffer.Enqueue() Error
[2017-12-3 16:19:37] writeBuffer.Enqueue() Error
[2017-12-3 16:19:37] writeBuffer.Enqueue() Error
[2017-12-3 16:19:37] writeBuffer.Enqueue() Error
[2017-12-3 16:19:37] writeBuffer.Enqueue() Error
[2017-12-3 16:19:37] writeBuffer.Enqueue() Error
[2017-12-3 16:19:37] writeBuffer.Enqueue() Error
[2017-12-3 16:19:37] writeBuffer.Enqueue() Error
[2017-12-3 16:19:37] writeBuffer.Enqueue() Error
[2017-12-3 16:19:37] writeBuffer.Enqueue() Error
[2017-12-3 16:19:37] writeBuffer.Enqueue() Error
[2017-12-3 16:19:37] writeBuffer.Enqueue() Error
[2017-12-3 16:19:37] writeBuffer.Enqueue() Error
[2017-12-3 16:19:37] writeBuffer.Enqueue() Error
[2017-12-3 16:19:37] writeBuffer.Enqueue() Error
[2017-12-3 16:19:37] writeBuffer.Enqueue() Error
[2017-12-3 16:19:37] writeBuffer.Enqueue() Error
[2017-12-3 16:19:37] writeBuffer.Enqueue() Error
[2017-12-3 16:19:37] writeBuffer.Enqueue() Error
[2017-12-3 16:19:37] writeBuffer.Enqueue() Error
[2017-12-3 16:19:37] writeBuffer.Enqueue() Error
[2017-12-3 16:19:37] writeBuffer.Enqueue() Error
[2017-12-3 16:19:37] writeBuffer.Enqueue() Error
[2017-12-3 16:19:37] writeBuffer.Enqueue() Error
[2017-12-3 16:19:37] writeBuffer.Enqueue() Error
[2017-12-3 16:19:37] writeBuffer.Enqueue() Error
[2017-12-3 16:19:37] writeBuffer.Enqueue() Error
[2017-12-3 16:19:37] writeBuffer.Enqueue() Error
[2017-12-3 16:19:37] writeBuffer.Enqueue() Error
[2017-12-3 16:19:37] writeBuffer.Enqueue() Error
[2017-12-3 16:19:37] writeBuffer.Enqueue() Error
[2017-12-3 16:19:37] writeBuffer.Enqueue() Error
[2017-12-3 16:19:37] writeBuffer.Enqueue() Error
[2017-12-3 16:19:37] writeBuffer.Enqueue() Error
[2017-12-3 16:19:37] writeBuffer.Enqueue() Error
[2017-12-3 16:19:37] writeBuffer.Enqueue() Error
[2017-12-3 16:19:37] writeBuffer.Enqueue() Error
[2017-12-3 16:19:37] writeBuffer.Enqueue() Error
[2017-12-3 16:19:37] writeBuffer.Enqueue() Error
[2017-12-3 16:19:37] writeBuffer.Enqueue() Error
[2017-12-3 16:19:37] writeBuffer.Enqueue() Error
[2017-12-3 16:19:37] writeBuffer.Enqueue() Error
[2017-12-3 16:19:37] writeBuffer.Enqueue() Error
[2017-12-3 16:19:37] writeBuffer.Enqueue() Error
[2017-12-3 16:19:37] writeBuffer.Enqueue() Error
[2017-12-3 16:19:37] writeBuffer.Enqueue() Error
[2017-12-3 16:19:37] writeBuffer.Enqueue() Error
[2017-12-3 16:19:37] writeBuffer.Enqueue() Error
[2017-12-3 16:19:37] writeBuffer.Enqueue() Error
[2017-12-3 16:19:37] writeBuffer.Enqueue() Error
[2017-12-3 16:19:37] writeBuffer.Enqueue() Error
[2017-12-3 16:19:37] writeBuffer.Enqueue() Error
[2017-12-3 16:19:37] writeBuffer.Enqueue() Error
[2017-12-3 16:19:37] writeBuffer.Enqueue() Error
[2017-12-3 16:19:37] writeBuffer.Enqueue() Error
[2017-12-3 16:19:37] writeBuffer.Enqueue() Error
[2017-12-3 16:19:37] writeBuffer.Enqueue() Error
[2017-12-3 16:19:37] writeBuffer.Enqueue() Error
[2017-12-3 16:19:37] writeBuffer.Enqueue() Error
[2017-12-3 16:19:37] writeBuffer.Enqueue() Error
[2017-12-3 16:19:37] writeBuffer.Enqueue() Error
[2017-12-3 16:19:37] writeBuffer.Enqueue() Error
[2017-12-3 16:19:37] writeBuffer.Enqueue() Error
[2017-12-3 16:19:37] writeBuffer.Enqueue() Error
[2017-12-3 16:19:37] writeBuffer.Enqueue() Error
[2017-12-3 16:19:37] writeBuffer.Enqueue() Error
[2017-12-3 16:19:37] writeBuffer.Enqueue() Error
[2017-12-3 16:19:37] writeBuffer.Enqueue() Error
[2017-12-3 16:19:37] writeBuffer.Enqueue() Error
[2017-12-3 16:19:37] writeBuffer.Enqueue() Error
[2017-12-3 16:19:37] writeBuffer.Enqueue() Error
[2017-12-3 16:19:37] writeBuffer.Enqueue() Error
[2017-12-3 16:19:37] writeBuffer.Enqueue() Error
[2017-12-3 16:19:37] writeBuffer.Enqueue() Error
[2017-12-3 16:19:37] writeBuffer.Enqueue() Error
[2017-12-3 16:19:37] writeBuffer.Enqueue() Error
[2017-12-3 16:19:37] writeBuffer.Enqueue() Error
[2017-12-3 16:19:37] writeBuffer.Enqueue() Error
[2017-12-3 16:19:37] writeBuffer.Enqueue() Error
[2017-12-3 16:19:37] writeBuffer.Enqueue() Error
[2017-12-3 16:19:37] writeBuffer.Enqueue() Error
[2017-12-3 16:19:37] writeBuffer.Enqueue() Error
[2017-12-3 16:19:37] writeBuffer.Enqueue() Error
[2017-12-3 16:19:37] writeBuffer.Enqueue() Error
[2017-12-3 16:19:37] writeBuffer.Enqueue() Error
[2017-12-3 16:19:37] writeBuffer.Enqueue() Error
[2017-12-3 16:19:37] writeBuffer.Enqueue() Error
[2017-12-3 16:19:37] writeBuffer.Enqueue() Error
[2017-12-3 16:19:37] writeBuffer.Enqueue() Error
[2017-12-3 16:19:37] writeBuffer.Enqueue() Error
[2017-12-3 16:19:37] writeBuffer.Enqueue() Error
[2017-12-3 16:19:37] writeBuffer.Enqueue() Error
[2017-12-3 16:19:37] writeBuffer.Enqueue() Error
[2017-12-3 16:19:38] writeBuffer.Enqueue() Error
[2017-12-3 16:19:38] writeBuffer.Enqueue() Error
[2017-12-3 16:19:38] writeBuffer.Enqueue() Error
[2017-12-3 16:19:38] writeBuffer.Enqueue() Error
[2017-12-3 16:19:38] writeBuffer.Enqueue() Error
[2017-12-3 16:19:38] writeBuffer.Enqueue() Error
[2017-12-3 16:19:38] writeBuffer.Enqueue() Error
[2017-12-3 16:19:38] writeBuffer.Enqueue() Error
[2017-12-3 16:19:38] writeBuffer.Enqueue() Error
[2017-12-3 16:19:38] writeBuffer.Enqueue() Error
[2017-12-3 16:19:38] writeBuffer.Enqueue() Error
[2017-12-3 16:19:38] writeBuffer.Enqueue() Error
[2017-12-3 16:19:38] writeBuffer.Enqueue() Error
[2017-12-3 16:19:38] writeBuffer.Enqueue() Error
[2017-12-3 16:19:38] writeBuffer.Enqueue() Error
[2017-12-3 16:19:38] writeBuffer.Enqueue() Error
[2017-12-3 16:19:38] writeBuffer.Enqueue() Error
[2017-12-3 16:19:38] writeBuffer.Enqueue() Error
[2017-12-3 16:19:38] writeBuffer.Enqueue() Error
[2017-12-3 16:19:38] writeBuffer.Enqueue() Error
[2017-12-3 16:19:38] writeBuffer.Enqueue() Error
[2017-12-3 16:19:38] writeBuffer.Enqueue() Error
[2017-12-3 16:19:38] writeBuffer.Enqueue() Error
[2017-12-3 16:19:38] writeBuffer.Enqueue() Error
[2017-12-3 16:19:38] writeBuffer.Enqueue() Error
[2017-12-3 16:19:38] writeBuffer.Enqueue() Error
[2017-12-3 16:19:38] writeBuffer.Enqueue() Error
[2017-12-3 16:19:38] writeBuffer.Enqueue() Error
[2017-12-3 16:19:38] writeBuffer.Enqueue() Error
[2017-12-3 16:19:38] writeBuffer.Enqueue() Error
[2017-12-3 16:19:38] writeBuffer.Enqueue() Error
[2017-12-3 16:19:38] writeBuffer.Enqueue() Error
[2017-12-3 16:19:38] writeBuffer.Enqueue() Error
[2017-12-3 16:19:38] writeBuffer.Enqueue() Error
[2017-12-3 16:19:38] writeBuffer.Enqueue() Error
[2017-12-3 16:19:38] writeBuffer.Enqueue() Error
[2017-12-3 16:19:38] writeBuffer.Enqueue() Error
[2017-12-3 16:19:38] writeBuffer.Enqueue() Error
[2017-12-3 16:19:38] writeBuffer.Enqueue() Error
[2017-12-3 16:19:38] writeBuffer.Enqueue() Error
[2017-12-3 16:19:38] writeBuffer.Enqueue() Error
[2017-12-3 16:19:38] writeBuffer.Enqueue() Error
[2017-12-3 16:19:38] writeBuffer.Enqueue() Error
[2017-12-3 16:19:38] writeBuffer.Enqueue() Error
[2017-12-3 16:19:38] writeBuffer.Enqueue() Error
[2017-12-3 16:19:38] writeBuffer.Enqueue() Error
[2017-12-3 16:19:38] writeBuffer.Enqueue() Error
[2017-12-3 16:19:38] writeBuffer.Enqueue() Error
[2017-12-3 16:19:38] writeBuffer.Enqueue() Error
[2017-12-3 16:19:38] writeBuffer.Enqueue() Error
[2017-12-3 16:19:38] writeBuffer.Enqueue() Error
[2017-12-3 16:19:38] writeBuffer.Enqueue() Error
[2017-12-3 16:19:38] writeBuffer.Enqueue() Error
[2017-12-3 16:19:38] writeBuffer.Enqueue() Error
[2017-12-3 16:19:38] writeBuffer.Enqueue() Error
[2017-12-3 16:19:38] writeBuffer.Enqueue() Error
[2017-12-3 16:19:38] writeBuffer.Enqueue() Error
[2017-12-3 16:19:38] writeBuffer.Enqueue() Error
[2017-12-3 16:19:38] writeBuffer.Enqueue() Error
[2017-12-3 16:19:38] writeBuffer.Enqueue() Error
[2017-12-3 16:19:38] writeBuffer.Enqueue() Error
[2017-12-3 16:19:38] writeBuffer.Enqueue() Error
[2017-12-3 16:19:38] writeBuffer.Enqueue() Error
[2017-12-3 16:19:38] writeBuffer.Enqueue() Error
[2017-12-3 16:19:38] writeBuffer.Enqueue() Error
[2017-12-3 16:19:38] writeBuffer.Enqueue() Error
[2017-12-3 16:19:38] writeBuffer.Enqueue() Error
[2017-12-3 16:19:38] writeBuffer.Enqueue() Error
[2017-12-3 16:19:38] writeBuffer.Enqueue() Error
[2017-12-3 16:19:38] writeBuffer.Enqueue() Error
[2017-12-3 16:19:38] writeBuffer.Enqueue() Error
[2017-12-3 16:19:38] writeBuffer.Enqueue() Error
[2017-12-3 16:19:38] writeBuffer.Enqueue() Error
[2017-12-3 16:19:38] writeBuffer.Enqueue() Error
[2017-12-3 16:19:38] writeBuffer.Enqueue() Error
[2017-12-3 16:19:38] writeBuffer.Enqueue() Error
[2017-12-3 16:19:38] writeBuffer.Enqueue() Error
[2017-12-3 16:19:38] writeBuffer.Enqueue() Error
[2017-12-3 16:19:38] writeBuffer.Enqueue() Error
[2017-12-3 16:19:38] writeBuffer.Enqueue() Error
[2017-12-3 16:19:38] writeBuffer.Enqueue() Error
[2017-12-3 16:19:38] writeBuffer.Enqueue() Error
[2017-12-3 16:19:38] writeBuffer.Enqueue() Error
[2017-12-3 16:19:38] writeBuffer.Enqueue() Error
[2017-12-3 16:19:38] writeBuffer.Enqueue() Error
[2017-12-3 16:19:38] writeBuffer.Enqueue() Error
[2017-12-3 16:19:38] writeBuffer.Enqueue() Error
[2017-12-3 16:19:38] writeBuffer.Enqueue() Error
[2017-12-3 16:19:38] writeBuffer.Enqueue() Error
[2017-12-3 16:19:38] writeBuffer.Enqueue() Error
[2017-12-3 16:19:38] writeBuffer.Enqueue() Error
[2017-12-3 16:19:38] writeBuffer.Enqueue() Error
[2017-12-3 16:19:38] writeBuffer.Enqueue() Error
[2017-12-3 16:19:38] writeBuffer.Enqueue() Error
[2017-12-3 16:19:38] writeBuffer.Enqueue() Error
[2017-12-3 16:19:38] writeBuffer.Enqueue() Error
[2017-12-3 16:19:38] writeBuffer.Enqueue() Error
[2017-12-3 16:19:38] writeBuffer.Enqueue() Error
[2017-12-3 16:19:38] writeBuffer.Enqueue() Error
[2017-12-3 16:19:38] writeBuffer.Enqueue() Error
[2017-12-3 16:19:38] writeBuffer.Enqueue() Error
[2017-12-3 16:19:38] writeBuffer.Enqueue() Error
[2017-12-3 16:19:38] writeBuffer.Enqueue() Error
[2017-12-3 16:19:38] writeBuffer.Enqueue() Error
[2017-12-3 16:19:38] writeBuffer.Enqueue() Error
[2017-12-3 16:19:38] writeBuffer.Enqueue() Error
[2017-12-3 16:19:38] writeBuffer.Enqueue() Error
[2017-12-3 16:19:38] writeBuffer.Enqueue() Error
[2017-12-3 16:19:38] writeBuffer.Enqueue() Error
[2017-12-3 16:19:38] writeBuffer.Enqueue() Error
[2017-12-3 16:19:38] writeBuffer.Enqueue() Error
[2017-12-3 16:19:38] writeBuffer.Enqueue() Error
[2017-12-3 16:19:38] writeBuffer.Enqueue() Error
[2017-12-3 16:19:38] writeBuffer.Enqueue() Error
[2017-12-3 16:19:38] writeBuffer.Enqueue() Error
[2017-12-3 16:19:38] writeBuffer.Enqueue() Error
[2017-12-3 16:19:38] writeBuffer.Enqueue() Error
[2017-12-3 16:19:38] writeBuffer.Enqueue() Error
[2017-12-3 16:19:38] writeBuffer.Enqueue() Error
[2017-12-3 16:19:38] writeBuffer.Enqueue() Error
[2017-12-3 16:19:39] writeBuffer.Enqueue() Error
[2017-12-3 16:19:39] writeBuffer.Enqueue() Error
[2017-12-3 16:19:39] writeBuffer.Enqueue() Error
[2017-12-3 16:19:39] writeBuffer.Enqueue() Error
[2017-12-3 16:19:39] writeBuffer.Enqueue() Error
[2017-12-3 16:19:39] writeBuffer.Enqueue() Error
[2017-12-3 16:19:39] writeBuffer.Enqueue() Error
[2017-12-3 16:19:39] writeBuffer.Enqueue() Error
[2017-12-3 16:19:39] writeBuffer.Enqueue() Error
[2017-12-3 16:19:39] writeBuffer.Enqueue() Error
[2017-12-3 16:19:39] writeBuffer.Enqueue() Error
[2017-12-3 16:19:39] writeBuffer.Enqueue() Error
[2017-12-3 16:19:39] writeBuffer.Enqueue() Error
[2017-12-3 16:19:39] writeBuffer.Enqueue() Error
[2017-12-3 16:19:39] writeBuffer.Enqueue() Error
[2017-12-3 16:19:39] writeBuffer.Enqueue() Error
[2017-12-3 16:19:39] writeBuffer.Enqueue() Error
[2017-12-3 16:19:39] writeBuffer.Enqueue() Error
[2017-12-3 16:19:39] writeBuffer.Enqueue() Error
[2017-12-3 16:19:39] writeBuffer.Enqueue() Error
[2017-12-3 16:19:39] writeBuffer.Enqueue() Error
[2017-12-3 16:19:39] writeBuffer.Enqueue() Error
[2017-12-3 16:19:39] writeBuffer.Enqueue() Error
[2017-12-3 16:19:39] writeBuffer.Enqueue() Error
[2017-12-3 16:19:39] writeBuffer.Enqueue() Error
[2017-12-3 16:19:39] writeBuffer.Enqueue() Error
[2017-12-3 16:19:39] writeBuffer.Enqueue() Error
[2017-12-3 16:19:39] writeBuffer.Enqueue() Error
[2017-12-3 16:19:39] writeBuffer.Enqueue() Error
[2017-12-3 16:19:39] writeBuffer.Enqueue() Error
[2017-12-3 16:19:39] writeBuffer.Enqueue() Error
[2017-12-3 16:19:39] writeBuffer.Enqueue() Error
[2017-12-3 16:19:39] writeBuffer.Enqueue() Error
[2017-12-3 16:19:39] writeBuffer.Enqueue() Error
[2017-12-3 16:19:39] writeBuffer.Enqueue() Error
[2017-12-3 16:19:39] writeBuffer.Enqueue() Error
[2017-12-3 16:19:39] writeBuffer.Enqueue() Error
[2017-12-3 16:19:39] writeBuffer.Enqueue() Error
[2017-12-3 16:19:39] writeBuffer.Enqueue() Error
[2017-12-3 16:19:39] writeBuffer.Enqueue() Error
[2017-12-3 16:19:39] writeBuffer.Enqueue() Error
[2017-12-3 16:19:39] writeBuffer.Enqueue() Error
[2017-12-3 16:19:39] writeBuffer.Enqueue() Error
[2017-12-3 16:19:39] writeBuffer.Enqueue() Error
[2017-12-3 16:19:39] writeBuffer.Enqueue() Error
[2017-12-3 16:19:39] writeBuffer.Enqueue() Error
[2017-12-3 16:19:39] writeBuffer.Enqueue() Error
[2017-12-3 16:19:39] writeBuffer.Enqueue() Error
[2017-12-3 16:19:39] writeBuffer.Enqueue() Error
[2017-12-3 16:19:39] writeBuffer.Enqueue() Error
[2017-12-3 16:19:39] writeBuffer.Enqueue() Error
[2017-12-3 16:19:39] writeBuffer.Enqueue() Error
[2017-12-3 16:19:39] writeBuffer.Enqueue() Error
[2017-12-3 16:19:39] writeBuffer.Enqueue() Error
[2017-12-3 16:19:39] writeBuffer.Enqueue() Error
[2017-12-3 16:19:39] writeBuffer.Enqueue() Error
[2017-12-3 16:19:39] writeBuffer.Enqueue() Error
[2017-12-3 16:19:39] writeBuffer.Enqueue() Error
[2017-12-3 16:19:39] writeBuffer.Enqueue() Error
[2017-12-3 16:19:39] writeBuffer.Enqueue() Error
[2017-12-3 16:19:39] writeBuffer.Enqueue() Error
[2017-12-3 16:19:39] writeBuffer.Enqueue() Error
[2017-12-3 16:19:39] writeBuffer.Enqueue() Error
[2017-12-3 16:19:39] writeBuffer.Enqueue() Error
[2017-12-3 16:19:39] writeBuffer.Enqueue() Error
[2017-12-3 16:19:39] writeBuffer.Enqueue() Error
[2017-12-3 16:19:39] writeBuffer.Enqueue() Error
[2017-12-3 16:19:39] writeBuffer.Enqueue() Error
[2017-12-3 16:19:39] writeBuffer.Enqueue() Error
[2017-12-3 16:19:39] writeBuffer.Enqueue() Error
[2017-12-3 16:19:39] writeBuffer.Enqueue() Error
[2017-12-3 16:19:39] writeBuffer.Enqueue() Error
[2017-12-3 16:19:39] writeBuffer.Enqueue() Error
[2017-12-3 16:19:39] writeBuffer.Enqueue() Error
[2017-12-3 16:19:39] writeBuffer.Enqueue() Error
[2017-12-3 16:19:39] writeBuffer.Enqueue() Error
[2017-12-3 16:19:39] writeBuffer.Enqueue() Error
[2017-12-3 16:19:39] writeBuffer.Enqueue() Error
[2017-12-3 16:19:39] writeBuffer.Enqueue() Error
[2017-12-3 16:19:39] writeBuffer.Enqueue() Error
[2017-12-3 16:19:39] writeBuffer.Enqueue() Error
[2017-12-3 16:19:39] writeBuffer.Enqueue() Error
[2017-12-3 16:19:39] writeBuffer.Enqueue() Error
[2017-12-3 16:19:39] writeBuffer.Enqueue() Error
[2017-12-3 16:19:39] writeBuffer.Enqueue() Error
[2017-12-3 16:19:39] writeBuffer.Enqueue() Error
[2017-12-3 16:19:39] writeBuffer.Enqueue() Error
[2017-12-3 16:19:39] writeBuffer.Enqueue() Error
[2017-12-3 16:19:39] writeBuffer.Enqueue() Error
[2017-12-3 16:19:39] writeBuffer.Enqueue() Error
[2017-12-3 16:19:39] writeBuffer.Enqueue() Error
[2017-12-3 16:19:39] writeBuffer.Enqueue() Error
[2017-12-3 16:19:39] writeBuffer.Enqueue() Error
[2017-12-3 16:19:39] writeBuffer.Enqueue() Error
[2017-12-3 16:19:39] writeBuffer.Enqueue() Error
[2017-12-3 16:19:39] writeBuffer.Enqueue() Error
[2017-12-3 16:19:39] writeBuffer.Enqueue() Error
[2017-12-3 16:19:39] writeBuffer.Enqueue() Error
[2017-12-3 16:19:39] writeBuffer.Enqueue() Error
[2017-12-3 16:19:39] writeBuffer.Enqueue() Error
[2017-12-3 16:19:39] writeBuffer.Enqueue() Error
[2017-12-3 16:19:39] writeBuffer.Enqueue() Error
[2017-12-3 16:19:39] writeBuffer.Enqueue() Error
[2017-12-3 16:19:39] writeBuffer.Enqueue() Error
[2017-12-3 16:19:39] writeBuffer.Enqueue() Error
[2017-12-3 16:19:39] writeBuffer.Enqueue() Error
[2017-12-3 16:19:39] writeBuffer.Enqueue() Error
[2017-12-3 16:19:39] writeBuffer.Enqueue() Error
[2017-12-3 16:19:39] writeBuffer.Enqueue() Error
[2017-12-3 16:19:39] writeBuffer.Enqueue() Error
[2017-12-3 16:19:39] writeBuffer.Enqueue() Error
[2017-12-3 16:19:39] writeBuffer.Enqueue() Error
[2017-12-3 16:19:39] writeBuffer.Enqueue() Error
[2017-12-3 16:19:39] writeBuffer.Enqueue() Error
[2017-12-3 16:19:39] writeBuffer.Enqueue() Error
[2017-12-3 16:19:39] writeBuffer.Enqueue() Error
[2017-12-3 16:19:39] writeBuffer.Enqueue() Error
[2017-12-3 16:19:39] writeBuffer.Enqueue() Error
[2017-12-3 16:19:39] writeBuffer.Enqueue() Error
[2017-12-3 16:19:39] writeBuffer.Enqueue() Error
[2017-12-3 16:19:39] writeBuffer.Enqueue() Error
[2017-12-3 16:19:39] writeBuffer.Enqueue() Error
[2017-12-3 16:19:39] writeBuffer.Enqueue() Error
[2017-12-3 16:19:39] writeBuffer.Enqueue() Error
[2017-12-3 16:19:39] writeBuffer.Enqueue() Error
[2017-12-3 16:19:39] writeBuffer.Enqueue() Error
[2017-12-3 16:19:39] writeBuffer.Enqueue() Error
[2017-12-3 16:19:39] writeBuffer.Enqueue() Error
[2017-12-3 16:19:39] writeBuffer.Enqueue() Error
[2017-12-3 16:19:39] writeBuffer.Enqueue() Error
[2017-12-3 16:19:59] WSAStartup Success
[2017-12-3 16:19:59] Socket Init Success
[2017-12-3 16:19:59] listen Success
[2017-12-3 16:19:59] AcceptEx Success
[2017-12-3 16:19:59] AcceptEx Success
[2017-12-3 16:19:59] AcceptEx Success
[2017-12-3 16:19:59] AcceptEx Success
[2017-12-3 16:19:59] AcceptEx Success
[2017-12-3 16:19:59] AcceptEx Success
[2017-12-3 16:19:59] AcceptEx Success
[2017-12-3 16:19:59] AcceptEx Success
[2017-12-3 16:19:59] AcceptEx Success
[2017-12-3 16:19:59] AcceptEx Success
[2017-12-3 16:19:59] AcceptEx Success
[2017-12-3 16:19:59] AcceptEx Success
[2017-12-3 16:19:59] AcceptEx Success
[2017-12-3 16:19:59] AcceptEx Success
[2017-12-3 16:19:59] AcceptEx Success
[2017-12-3 16:19:59] AcceptEx Success
[2017-12-3 16:19:59] AcceptEx Success
[2017-12-3 16:19:59] AcceptEx Success
[2017-12-3 16:19:59] AcceptEx Success
[2017-12-3 16:19:59] AcceptEx Success
[2017-12-3 16:19:59] AcceptEx Success
[2017-12-3 16:19:59] AcceptEx Success
[2017-12-3 16:19:59] AcceptEx Success
[2017-12-3 16:19:59] AcceptEx Success
[2017-12-3 16:19:59] AcceptEx Success
[2017-12-3 16:19:59] AcceptEx Success
[2017-12-3 16:19:59] AcceptEx Success
[2017-12-3 16:19:59] AcceptEx Success
[2017-12-3 16:19:59] AcceptEx Success
[2017-12-3 16:19:59] AcceptEx Success
[2017-12-3 16:19:59] Thread Create 8
[2017-12-3 16:22:31] WSAStartup Success
[2017-12-3 16:22:31] Socket Init Success
[2017-12-3 16:22:31] listen Success
[2017-12-3 16:22:31] AcceptEx Success
[2017-12-3 16:22:31] AcceptEx Success
[2017-12-3 16:22:31] AcceptEx Success
[2017-12-3 16:22:31] AcceptEx Success
[2017-12-3 16:22:31] AcceptEx Success
[2017-12-3 16:22:31] AcceptEx Success
[2017-12-3 16:22:31] AcceptEx Success
[2017-12-3 16:22:31] AcceptEx Success
[2017-12-3 16:22:31] AcceptEx Success
[2017-12-3 16:22:31] AcceptEx Success
[2017-12-3 16:22:31] AcceptEx Success
[2017-12-3 16:22:31] AcceptEx Success
[2017-12-3 16:22:31] AcceptEx Success
[2017-12-3 16:22:31] AcceptEx Success
[2017-12-3 16:22:31] AcceptEx Success
[2017-12-3 16:22:31] AcceptEx Success
[2017-12-3 16:22:31] AcceptEx Success
[2017-12-3 16:22:31] AcceptEx Success
[2017-12-3 16:22:31] AcceptEx Success
[2017-12-3 16:22:31] AcceptEx Success
[2017-12-3 16:22:31] AcceptEx Success
[2017-12-3 16:22:31] AcceptEx Success
[2017-12-3 16:22:31] AcceptEx Success
[2017-12-3 16:22:31] AcceptEx Success
[2017-12-3 16:22:31] AcceptEx Success
[2017-12-3 16:22:31] AcceptEx Success
[2017-12-3 16:22:31] AcceptEx Success
[2017-12-3 16:22:31] AcceptEx Success
[2017-12-3 16:22:31] AcceptEx Success
[2017-12-3 16:22:31] AcceptEx Success
[2017-12-3 16:22:31] Thread Create 8
