[2021-6-9 19:55:23] WSAStartup Success
[2021-6-9 19:55:23] Socket Init Success
[2021-6-9 19:55:23] listen Success
[2021-6-9 19:55:23] AcceptEx Success
[2021-6-9 19:55:23] AcceptEx Success
[2021-6-9 19:55:23] AcceptEx Success
[2021-6-9 19:55:23] AcceptEx Success
[2021-6-9 19:55:23] AcceptEx Success
[2021-6-9 19:55:23] AcceptEx Success
[2021-6-9 19:55:23] AcceptEx Success
[2021-6-9 19:55:23] AcceptEx Success
[2021-6-9 19:55:23] AcceptEx Success
[2021-6-9 19:55:23] AcceptEx Success
[2021-6-9 19:55:23] AcceptEx Success
[2021-6-9 19:55:23] AcceptEx Success
[2021-6-9 19:55:23] AcceptEx Success
[2021-6-9 19:55:23] AcceptEx Success
[2021-6-9 19:55:23] AcceptEx Success
[2021-6-9 19:55:23] AcceptEx Success
[2021-6-9 19:55:23] AcceptEx Success
[2021-6-9 19:55:23] AcceptEx Success
[2021-6-9 19:55:23] AcceptEx Success
[2021-6-9 19:55:23] AcceptEx Success
[2021-6-9 19:55:23] AcceptEx Success
[2021-6-9 19:55:23] AcceptEx Success
[2021-6-9 19:55:23] AcceptEx Success
[2021-6-9 19:55:23] AcceptEx Success
[2021-6-9 19:55:23] AcceptEx Success
[2021-6-9 19:55:23] AcceptEx Success
[2021-6-9 19:55:23] AcceptEx Success
[2021-6-9 19:55:23] AcceptEx Success
[2021-6-9 19:55:23] AcceptEx Success
[2021-6-9 19:55:23] AcceptEx Success
[2021-6-9 19:55:23] Thread Create 8
[2021-6-9 19:56:24] INFO Success
[2021-6-9 19:56:24] Active_Session : 1
[2021-6-9 19:56:24] InActive_Session : 29
[2021-6-9 19:56:24] WSARecv : 644
[2021-6-9 19:56:24] Accept Success
[2021-6-9 19:56:29] WSARecv : 644
[2021-6-9 19:56:33] WSARecv : 644
[2021-6-9 19:56:38] WSARecv : 644
[2021-6-9 19:56:40] AcceptEx Success
[2021-6-9 19:56:40] Client End
[2021-6-9 19:57:56] WSAStartup Success
[2021-6-9 19:57:56] Socket Init Success
[2021-6-9 19:57:56] listen Success
[2021-6-9 19:57:56] AcceptEx Success
[2021-6-9 19:57:56] AcceptEx Success
[2021-6-9 19:57:56] AcceptEx Success
[2021-6-9 19:57:56] AcceptEx Success
[2021-6-9 19:57:56] AcceptEx Success
[2021-6-9 19:57:56] AcceptEx Success
[2021-6-9 19:57:56] AcceptEx Success
[2021-6-9 19:57:56] AcceptEx Success
[2021-6-9 19:57:56] AcceptEx Success
[2021-6-9 19:57:56] AcceptEx Success
[2021-6-9 19:57:56] AcceptEx Success
[2021-6-9 19:57:56] AcceptEx Success
[2021-6-9 19:57:56] AcceptEx Success
[2021-6-9 19:57:56] AcceptEx Success
[2021-6-9 19:57:56] AcceptEx Success
[2021-6-9 19:57:56] AcceptEx Success
[2021-6-9 19:57:56] AcceptEx Success
[2021-6-9 19:57:56] AcceptEx Success
[2021-6-9 19:57:56] AcceptEx Success
[2021-6-9 19:57:56] AcceptEx Success
[2021-6-9 19:57:56] AcceptEx Success
[2021-6-9 19:57:56] AcceptEx Success
[2021-6-9 19:57:56] AcceptEx Success
[2021-6-9 19:57:56] AcceptEx Success
[2021-6-9 19:57:56] AcceptEx Success
[2021-6-9 19:57:56] AcceptEx Success
[2021-6-9 19:57:56] AcceptEx Success
[2021-6-9 19:57:56] AcceptEx Success
[2021-6-9 19:57:56] AcceptEx Success
[2021-6-9 19:57:56] AcceptEx Success
[2021-6-9 19:57:56] Thread Create 8
[2021-6-9 19:58:3] INFO Success
[2021-6-9 19:58:3] Active_Session : 1
[2021-6-9 19:58:3] InActive_Session : 29
[2021-6-9 19:58:3] WSARecv : 620
[2021-6-9 19:58:3] Accept Success
[2021-6-9 19:58:5] WSARecv : 620
[2021-6-9 19:58:9] WSARecv : 620
[2021-6-9 19:58:21] WSARecv : 620
[2021-6-9 19:58:25] WSARecv : 620
[2021-6-9 19:58:36] WSARecv : 620
[2021-6-9 19:58:41] WSARecv : 620
[2021-6-9 19:58:51] INFO Success
[2021-6-9 19:58:51] Active_Session : 2
[2021-6-9 19:58:51] InActive_Session : 28
[2021-6-9 19:58:51] WSARecv : 604
[2021-6-9 19:58:51] Accept Success
[2021-6-9 19:58:55] WSARecv : 604
[2021-6-9 19:59:48] WSAStartup Success
[2021-6-9 19:59:48] Socket Init Success
[2021-6-9 19:59:48] listen Success
[2021-6-9 19:59:48] AcceptEx Success
[2021-6-9 19:59:48] AcceptEx Success
[2021-6-9 19:59:48] AcceptEx Success
[2021-6-9 19:59:48] AcceptEx Success
[2021-6-9 19:59:48] AcceptEx Success
[2021-6-9 19:59:48] AcceptEx Success
[2021-6-9 19:59:48] AcceptEx Success
[2021-6-9 19:59:48] AcceptEx Success
[2021-6-9 19:59:48] AcceptEx Success
[2021-6-9 19:59:48] AcceptEx Success
[2021-6-9 19:59:48] AcceptEx Success
[2021-6-9 19:59:48] AcceptEx Success
[2021-6-9 19:59:48] AcceptEx Success
[2021-6-9 19:59:48] AcceptEx Success
[2021-6-9 19:59:48] AcceptEx Success
[2021-6-9 19:59:48] AcceptEx Success
[2021-6-9 19:59:48] AcceptEx Success
[2021-6-9 19:59:48] AcceptEx Success
[2021-6-9 19:59:48] AcceptEx Success
[2021-6-9 19:59:48] AcceptEx Success
[2021-6-9 19:59:48] AcceptEx Success
[2021-6-9 19:59:48] AcceptEx Success
[2021-6-9 19:59:48] AcceptEx Success
[2021-6-9 19:59:48] AcceptEx Success
[2021-6-9 19:59:48] AcceptEx Success
[2021-6-9 19:59:48] AcceptEx Success
[2021-6-9 19:59:48] AcceptEx Success
[2021-6-9 19:59:48] AcceptEx Success
[2021-6-9 19:59:48] AcceptEx Success
[2021-6-9 19:59:48] AcceptEx Success
[2021-6-9 19:59:48] Thread Create 8
[2021-6-9 19:59:54] INFO Success
[2021-6-9 19:59:54] Active_Session : 1
[2021-6-9 19:59:54] InActive_Session : 29
[2021-6-9 19:59:54] WSARecv : 616
[2021-6-9 19:59:54] Accept Success
[2021-6-9 19:59:58] WSARecv : 616
