[2017-12-3 22:49:30] WSAStartup Success
[2017-12-3 22:49:30] Socket Init Success
[2017-12-3 22:49:30] listen Success
[2017-12-3 22:49:30] AcceptEx Success
[2017-12-3 22:49:30] AcceptEx Success
[2017-12-3 22:49:30] AcceptEx Success
[2017-12-3 22:49:30] AcceptEx Success
[2017-12-3 22:49:30] AcceptEx Success
[2017-12-3 22:49:30] AcceptEx Success
[2017-12-3 22:49:30] AcceptEx Success
[2017-12-3 22:49:30] AcceptEx Success
[2017-12-3 22:49:30] AcceptEx Success
[2017-12-3 22:49:30] AcceptEx Success
[2017-12-3 22:49:30] AcceptEx Success
[2017-12-3 22:49:30] AcceptEx Success
[2017-12-3 22:49:30] AcceptEx Success
[2017-12-3 22:49:30] AcceptEx Success
[2017-12-3 22:49:30] AcceptEx Success
[2017-12-3 22:49:30] AcceptEx Success
[2017-12-3 22:49:30] AcceptEx Success
[2017-12-3 22:49:30] AcceptEx Success
[2017-12-3 22:49:30] AcceptEx Success
[2017-12-3 22:49:30] AcceptEx Success
[2017-12-3 22:49:30] AcceptEx Success
[2017-12-3 22:49:30] AcceptEx Success
[2017-12-3 22:49:30] AcceptEx Success
[2017-12-3 22:49:30] AcceptEx Success
[2017-12-3 22:49:30] AcceptEx Success
[2017-12-3 22:49:30] AcceptEx Success
[2017-12-3 22:49:30] AcceptEx Success
[2017-12-3 22:49:30] AcceptEx Success
[2017-12-3 22:49:30] AcceptEx Success
[2017-12-3 22:49:30] AcceptEx Success
[2017-12-3 22:49:31] Thread Create 8
[2017-12-3 22:49:34] INFO Success
[2017-12-3 22:49:34] Active_Session : 1
[2017-12-3 22:49:34] InActive_Session : 29
[2017-12-3 22:49:34] WSARecv : 496
[2017-12-3 22:49:34] Accept Success
[2017-12-3 22:49:38] WSARecv : 496
[2017-12-3 22:49:58] WSARecv : 496
[2017-12-3 22:49:59] WSARecv : 496
[2017-12-3 22:50:5] WSARecv : 496
[2017-12-3 22:50:7] AcceptEx Success
[2017-12-3 22:50:7] Client End
