[2017-12-3 7:50:15] WSAStartup Success
[2017-12-3 7:50:15] Socket Init Success
[2017-12-3 7:50:15] listen Success
[2017-12-3 7:50:15] AcceptEx Success
[2017-12-3 7:50:15] AcceptEx Success
[2017-12-3 7:50:15] AcceptEx Success
[2017-12-3 7:50:15] AcceptEx Success
[2017-12-3 7:50:15] AcceptEx Success
[2017-12-3 7:50:15] AcceptEx Success
[2017-12-3 7:50:15] AcceptEx Success
[2017-12-3 7:50:15] AcceptEx Success
[2017-12-3 7:50:15] AcceptEx Success
[2017-12-3 7:50:15] AcceptEx Success
[2017-12-3 7:50:15] AcceptEx Success
[2017-12-3 7:50:15] AcceptEx Success
[2017-12-3 7:50:15] AcceptEx Success
[2017-12-3 7:50:15] AcceptEx Success
[2017-12-3 7:50:15] AcceptEx Success
[2017-12-3 7:50:15] AcceptEx Success
[2017-12-3 7:50:15] AcceptEx Success
[2017-12-3 7:50:15] AcceptEx Success
[2017-12-3 7:50:15] AcceptEx Success
[2017-12-3 7:50:15] AcceptEx Success
[2017-12-3 7:50:15] AcceptEx Success
[2017-12-3 7:50:15] AcceptEx Success
[2017-12-3 7:50:15] AcceptEx Success
[2017-12-3 7:50:15] AcceptEx Success
[2017-12-3 7:50:15] AcceptEx Success
[2017-12-3 7:50:15] AcceptEx Success
[2017-12-3 7:50:15] AcceptEx Success
[2017-12-3 7:50:15] AcceptEx Success
[2017-12-3 7:50:15] AcceptEx Success
[2017-12-3 7:50:15] AcceptEx Success
[2017-12-3 7:50:15] Thread Create 8
[2017-12-3 7:50:24] INFO Success
[2017-12-3 7:50:24] Active_Session : 1
[2017-12-3 7:50:24] InActive_Session : 29
[2017-12-3 7:50:24] WSARecv : 496
[2017-12-3 7:50:24] Accept Success
[2017-12-3 7:50:27] INFO Success
[2017-12-3 7:50:27] Active_Session : 2
[2017-12-3 7:50:27] InActive_Session : 28
[2017-12-3 7:50:27] WSARecv : 492
[2017-12-3 7:50:27] Accept Success
[2017-12-3 7:50:32] WSARecv : 496
[2017-12-3 7:50:37] WSARecv : 492
[2017-12-3 7:50:41] Is Not Room User
[2017-12-3 7:50:41] Game_REQ Room Join
[2017-12-3 7:50:41] WSARecv : 492
[2017-12-3 7:50:43] Is Not Room User
[2017-12-3 7:50:43] Game_REQ Room Join
[2017-12-3 7:50:43] WSARecv : 496
[2017-12-3 7:50:52] WSARecv : 496
[2017-12-3 7:50:53] WSARecv : 496
[2017-12-3 7:50:53] WSARecv : 496
[2017-12-3 7:50:54] WSARecv : 492
[2017-12-3 7:50:54] WSARecv : 492
[2017-12-3 7:50:54] WSARecv : 492
[2017-12-3 7:50:58] WSARecv : 496
[2017-12-3 7:50:58] WSARecv : 496
[2017-12-3 7:50:58] WSARecv : 496
[2017-12-3 7:50:58] WSARecv : 496
[2017-12-3 7:50:58] WSARecv : 496
[2017-12-3 7:50:58] WSARecv : 496
[2017-12-3 7:50:58] WSARecv : 496
[2017-12-3 7:50:58] WSARecv : 496
[2017-12-3 7:50:58] WSARecv : 496
[2017-12-3 7:50:58] WSARecv : 496
[2017-12-3 7:50:58] WSARecv : 496
[2017-12-3 7:50:58] WSARecv : 496
[2017-12-3 7:50:58] WSARecv : 496
[2017-12-3 7:50:58] WSARecv : 492
[2017-12-3 7:50:59] WSARecv : 492
[2017-12-3 7:50:59] WSARecv : 492
[2017-12-3 7:50:59] WSARecv : 492
[2017-12-3 7:50:59] WSARecv : 492
[2017-12-3 7:50:59] WSARecv : 492
[2017-12-3 7:50:59] WSARecv : 492
[2017-12-3 7:50:59] WSARecv : 492
[2017-12-3 7:50:59] WSARecv : 492
[2017-12-3 7:50:59] WSARecv : 492
[2017-12-3 7:50:59] WSARecv : 492
[2017-12-3 7:50:59] WSARecv : 492
[2017-12-3 7:50:59] WSARecv : 492
[2017-12-3 7:50:59] WSARecv : 492
[2017-12-3 7:50:59] WSARecv : 492
[2017-12-3 7:50:59] WSARecv : 492
[2017-12-3 7:50:59] WSARecv : 492
[2017-12-3 7:50:59] WSARecv : 492
[2017-12-3 7:50:59] WSARecv : 492
[2017-12-3 7:50:59] WSARecv : 492
[2017-12-3 7:50:59] WSARecv : 492
[2017-12-3 7:50:59] WSARecv : 492
[2017-12-3 7:50:59] WSARecv : 492
[2017-12-3 7:50:59] WSARecv : 492
[2017-12-3 7:50:59] WSARecv : 492
[2017-12-3 7:50:59] WSARecv : 492
[2017-12-3 7:50:59] WSARecv : 492
[2017-12-3 7:50:59] WSARecv : 492
[2017-12-3 7:50:59] WSARecv : 492
[2017-12-3 7:51:0] WSARecv : 496
[2017-12-3 7:51:0] WSARecv : 496
[2017-12-3 7:51:0] WSARecv : 496
[2017-12-3 7:51:0] WSARecv : 496
[2017-12-3 7:51:0] WSARecv : 496
[2017-12-3 7:51:0] WSARecv : 496
[2017-12-3 7:51:0] WSARecv : 496
[2017-12-3 7:51:0] WSARecv : 496
[2017-12-3 7:51:0] WSARecv : 496
[2017-12-3 7:51:0] WSARecv : 496
[2017-12-3 7:51:0] WSARecv : 496
[2017-12-3 7:51:0] WSARecv : 496
[2017-12-3 7:51:0] WSARecv : 496
[2017-12-3 7:51:0] WSARecv : 496
[2017-12-3 7:51:0] WSARecv : 496
[2017-12-3 7:51:0] WSARecv : 496
[2017-12-3 7:51:0] WSARecv : 496
[2017-12-3 7:51:0] WSARecv : 496
[2017-12-3 7:51:0] WSARecv : 496
[2017-12-3 7:51:0] WSARecv : 496
[2017-12-3 7:51:0] WSARecv : 496
[2017-12-3 7:51:0] WSARecv : 496
[2017-12-3 7:51:0] WSARecv : 496
[2017-12-3 7:51:0] WSARecv : 496
[2017-12-3 7:51:0] WSARecv : 496
[2017-12-3 7:51:0] WSARecv : 496
[2017-12-3 7:51:0] WSARecv : 496
[2017-12-3 7:51:0] WSARecv : 496
[2017-12-3 7:51:0] WSARecv : 496
[2017-12-3 7:51:0] WSARecv : 496
[2017-12-3 7:51:0] WSARecv : 496
[2017-12-3 7:51:0] WSARecv : 496
[2017-12-3 7:51:0] WSARecv : 496
[2017-12-3 7:51:0] WSARecv : 496
[2017-12-3 7:51:0] WSARecv : 496
[2017-12-3 7:51:0] WSARecv : 496
[2017-12-3 7:51:0] WSARecv : 496
[2017-12-3 7:51:0] WSARecv : 496
[2017-12-3 7:51:0] WSARecv : 496
[2017-12-3 7:51:0] WSARecv : 496
[2017-12-3 7:51:0] WSARecv : 496
[2017-12-3 7:51:0] WSARecv : 496
[2017-12-3 7:51:0] WSARecv : 496
[2017-12-3 7:51:0] WSARecv : 496
[2017-12-3 7:51:0] WSARecv : 496
[2017-12-3 7:51:0] WSARecv : 496
[2017-12-3 7:51:0] WSARecv : 496
[2017-12-3 7:51:0] WSARecv : 496
[2017-12-3 7:51:0] WSARecv : 496
[2017-12-3 7:51:0] WSARecv : 496
[2017-12-3 7:51:0] WSARecv : 496
[2017-12-3 7:51:0] WSARecv : 496
[2017-12-3 7:51:0] WSARecv : 496
[2017-12-3 7:51:0] WSARecv : 496
[2017-12-3 7:51:0] WSARecv : 496
[2017-12-3 7:51:1] WSARecv : 496
[2017-12-3 7:51:1] WSARecv : 496
[2017-12-3 7:51:1] WSARecv : 496
[2017-12-3 7:51:1] WSARecv : 496
[2017-12-3 7:51:1] WSARecv : 496
[2017-12-3 7:51:1] WSARecv : 496
[2017-12-3 7:51:1] WSARecv : 496
[2017-12-3 7:51:1] WSARecv : 496
[2017-12-3 7:51:1] WSARecv : 496
[2017-12-3 7:51:1] WSARecv : 496
[2017-12-3 7:51:1] WSARecv : 496
[2017-12-3 7:51:1] WSARecv : 496
[2017-12-3 7:51:1] WSARecv : 496
[2017-12-3 7:51:1] WSARecv : 496
[2017-12-3 7:51:1] WSARecv : 496
[2017-12-3 7:51:1] WSARecv : 496
[2017-12-3 7:51:1] WSARecv : 496
[2017-12-3 7:51:1] WSARecv : 496
[2017-12-3 7:51:1] WSARecv : 496
[2017-12-3 7:51:1] WSARecv : 496
[2017-12-3 7:51:1] WSARecv : 496
[2017-12-3 7:51:1] WSARecv : 496
[2017-12-3 7:51:2] WSARecv : 492
[2017-12-3 7:51:2] WSARecv : 492
[2017-12-3 7:51:2] WSARecv : 492
[2017-12-3 7:51:2] WSARecv : 492
[2017-12-3 7:51:2] WSARecv : 492
[2017-12-3 7:51:2] WSARecv : 492
[2017-12-3 7:51:2] WSARecv : 492
[2017-12-3 7:51:2] WSARecv : 492
[2017-12-3 7:51:2] WSARecv : 492
[2017-12-3 7:51:2] WSARecv : 492
[2017-12-3 7:51:2] WSARecv : 492
[2017-12-3 7:51:2] WSARecv : 492
[2017-12-3 7:51:2] WSARecv : 492
[2017-12-3 7:51:2] WSARecv : 492
[2017-12-3 7:51:2] WSARecv : 492
[2017-12-3 7:51:2] WSARecv : 492
[2017-12-3 7:51:2] WSARecv : 492
[2017-12-3 7:51:2] WSARecv : 492
[2017-12-3 7:51:2] WSARecv : 492
[2017-12-3 7:51:2] WSARecv : 492
[2017-12-3 7:51:2] WSARecv : 492
[2017-12-3 7:51:2] WSARecv : 492
[2017-12-3 7:51:2] WSARecv : 492
[2017-12-3 7:51:2] WSARecv : 492
[2017-12-3 7:51:2] WSARecv : 492
[2017-12-3 7:51:2] WSARecv : 492
[2017-12-3 7:51:2] WSARecv : 492
[2017-12-3 7:51:2] WSARecv : 492
[2017-12-3 7:51:2] WSARecv : 492
[2017-12-3 7:51:2] WSARecv : 492
[2017-12-3 7:51:2] WSARecv : 492
[2017-12-3 7:51:2] WSARecv : 492
[2017-12-3 7:51:2] WSARecv : 492
[2017-12-3 7:51:2] WSARecv : 492
[2017-12-3 7:51:2] WSARecv : 492
[2017-12-3 7:51:2] WSARecv : 492
[2017-12-3 7:51:2] WSARecv : 492
[2017-12-3 7:51:2] WSARecv : 492
[2017-12-3 7:51:2] WSARecv : 492
[2017-12-3 7:51:2] WSARecv : 492
[2017-12-3 7:51:2] WSARecv : 492
[2017-12-3 7:51:2] WSARecv : 492
[2017-12-3 7:51:2] WSARecv : 492
[2017-12-3 7:51:2] WSARecv : 492
[2017-12-3 7:51:2] WSARecv : 492
[2017-12-3 7:51:2] WSARecv : 492
[2017-12-3 7:51:2] WSARecv : 492
[2017-12-3 7:51:2] WSARecv : 492
[2017-12-3 7:51:2] WSARecv : 492
[2017-12-3 7:51:2] WSARecv : 492
[2017-12-3 7:51:2] WSARecv : 492
[2017-12-3 7:51:2] WSARecv : 492
[2017-12-3 7:51:2] WSARecv : 492
[2017-12-3 7:51:2] WSARecv : 492
[2017-12-3 7:51:2] WSARecv : 492
[2017-12-3 7:51:2] WSARecv : 492
[2017-12-3 7:51:2] WSARecv : 492
[2017-12-3 7:51:2] WSARecv : 492
[2017-12-3 7:51:2] WSARecv : 492
[2017-12-3 7:51:2] WSARecv : 492
[2017-12-3 7:51:2] WSARecv : 492
[2017-12-3 7:51:2] WSARecv : 492
[2017-12-3 7:51:2] WSARecv : 492
[2017-12-3 7:51:2] WSARecv : 492
[2017-12-3 7:51:2] WSARecv : 492
[2017-12-3 7:51:2] WSARecv : 492
[2017-12-3 7:51:2] WSARecv : 492
[2017-12-3 7:51:2] WSARecv : 492
[2017-12-3 7:51:2] WSARecv : 492
[2017-12-3 7:51:2] WSARecv : 492
[2017-12-3 7:51:2] WSARecv : 492
[2017-12-3 7:51:2] WSARecv : 492
[2017-12-3 7:51:2] WSARecv : 492
[2017-12-3 7:51:2] WSARecv : 492
[2017-12-3 7:51:2] WSARecv : 492
[2017-12-3 7:51:2] WSARecv : 492
[2017-12-3 7:51:2] WSARecv : 492
[2017-12-3 7:51:3] WSARecv : 492
[2017-12-3 7:51:3] WSARecv : 492
[2017-12-3 7:51:4] WSARecv : 492
[2017-12-3 7:51:4] WSARecv : 492
[2017-12-3 7:51:4] WSARecv : 492
[2017-12-3 7:51:4] WSARecv : 492
[2017-12-3 7:51:4] WSARecv : 492
[2017-12-3 7:51:4] WSARecv : 492
[2017-12-3 7:51:4] WSARecv : 492
[2017-12-3 7:51:4] WSARecv : 492
[2017-12-3 7:51:4] WSARecv : 492
[2017-12-3 7:51:4] WSARecv : 492
[2017-12-3 7:51:4] WSARecv : 492
[2017-12-3 7:51:4] WSARecv : 492
[2017-12-3 7:51:4] WSARecv : 492
[2017-12-3 7:51:4] WSARecv : 492
[2017-12-3 7:51:4] WSARecv : 492
[2017-12-3 7:51:4] WSARecv : 492
[2017-12-3 7:51:4] WSARecv : 492
[2017-12-3 7:51:4] WSARecv : 492
[2017-12-3 7:51:4] WSARecv : 492
[2017-12-3 7:51:4] WSARecv : 492
[2017-12-3 7:51:4] WSARecv : 492
[2017-12-3 7:51:4] WSARecv : 492
[2017-12-3 7:51:4] WSARecv : 492
[2017-12-3 7:51:4] WSARecv : 492
[2017-12-3 7:51:4] WSARecv : 492
[2017-12-3 7:51:4] WSARecv : 492
[2017-12-3 7:51:4] WSARecv : 492
[2017-12-3 7:51:4] WSARecv : 492
[2017-12-3 7:51:4] WSARecv : 492
[2017-12-3 7:51:4] WSARecv : 492
[2017-12-3 7:51:4] WSARecv : 492
[2017-12-3 7:51:4] WSARecv : 492
[2017-12-3 7:51:4] WSARecv : 492
[2017-12-3 7:51:4] WSARecv : 492
[2017-12-3 7:51:4] WSARecv : 492
[2017-12-3 7:51:4] WSARecv : 492
[2017-12-3 7:51:4] WSARecv : 492
[2017-12-3 7:51:4] WSARecv : 492
[2017-12-3 7:51:4] WSARecv : 492
[2017-12-3 7:51:4] WSARecv : 492
[2017-12-3 7:51:4] WSARecv : 492
[2017-12-3 7:51:4] WSARecv : 492
[2017-12-3 7:51:4] WSARecv : 492
[2017-12-3 7:51:4] WSARecv : 492
[2017-12-3 7:51:4] WSARecv : 492
[2017-12-3 7:51:4] WSARecv : 492
[2017-12-3 7:51:4] WSARecv : 492
[2017-12-3 7:51:4] WSARecv : 492
[2017-12-3 7:51:4] WSARecv : 492
[2017-12-3 7:51:4] WSARecv : 492
[2017-12-3 7:51:4] WSARecv : 492
[2017-12-3 7:51:4] WSARecv : 492
[2017-12-3 7:51:4] WSARecv : 492
[2017-12-3 7:51:4] WSARecv : 492
[2017-12-3 7:51:4] WSARecv : 492
[2017-12-3 7:51:4] WSARecv : 492
[2017-12-3 7:51:4] WSARecv : 492
[2017-12-3 7:51:4] WSARecv : 492
[2017-12-3 7:51:4] WSARecv : 492
[2017-12-3 7:51:5] WSARecv : 492
[2017-12-3 7:51:5] WSARecv : 492
[2017-12-3 7:51:5] WSARecv : 492
[2017-12-3 7:51:5] WSARecv : 492
[2017-12-3 7:51:5] WSARecv : 492
[2017-12-3 7:51:5] WSARecv : 492
[2017-12-3 7:51:5] WSARecv : 496
[2017-12-3 7:51:5] WSARecv : 496
[2017-12-3 7:51:5] WSARecv : 496
[2017-12-3 7:51:5] WSARecv : 496
[2017-12-3 7:51:5] WSARecv : 496
[2017-12-3 7:51:5] WSARecv : 496
[2017-12-3 7:51:5] WSARecv : 496
[2017-12-3 7:51:5] WSARecv : 496
[2017-12-3 7:51:5] WSARecv : 496
[2017-12-3 7:51:5] WSARecv : 496
[2017-12-3 7:51:5] WSARecv : 496
[2017-12-3 7:51:5] WSARecv : 496
[2017-12-3 7:51:5] WSARecv : 496
[2017-12-3 7:51:5] WSARecv : 496
[2017-12-3 7:51:5] WSARecv : 496
[2017-12-3 7:51:5] WSARecv : 496
[2017-12-3 7:51:5] WSARecv : 496
[2017-12-3 7:51:5] WSARecv : 496
[2017-12-3 7:51:5] WSARecv : 496
[2017-12-3 7:51:5] WSARecv : 496
[2017-12-3 7:51:5] WSARecv : 496
[2017-12-3 7:51:5] WSARecv : 496
[2017-12-3 7:51:5] WSARecv : 496
[2017-12-3 7:51:5] WSARecv : 496
[2017-12-3 7:51:5] WSARecv : 496
[2017-12-3 7:51:5] WSARecv : 496
[2017-12-3 7:51:5] WSARecv : 496
[2017-12-3 7:51:5] WSARecv : 496
[2017-12-3 7:51:5] WSARecv : 496
[2017-12-3 7:51:5] WSARecv : 496
[2017-12-3 7:51:5] WSARecv : 496
[2017-12-3 7:51:5] WSARecv : 496
[2017-12-3 7:51:5] WSARecv : 496
[2017-12-3 7:51:5] WSARecv : 496
[2017-12-3 7:51:5] WSARecv : 496
[2017-12-3 7:51:5] WSARecv : 496
[2017-12-3 7:51:5] WSARecv : 496
[2017-12-3 7:51:5] WSARecv : 496
[2017-12-3 7:51:5] WSARecv : 496
[2017-12-3 7:51:5] WSARecv : 496
[2017-12-3 7:51:5] WSARecv : 496
[2017-12-3 7:51:5] WSARecv : 496
[2017-12-3 7:51:5] WSARecv : 496
[2017-12-3 7:51:5] WSARecv : 496
[2017-12-3 7:51:5] WSARecv : 496
[2017-12-3 7:51:5] WSARecv : 496
[2017-12-3 7:51:5] WSARecv : 496
[2017-12-3 7:51:5] WSARecv : 496
[2017-12-3 7:51:5] WSARecv : 496
[2017-12-3 7:51:5] WSARecv : 496
[2017-12-3 7:51:5] WSARecv : 496
[2017-12-3 7:51:5] WSARecv : 496
[2017-12-3 7:51:5] WSARecv : 496
[2017-12-3 7:51:5] WSARecv : 496
[2017-12-3 7:51:5] WSARecv : 496
[2017-12-3 7:51:5] WSARecv : 496
[2017-12-3 7:51:5] WSARecv : 496
[2017-12-3 7:51:5] WSARecv : 496
[2017-12-3 7:51:5] WSARecv : 496
[2017-12-3 7:51:5] WSARecv : 496
[2017-12-3 7:51:5] WSARecv : 496
[2017-12-3 7:51:6] WSARecv : 496
[2017-12-3 7:51:6] WSARecv : 496
[2017-12-3 7:51:6] WSARecv : 496
[2017-12-3 7:51:6] WSARecv : 496
[2017-12-3 7:51:6] WSARecv : 496
[2017-12-3 7:51:6] WSARecv : 496
[2017-12-3 7:51:6] WSARecv : 496
[2017-12-3 7:51:6] WSARecv : 496
[2017-12-3 7:51:6] WSARecv : 496
[2017-12-3 7:51:6] WSARecv : 496
[2017-12-3 7:51:6] WSARecv : 496
[2017-12-3 7:51:6] WSARecv : 496
[2017-12-3 7:51:6] WSARecv : 496
[2017-12-3 7:51:6] WSARecv : 496
[2017-12-3 7:51:6] WSARecv : 496
[2017-12-3 7:51:6] WSARecv : 496
[2017-12-3 7:51:6] WSARecv : 496
[2017-12-3 7:51:6] WSARecv : 496
[2017-12-3 7:51:6] WSARecv : 496
[2017-12-3 7:51:6] WSARecv : 496
[2017-12-3 7:51:6] WSARecv : 496
[2017-12-3 7:51:6] WSARecv : 496
[2017-12-3 7:51:6] WSARecv : 496
[2017-12-3 7:51:6] WSARecv : 496
[2017-12-3 7:51:6] WSARecv : 496
[2017-12-3 7:51:6] WSARecv : 496
[2017-12-3 7:51:6] WSARecv : 496
[2017-12-3 7:51:6] WSARecv : 496
[2017-12-3 7:51:6] WSARecv : 496
[2017-12-3 7:51:6] WSARecv : 496
[2017-12-3 7:51:6] WSARecv : 496
[2017-12-3 7:51:6] WSARecv : 496
[2017-12-3 7:51:6] WSARecv : 496
[2017-12-3 7:51:6] WSARecv : 496
[2017-12-3 7:51:6] WSARecv : 496
[2017-12-3 7:51:6] WSARecv : 496
[2017-12-3 7:51:6] WSARecv : 496
[2017-12-3 7:51:6] WSARecv : 496
[2017-12-3 7:51:6] WSARecv : 496
[2017-12-3 7:51:6] WSARecv : 496
[2017-12-3 7:51:6] WSARecv : 496
[2017-12-3 7:51:6] WSARecv : 496
[2017-12-3 7:51:6] WSARecv : 496
[2017-12-3 7:51:6] WSARecv : 496
[2017-12-3 7:51:6] WSARecv : 496
[2017-12-3 7:51:6] WSARecv : 496
[2017-12-3 7:51:6] WSARecv : 496
[2017-12-3 7:51:6] WSARecv : 496
[2017-12-3 7:51:6] WSARecv : 496
[2017-12-3 7:51:6] WSARecv : 496
[2017-12-3 7:51:6] WSARecv : 496
[2017-12-3 7:51:6] WSARecv : 496
[2017-12-3 7:51:7] WSARecv : 492
[2017-12-3 7:51:7] WSARecv : 492
[2017-12-3 7:51:7] WSARecv : 492
[2017-12-3 7:51:7] WSARecv : 492
[2017-12-3 7:51:7] WSARecv : 492
[2017-12-3 7:51:7] WSARecv : 492
[2017-12-3 7:51:7] WSARecv : 492
[2017-12-3 7:51:7] WSARecv : 492
[2017-12-3 7:51:7] WSARecv : 492
[2017-12-3 7:51:7] WSARecv : 492
[2017-12-3 7:51:7] WSARecv : 492
[2017-12-3 7:51:7] WSARecv : 492
[2017-12-3 7:51:7] WSARecv : 492
[2017-12-3 7:51:7] WSARecv : 492
[2017-12-3 7:51:7] WSARecv : 492
[2017-12-3 7:51:7] WSARecv : 492
[2017-12-3 7:51:7] WSARecv : 492
[2017-12-3 7:51:7] WSARecv : 492
[2017-12-3 7:51:7] WSARecv : 492
[2017-12-3 7:51:7] WSARecv : 492
[2017-12-3 7:51:7] WSARecv : 492
[2017-12-3 7:51:7] WSARecv : 492
[2017-12-3 7:51:7] WSARecv : 492
[2017-12-3 7:51:7] WSARecv : 492
[2017-12-3 7:51:7] WSARecv : 492
[2017-12-3 7:51:7] WSARecv : 492
[2017-12-3 7:51:7] WSARecv : 492
[2017-12-3 7:51:7] WSARecv : 492
[2017-12-3 7:51:7] WSARecv : 492
[2017-12-3 7:51:7] WSARecv : 492
[2017-12-3 7:51:7] WSARecv : 492
[2017-12-3 7:51:7] WSARecv : 492
[2017-12-3 7:51:7] WSARecv : 492
[2017-12-3 7:51:7] WSARecv : 492
[2017-12-3 7:51:7] WSARecv : 492
[2017-12-3 7:51:7] WSARecv : 492
[2017-12-3 7:51:7] WSARecv : 492
[2017-12-3 7:51:7] WSARecv : 492
[2017-12-3 7:51:7] WSARecv : 492
[2017-12-3 7:51:7] WSARecv : 492
[2017-12-3 7:51:7] WSARecv : 492
[2017-12-3 7:51:7] WSARecv : 492
[2017-12-3 7:51:7] WSARecv : 492
[2017-12-3 7:51:7] WSARecv : 492
[2017-12-3 7:51:7] WSARecv : 492
[2017-12-3 7:51:7] WSARecv : 492
[2017-12-3 7:51:7] WSARecv : 492
[2017-12-3 7:51:7] WSARecv : 492
[2017-12-3 7:51:7] WSARecv : 492
[2017-12-3 7:51:7] WSARecv : 492
[2017-12-3 7:51:7] WSARecv : 492
[2017-12-3 7:51:7] WSARecv : 492
[2017-12-3 7:51:7] WSARecv : 492
[2017-12-3 7:51:7] WSARecv : 492
[2017-12-3 7:51:7] WSARecv : 492
[2017-12-3 7:51:7] WSARecv : 492
[2017-12-3 7:51:7] WSARecv : 492
[2017-12-3 7:51:7] WSARecv : 492
[2017-12-3 7:51:7] WSARecv : 492
[2017-12-3 7:51:7] WSARecv : 492
[2017-12-3 7:51:7] WSARecv : 492
[2017-12-3 7:51:7] WSARecv : 492
[2017-12-3 7:51:7] WSARecv : 492
[2017-12-3 7:51:7] WSARecv : 492
[2017-12-3 7:51:7] WSARecv : 492
[2017-12-3 7:51:7] WSARecv : 492
[2017-12-3 7:51:7] WSARecv : 492
[2017-12-3 7:51:7] WSARecv : 492
[2017-12-3 7:51:7] WSARecv : 492
[2017-12-3 7:51:7] WSARecv : 492
[2017-12-3 7:51:7] WSARecv : 492
[2017-12-3 7:51:7] WSARecv : 492
[2017-12-3 7:51:7] WSARecv : 492
[2017-12-3 7:51:7] WSARecv : 492
[2017-12-3 7:51:7] WSARecv : 492
[2017-12-3 7:51:7] WSARecv : 492
[2017-12-3 7:51:7] WSARecv : 492
[2017-12-3 7:51:7] WSARecv : 492
[2017-12-3 7:51:7] WSARecv : 492
[2017-12-3 7:51:7] WSARecv : 492
[2017-12-3 7:51:7] WSARecv : 492
[2017-12-3 7:51:7] WSARecv : 492
[2017-12-3 7:51:7] WSARecv : 492
[2017-12-3 7:51:7] WSARecv : 492
[2017-12-3 7:51:7] WSARecv : 492
[2017-12-3 7:51:7] WSARecv : 492
[2017-12-3 7:51:7] WSARecv : 492
[2017-12-3 7:51:7] WSARecv : 492
[2017-12-3 7:51:7] WSARecv : 492
[2017-12-3 7:51:7] WSARecv : 492
[2017-12-3 7:51:7] WSARecv : 492
[2017-12-3 7:51:8] WSARecv : 492
[2017-12-3 7:51:8] WSARecv : 492
[2017-12-3 7:51:8] WSARecv : 492
[2017-12-3 7:51:8] WSARecv : 492
[2017-12-3 7:51:8] WSARecv : 492
[2017-12-3 7:51:8] WSARecv : 492
[2017-12-3 7:51:8] WSARecv : 492
[2017-12-3 7:51:8] WSARecv : 492
[2017-12-3 7:51:8] WSARecv : 492
[2017-12-3 7:51:8] WSARecv : 492
[2017-12-3 7:51:8] WSARecv : 492
[2017-12-3 7:51:8] WSARecv : 492
[2017-12-3 7:51:8] WSARecv : 492
[2017-12-3 7:51:8] WSARecv : 492
[2017-12-3 7:51:8] WSARecv : 492
[2017-12-3 7:51:8] WSARecv : 496
[2017-12-3 7:51:8] WSARecv : 496
[2017-12-3 7:51:8] WSARecv : 496
[2017-12-3 7:51:8] WSARecv : 496
[2017-12-3 7:51:8] WSARecv : 496
[2017-12-3 7:51:8] WSARecv : 496
[2017-12-3 7:51:8] WSARecv : 496
[2017-12-3 7:51:8] WSARecv : 496
[2017-12-3 7:51:8] WSARecv : 496
[2017-12-3 7:51:9] WSARecv : 496
[2017-12-3 7:51:9] WSARecv : 496
[2017-12-3 7:51:9] WSARecv : 496
[2017-12-3 7:51:9] WSARecv : 496
[2017-12-3 7:51:9] WSARecv : 496
[2017-12-3 7:51:9] WSARecv : 496
[2017-12-3 7:51:9] WSARecv : 496
[2017-12-3 7:51:9] WSARecv : 496
[2017-12-3 7:51:9] WSARecv : 496
[2017-12-3 7:51:9] WSARecv : 496
[2017-12-3 7:51:9] WSARecv : 496
[2017-12-3 7:51:9] WSARecv : 496
[2017-12-3 7:51:9] WSARecv : 496
[2017-12-3 7:51:9] WSARecv : 496
[2017-12-3 7:51:9] WSARecv : 496
[2017-12-3 7:51:9] WSARecv : 496
[2017-12-3 7:51:9] WSARecv : 496
[2017-12-3 7:51:9] WSARecv : 496
[2017-12-3 7:51:9] WSARecv : 496
[2017-12-3 7:51:9] WSARecv : 496
[2017-12-3 7:51:9] WSARecv : 496
[2017-12-3 7:51:9] WSARecv : 496
[2017-12-3 7:51:9] WSARecv : 496
[2017-12-3 7:51:9] WSARecv : 496
[2017-12-3 7:51:9] WSARecv : 496
[2017-12-3 7:51:9] WSARecv : 496
[2017-12-3 7:51:9] WSARecv : 496
[2017-12-3 7:51:9] WSARecv : 496
[2017-12-3 7:51:9] WSARecv : 496
[2017-12-3 7:51:9] WSARecv : 496
[2017-12-3 7:51:9] WSARecv : 496
[2017-12-3 7:51:9] WSARecv : 496
[2017-12-3 7:51:9] WSARecv : 496
[2017-12-3 7:51:9] WSARecv : 496
[2017-12-3 7:51:9] WSARecv : 496
[2017-12-3 7:51:9] WSARecv : 496
[2017-12-3 7:51:9] WSARecv : 496
[2017-12-3 7:51:9] WSARecv : 496
[2017-12-3 7:51:9] WSARecv : 496
[2017-12-3 7:51:9] WSARecv : 496
[2017-12-3 7:51:9] WSARecv : 496
[2017-12-3 7:51:9] WSARecv : 496
[2017-12-3 7:51:9] WSARecv : 496
[2017-12-3 7:51:9] WSARecv : 496
[2017-12-3 7:51:9] WSARecv : 496
[2017-12-3 7:51:9] WSARecv : 496
[2017-12-3 7:51:9] WSARecv : 496
[2017-12-3 7:51:9] WSARecv : 496
[2017-12-3 7:51:9] WSARecv : 496
[2017-12-3 7:51:9] WSARecv : 496
[2017-12-3 7:51:9] WSARecv : 496
[2017-12-3 7:51:9] WSARecv : 496
[2017-12-3 7:51:9] WSARecv : 496
[2017-12-3 7:51:9] WSARecv : 496
[2017-12-3 7:51:9] WSARecv : 496
[2017-12-3 7:51:9] WSARecv : 496
[2017-12-3 7:51:9] WSARecv : 496
[2017-12-3 7:51:9] WSARecv : 496
[2017-12-3 7:51:9] WSARecv : 496
[2017-12-3 7:51:9] WSARecv : 496
[2017-12-3 7:51:9] WSARecv : 496
[2017-12-3 7:51:9] WSARecv : 496
[2017-12-3 7:51:9] WSARecv : 496
[2017-12-3 7:51:9] WSARecv : 496
[2017-12-3 7:51:9] WSARecv : 496
[2017-12-3 7:51:9] WSARecv : 496
[2017-12-3 7:51:9] WSARecv : 496
[2017-12-3 7:51:9] WSARecv : 496
[2017-12-3 7:51:9] WSARecv : 496
[2017-12-3 7:51:9] WSARecv : 496
[2017-12-3 7:51:9] WSARecv : 496
[2017-12-3 7:51:9] WSARecv : 496
[2017-12-3 7:51:9] WSARecv : 496
[2017-12-3 7:51:9] WSARecv : 496
[2017-12-3 7:51:9] WSARecv : 496
[2017-12-3 7:51:9] WSARecv : 496
[2017-12-3 7:51:9] WSARecv : 496
[2017-12-3 7:51:9] WSARecv : 496
[2017-12-3 7:51:9] WSARecv : 496
[2017-12-3 7:51:9] WSARecv : 496
[2017-12-3 7:51:9] WSARecv : 496
[2017-12-3 7:51:9] WSARecv : 496
[2017-12-3 7:51:9] WSARecv : 496
[2017-12-3 7:51:9] WSARecv : 496
[2017-12-3 7:51:9] WSARecv : 496
[2017-12-3 7:51:9] WSARecv : 496
[2017-12-3 7:51:9] WSARecv : 496
[2017-12-3 7:51:9] WSARecv : 496
[2017-12-3 7:51:9] WSARecv : 496
[2017-12-3 7:51:9] WSARecv : 496
[2017-12-3 7:51:9] WSARecv : 496
[2017-12-3 7:51:9] WSARecv : 496
[2017-12-3 7:51:9] WSARecv : 496
[2017-12-3 7:51:9] WSARecv : 496
[2017-12-3 7:51:9] WSARecv : 496
[2017-12-3 7:51:9] WSARecv : 496
[2017-12-3 7:51:9] WSARecv : 496
[2017-12-3 7:51:9] WSARecv : 496
[2017-12-3 7:51:9] WSARecv : 496
[2017-12-3 7:51:9] WSARecv : 496
[2017-12-3 7:51:9] WSARecv : 496
[2017-12-3 7:51:9] WSARecv : 496
[2017-12-3 7:51:9] WSARecv : 496
[2017-12-3 7:51:9] WSARecv : 496
[2017-12-3 7:51:9] WSARecv : 496
[2017-12-3 7:51:9] WSARecv : 496
[2017-12-3 7:51:9] WSARecv : 496
[2017-12-3 7:51:9] WSARecv : 496
[2017-12-3 7:51:9] WSARecv : 496
[2017-12-3 7:51:9] WSARecv : 496
[2017-12-3 7:51:9] WSARecv : 496
[2017-12-3 7:51:9] WSARecv : 496
[2017-12-3 7:51:9] WSARecv : 496
[2017-12-3 7:51:10] WSARecv : 496
[2017-12-3 7:51:10] WSARecv : 496
[2017-12-3 7:51:10] WSARecv : 496
[2017-12-3 7:51:10] WSARecv : 496
[2017-12-3 7:51:10] WSARecv : 496
[2017-12-3 7:51:10] WSARecv : 496
[2017-12-3 7:51:10] WSARecv : 496
[2017-12-3 7:51:10] WSARecv : 496
[2017-12-3 7:51:10] WSARecv : 496
[2017-12-3 7:51:10] WSARecv : 496
[2017-12-3 7:51:10] WSARecv : 496
[2017-12-3 7:51:10] WSARecv : 496
[2017-12-3 7:51:10] WSARecv : 496
[2017-12-3 7:51:10] WSARecv : 496
[2017-12-3 7:51:10] WSARecv : 496
[2017-12-3 7:51:10] WSARecv : 496
[2017-12-3 7:51:10] WSARecv : 496
[2017-12-3 7:51:10] WSARecv : 496
[2017-12-3 7:51:10] WSARecv : 496
[2017-12-3 7:51:10] WSARecv : 496
[2017-12-3 7:51:10] WSARecv : 496
[2017-12-3 7:51:10] WSARecv : 496
[2017-12-3 7:51:10] WSARecv : 496
[2017-12-3 7:51:10] WSARecv : 492
[2017-12-3 7:51:10] WSARecv : 492
[2017-12-3 7:51:10] WSARecv : 492
[2017-12-3 7:51:10] WSARecv : 492
[2017-12-3 7:51:10] WSARecv : 492
[2017-12-3 7:51:10] WSARecv : 492
[2017-12-3 7:51:10] WSARecv : 492
[2017-12-3 7:51:10] WSARecv : 492
[2017-12-3 7:51:10] WSARecv : 492
[2017-12-3 7:51:10] WSARecv : 492
[2017-12-3 7:51:10] WSARecv : 492
[2017-12-3 7:51:10] WSARecv : 492
[2017-12-3 7:51:10] WSARecv : 492
[2017-12-3 7:51:10] WSARecv : 492
[2017-12-3 7:51:10] WSARecv : 492
[2017-12-3 7:51:10] WSARecv : 492
[2017-12-3 7:51:10] WSARecv : 492
[2017-12-3 7:51:10] WSARecv : 492
[2017-12-3 7:51:10] WSARecv : 492
[2017-12-3 7:51:10] WSARecv : 492
[2017-12-3 7:51:10] WSARecv : 492
[2017-12-3 7:51:10] WSARecv : 492
[2017-12-3 7:51:10] WSARecv : 492
[2017-12-3 7:51:10] WSARecv : 492
[2017-12-3 7:51:10] WSARecv : 492
[2017-12-3 7:51:10] WSARecv : 492
[2017-12-3 7:51:10] WSARecv : 492
[2017-12-3 7:51:10] WSARecv : 492
[2017-12-3 7:51:10] WSARecv : 492
[2017-12-3 7:51:10] WSARecv : 492
[2017-12-3 7:51:10] WSARecv : 492
[2017-12-3 7:51:10] WSARecv : 492
[2017-12-3 7:51:10] WSARecv : 492
[2017-12-3 7:51:10] WSARecv : 492
[2017-12-3 7:51:10] WSARecv : 492
[2017-12-3 7:51:10] WSARecv : 492
[2017-12-3 7:51:10] WSARecv : 492
[2017-12-3 7:51:10] WSARecv : 492
[2017-12-3 7:51:10] WSARecv : 492
[2017-12-3 7:51:10] WSARecv : 492
[2017-12-3 7:51:10] WSARecv : 492
[2017-12-3 7:51:10] WSARecv : 492
[2017-12-3 7:51:10] WSARecv : 492
[2017-12-3 7:51:10] WSARecv : 492
[2017-12-3 7:51:10] WSARecv : 492
[2017-12-3 7:51:10] WSARecv : 492
[2017-12-3 7:51:10] WSARecv : 492
[2017-12-3 7:51:10] WSARecv : 492
[2017-12-3 7:51:10] WSARecv : 492
[2017-12-3 7:51:10] WSARecv : 492
[2017-12-3 7:51:10] WSARecv : 492
[2017-12-3 7:51:10] WSARecv : 492
[2017-12-3 7:51:10] WSARecv : 492
[2017-12-3 7:51:10] WSARecv : 492
[2017-12-3 7:51:10] WSARecv : 492
[2017-12-3 7:51:10] WSARecv : 492
[2017-12-3 7:51:11] WSARecv : 492
[2017-12-3 7:51:11] WSARecv : 492
[2017-12-3 7:51:11] WSARecv : 492
[2017-12-3 7:51:11] WSARecv : 492
[2017-12-3 7:51:11] WSARecv : 492
[2017-12-3 7:51:11] WSARecv : 492
[2017-12-3 7:51:11] WSARecv : 492
[2017-12-3 7:51:11] WSARecv : 492
[2017-12-3 7:51:11] WSARecv : 492
[2017-12-3 7:51:11] WSARecv : 492
[2017-12-3 7:51:11] WSARecv : 492
[2017-12-3 7:51:11] WSARecv : 492
[2017-12-3 7:51:11] WSARecv : 492
[2017-12-3 7:51:11] WSARecv : 492
[2017-12-3 7:51:11] WSARecv : 492
[2017-12-3 7:51:11] WSARecv : 492
[2017-12-3 7:51:11] WSARecv : 492
[2017-12-3 7:51:11] WSARecv : 492
[2017-12-3 7:51:11] WSARecv : 492
[2017-12-3 7:51:11] WSARecv : 492
[2017-12-3 7:51:11] WSARecv : 492
[2017-12-3 7:51:11] WSARecv : 492
[2017-12-3 7:51:11] WSARecv : 492
[2017-12-3 7:51:11] WSARecv : 492
[2017-12-3 7:51:11] WSARecv : 492
[2017-12-3 7:51:11] WSARecv : 492
[2017-12-3 7:51:11] WSARecv : 492
[2017-12-3 7:51:11] WSARecv : 492
[2017-12-3 7:51:11] WSARecv : 492
[2017-12-3 7:51:11] WSARecv : 492
[2017-12-3 7:51:11] WSARecv : 492
[2017-12-3 7:51:11] WSARecv : 492
[2017-12-3 7:51:11] WSARecv : 492
[2017-12-3 7:51:11] WSARecv : 492
[2017-12-3 7:51:11] WSARecv : 492
[2017-12-3 7:51:11] WSARecv : 492
[2017-12-3 7:51:11] WSARecv : 492
[2017-12-3 7:51:11] WSARecv : 492
[2017-12-3 7:51:11] WSARecv : 492
[2017-12-3 7:51:11] WSARecv : 492
[2017-12-3 7:51:11] WSARecv : 492
[2017-12-3 7:51:11] WSARecv : 492
[2017-12-3 7:51:11] WSARecv : 492
[2017-12-3 7:51:11] WSARecv : 492
[2017-12-3 7:51:11] WSARecv : 492
[2017-12-3 7:51:11] WSARecv : 492
[2017-12-3 7:51:11] WSARecv : 492
[2017-12-3 7:51:11] WSARecv : 492
[2017-12-3 7:51:11] WSARecv : 492
[2017-12-3 7:51:11] WSARecv : 492
[2017-12-3 7:51:11] WSARecv : 492
[2017-12-3 7:51:11] WSARecv : 492
[2017-12-3 7:51:11] WSARecv : 492
[2017-12-3 7:51:11] WSARecv : 492
[2017-12-3 7:51:11] WSARecv : 492
[2017-12-3 7:51:11] WSARecv : 492
[2017-12-3 7:51:11] WSARecv : 492
[2017-12-3 7:51:11] WSARecv : 492
[2017-12-3 7:51:11] WSARecv : 492
[2017-12-3 7:51:11] WSARecv : 492
[2017-12-3 7:51:11] WSARecv : 492
[2017-12-3 7:51:11] WSARecv : 492
[2017-12-3 7:51:11] WSARecv : 492
[2017-12-3 7:51:11] WSARecv : 492
[2017-12-3 7:51:11] WSARecv : 492
[2017-12-3 7:51:11] WSARecv : 492
[2017-12-3 7:51:11] WSARecv : 492
[2017-12-3 7:51:11] WSARecv : 492
[2017-12-3 7:51:11] WSARecv : 492
[2017-12-3 7:51:11] WSARecv : 492
[2017-12-3 7:51:11] WSARecv : 492
[2017-12-3 7:51:11] WSARecv : 492
[2017-12-3 7:51:11] WSARecv : 492
[2017-12-3 7:51:11] WSARecv : 492
[2017-12-3 7:51:11] WSARecv : 492
[2017-12-3 7:51:11] WSARecv : 492
[2017-12-3 7:51:11] WSARecv : 492
[2017-12-3 7:51:11] WSARecv : 492
[2017-12-3 7:51:11] WSARecv : 492
[2017-12-3 7:51:11] WSARecv : 492
[2017-12-3 7:51:12] WSARecv : 492
[2017-12-3 7:51:12] WSARecv : 492
[2017-12-3 7:51:12] WSARecv : 492
[2017-12-3 7:51:12] WSARecv : 492
[2017-12-3 7:51:12] WSARecv : 492
[2017-12-3 7:51:12] WSARecv : 496
[2017-12-3 7:51:12] WSARecv : 496
[2017-12-3 7:51:12] WSARecv : 496
[2017-12-3 7:51:12] WSARecv : 496
[2017-12-3 7:51:12] WSARecv : 496
[2017-12-3 7:51:12] WSARecv : 496
[2017-12-3 7:51:12] WSARecv : 496
[2017-12-3 7:51:12] WSARecv : 496
[2017-12-3 7:51:12] WSARecv : 496
[2017-12-3 7:51:12] WSARecv : 496
[2017-12-3 7:51:12] WSARecv : 496
[2017-12-3 7:51:12] WSARecv : 496
[2017-12-3 7:51:12] WSARecv : 496
[2017-12-3 7:51:12] WSARecv : 496
[2017-12-3 7:51:12] WSARecv : 496
[2017-12-3 7:51:12] WSARecv : 496
[2017-12-3 7:51:12] WSARecv : 496
[2017-12-3 7:51:12] WSARecv : 496
[2017-12-3 7:51:12] WSARecv : 496
[2017-12-3 7:51:12] WSARecv : 496
[2017-12-3 7:51:12] WSARecv : 496
[2017-12-3 7:51:12] WSARecv : 496
[2017-12-3 7:51:12] WSARecv : 496
[2017-12-3 7:51:12] WSARecv : 496
[2017-12-3 7:51:12] WSARecv : 496
[2017-12-3 7:51:12] WSARecv : 496
[2017-12-3 7:51:12] WSARecv : 496
[2017-12-3 7:51:12] WSARecv : 496
[2017-12-3 7:51:12] WSARecv : 496
[2017-12-3 7:51:12] WSARecv : 496
[2017-12-3 7:51:12] WSARecv : 496
[2017-12-3 7:51:12] WSARecv : 496
[2017-12-3 7:51:12] WSARecv : 496
[2017-12-3 7:51:13] WSARecv : 496
[2017-12-3 7:51:13] WSARecv : 496
[2017-12-3 7:51:13] WSARecv : 496
[2017-12-3 7:51:13] WSARecv : 496
[2017-12-3 7:51:13] WSARecv : 496
[2017-12-3 7:51:13] WSARecv : 496
[2017-12-3 7:51:13] WSARecv : 496
[2017-12-3 7:51:13] WSARecv : 496
[2017-12-3 7:51:13] WSARecv : 496
[2017-12-3 7:51:13] WSARecv : 496
[2017-12-3 7:51:13] WSARecv : 496
[2017-12-3 7:51:13] WSARecv : 496
[2017-12-3 7:51:13] WSARecv : 496
[2017-12-3 7:51:13] WSARecv : 496
[2017-12-3 7:51:13] WSARecv : 496
[2017-12-3 7:51:13] WSARecv : 496
[2017-12-3 7:51:13] WSARecv : 496
[2017-12-3 7:51:13] WSARecv : 496
[2017-12-3 7:51:13] WSARecv : 496
[2017-12-3 7:51:13] WSARecv : 496
[2017-12-3 7:51:13] WSARecv : 496
[2017-12-3 7:51:13] WSARecv : 496
[2017-12-3 7:51:13] WSARecv : 496
[2017-12-3 7:51:13] WSARecv : 496
[2017-12-3 7:51:13] WSARecv : 496
[2017-12-3 7:51:13] WSARecv : 496
[2017-12-3 7:51:13] WSARecv : 496
[2017-12-3 7:51:13] WSARecv : 496
[2017-12-3 7:51:13] WSARecv : 496
[2017-12-3 7:51:13] WSARecv : 496
[2017-12-3 7:51:13] WSARecv : 496
[2017-12-3 7:51:13] WSARecv : 496
[2017-12-3 7:51:13] WSARecv : 496
[2017-12-3 7:51:13] WSARecv : 496
[2017-12-3 7:51:13] WSARecv : 496
[2017-12-3 7:51:13] WSARecv : 496
[2017-12-3 7:51:13] WSARecv : 496
[2017-12-3 7:51:13] WSARecv : 496
[2017-12-3 7:51:13] WSARecv : 496
[2017-12-3 7:51:13] WSARecv : 496
[2017-12-3 7:51:13] WSARecv : 496
[2017-12-3 7:51:13] WSARecv : 496
[2017-12-3 7:51:13] WSARecv : 496
[2017-12-3 7:51:13] WSARecv : 496
[2017-12-3 7:51:13] WSARecv : 496
[2017-12-3 7:51:13] WSARecv : 496
[2017-12-3 7:51:13] WSARecv : 496
[2017-12-3 7:51:13] WSARecv : 496
[2017-12-3 7:51:13] WSARecv : 496
[2017-12-3 7:51:13] WSARecv : 496
[2017-12-3 7:51:13] WSARecv : 496
[2017-12-3 7:51:13] WSARecv : 496
[2017-12-3 7:51:13] WSARecv : 496
[2017-12-3 7:51:13] WSARecv : 496
[2017-12-3 7:51:13] WSARecv : 496
[2017-12-3 7:51:13] WSARecv : 496
[2017-12-3 7:51:13] WSARecv : 496
[2017-12-3 7:51:13] WSARecv : 496
[2017-12-3 7:51:13] WSARecv : 496
[2017-12-3 7:51:13] WSARecv : 492
[2017-12-3 7:51:13] WSARecv : 492
[2017-12-3 7:51:13] WSARecv : 492
[2017-12-3 7:51:13] WSARecv : 492
[2017-12-3 7:51:13] WSARecv : 492
[2017-12-3 7:51:13] WSARecv : 492
[2017-12-3 7:51:14] WSARecv : 492
[2017-12-3 7:51:14] WSARecv : 492
[2017-12-3 7:51:14] WSARecv : 492
[2017-12-3 7:51:14] WSARecv : 492
[2017-12-3 7:51:14] WSARecv : 492
[2017-12-3 7:51:14] WSARecv : 492
[2017-12-3 7:51:14] WSARecv : 492
[2017-12-3 7:51:14] WSARecv : 492
[2017-12-3 7:51:14] WSARecv : 492
[2017-12-3 7:51:14] WSARecv : 492
[2017-12-3 7:51:14] WSARecv : 492
[2017-12-3 7:51:14] WSARecv : 492
[2017-12-3 7:51:14] WSARecv : 492
[2017-12-3 7:51:14] WSARecv : 492
[2017-12-3 7:51:14] WSARecv : 492
[2017-12-3 7:51:14] WSARecv : 492
[2017-12-3 7:51:14] WSARecv : 492
[2017-12-3 7:51:14] WSARecv : 492
[2017-12-3 7:51:14] WSARecv : 492
[2017-12-3 7:51:14] WSARecv : 492
[2017-12-3 7:51:14] WSARecv : 492
[2017-12-3 7:51:14] WSARecv : 492
[2017-12-3 7:51:14] WSARecv : 492
[2017-12-3 7:51:14] WSARecv : 492
[2017-12-3 7:51:14] WSARecv : 492
[2017-12-3 7:51:14] WSARecv : 492
[2017-12-3 7:51:14] WSARecv : 492
[2017-12-3 7:51:14] WSARecv : 492
[2017-12-3 7:51:14] WSARecv : 492
[2017-12-3 7:51:14] WSARecv : 492
[2017-12-3 7:51:14] WSARecv : 492
[2017-12-3 7:51:14] WSARecv : 492
[2017-12-3 7:51:14] WSARecv : 492
[2017-12-3 7:51:14] WSARecv : 492
[2017-12-3 7:51:14] WSARecv : 492
[2017-12-3 7:51:14] WSARecv : 492
[2017-12-3 7:51:14] WSARecv : 492
[2017-12-3 7:51:14] WSARecv : 492
[2017-12-3 7:51:14] WSARecv : 492
[2017-12-3 7:51:14] WSARecv : 492
[2017-12-3 7:51:14] WSARecv : 492
[2017-12-3 7:51:14] WSARecv : 492
[2017-12-3 7:51:14] WSARecv : 492
[2017-12-3 7:51:14] WSARecv : 492
[2017-12-3 7:51:14] WSARecv : 492
[2017-12-3 7:51:14] WSARecv : 492
[2017-12-3 7:51:14] WSARecv : 492
[2017-12-3 7:51:14] WSARecv : 492
[2017-12-3 7:51:14] WSARecv : 492
[2017-12-3 7:51:14] WSARecv : 492
[2017-12-3 7:51:14] WSARecv : 492
[2017-12-3 7:51:14] WSARecv : 492
[2017-12-3 7:51:14] WSARecv : 492
[2017-12-3 7:51:14] WSARecv : 492
[2017-12-3 7:51:14] WSARecv : 492
[2017-12-3 7:51:14] WSARecv : 492
[2017-12-3 7:51:14] WSARecv : 492
[2017-12-3 7:51:14] WSARecv : 492
[2017-12-3 7:51:14] WSARecv : 492
[2017-12-3 7:51:14] WSARecv : 492
[2017-12-3 7:51:14] WSARecv : 492
[2017-12-3 7:51:14] WSARecv : 492
[2017-12-3 7:51:14] WSARecv : 492
[2017-12-3 7:51:14] WSARecv : 492
[2017-12-3 7:51:14] WSARecv : 492
[2017-12-3 7:51:14] WSARecv : 492
[2017-12-3 7:51:14] WSARecv : 492
[2017-12-3 7:51:14] WSARecv : 492
[2017-12-3 7:51:14] WSARecv : 492
[2017-12-3 7:51:14] WSARecv : 492
[2017-12-3 7:51:14] WSARecv : 492
[2017-12-3 7:51:14] WSARecv : 492
[2017-12-3 7:51:14] WSARecv : 492
[2017-12-3 7:51:14] WSARecv : 492
[2017-12-3 7:51:14] WSARecv : 492
[2017-12-3 7:51:14] WSARecv : 492
[2017-12-3 7:51:14] WSARecv : 492
[2017-12-3 7:51:15] WSARecv : 492
[2017-12-3 7:51:15] WSARecv : 492
[2017-12-3 7:51:15] WSARecv : 492
[2017-12-3 7:51:15] WSARecv : 492
[2017-12-3 7:51:15] WSARecv : 492
[2017-12-3 7:51:15] WSARecv : 496
[2017-12-3 7:51:15] WSARecv : 496
[2017-12-3 7:51:15] WSARecv : 496
[2017-12-3 7:51:15] WSARecv : 496
[2017-12-3 7:51:15] WSARecv : 496
[2017-12-3 7:51:15] WSARecv : 496
[2017-12-3 7:51:15] WSARecv : 496
[2017-12-3 7:51:15] WSARecv : 496
[2017-12-3 7:51:15] WSARecv : 496
[2017-12-3 7:51:15] WSARecv : 496
[2017-12-3 7:51:15] WSARecv : 496
[2017-12-3 7:51:15] WSARecv : 496
[2017-12-3 7:51:15] WSARecv : 496
[2017-12-3 7:51:15] WSARecv : 496
[2017-12-3 7:51:15] WSARecv : 496
[2017-12-3 7:51:15] WSARecv : 496
[2017-12-3 7:51:15] WSARecv : 496
[2017-12-3 7:51:15] WSARecv : 496
[2017-12-3 7:51:15] WSARecv : 496
[2017-12-3 7:51:15] WSARecv : 496
[2017-12-3 7:51:15] WSARecv : 496
[2017-12-3 7:51:15] WSARecv : 496
[2017-12-3 7:51:15] WSARecv : 496
[2017-12-3 7:51:15] WSARecv : 496
[2017-12-3 7:51:15] WSARecv : 496
[2017-12-3 7:51:15] WSARecv : 496
[2017-12-3 7:51:15] WSARecv : 496
[2017-12-3 7:51:15] WSARecv : 496
[2017-12-3 7:51:15] WSARecv : 496
[2017-12-3 7:51:15] WSARecv : 496
[2017-12-3 7:51:15] WSARecv : 496
[2017-12-3 7:51:15] WSARecv : 496
[2017-12-3 7:51:15] WSARecv : 496
[2017-12-3 7:51:15] WSARecv : 496
[2017-12-3 7:51:15] WSARecv : 496
[2017-12-3 7:51:16] WSARecv : 496
[2017-12-3 7:51:16] WSARecv : 496
[2017-12-3 7:51:16] WSARecv : 496
[2017-12-3 7:51:16] WSARecv : 496
[2017-12-3 7:51:16] WSARecv : 496
[2017-12-3 7:51:16] WSARecv : 496
[2017-12-3 7:51:16] WSARecv : 496
[2017-12-3 7:51:16] WSARecv : 496
[2017-12-3 7:51:16] WSARecv : 496
[2017-12-3 7:51:16] WSARecv : 496
[2017-12-3 7:51:16] WSARecv : 496
[2017-12-3 7:51:16] WSARecv : 496
[2017-12-3 7:51:16] WSARecv : 496
[2017-12-3 7:51:16] WSARecv : 496
[2017-12-3 7:51:16] WSARecv : 496
[2017-12-3 7:51:16] WSARecv : 496
[2017-12-3 7:51:16] WSARecv : 496
[2017-12-3 7:51:16] WSARecv : 496
[2017-12-3 7:51:16] WSARecv : 496
[2017-12-3 7:51:16] WSARecv : 496
[2017-12-3 7:51:16] WSARecv : 496
[2017-12-3 7:51:16] WSARecv : 496
[2017-12-3 7:51:16] WSARecv : 496
[2017-12-3 7:51:16] WSARecv : 496
[2017-12-3 7:51:16] WSARecv : 496
[2017-12-3 7:51:16] WSARecv : 496
[2017-12-3 7:51:16] WSARecv : 496
[2017-12-3 7:51:16] WSARecv : 496
[2017-12-3 7:51:16] WSARecv : 496
[2017-12-3 7:51:17] AcceptEx Success
[2017-12-3 7:51:17] Client End
[2017-12-3 7:51:19] AcceptEx Success
[2017-12-3 7:51:19] Client End
[2017-12-3 7:51:36] WSAStartup Success
[2017-12-3 7:51:36] Socket Init Success
[2017-12-3 7:51:36] listen Success
[2017-12-3 7:51:36] AcceptEx Success
[2017-12-3 7:51:36] AcceptEx Success
[2017-12-3 7:51:36] AcceptEx Success
[2017-12-3 7:51:36] AcceptEx Success
[2017-12-3 7:51:36] AcceptEx Success
[2017-12-3 7:51:36] AcceptEx Success
[2017-12-3 7:51:36] AcceptEx Success
[2017-12-3 7:51:36] AcceptEx Success
[2017-12-3 7:51:36] AcceptEx Success
[2017-12-3 7:51:36] AcceptEx Success
[2017-12-3 7:51:36] AcceptEx Success
[2017-12-3 7:51:36] AcceptEx Success
[2017-12-3 7:51:36] AcceptEx Success
[2017-12-3 7:51:36] AcceptEx Success
[2017-12-3 7:51:36] AcceptEx Success
[2017-12-3 7:51:36] AcceptEx Success
[2017-12-3 7:51:37] AcceptEx Success
[2017-12-3 7:51:37] AcceptEx Success
[2017-12-3 7:51:37] AcceptEx Success
[2017-12-3 7:51:37] AcceptEx Success
[2017-12-3 7:51:37] AcceptEx Success
[2017-12-3 7:51:37] AcceptEx Success
[2017-12-3 7:51:37] AcceptEx Success
[2017-12-3 7:51:37] AcceptEx Success
[2017-12-3 7:51:37] AcceptEx Success
[2017-12-3 7:51:37] AcceptEx Success
[2017-12-3 7:51:37] AcceptEx Success
[2017-12-3 7:51:37] AcceptEx Success
[2017-12-3 7:51:37] AcceptEx Success
[2017-12-3 7:51:37] AcceptEx Success
[2017-12-3 7:51:37] Thread Create 8
[2017-12-3 7:51:39] INFO Success
[2017-12-3 7:51:39] Active_Session : 1
[2017-12-3 7:51:39] InActive_Session : 29
[2017-12-3 7:51:39] WSARecv : 496
[2017-12-3 7:51:39] Accept Success
[2017-12-3 7:51:45] WSARecv : 496
[2017-12-3 7:51:58] INFO Success
[2017-12-3 7:51:58] Active_Session : 2
[2017-12-3 7:51:58] InActive_Session : 28
[2017-12-3 7:51:58] WSARecv : 492
[2017-12-3 7:51:58] Accept Success
[2017-12-3 7:52:3] WSARecv : 492
[2017-12-3 7:52:4] Is Not Room User
[2017-12-3 7:52:4] Game_REQ Room Join
[2017-12-3 7:52:4] WSARecv : 496
[2017-12-3 7:52:8] Is Not Room User
[2017-12-3 7:52:8] Game_REQ Room Join
[2017-12-3 7:52:8] WSARecv : 492
[2017-12-3 7:52:13] WSARecv : 496
[2017-12-3 7:52:14] WSARecv : 496
[2017-12-3 7:52:14] WSARecv : 496
[2017-12-3 7:52:15] WSARecv : 492
[2017-12-3 7:52:15] WSARecv : 492
[2017-12-3 7:52:15] WSARecv : 492
[2017-12-3 7:52:16] WSARecv : 492
[2017-12-3 7:52:16] WSARecv : 492
[2017-12-3 7:52:16] WSARecv : 492
[2017-12-3 7:52:16] WSARecv : 492
[2017-12-3 7:52:16] WSARecv : 492
[2017-12-3 7:52:16] WSARecv : 492
[2017-12-3 7:52:16] WSARecv : 492
[2017-12-3 7:52:16] WSARecv : 492
[2017-12-3 7:52:16] WSARecv : 492
[2017-12-3 7:52:16] WSARecv : 492
[2017-12-3 7:52:16] WSARecv : 492
[2017-12-3 7:52:16] WSARecv : 492
[2017-12-3 7:52:16] WSARecv : 492
[2017-12-3 7:52:16] WSARecv : 492
[2017-12-3 7:52:18] WSARecv : 496
[2017-12-3 7:52:18] WSARecv : 496
[2017-12-3 7:52:18] WSARecv : 496
[2017-12-3 7:52:18] WSARecv : 496
[2017-12-3 7:52:18] WSARecv : 496
[2017-12-3 7:52:18] WSARecv : 496
[2017-12-3 7:52:18] WSARecv : 496
[2017-12-3 7:52:18] WSARecv : 496
[2017-12-3 7:52:18] WSARecv : 496
[2017-12-3 7:52:18] WSARecv : 496
[2017-12-3 7:52:18] WSARecv : 496
[2017-12-3 7:52:18] WSARecv : 496
[2017-12-3 7:52:18] WSARecv : 496
[2017-12-3 7:52:18] WSARecv : 496
[2017-12-3 7:52:20] WSARecv : 492
[2017-12-3 7:52:20] WSARecv : 492
[2017-12-3 7:52:20] WSARecv : 492
[2017-12-3 7:52:20] WSARecv : 492
[2017-12-3 7:52:20] WSARecv : 492
[2017-12-3 7:52:20] WSARecv : 492
[2017-12-3 7:52:20] WSARecv : 492
[2017-12-3 7:52:20] WSARecv : 492
[2017-12-3 7:52:20] WSARecv : 492
[2017-12-3 7:52:20] WSARecv : 492
[2017-12-3 7:52:20] WSARecv : 492
[2017-12-3 7:52:20] WSARecv : 492
[2017-12-3 7:52:20] WSARecv : 492
[2017-12-3 7:52:20] WSARecv : 492
[2017-12-3 7:52:20] WSARecv : 492
[2017-12-3 7:52:22] WSARecv : 496
[2017-12-3 7:52:22] WSARecv : 496
[2017-12-3 7:52:22] WSARecv : 496
[2017-12-3 7:52:22] WSARecv : 496
[2017-12-3 7:52:22] WSARecv : 496
[2017-12-3 7:52:22] WSARecv : 496
[2017-12-3 7:52:22] WSARecv : 496
[2017-12-3 7:52:22] WSARecv : 496
[2017-12-3 7:52:22] WSARecv : 496
[2017-12-3 7:52:22] WSARecv : 496
[2017-12-3 7:52:22] WSARecv : 496
[2017-12-3 7:52:22] WSARecv : 496
[2017-12-3 7:52:22] WSARecv : 496
[2017-12-3 7:52:22] WSARecv : 496
[2017-12-3 7:52:22] WSARecv : 496
[2017-12-3 7:52:22] WSARecv : 496
[2017-12-3 7:52:22] WSARecv : 496
[2017-12-3 7:52:22] WSARecv : 496
[2017-12-3 7:52:22] WSARecv : 496
[2017-12-3 7:52:23] WSARecv : 496
[2017-12-3 7:52:23] WSARecv : 496
[2017-12-3 7:52:23] WSARecv : 496
[2017-12-3 7:52:23] WSARecv : 496
[2017-12-3 7:52:23] WSARecv : 496
[2017-12-3 7:52:23] WSARecv : 496
[2017-12-3 7:52:23] WSARecv : 496
[2017-12-3 7:52:23] WSARecv : 496
[2017-12-3 7:52:23] WSARecv : 496
[2017-12-3 7:52:23] WSARecv : 496
[2017-12-3 7:52:23] WSARecv : 496
[2017-12-3 7:52:23] WSARecv : 496
[2017-12-3 7:52:23] WSARecv : 496
[2017-12-3 7:52:23] WSARecv : 496
[2017-12-3 7:52:23] WSARecv : 496
[2017-12-3 7:52:23] WSARecv : 496
[2017-12-3 7:52:23] WSARecv : 496
[2017-12-3 7:52:23] WSARecv : 496
[2017-12-3 7:52:23] WSARecv : 496
[2017-12-3 7:52:24] WSARecv : 492
[2017-12-3 7:52:24] WSARecv : 492
[2017-12-3 7:52:24] WSARecv : 492
[2017-12-3 7:52:24] WSARecv : 492
[2017-12-3 7:52:24] WSARecv : 492
[2017-12-3 7:52:24] WSARecv : 492
[2017-12-3 7:52:24] WSARecv : 492
[2017-12-3 7:52:24] WSARecv : 492
[2017-12-3 7:52:24] WSARecv : 492
[2017-12-3 7:52:24] WSARecv : 492
[2017-12-3 7:52:24] WSARecv : 492
[2017-12-3 7:52:24] WSARecv : 492
[2017-12-3 7:52:24] WSARecv : 492
[2017-12-3 7:52:24] WSARecv : 492
[2017-12-3 7:52:24] WSARecv : 492
[2017-12-3 7:52:24] WSARecv : 492
[2017-12-3 7:52:24] WSARecv : 492
[2017-12-3 7:52:24] WSARecv : 492
[2017-12-3 7:52:24] WSARecv : 492
[2017-12-3 7:52:24] WSARecv : 492
[2017-12-3 7:52:24] WSARecv : 492
[2017-12-3 7:52:24] WSARecv : 492
[2017-12-3 7:52:24] WSARecv : 492
[2017-12-3 7:52:24] WSARecv : 492
[2017-12-3 7:52:24] WSARecv : 492
[2017-12-3 7:52:24] WSARecv : 492
[2017-12-3 7:52:24] WSARecv : 492
[2017-12-3 7:52:24] WSARecv : 492
[2017-12-3 7:52:24] WSARecv : 492
[2017-12-3 7:52:24] WSARecv : 492
[2017-12-3 7:52:24] WSARecv : 492
[2017-12-3 7:52:24] WSARecv : 492
[2017-12-3 7:52:24] WSARecv : 492
[2017-12-3 7:52:24] WSARecv : 492
[2017-12-3 7:52:24] WSARecv : 492
[2017-12-3 7:52:24] WSARecv : 492
[2017-12-3 7:52:24] WSARecv : 492
[2017-12-3 7:52:24] WSARecv : 492
[2017-12-3 7:52:24] WSARecv : 492
[2017-12-3 7:52:24] WSARecv : 492
[2017-12-3 7:52:24] WSARecv : 492
[2017-12-3 7:52:24] WSARecv : 492
[2017-12-3 7:52:24] WSARecv : 492
[2017-12-3 7:52:24] WSARecv : 492
[2017-12-3 7:52:24] WSARecv : 492
[2017-12-3 7:52:24] WSARecv : 492
[2017-12-3 7:52:24] WSARecv : 492
[2017-12-3 7:52:24] WSARecv : 492
[2017-12-3 7:52:24] WSARecv : 492
[2017-12-3 7:52:24] WSARecv : 492
[2017-12-3 7:52:24] WSARecv : 492
[2017-12-3 7:52:24] WSARecv : 492
[2017-12-3 7:52:24] WSARecv : 492
[2017-12-3 7:52:24] WSARecv : 492
[2017-12-3 7:52:24] WSARecv : 492
[2017-12-3 7:52:24] WSARecv : 492
[2017-12-3 7:52:24] WSARecv : 492
[2017-12-3 7:52:24] WSARecv : 492
[2017-12-3 7:52:24] WSARecv : 492
[2017-12-3 7:52:24] WSARecv : 492
[2017-12-3 7:52:24] WSARecv : 492
[2017-12-3 7:52:24] WSARecv : 492
[2017-12-3 7:52:24] WSARecv : 492
[2017-12-3 7:52:24] WSARecv : 492
[2017-12-3 7:52:24] WSARecv : 492
[2017-12-3 7:52:24] WSARecv : 492
[2017-12-3 7:52:24] WSARecv : 492
[2017-12-3 7:52:24] WSARecv : 492
[2017-12-3 7:52:24] WSARecv : 492
[2017-12-3 7:52:24] WSARecv : 492
[2017-12-3 7:52:24] WSARecv : 492
[2017-12-3 7:52:24] WSARecv : 492
[2017-12-3 7:52:24] WSARecv : 492
[2017-12-3 7:52:24] WSARecv : 492
[2017-12-3 7:52:24] WSARecv : 492
[2017-12-3 7:52:24] WSARecv : 492
[2017-12-3 7:52:25] WSARecv : 492
[2017-12-3 7:52:25] WSARecv : 492
[2017-12-3 7:52:25] WSARecv : 492
[2017-12-3 7:52:25] WSARecv : 492
[2017-12-3 7:52:25] WSARecv : 492
[2017-12-3 7:52:25] WSARecv : 492
[2017-12-3 7:52:25] WSARecv : 492
[2017-12-3 7:52:25] WSARecv : 492
[2017-12-3 7:52:25] WSARecv : 492
[2017-12-3 7:52:25] WSARecv : 492
[2017-12-3 7:52:25] WSARecv : 492
[2017-12-3 7:52:25] WSARecv : 492
[2017-12-3 7:52:25] WSARecv : 492
[2017-12-3 7:52:25] WSARecv : 492
[2017-12-3 7:52:25] WSARecv : 492
[2017-12-3 7:52:25] WSARecv : 492
[2017-12-3 7:52:25] WSARecv : 492
[2017-12-3 7:52:25] WSARecv : 492
[2017-12-3 7:52:25] WSARecv : 492
[2017-12-3 7:52:25] WSARecv : 492
[2017-12-3 7:52:25] WSARecv : 492
[2017-12-3 7:52:25] WSARecv : 492
[2017-12-3 7:52:25] WSARecv : 492
[2017-12-3 7:52:25] WSARecv : 492
[2017-12-3 7:52:25] WSARecv : 492
[2017-12-3 7:52:25] WSARecv : 492
[2017-12-3 7:52:25] WSARecv : 492
[2017-12-3 7:52:25] WSARecv : 492
[2017-12-3 7:52:26] WSARecv : 496
[2017-12-3 7:52:26] WSARecv : 496
[2017-12-3 7:52:26] WSARecv : 496
[2017-12-3 7:52:26] WSARecv : 496
[2017-12-3 7:52:26] WSARecv : 496
[2017-12-3 7:52:26] WSARecv : 496
[2017-12-3 7:52:26] WSARecv : 496
[2017-12-3 7:52:26] WSARecv : 496
[2017-12-3 7:52:26] WSARecv : 496
[2017-12-3 7:52:26] WSARecv : 496
[2017-12-3 7:52:26] WSARecv : 496
[2017-12-3 7:52:26] WSARecv : 496
[2017-12-3 7:52:26] WSARecv : 496
[2017-12-3 7:52:26] WSARecv : 496
[2017-12-3 7:52:26] WSARecv : 496
[2017-12-3 7:52:26] WSARecv : 496
[2017-12-3 7:52:26] WSARecv : 496
[2017-12-3 7:52:26] WSARecv : 496
[2017-12-3 7:52:27] WSARecv : 496
[2017-12-3 7:52:27] WSARecv : 496
[2017-12-3 7:52:27] WSARecv : 496
[2017-12-3 7:52:27] WSARecv : 496
[2017-12-3 7:52:27] WSARecv : 496
[2017-12-3 7:52:27] WSARecv : 496
[2017-12-3 7:52:27] WSARecv : 496
[2017-12-3 7:52:27] WSARecv : 496
[2017-12-3 7:52:27] WSARecv : 496
[2017-12-3 7:52:27] WSARecv : 496
[2017-12-3 7:52:27] WSARecv : 496
[2017-12-3 7:52:27] WSARecv : 496
[2017-12-3 7:52:27] WSARecv : 496
[2017-12-3 7:52:27] WSARecv : 496
[2017-12-3 7:52:27] WSARecv : 496
[2017-12-3 7:52:27] WSARecv : 496
[2017-12-3 7:52:27] WSARecv : 496
[2017-12-3 7:52:27] WSARecv : 496
[2017-12-3 7:52:27] WSARecv : 496
[2017-12-3 7:52:27] WSARecv : 496
[2017-12-3 7:52:27] WSARecv : 496
[2017-12-3 7:52:27] WSARecv : 496
[2017-12-3 7:52:27] WSARecv : 496
[2017-12-3 7:52:27] WSARecv : 496
[2017-12-3 7:52:28] WSARecv : 492
[2017-12-3 7:52:28] WSARecv : 492
[2017-12-3 7:52:28] WSARecv : 492
[2017-12-3 7:52:28] WSARecv : 492
[2017-12-3 7:52:28] WSARecv : 492
[2017-12-3 7:52:28] WSARecv : 492
[2017-12-3 7:52:28] WSARecv : 492
[2017-12-3 7:52:28] WSARecv : 492
[2017-12-3 7:52:28] WSARecv : 492
[2017-12-3 7:52:28] WSARecv : 492
[2017-12-3 7:52:28] WSARecv : 492
[2017-12-3 7:52:28] WSARecv : 492
[2017-12-3 7:52:28] WSARecv : 492
[2017-12-3 7:52:28] WSARecv : 492
[2017-12-3 7:52:28] WSARecv : 492
[2017-12-3 7:52:28] WSARecv : 492
[2017-12-3 7:52:28] WSARecv : 492
[2017-12-3 7:52:28] WSARecv : 492
[2017-12-3 7:52:28] WSARecv : 492
[2017-12-3 7:52:28] WSARecv : 492
[2017-12-3 7:52:28] WSARecv : 492
[2017-12-3 7:52:30] WSARecv : 492
[2017-12-3 7:52:30] WSARecv : 492
[2017-12-3 7:52:30] WSARecv : 492
[2017-12-3 7:52:30] WSARecv : 492
[2017-12-3 7:52:30] WSARecv : 492
[2017-12-3 7:52:30] WSARecv : 492
[2017-12-3 7:52:30] WSARecv : 492
[2017-12-3 7:52:30] WSARecv : 492
[2017-12-3 7:52:30] WSARecv : 492
[2017-12-3 7:52:30] WSARecv : 492
[2017-12-3 7:52:30] WSARecv : 492
[2017-12-3 7:52:30] WSARecv : 492
[2017-12-3 7:52:30] WSARecv : 492
[2017-12-3 7:52:30] WSARecv : 492
[2017-12-3 7:52:30] WSARecv : 492
[2017-12-3 7:52:30] WSARecv : 492
[2017-12-3 7:52:30] WSARecv : 492
[2017-12-3 7:52:30] WSARecv : 492
[2017-12-3 7:52:30] WSARecv : 492
[2017-12-3 7:52:30] WSARecv : 492
[2017-12-3 7:52:30] WSARecv : 492
[2017-12-3 7:52:30] WSARecv : 492
[2017-12-3 7:52:30] WSARecv : 492
[2017-12-3 7:52:30] WSARecv : 492
[2017-12-3 7:52:30] WSARecv : 492
[2017-12-3 7:52:30] WSARecv : 492
[2017-12-3 7:52:30] WSARecv : 492
[2017-12-3 7:52:30] WSARecv : 492
[2017-12-3 7:52:30] WSARecv : 492
[2017-12-3 7:52:30] WSARecv : 492
[2017-12-3 7:52:30] WSARecv : 492
[2017-12-3 7:52:30] WSARecv : 492
[2017-12-3 7:52:30] WSARecv : 492
[2017-12-3 7:52:30] WSARecv : 492
[2017-12-3 7:52:30] WSARecv : 492
[2017-12-3 7:52:30] WSARecv : 492
[2017-12-3 7:52:30] WSARecv : 492
[2017-12-3 7:52:30] WSARecv : 492
[2017-12-3 7:52:30] WSARecv : 492
[2017-12-3 7:52:30] WSARecv : 492
[2017-12-3 7:52:30] WSARecv : 492
[2017-12-3 7:52:30] WSARecv : 492
[2017-12-3 7:52:31] WSARecv : 492
[2017-12-3 7:52:31] WSARecv : 492
[2017-12-3 7:52:31] WSARecv : 492
[2017-12-3 7:52:31] WSARecv : 492
[2017-12-3 7:52:31] WSARecv : 492
[2017-12-3 7:52:31] WSARecv : 492
[2017-12-3 7:52:31] WSARecv : 492
[2017-12-3 7:52:31] WSARecv : 492
[2017-12-3 7:52:31] WSARecv : 492
[2017-12-3 7:52:31] WSARecv : 492
[2017-12-3 7:52:31] WSARecv : 492
[2017-12-3 7:52:31] WSARecv : 492
[2017-12-3 7:52:31] WSARecv : 492
[2017-12-3 7:52:31] WSARecv : 492
[2017-12-3 7:52:31] WSARecv : 492
[2017-12-3 7:52:31] WSARecv : 492
[2017-12-3 7:52:31] WSARecv : 492
[2017-12-3 7:52:31] WSARecv : 492
[2017-12-3 7:52:31] WSARecv : 492
[2017-12-3 7:52:31] WSARecv : 492
[2017-12-3 7:52:31] WSARecv : 492
[2017-12-3 7:52:31] WSARecv : 492
[2017-12-3 7:52:31] WSARecv : 492
[2017-12-3 7:52:31] WSARecv : 492
[2017-12-3 7:52:31] WSARecv : 492
[2017-12-3 7:52:31] WSARecv : 492
[2017-12-3 7:52:31] WSARecv : 492
[2017-12-3 7:52:31] WSARecv : 492
[2017-12-3 7:52:31] WSARecv : 492
[2017-12-3 7:52:31] WSARecv : 492
[2017-12-3 7:52:31] WSARecv : 492
[2017-12-3 7:52:31] WSARecv : 492
[2017-12-3 7:52:31] WSARecv : 492
[2017-12-3 7:52:31] WSARecv : 492
[2017-12-3 7:52:31] WSARecv : 492
[2017-12-3 7:52:31] WSARecv : 492
[2017-12-3 7:52:31] WSARecv : 492
[2017-12-3 7:52:31] WSARecv : 492
[2017-12-3 7:52:31] WSARecv : 492
[2017-12-3 7:52:31] WSARecv : 492
[2017-12-3 7:52:31] WSARecv : 492
[2017-12-3 7:52:31] WSARecv : 492
[2017-12-3 7:52:31] WSARecv : 492
[2017-12-3 7:52:31] WSARecv : 492
[2017-12-3 7:52:31] WSARecv : 492
[2017-12-3 7:52:31] WSARecv : 492
[2017-12-3 7:52:31] WSARecv : 492
[2017-12-3 7:52:33] AcceptEx Success
[2017-12-3 7:52:33] Client End
[2017-12-3 7:52:34] AcceptEx Success
[2017-12-3 7:52:34] Client End
[2017-12-3 7:53:36] WSAStartup Success
[2017-12-3 7:53:36] Socket Init Success
[2017-12-3 7:53:36] listen Success
[2017-12-3 7:53:36] AcceptEx Success
[2017-12-3 7:53:36] AcceptEx Success
[2017-12-3 7:53:36] AcceptEx Success
[2017-12-3 7:53:36] AcceptEx Success
[2017-12-3 7:53:36] AcceptEx Success
[2017-12-3 7:53:36] AcceptEx Success
[2017-12-3 7:53:36] AcceptEx Success
[2017-12-3 7:53:36] AcceptEx Success
[2017-12-3 7:53:36] AcceptEx Success
[2017-12-3 7:53:36] AcceptEx Success
[2017-12-3 7:53:36] AcceptEx Success
[2017-12-3 7:53:36] AcceptEx Success
[2017-12-3 7:53:36] AcceptEx Success
[2017-12-3 7:53:36] AcceptEx Success
[2017-12-3 7:53:36] AcceptEx Success
[2017-12-3 7:53:36] AcceptEx Success
[2017-12-3 7:53:36] AcceptEx Success
[2017-12-3 7:53:36] AcceptEx Success
[2017-12-3 7:53:36] AcceptEx Success
[2017-12-3 7:53:36] AcceptEx Success
[2017-12-3 7:53:36] AcceptEx Success
[2017-12-3 7:53:36] AcceptEx Success
[2017-12-3 7:53:36] AcceptEx Success
[2017-12-3 7:53:36] AcceptEx Success
[2017-12-3 7:53:36] AcceptEx Success
[2017-12-3 7:53:36] AcceptEx Success
[2017-12-3 7:53:36] AcceptEx Success
[2017-12-3 7:53:36] AcceptEx Success
[2017-12-3 7:53:36] AcceptEx Success
[2017-12-3 7:53:36] AcceptEx Success
[2017-12-3 7:53:36] Thread Create 8
[2017-12-3 7:53:48] INFO Success
[2017-12-3 7:53:48] Active_Session : 1
[2017-12-3 7:53:48] InActive_Session : 29
[2017-12-3 7:53:48] INFO Success
[2017-12-3 7:53:49] WSARecv : 500
[2017-12-3 7:53:49] Active_Session : 2
[2017-12-3 7:53:49] Accept Success
[2017-12-3 7:53:49] InActive_Session : 28
[2017-12-3 7:53:49] WSARecv : 488
[2017-12-3 7:53:49] Accept Success
[2017-12-3 7:53:53] WSARecv : 488
[2017-12-3 7:53:57] WSARecv : 500
[2017-12-3 7:54:2] Is Not Room User
[2017-12-3 7:54:2] Game_REQ Room Join
[2017-12-3 7:54:2] WSARecv : 488
[2017-12-3 7:54:56] Is Not Room User
[2017-12-3 7:54:56] Game_REQ Room Join
[2017-12-3 7:54:56] WSARecv : 500
[2017-12-3 7:54:59] WSARecv : 500
[2017-12-3 7:55:0] WSARecv : 488
[2017-12-3 7:55:1] WSARecv : 488
[2017-12-3 7:55:1] WSARecv : 488
[2017-12-3 7:55:1] WSARecv : 500
[2017-12-3 7:55:1] WSARecv : 500
[2017-12-3 7:55:3] WSARecv : 488
[2017-12-3 7:55:3] WSARecv : 488
[2017-12-3 7:55:3] WSARecv : 488
[2017-12-3 7:55:3] WSARecv : 488
[2017-12-3 7:55:3] WSARecv : 488
[2017-12-3 7:55:3] WSARecv : 488
[2017-12-3 7:55:3] WSARecv : 488
[2017-12-3 7:55:3] WSARecv : 488
[2017-12-3 7:55:3] WSARecv : 488
[2017-12-3 7:55:3] WSARecv : 488
[2017-12-3 7:55:3] WSARecv : 488
[2017-12-3 7:55:3] WSARecv : 488
[2017-12-3 7:55:3] WSARecv : 488
[2017-12-3 7:55:3] WSARecv : 488
[2017-12-3 7:55:3] WSARecv : 488
[2017-12-3 7:55:3] WSARecv : 488
[2017-12-3 7:55:3] WSARecv : 488
[2017-12-3 7:55:3] WSARecv : 488
[2017-12-3 7:55:3] WSARecv : 488
[2017-12-3 7:55:3] WSARecv : 488
[2017-12-3 7:55:3] WSARecv : 488
[2017-12-3 7:55:3] WSARecv : 488
[2017-12-3 7:55:4] WSARecv : 488
[2017-12-3 7:55:4] WSARecv : 488
[2017-12-3 7:55:4] WSARecv : 488
[2017-12-3 7:55:4] WSARecv : 488
[2017-12-3 7:55:4] WSARecv : 488
[2017-12-3 7:55:4] WSARecv : 488
[2017-12-3 7:55:4] WSARecv : 488
[2017-12-3 7:55:4] WSARecv : 488
[2017-12-3 7:55:4] WSARecv : 488
[2017-12-3 7:55:4] WSARecv : 488
[2017-12-3 7:55:4] WSARecv : 488
[2017-12-3 7:55:4] WSARecv : 488
[2017-12-3 7:55:4] WSARecv : 488
[2017-12-3 7:55:4] WSARecv : 488
[2017-12-3 7:55:4] WSARecv : 488
[2017-12-3 7:55:4] WSARecv : 488
[2017-12-3 7:55:4] WSARecv : 488
[2017-12-3 7:55:4] WSARecv : 488
[2017-12-3 7:55:4] WSARecv : 488
[2017-12-3 7:55:4] WSARecv : 488
[2017-12-3 7:55:4] WSARecv : 488
[2017-12-3 7:55:4] WSARecv : 488
[2017-12-3 7:55:4] WSARecv : 488
[2017-12-3 7:55:4] WSARecv : 488
[2017-12-3 7:55:4] WSARecv : 488
[2017-12-3 7:55:4] WSARecv : 488
[2017-12-3 7:55:4] WSARecv : 488
[2017-12-3 7:55:4] WSARecv : 488
[2017-12-3 7:55:4] WSARecv : 488
[2017-12-3 7:55:4] WSARecv : 488
[2017-12-3 7:55:4] WSARecv : 488
[2017-12-3 7:55:4] WSARecv : 488
[2017-12-3 7:55:4] WSARecv : 488
[2017-12-3 7:55:4] WSARecv : 488
[2017-12-3 7:55:4] WSARecv : 488
[2017-12-3 7:55:4] WSARecv : 488
[2017-12-3 7:55:4] WSARecv : 488
[2017-12-3 7:55:4] WSARecv : 488
[2017-12-3 7:55:4] WSARecv : 488
[2017-12-3 7:55:4] WSARecv : 488
[2017-12-3 7:55:4] WSARecv : 488
[2017-12-3 7:55:4] WSARecv : 488
[2017-12-3 7:55:4] WSARecv : 488
[2017-12-3 7:55:4] WSARecv : 488
[2017-12-3 7:55:5] WSARecv : 488
[2017-12-3 7:55:5] WSARecv : 488
[2017-12-3 7:55:5] WSARecv : 488
[2017-12-3 7:55:5] WSARecv : 488
[2017-12-3 7:55:5] WSARecv : 488
[2017-12-3 7:55:5] WSARecv : 488
[2017-12-3 7:55:5] WSARecv : 488
[2017-12-3 7:55:5] WSARecv : 488
[2017-12-3 7:55:5] WSARecv : 488
[2017-12-3 7:55:5] WSARecv : 488
[2017-12-3 7:55:5] WSARecv : 488
[2017-12-3 7:55:5] WSARecv : 488
[2017-12-3 7:55:5] WSARecv : 488
[2017-12-3 7:55:5] WSARecv : 488
[2017-12-3 7:55:5] WSARecv : 488
[2017-12-3 7:55:5] WSARecv : 488
[2017-12-3 7:55:5] WSARecv : 488
[2017-12-3 7:55:5] WSARecv : 488
[2017-12-3 7:55:5] WSARecv : 488
[2017-12-3 7:55:5] WSARecv : 488
[2017-12-3 7:55:5] WSARecv : 488
[2017-12-3 7:55:5] WSARecv : 488
[2017-12-3 7:55:5] WSARecv : 488
[2017-12-3 7:55:5] WSARecv : 488
[2017-12-3 7:55:5] WSARecv : 488
[2017-12-3 7:55:5] WSARecv : 488
[2017-12-3 7:55:5] WSARecv : 488
[2017-12-3 7:55:5] WSARecv : 488
[2017-12-3 7:55:5] WSARecv : 488
[2017-12-3 7:55:5] WSARecv : 488
[2017-12-3 7:55:5] WSARecv : 488
[2017-12-3 7:55:5] WSARecv : 488
[2017-12-3 7:55:5] WSARecv : 488
[2017-12-3 7:55:5] WSARecv : 488
[2017-12-3 7:55:5] WSARecv : 488
[2017-12-3 7:55:5] WSARecv : 488
[2017-12-3 7:55:5] WSARecv : 488
[2017-12-3 7:55:5] WSARecv : 488
[2017-12-3 7:55:5] WSARecv : 488
[2017-12-3 7:55:5] WSARecv : 488
[2017-12-3 7:55:5] WSARecv : 488
[2017-12-3 7:55:5] WSARecv : 488
[2017-12-3 7:55:5] WSARecv : 488
[2017-12-3 7:55:5] WSARecv : 488
[2017-12-3 7:55:5] WSARecv : 488
[2017-12-3 7:55:5] WSARecv : 488
[2017-12-3 7:55:5] WSARecv : 488
[2017-12-3 7:55:5] WSARecv : 488
[2017-12-3 7:55:5] WSARecv : 488
[2017-12-3 7:55:5] WSARecv : 488
[2017-12-3 7:55:5] WSARecv : 488
[2017-12-3 7:55:5] WSARecv : 488
[2017-12-3 7:55:5] WSARecv : 488
[2017-12-3 7:55:5] WSARecv : 488
[2017-12-3 7:55:6] WSARecv : 488
[2017-12-3 7:55:6] WSARecv : 488
[2017-12-3 7:55:6] WSARecv : 488
[2017-12-3 7:55:6] WSARecv : 500
[2017-12-3 7:55:6] WSARecv : 500
[2017-12-3 7:55:6] WSARecv : 500
[2017-12-3 7:55:6] WSARecv : 500
[2017-12-3 7:55:6] WSARecv : 500
[2017-12-3 7:55:6] WSARecv : 500
[2017-12-3 7:55:6] WSARecv : 500
[2017-12-3 7:55:6] WSARecv : 500
[2017-12-3 7:55:6] WSARecv : 500
[2017-12-3 7:55:6] WSARecv : 500
[2017-12-3 7:55:6] WSARecv : 500
[2017-12-3 7:55:6] WSARecv : 500
[2017-12-3 7:55:6] WSARecv : 500
[2017-12-3 7:55:6] WSARecv : 500
[2017-12-3 7:55:6] WSARecv : 500
[2017-12-3 7:55:6] WSARecv : 500
[2017-12-3 7:55:6] WSARecv : 500
[2017-12-3 7:55:6] WSARecv : 500
[2017-12-3 7:55:6] WSARecv : 500
[2017-12-3 7:55:6] WSARecv : 500
[2017-12-3 7:55:6] WSARecv : 500
[2017-12-3 7:55:6] WSARecv : 500
[2017-12-3 7:55:6] WSARecv : 500
[2017-12-3 7:55:6] WSARecv : 500
[2017-12-3 7:55:6] WSARecv : 500
[2017-12-3 7:55:6] WSARecv : 500
[2017-12-3 7:55:6] WSARecv : 500
[2017-12-3 7:55:6] WSARecv : 500
[2017-12-3 7:55:6] WSARecv : 500
[2017-12-3 7:55:6] WSARecv : 500
[2017-12-3 7:55:6] WSARecv : 500
[2017-12-3 7:55:6] WSARecv : 500
[2017-12-3 7:55:7] WSARecv : 500
[2017-12-3 7:55:7] WSARecv : 500
[2017-12-3 7:55:7] WSARecv : 500
[2017-12-3 7:55:7] WSARecv : 500
[2017-12-3 7:55:7] WSARecv : 500
[2017-12-3 7:55:7] WSARecv : 500
[2017-12-3 7:55:7] WSARecv : 500
[2017-12-3 7:55:7] WSARecv : 500
[2017-12-3 7:55:7] WSARecv : 500
[2017-12-3 7:55:7] WSARecv : 500
[2017-12-3 7:55:7] WSARecv : 500
[2017-12-3 7:55:7] WSARecv : 500
[2017-12-3 7:55:7] WSARecv : 500
[2017-12-3 7:55:7] WSARecv : 500
[2017-12-3 7:55:7] WSARecv : 500
[2017-12-3 7:55:7] WSARecv : 500
[2017-12-3 7:55:7] WSARecv : 500
[2017-12-3 7:55:7] WSARecv : 500
[2017-12-3 7:55:7] WSARecv : 500
[2017-12-3 7:55:7] WSARecv : 500
[2017-12-3 7:55:7] WSARecv : 500
[2017-12-3 7:55:7] WSARecv : 500
[2017-12-3 7:55:7] WSARecv : 500
[2017-12-3 7:55:7] WSARecv : 500
[2017-12-3 7:55:7] WSARecv : 500
[2017-12-3 7:55:7] WSARecv : 500
[2017-12-3 7:55:7] WSARecv : 500
[2017-12-3 7:55:7] WSARecv : 500
[2017-12-3 7:55:7] WSARecv : 500
[2017-12-3 7:55:7] WSARecv : 500
[2017-12-3 7:55:7] WSARecv : 500
[2017-12-3 7:55:7] WSARecv : 500
[2017-12-3 7:55:7] WSARecv : 500
[2017-12-3 7:55:7] WSARecv : 500
[2017-12-3 7:55:7] WSARecv : 500
[2017-12-3 7:55:7] WSARecv : 500
[2017-12-3 7:55:7] WSARecv : 500
[2017-12-3 7:55:7] WSARecv : 500
[2017-12-3 7:55:7] WSARecv : 500
[2017-12-3 7:55:7] WSARecv : 500
[2017-12-3 7:55:7] WSARecv : 500
[2017-12-3 7:55:7] WSARecv : 500
[2017-12-3 7:55:7] WSARecv : 500
[2017-12-3 7:55:7] WSARecv : 500
[2017-12-3 7:55:7] WSARecv : 500
[2017-12-3 7:55:7] WSARecv : 500
[2017-12-3 7:55:7] WSARecv : 500
[2017-12-3 7:55:7] WSARecv : 500
[2017-12-3 7:55:7] WSARecv : 500
[2017-12-3 7:55:7] WSARecv : 500
[2017-12-3 7:55:7] WSARecv : 500
[2017-12-3 7:55:7] WSARecv : 500
[2017-12-3 7:55:7] WSARecv : 500
[2017-12-3 7:55:7] WSARecv : 500
[2017-12-3 7:55:8] WSARecv : 488
[2017-12-3 7:55:8] WSARecv : 488
[2017-12-3 7:55:8] WSARecv : 488
[2017-12-3 7:55:8] WSARecv : 488
[2017-12-3 7:55:8] WSARecv : 488
[2017-12-3 7:55:8] WSARecv : 488
[2017-12-3 7:55:8] WSARecv : 488
[2017-12-3 7:55:8] WSARecv : 488
[2017-12-3 7:55:8] WSARecv : 488
[2017-12-3 7:55:8] WSARecv : 488
[2017-12-3 7:55:8] WSARecv : 488
[2017-12-3 7:55:8] WSARecv : 488
[2017-12-3 7:55:8] WSARecv : 488
[2017-12-3 7:55:8] WSARecv : 488
[2017-12-3 7:55:8] WSARecv : 488
[2017-12-3 7:55:8] WSARecv : 488
[2017-12-3 7:55:8] WSARecv : 488
[2017-12-3 7:55:8] WSARecv : 488
[2017-12-3 7:55:8] WSARecv : 488
[2017-12-3 7:55:8] WSARecv : 488
[2017-12-3 7:55:8] WSARecv : 488
[2017-12-3 7:55:8] WSARecv : 488
[2017-12-3 7:55:8] WSARecv : 488
[2017-12-3 7:55:8] WSARecv : 488
[2017-12-3 7:55:8] WSARecv : 488
[2017-12-3 7:55:8] WSARecv : 488
[2017-12-3 7:55:8] WSARecv : 488
[2017-12-3 7:55:8] WSARecv : 488
[2017-12-3 7:55:8] WSARecv : 488
[2017-12-3 7:55:8] WSARecv : 488
[2017-12-3 7:55:8] WSARecv : 488
[2017-12-3 7:55:8] WSARecv : 488
[2017-12-3 7:55:10] WSARecv : 500
[2017-12-3 7:55:10] WSARecv : 500
[2017-12-3 7:55:10] WSARecv : 500
[2017-12-3 7:55:10] WSARecv : 500
[2017-12-3 7:55:10] WSARecv : 500
[2017-12-3 7:55:10] WSARecv : 500
[2017-12-3 7:55:10] WSARecv : 500
[2017-12-3 7:55:10] WSARecv : 500
[2017-12-3 7:55:10] WSARecv : 500
[2017-12-3 7:55:10] WSARecv : 500
[2017-12-3 7:55:10] WSARecv : 500
[2017-12-3 7:55:10] WSARecv : 500
[2017-12-3 7:55:10] WSARecv : 500
[2017-12-3 7:55:10] WSARecv : 500
[2017-12-3 7:55:10] WSARecv : 500
[2017-12-3 7:55:10] WSARecv : 500
[2017-12-3 7:55:10] WSARecv : 500
[2017-12-3 7:55:10] WSARecv : 500
[2017-12-3 7:55:10] WSARecv : 500
[2017-12-3 7:55:10] WSARecv : 500
[2017-12-3 7:55:10] WSARecv : 500
[2017-12-3 7:55:10] WSARecv : 500
[2017-12-3 7:55:10] WSARecv : 500
[2017-12-3 7:55:10] WSARecv : 500
[2017-12-3 7:55:10] WSARecv : 500
[2017-12-3 7:55:10] WSARecv : 500
[2017-12-3 7:55:10] WSARecv : 500
[2017-12-3 7:55:10] WSARecv : 500
[2017-12-3 7:55:10] WSARecv : 500
[2017-12-3 7:55:10] WSARecv : 500
[2017-12-3 7:55:10] WSARecv : 500
[2017-12-3 7:55:11] WSARecv : 488
[2017-12-3 7:55:11] WSARecv : 488
[2017-12-3 7:55:11] WSARecv : 488
[2017-12-3 7:55:11] WSARecv : 488
[2017-12-3 7:55:11] WSARecv : 488
[2017-12-3 7:55:11] WSARecv : 488
[2017-12-3 7:55:11] WSARecv : 488
[2017-12-3 7:55:11] WSARecv : 488
[2017-12-3 7:55:11] WSARecv : 488
[2017-12-3 7:55:11] WSARecv : 488
[2017-12-3 7:55:11] WSARecv : 488
[2017-12-3 7:55:11] WSARecv : 488
[2017-12-3 7:55:11] WSARecv : 488
[2017-12-3 7:55:11] WSARecv : 488
[2017-12-3 7:55:11] WSARecv : 488
[2017-12-3 7:55:11] WSARecv : 488
[2017-12-3 7:55:11] WSARecv : 488
[2017-12-3 7:55:11] WSARecv : 488
[2017-12-3 7:55:11] WSARecv : 488
[2017-12-3 7:55:11] WSARecv : 488
[2017-12-3 7:55:11] WSARecv : 488
[2017-12-3 7:55:11] WSARecv : 488
[2017-12-3 7:55:11] WSARecv : 488
[2017-12-3 7:55:11] WSARecv : 488
[2017-12-3 7:55:11] WSARecv : 488
[2017-12-3 7:55:11] WSARecv : 488
[2017-12-3 7:55:11] WSARecv : 488
[2017-12-3 7:55:11] WSARecv : 488
[2017-12-3 7:55:11] WSARecv : 488
[2017-12-3 7:55:11] WSARecv : 488
[2017-12-3 7:55:11] WSARecv : 488
[2017-12-3 7:55:11] WSARecv : 488
[2017-12-3 7:55:12] WSARecv : 500
[2017-12-3 7:55:12] WSARecv : 500
[2017-12-3 7:55:12] WSARecv : 500
[2017-12-3 7:55:12] WSARecv : 500
[2017-12-3 7:55:12] WSARecv : 500
[2017-12-3 7:55:12] WSARecv : 500
[2017-12-3 7:55:12] WSARecv : 500
[2017-12-3 7:55:12] WSARecv : 500
[2017-12-3 7:55:12] WSARecv : 500
[2017-12-3 7:55:12] WSARecv : 500
[2017-12-3 7:55:12] WSARecv : 500
[2017-12-3 7:55:12] WSARecv : 500
[2017-12-3 7:55:12] WSARecv : 500
[2017-12-3 7:55:12] WSARecv : 500
[2017-12-3 7:55:12] WSARecv : 500
[2017-12-3 7:55:12] WSARecv : 500
[2017-12-3 7:55:12] WSARecv : 500
[2017-12-3 7:55:12] WSARecv : 500
[2017-12-3 7:55:12] WSARecv : 500
[2017-12-3 7:55:12] WSARecv : 500
[2017-12-3 7:55:12] WSARecv : 500
[2017-12-3 7:55:13] WSARecv : 500
[2017-12-3 7:55:13] WSARecv : 500
[2017-12-3 7:55:13] WSARecv : 500
[2017-12-3 7:55:13] WSARecv : 500
[2017-12-3 7:55:13] WSARecv : 500
[2017-12-3 7:55:13] WSARecv : 500
[2017-12-3 7:55:13] WSARecv : 500
[2017-12-3 7:55:13] WSARecv : 500
[2017-12-3 7:55:13] WSARecv : 500
[2017-12-3 7:55:13] WSARecv : 500
[2017-12-3 7:55:13] WSARecv : 500
[2017-12-3 7:55:13] WSARecv : 500
[2017-12-3 7:55:13] WSARecv : 500
[2017-12-3 7:55:13] WSARecv : 500
[2017-12-3 7:55:13] WSARecv : 500
[2017-12-3 7:55:13] WSARecv : 500
[2017-12-3 7:55:13] WSARecv : 500
[2017-12-3 7:55:13] WSARecv : 500
[2017-12-3 7:55:13] WSARecv : 500
[2017-12-3 7:55:13] WSARecv : 500
[2017-12-3 7:55:13] WSARecv : 500
[2017-12-3 7:55:13] WSARecv : 500
[2017-12-3 7:55:13] WSARecv : 500
[2017-12-3 7:55:13] WSARecv : 500
[2017-12-3 7:55:13] WSARecv : 500
[2017-12-3 7:55:13] WSARecv : 500
[2017-12-3 7:55:13] WSARecv : 500
[2017-12-3 7:55:13] WSARecv : 500
[2017-12-3 7:55:13] WSARecv : 500
[2017-12-3 7:55:13] WSARecv : 500
[2017-12-3 7:55:13] WSARecv : 500
[2017-12-3 7:55:13] WSARecv : 500
[2017-12-3 7:55:13] WSARecv : 500
[2017-12-3 7:55:13] WSARecv : 500
[2017-12-3 7:55:13] WSARecv : 500
[2017-12-3 7:55:13] WSARecv : 500
[2017-12-3 7:55:13] WSARecv : 500
[2017-12-3 7:55:13] WSARecv : 500
[2017-12-3 7:55:13] WSARecv : 500
[2017-12-3 7:55:13] WSARecv : 500
[2017-12-3 7:55:13] WSARecv : 500
[2017-12-3 7:55:13] WSARecv : 500
[2017-12-3 7:55:13] WSARecv : 500
[2017-12-3 7:55:13] WSARecv : 500
[2017-12-3 7:55:13] WSARecv : 500
[2017-12-3 7:55:13] WSARecv : 500
[2017-12-3 7:55:13] WSARecv : 500
[2017-12-3 7:55:13] WSARecv : 500
[2017-12-3 7:55:13] WSARecv : 500
[2017-12-3 7:55:13] WSARecv : 500
[2017-12-3 7:55:13] WSARecv : 500
[2017-12-3 7:55:13] WSARecv : 500
[2017-12-3 7:55:13] WSARecv : 500
[2017-12-3 7:55:13] WSARecv : 500
[2017-12-3 7:55:13] WSARecv : 500
[2017-12-3 7:55:13] WSARecv : 500
[2017-12-3 7:55:13] WSARecv : 500
[2017-12-3 7:55:13] WSARecv : 500
[2017-12-3 7:55:13] WSARecv : 500
[2017-12-3 7:55:13] WSARecv : 500
[2017-12-3 7:55:13] WSARecv : 500
[2017-12-3 7:55:13] WSARecv : 500
[2017-12-3 7:55:13] WSARecv : 500
[2017-12-3 7:55:13] WSARecv : 500
[2017-12-3 7:55:13] WSARecv : 500
[2017-12-3 7:55:13] WSARecv : 500
[2017-12-3 7:55:13] WSARecv : 500
[2017-12-3 7:55:13] WSARecv : 500
[2017-12-3 7:55:13] WSARecv : 500
[2017-12-3 7:55:13] WSARecv : 500
[2017-12-3 7:55:13] WSARecv : 500
[2017-12-3 7:55:13] WSARecv : 500
[2017-12-3 7:55:13] WSARecv : 500
[2017-12-3 7:55:14] WSARecv : 500
[2017-12-3 7:55:14] WSARecv : 500
[2017-12-3 7:55:14] WSARecv : 500
[2017-12-3 7:55:14] WSARecv : 500
[2017-12-3 7:55:14] WSARecv : 500
[2017-12-3 7:55:14] WSARecv : 500
[2017-12-3 7:55:14] WSARecv : 500
[2017-12-3 7:55:14] WSARecv : 500
[2017-12-3 7:55:14] WSARecv : 500
[2017-12-3 7:55:14] WSARecv : 500
[2017-12-3 7:55:14] WSARecv : 500
[2017-12-3 7:55:14] WSARecv : 500
[2017-12-3 7:55:14] WSARecv : 500
[2017-12-3 7:55:14] WSARecv : 500
[2017-12-3 7:55:14] WSARecv : 500
[2017-12-3 7:55:14] WSARecv : 500
[2017-12-3 7:55:14] WSARecv : 500
[2017-12-3 7:55:14] WSARecv : 500
[2017-12-3 7:55:14] WSARecv : 500
[2017-12-3 7:55:14] WSARecv : 500
[2017-12-3 7:55:14] WSARecv : 500
[2017-12-3 7:55:14] WSARecv : 500
[2017-12-3 7:55:14] WSARecv : 500
[2017-12-3 7:55:14] WSARecv : 500
[2017-12-3 7:55:14] WSARecv : 500
[2017-12-3 7:55:14] WSARecv : 500
[2017-12-3 7:55:14] WSARecv : 500
[2017-12-3 7:55:14] WSARecv : 500
[2017-12-3 7:55:14] WSARecv : 500
[2017-12-3 7:55:14] WSARecv : 500
[2017-12-3 7:55:14] WSARecv : 500
[2017-12-3 7:55:14] WSARecv : 500
[2017-12-3 7:55:14] WSARecv : 500
[2017-12-3 7:55:14] WSARecv : 500
[2017-12-3 7:55:14] WSARecv : 500
[2017-12-3 7:55:14] WSARecv : 500
[2017-12-3 7:55:14] WSARecv : 500
[2017-12-3 7:55:14] WSARecv : 500
[2017-12-3 7:55:14] WSARecv : 500
[2017-12-3 7:55:14] WSARecv : 500
[2017-12-3 7:55:14] WSARecv : 500
[2017-12-3 7:55:14] WSARecv : 500
[2017-12-3 7:55:14] WSARecv : 500
[2017-12-3 7:55:14] WSARecv : 500
[2017-12-3 7:55:14] WSARecv : 500
[2017-12-3 7:55:14] WSARecv : 500
[2017-12-3 7:55:14] WSARecv : 500
[2017-12-3 7:55:14] WSARecv : 500
[2017-12-3 7:55:14] WSARecv : 500
[2017-12-3 7:55:14] WSARecv : 500
[2017-12-3 7:55:14] WSARecv : 500
[2017-12-3 7:55:14] WSARecv : 500
[2017-12-3 7:55:14] WSARecv : 500
[2017-12-3 7:55:14] WSARecv : 500
[2017-12-3 7:55:14] WSARecv : 500
[2017-12-3 7:55:14] WSARecv : 500
[2017-12-3 7:55:14] WSARecv : 500
[2017-12-3 7:55:14] WSARecv : 500
[2017-12-3 7:55:14] WSARecv : 500
[2017-12-3 7:55:14] WSARecv : 500
[2017-12-3 7:55:14] WSARecv : 500
[2017-12-3 7:55:14] WSARecv : 500
[2017-12-3 7:55:14] WSARecv : 500
[2017-12-3 7:55:14] WSARecv : 500
[2017-12-3 7:55:14] WSARecv : 500
[2017-12-3 7:55:14] WSARecv : 500
[2017-12-3 7:55:14] WSARecv : 500
[2017-12-3 7:55:14] WSARecv : 500
[2017-12-3 7:55:14] WSARecv : 500
[2017-12-3 7:55:14] WSARecv : 500
[2017-12-3 7:55:14] WSARecv : 500
[2017-12-3 7:55:14] WSARecv : 500
[2017-12-3 7:55:15] WSARecv : 500
[2017-12-3 7:55:15] WSARecv : 500
[2017-12-3 7:55:15] WSARecv : 500
[2017-12-3 7:55:15] WSARecv : 500
[2017-12-3 7:55:15] WSARecv : 500
[2017-12-3 7:55:15] WSARecv : 500
[2017-12-3 7:55:15] WSARecv : 500
[2017-12-3 7:55:15] WSARecv : 500
[2017-12-3 7:55:15] WSARecv : 500
[2017-12-3 7:55:15] WSARecv : 500
[2017-12-3 7:55:15] WSARecv : 500
[2017-12-3 7:55:15] WSARecv : 500
[2017-12-3 7:55:15] WSARecv : 500
[2017-12-3 7:55:15] WSARecv : 500
[2017-12-3 7:55:15] WSARecv : 500
[2017-12-3 7:55:15] WSARecv : 500
[2017-12-3 7:55:15] WSARecv : 500
[2017-12-3 7:55:15] WSARecv : 500
[2017-12-3 7:55:15] WSARecv : 500
[2017-12-3 7:55:15] WSARecv : 500
[2017-12-3 7:55:15] WSARecv : 500
[2017-12-3 7:55:15] WSARecv : 500
[2017-12-3 7:55:15] WSARecv : 500
[2017-12-3 7:55:15] WSARecv : 500
[2017-12-3 7:55:15] WSARecv : 500
[2017-12-3 7:55:15] WSARecv : 500
[2017-12-3 7:55:15] WSARecv : 500
[2017-12-3 7:55:15] WSARecv : 500
[2017-12-3 7:55:15] WSARecv : 500
[2017-12-3 7:55:15] WSARecv : 500
[2017-12-3 7:55:15] WSARecv : 500
[2017-12-3 7:55:15] WSARecv : 500
[2017-12-3 7:55:15] WSARecv : 500
[2017-12-3 7:55:15] WSARecv : 500
[2017-12-3 7:55:15] WSARecv : 500
[2017-12-3 7:55:16] WSARecv : 500
[2017-12-3 7:55:16] WSARecv : 500
[2017-12-3 7:55:16] WSARecv : 500
[2017-12-3 7:55:16] WSARecv : 500
[2017-12-3 7:55:16] WSARecv : 500
[2017-12-3 7:55:16] WSARecv : 500
[2017-12-3 7:55:16] WSARecv : 500
[2017-12-3 7:55:16] WSARecv : 500
[2017-12-3 7:55:16] WSARecv : 500
[2017-12-3 7:55:16] WSARecv : 500
[2017-12-3 7:55:16] WSARecv : 500
[2017-12-3 7:55:16] WSARecv : 500
[2017-12-3 7:55:16] WSARecv : 500
[2017-12-3 7:55:16] WSARecv : 500
[2017-12-3 7:55:16] WSARecv : 500
[2017-12-3 7:55:16] WSARecv : 500
[2017-12-3 7:55:16] WSARecv : 500
[2017-12-3 7:55:17] WSARecv : 500
[2017-12-3 7:55:17] WSARecv : 500
[2017-12-3 7:55:17] WSARecv : 500
[2017-12-3 7:55:17] WSARecv : 500
[2017-12-3 7:55:17] WSARecv : 500
[2017-12-3 7:55:17] WSARecv : 500
[2017-12-3 7:55:17] WSARecv : 500
[2017-12-3 7:55:17] WSARecv : 500
[2017-12-3 7:55:17] WSARecv : 500
[2017-12-3 7:55:17] WSARecv : 500
[2017-12-3 7:55:17] WSARecv : 500
[2017-12-3 7:55:17] WSARecv : 500
[2017-12-3 7:55:17] WSARecv : 500
[2017-12-3 7:55:17] WSARecv : 500
[2017-12-3 7:55:17] WSARecv : 500
[2017-12-3 7:55:17] WSARecv : 500
[2017-12-3 7:55:17] WSARecv : 500
[2017-12-3 7:55:17] WSARecv : 500
[2017-12-3 7:55:17] WSARecv : 500
[2017-12-3 7:55:17] WSARecv : 500
[2017-12-3 7:55:17] WSARecv : 500
[2017-12-3 7:55:17] WSARecv : 500
[2017-12-3 7:55:17] WSARecv : 500
[2017-12-3 7:55:17] WSARecv : 500
[2017-12-3 7:55:17] WSARecv : 500
[2017-12-3 7:55:17] WSARecv : 500
[2017-12-3 7:55:17] WSARecv : 500
[2017-12-3 7:55:17] WSARecv : 500
[2017-12-3 7:55:17] WSARecv : 500
[2017-12-3 7:55:17] WSARecv : 500
[2017-12-3 7:55:17] WSARecv : 500
[2017-12-3 7:55:17] WSARecv : 500
[2017-12-3 7:55:17] WSARecv : 500
[2017-12-3 7:55:17] WSARecv : 500
[2017-12-3 7:55:17] WSARecv : 500
[2017-12-3 7:55:17] WSARecv : 500
[2017-12-3 7:55:17] WSARecv : 500
[2017-12-3 7:55:17] WSARecv : 500
[2017-12-3 7:55:17] WSARecv : 500
[2017-12-3 7:55:17] WSARecv : 500
[2017-12-3 7:55:17] WSARecv : 500
[2017-12-3 7:55:17] WSARecv : 500
[2017-12-3 7:55:17] WSARecv : 500
[2017-12-3 7:55:18] AcceptEx Success
[2017-12-3 7:55:18] Client End
[2017-12-3 7:55:20] AcceptEx Success
[2017-12-3 7:55:20] Client End
[2017-12-3 7:59:30] INFO Success
[2017-12-3 7:59:30] Active_Session : 2
[2017-12-3 7:59:30] InActive_Session : 28
[2017-12-3 7:59:30] WSARecv : 596
[2017-12-3 7:59:30] Accept Success
[2017-12-3 7:59:32] AcceptEx Success
[2017-12-3 7:59:32] Client End
