[2017-12-8 4:25:30] WSAStartup Success
[2017-12-8 4:25:30] Socket Init Success
[2017-12-8 4:25:30] listen Success
[2017-12-8 4:25:30] AcceptEx Success
[2017-12-8 4:25:30] AcceptEx Success
[2017-12-8 4:25:30] AcceptEx Success
[2017-12-8 4:25:30] AcceptEx Success
[2017-12-8 4:25:30] AcceptEx Success
[2017-12-8 4:25:30] AcceptEx Success
[2017-12-8 4:25:30] AcceptEx Success
[2017-12-8 4:25:30] AcceptEx Success
[2017-12-8 4:25:30] AcceptEx Success
[2017-12-8 4:25:30] AcceptEx Success
[2017-12-8 4:25:30] AcceptEx Success
[2017-12-8 4:25:30] AcceptEx Success
[2017-12-8 4:25:30] AcceptEx Success
[2017-12-8 4:25:30] AcceptEx Success
[2017-12-8 4:25:30] AcceptEx Success
[2017-12-8 4:25:30] AcceptEx Success
[2017-12-8 4:25:30] AcceptEx Success
[2017-12-8 4:25:30] AcceptEx Success
[2017-12-8 4:25:30] AcceptEx Success
[2017-12-8 4:25:30] AcceptEx Success
[2017-12-8 4:25:30] AcceptEx Success
[2017-12-8 4:25:30] AcceptEx Success
[2017-12-8 4:25:30] AcceptEx Success
[2017-12-8 4:25:30] AcceptEx Success
[2017-12-8 4:25:30] AcceptEx Success
[2017-12-8 4:25:30] AcceptEx Success
[2017-12-8 4:25:30] AcceptEx Success
[2017-12-8 4:25:30] AcceptEx Success
[2017-12-8 4:25:30] AcceptEx Success
[2017-12-8 4:25:30] AcceptEx Success
[2017-12-8 4:25:30] Thread Create 8
[2017-12-8 4:25:44] INFO Success
[2017-12-8 4:25:44] Active_Session : 1
[2017-12-8 4:25:44] InActive_Session : 29
[2017-12-8 4:25:44] WSARecv : 492
[2017-12-8 4:25:44] Accept Success
[2017-12-8 4:25:47] INFO Success
[2017-12-8 4:25:47] Active_Session : 2
[2017-12-8 4:25:47] InActive_Session : 28
[2017-12-8 4:25:47] WSARecv : 496
[2017-12-8 4:25:47] Accept Success
[2017-12-8 4:25:54] WSARecv : 492
[2017-12-8 4:26:3] WSARecv : 496
[2017-12-8 4:26:7] AcceptEx Success
[2017-12-8 4:26:7] Client End
[2017-12-8 4:26:9] AcceptEx Success
[2017-12-8 4:26:9] Client End
[2017-12-8 4:26:34] WSAStartup Success
[2017-12-8 4:26:35] Socket Init Success
[2017-12-8 4:26:35] listen Success
[2017-12-8 4:26:35] AcceptEx Success
[2017-12-8 4:26:35] AcceptEx Success
[2017-12-8 4:26:35] AcceptEx Success
[2017-12-8 4:26:35] AcceptEx Success
[2017-12-8 4:26:35] AcceptEx Success
[2017-12-8 4:26:35] AcceptEx Success
[2017-12-8 4:26:35] AcceptEx Success
[2017-12-8 4:26:35] AcceptEx Success
[2017-12-8 4:26:35] AcceptEx Success
[2017-12-8 4:26:35] AcceptEx Success
[2017-12-8 4:26:35] AcceptEx Success
[2017-12-8 4:26:35] AcceptEx Success
[2017-12-8 4:26:35] AcceptEx Success
[2017-12-8 4:26:35] AcceptEx Success
[2017-12-8 4:26:35] AcceptEx Success
[2017-12-8 4:26:35] AcceptEx Success
[2017-12-8 4:26:35] AcceptEx Success
[2017-12-8 4:26:35] AcceptEx Success
[2017-12-8 4:26:35] AcceptEx Success
[2017-12-8 4:26:35] AcceptEx Success
[2017-12-8 4:26:35] AcceptEx Success
[2017-12-8 4:26:35] AcceptEx Success
[2017-12-8 4:26:35] AcceptEx Success
[2017-12-8 4:26:35] AcceptEx Success
[2017-12-8 4:26:35] AcceptEx Success
[2017-12-8 4:26:35] AcceptEx Success
[2017-12-8 4:26:35] AcceptEx Success
[2017-12-8 4:26:35] AcceptEx Success
[2017-12-8 4:26:35] AcceptEx Success
[2017-12-8 4:26:35] AcceptEx Success
[2017-12-8 4:26:35] Thread Create 8
[2017-12-8 4:26:48] INFO Success
[2017-12-8 4:26:48] Active_Session : 1
[2017-12-8 4:26:48] InActive_Session : 29
[2017-12-8 4:26:48] WSARecv : 484
[2017-12-8 4:26:48] Accept Success
[2017-12-8 4:26:50] INFO Success
[2017-12-8 4:26:50] Active_Session : 2
[2017-12-8 4:26:50] InActive_Session : 28
[2017-12-8 4:26:50] WSARecv : 496
[2017-12-8 4:26:50] Accept Success
[2017-12-8 4:26:54] WSARecv : 484
[2017-12-8 4:27:3] WSARecv : 496
[2017-12-8 4:27:5] AcceptEx Success
[2017-12-8 4:27:5] Client End
[2017-12-8 4:27:6] AcceptEx Success
[2017-12-8 4:27:6] Client End
