[2017-12-4 3:51:15] WSAStartup Success
[2017-12-4 3:51:15] Socket Init Success
[2017-12-4 3:51:15] listen Success
[2017-12-4 3:51:15] AcceptEx Success
[2017-12-4 3:51:15] AcceptEx Success
[2017-12-4 3:51:15] AcceptEx Success
[2017-12-4 3:51:15] AcceptEx Success
[2017-12-4 3:51:15] AcceptEx Success
[2017-12-4 3:51:15] AcceptEx Success
[2017-12-4 3:51:15] AcceptEx Success
[2017-12-4 3:51:15] AcceptEx Success
[2017-12-4 3:51:15] AcceptEx Success
[2017-12-4 3:51:15] AcceptEx Success
[2017-12-4 3:51:15] AcceptEx Success
[2017-12-4 3:51:15] AcceptEx Success
[2017-12-4 3:51:15] AcceptEx Success
[2017-12-4 3:51:15] AcceptEx Success
[2017-12-4 3:51:15] AcceptEx Success
[2017-12-4 3:51:15] AcceptEx Success
[2017-12-4 3:51:15] AcceptEx Success
[2017-12-4 3:51:15] AcceptEx Success
[2017-12-4 3:51:15] AcceptEx Success
[2017-12-4 3:51:15] AcceptEx Success
[2017-12-4 3:51:15] AcceptEx Success
[2017-12-4 3:51:15] AcceptEx Success
[2017-12-4 3:51:15] AcceptEx Success
[2017-12-4 3:51:15] AcceptEx Success
[2017-12-4 3:51:15] AcceptEx Success
[2017-12-4 3:51:15] AcceptEx Success
[2017-12-4 3:51:15] AcceptEx Success
[2017-12-4 3:51:15] AcceptEx Success
[2017-12-4 3:51:15] AcceptEx Success
[2017-12-4 3:51:15] AcceptEx Success
[2017-12-4 3:51:15] Thread Create 8
[2017-12-4 3:51:29] INFO Success
[2017-12-4 3:51:29] Active_Session : 1
[2017-12-4 3:51:29] InActive_Session : 29
[2017-12-4 3:51:29] WSARecv : 500
[2017-12-4 3:51:29] Accept Success
[2017-12-4 3:51:34] INFO Success
[2017-12-4 3:51:34] Active_Session : 2
[2017-12-4 3:51:34] InActive_Session : 28
[2017-12-4 3:51:34] WSARecv : 492
[2017-12-4 3:51:34] Accept Success
[2017-12-4 3:51:37] WSARecv : 500
[2017-12-4 3:51:42] WSARecv : 492
[2017-12-4 3:52:7] WSARecv : 492
[2017-12-4 3:52:13] WSARecv : 492
[2017-12-4 3:52:16] AcceptEx Success
[2017-12-4 3:52:16] Client End
[2017-12-4 3:52:18] AcceptEx Success
[2017-12-4 3:52:18] Client End
[2017-12-4 3:52:20] INFO Success
[2017-12-4 3:52:20] Active_Session : 2
[2017-12-4 3:52:20] InActive_Session : 28
[2017-12-4 3:52:20] WSARecv : 548
[2017-12-4 3:52:20] Accept Success
[2017-12-4 3:52:25] WSARecv : 548
[2017-12-4 3:52:31] AcceptEx Success
[2017-12-4 3:52:31] Client End
[2017-12-4 3:52:34] INFO Success
[2017-12-4 3:52:34] Active_Session : 2
[2017-12-4 3:52:34] InActive_Session : 28
[2017-12-4 3:52:34] WSARecv : 552
[2017-12-4 3:52:34] Accept Success
[2017-12-4 3:52:37] AcceptEx Success
[2017-12-4 3:52:37] Client End
