Using pre-set license
Built from '2020.3/staging' branch; Version is '2020.3.4f1 (0abb6314276a) revision 703331'; Using compiler version '192528614'; Build Type 'Release'
OS: 'Windows 10 Home; OS build 19041.1052; Version 2004; 64bit' Language: 'ko' Physical Memory: 8111 MB
BatchMode: 1, IsHumanControllingUs: 0, StartBugReporterOnCrash: 0, Is64bit: 1, IsPro: 0

 COMMAND LINE ARGUMENTS:
C:\Program Files\Unity\Hub\Editor\2020.3.4f1\Editor\Unity.exe
-adb2
-batchMode
-noUpm
-name
AssetImportWorker0
-projectPath
C:/Users/happy/OneDrive/바탕 화면/서버/졸작/우와와와/B177033client21313준완성/B177033client21313
-logFile
Logs/AssetImportWorker0.log
-srvPort
12724
Successfully changed project path to: C:/Users/happy/OneDrive/바탕 화면/서버/졸작/우와와와/B177033client21313준완성/B177033client21313
C:/Users/happy/OneDrive/바탕 화면/서버/졸작/우와와와/B177033client21313준완성/B177033client21313
Using Asset Import Pipeline V2.
Refreshing native plugins compatible for Editor in 26.91 ms, found 0 plugins.
Preloading 0 native plugins for Editor in 0.00 ms.
Initialize engine version: 2020.3.4f1 (0abb6314276a)
[Subsystems] Discovering subsystems at path C:/Program Files/Unity/Hub/Editor/2020.3.4f1/Editor/Data/Resources/UnitySubsystems
[Subsystems] Discovering subsystems at path C:/Users/happy/OneDrive/바탕 화면/서버/졸작/우와와와/B177033client21313준완성/B177033client21313/Assets
GfxDevice: creating device client; threaded=0
Direct3D:
    Version:  Direct3D 11.0 [level 11.0]
    Renderer: NVIDIA GeForce GTX 660 (ID=0x11c0)
    Vendor:   
    VRAM:     1998 MB
    Driver:   27.21.14.5671
Initialize mono
Mono path[0] = 'C:/Program Files/Unity/Hub/Editor/2020.3.4f1/Editor/Data/Managed'
Mono path[1] = 'C:/Program Files/Unity/Hub/Editor/2020.3.4f1/Editor/Data/MonoBleedingEdge/lib/mono/unityjit'
Mono config path = 'C:/Program Files/Unity/Hub/Editor/2020.3.4f1/Editor/Data/MonoBleedingEdge/etc'
Using monoOptions --debugger-agent=transport=dt_socket,embedding=1,server=y,suspend=n,address=127.0.0.1:56564
Begin MonoManager ReloadAssembly
Registering precompiled unity dll's ...
Register platform support module: C:/Program Files/Unity/Hub/Editor/2020.3.4f1/Editor/Data/PlaybackEngines/WindowsStandaloneSupport/UnityEditor.WindowsStandalone.Extensions.dll
Registered in 0.003279 seconds.
Native extension for WindowsStandalone target not found
Refreshing native plugins compatible for Editor in 25.66 ms, found 0 plugins.
Preloading 0 native plugins for Editor in 0.00 ms.
Mono: successfully reloaded assembly
- Completed reload, in  1.633 seconds
Platform modules already initialized, skipping
Registering precompiled user dll's ...
Registered in 0.000971 seconds.
Begin MonoManager ReloadAssembly
Native extension for WindowsStandalone target not found
Refreshing native plugins compatible for Editor in 0.24 ms, found 0 plugins.
Preloading 0 native plugins for Editor in 0.00 ms.
Mono: successfully reloaded assembly
- Completed reload, in  0.954 seconds
Platform modules already initialized, skipping
========================================================================
Worker process is ready to serve import requests
Launched and connected shader compiler UnityShaderCompiler.exe after 0.06 seconds
Refreshing native plugins compatible for Editor in 0.22 ms, found 0 plugins.
Preloading 0 native plugins for Editor in 0.00 ms.
Unloading 1135 Unused Serialized files (Serialized files now loaded: 0)
System memory in use before: 60.5 MB.
System memory in use after: 60.6 MB.

Unloading 9 unused Assets to reduce memory usage. Loaded Objects now: 1579.
Total: 2.460300 ms (FindLiveObjects: 0.236300 ms CreateObjectMapping: 0.201100 ms MarkObjects: 1.933300 ms  DeleteObjects: 0.088500 ms)

========================================================================
Received Import Request.
  path: Assets/Script/Game/Capsule (2).prefab
  artifactKey: Guid(3b387b606d964914d865dd5e2f575b48) Importer(815301076,1909f56bfc062723c751e8b465ee728b)
Start importing Assets/Script/Game/Capsule (2).prefab using Guid(3b387b606d964914d865dd5e2f575b48) Importer(815301076,1909f56bfc062723c751e8b465ee728b)  -> (artifact id: 'd2aa470fc08ef6bb5410799cdc161e50') in 0.129606 seconds
  Import took 0.132022 seconds .

========================================================================
Received Import Request.
  Time since last request: 0.000279 seconds.
  path: Assets/Script/Game/Capsule (6).prefab
  artifactKey: Guid(17b99a0d2b75faa4b9c9d5d040b6068a) Importer(815301076,1909f56bfc062723c751e8b465ee728b)
Start importing Assets/Script/Game/Capsule (6).prefab using Guid(17b99a0d2b75faa4b9c9d5d040b6068a) Importer(815301076,1909f56bfc062723c751e8b465ee728b)  -> (artifact id: 'cdf5a5d50f4f874abd56cebe13557903') in 0.019289 seconds
  Import took 0.021493 seconds .

========================================================================
Received Import Request.
  Time since last request: 0.000119 seconds.
  path: Assets/Script/Game/Capsule (5).prefab
  artifactKey: Guid(c2b2435b1a9005b4eb825bfbb8bd5b1c) Importer(815301076,1909f56bfc062723c751e8b465ee728b)
Start importing Assets/Script/Game/Capsule (5).prefab using Guid(c2b2435b1a9005b4eb825bfbb8bd5b1c) Importer(815301076,1909f56bfc062723c751e8b465ee728b)  -> (artifact id: '77e7be21874271765e0cb1f0b289e19e') in 0.028407 seconds
  Import took 0.033432 seconds .

========================================================================
Received Import Request.
  Time since last request: 0.000275 seconds.
  path: Assets/Script/Game/Capsule (11).prefab
  artifactKey: Guid(620138d12bee676469785b1678e4afb5) Importer(815301076,1909f56bfc062723c751e8b465ee728b)
Start importing Assets/Script/Game/Capsule (11).prefab using Guid(620138d12bee676469785b1678e4afb5) Importer(815301076,1909f56bfc062723c751e8b465ee728b)  -> (artifact id: '8e5ba346e9231e827d522936fe441e5c') in 0.020778 seconds
  Import took 0.023493 seconds .

========================================================================
Received Import Request.
  Time since last request: 0.000213 seconds.
  path: Assets/Script/Game/Capsule (9).prefab
  artifactKey: Guid(a26048be041c0b64bac997fd471e816b) Importer(815301076,1909f56bfc062723c751e8b465ee728b)
Start importing Assets/Script/Game/Capsule (9).prefab using Guid(a26048be041c0b64bac997fd471e816b) Importer(815301076,1909f56bfc062723c751e8b465ee728b)  -> (artifact id: '69d9e930a156ebc4c5538c416aa0ce57') in 0.018127 seconds
  Import took 0.020325 seconds .

========================================================================
Received Import Request.
  Time since last request: 0.000219 seconds.
  path: Assets/Script/Game/bullet.prefab
  artifactKey: Guid(1d2a6e47e90058142b58185a9f135327) Importer(815301076,1909f56bfc062723c751e8b465ee728b)
Start importing Assets/Script/Game/bullet.prefab using Guid(1d2a6e47e90058142b58185a9f135327) Importer(815301076,1909f56bfc062723c751e8b465ee728b)  -> (artifact id: 'ecb75410374a9f2d7451d81997f54aa3') in 0.019848 seconds
  Import took 0.022011 seconds .

========================================================================
Received Import Request.
  Time since last request: 0.000240 seconds.
  path: Assets/Script/Game/Capsule (7).prefab
  artifactKey: Guid(f5d3e4bcf4af2ef4d891d1cb918259d7) Importer(815301076,1909f56bfc062723c751e8b465ee728b)
Start importing Assets/Script/Game/Capsule (7).prefab using Guid(f5d3e4bcf4af2ef4d891d1cb918259d7) Importer(815301076,1909f56bfc062723c751e8b465ee728b)  -> (artifact id: '6db9ed75adb309fd5566afe7ecccdb50') in 0.015092 seconds
  Import took 0.019489 seconds .

========================================================================
Received Import Request.
  Time since last request: 0.000216 seconds.
  path: Assets/Script/Game/Monster.prefab
  artifactKey: Guid(2c49ef2c38fa8b949990fb17ff76a2e1) Importer(815301076,1909f56bfc062723c751e8b465ee728b)
Start importing Assets/Script/Game/Monster.prefab using Guid(2c49ef2c38fa8b949990fb17ff76a2e1) Importer(815301076,1909f56bfc062723c751e8b465ee728b)  -> (artifact id: 'bc9f5730a5d1abb72975ddc234151681') in 0.018576 seconds
  Import took 0.021136 seconds .

========================================================================
Received Import Request.
  Time since last request: 0.000227 seconds.
  path: Assets/Script/Game/Capsule (10).prefab
  artifactKey: Guid(cdf728440c0730f4c8e6a7d58c298b8b) Importer(815301076,1909f56bfc062723c751e8b465ee728b)
Start importing Assets/Script/Game/Capsule (10).prefab using Guid(cdf728440c0730f4c8e6a7d58c298b8b) Importer(815301076,1909f56bfc062723c751e8b465ee728b)  -> (artifact id: 'b33b073b34bdca247f057c5e329b2018') in 0.016162 seconds
  Import took 0.018455 seconds .

========================================================================
Received Import Request.
  Time since last request: 0.000342 seconds.
  path: Assets/Script/Game/Capsule.prefab
  artifactKey: Guid(64fe2567abdbe0742b4d9db319a218b3) Importer(815301076,1909f56bfc062723c751e8b465ee728b)
Start importing Assets/Script/Game/Capsule.prefab using Guid(64fe2567abdbe0742b4d9db319a218b3) Importer(815301076,1909f56bfc062723c751e8b465ee728b)  -> (artifact id: '741c2a7cc3b2178c9b0f477c86677efb') in 0.015753 seconds
  Import took 0.019053 seconds .

========================================================================
Received Import Request.
  Time since last request: 0.000271 seconds.
  path: Assets/Script/Game/Capsule (1).prefab
  artifactKey: Guid(7e1e12d11dbe672468bfb9019d0e2fa4) Importer(815301076,1909f56bfc062723c751e8b465ee728b)
Start importing Assets/Script/Game/Capsule (1).prefab using Guid(7e1e12d11dbe672468bfb9019d0e2fa4) Importer(815301076,1909f56bfc062723c751e8b465ee728b)  -> (artifact id: 'd5401d7cc557d7210e82552ee6a25c18') in 0.022466 seconds
  Import took 0.026352 seconds .

========================================================================
Received Import Request.
  Time since last request: 0.000238 seconds.
  path: Assets/Script/Game/Capsule (4).prefab
  artifactKey: Guid(c196c144a63b4d74fa463cf556a99d46) Importer(815301076,1909f56bfc062723c751e8b465ee728b)
Start importing Assets/Script/Game/Capsule (4).prefab using Guid(c196c144a63b4d74fa463cf556a99d46) Importer(815301076,1909f56bfc062723c751e8b465ee728b)  -> (artifact id: 'cdfdef757701ef0d9739cae62f71ebe2') in 0.026854 seconds
  Import took 0.029164 seconds .

========================================================================
Received Import Request.
  Time since last request: 0.000270 seconds.
  path: Assets/Script/Game/Capsule (8).prefab
  artifactKey: Guid(433773464b1610b4ba7816e8eabb26ff) Importer(815301076,1909f56bfc062723c751e8b465ee728b)
Start importing Assets/Script/Game/Capsule (8).prefab using Guid(433773464b1610b4ba7816e8eabb26ff) Importer(815301076,1909f56bfc062723c751e8b465ee728b)  -> (artifact id: '4c2ce98efb63ba4bb2fd91b3b2ef856f') in 0.016849 seconds
  Import took 0.019187 seconds .

========================================================================
Received Import Request.
  Time since last request: 0.000277 seconds.
  path: Assets/Script/Game/Capsule (3).prefab
  artifactKey: Guid(5ac873262b5f3b84ab64632240bc8c96) Importer(815301076,1909f56bfc062723c751e8b465ee728b)
Start importing Assets/Script/Game/Capsule (3).prefab using Guid(5ac873262b5f3b84ab64632240bc8c96) Importer(815301076,1909f56bfc062723c751e8b465ee728b)  -> (artifact id: 'd50294a24fc7b040d8990f9ce07f72f9') in 0.015681 seconds
  Import took 0.017970 seconds .

========================================================================
Received Import Request.
  Time since last request: 0.000221 seconds.
  path: Assets/Script/Game/잇힝잇힝.PNG
  artifactKey: Guid(a0d4afa7b7026174b9736716f29faefe) Importer(815301076,1909f56bfc062723c751e8b465ee728b)
Start importing Assets/Script/Game/잇힝잇힝.PNG using Guid(a0d4afa7b7026174b9736716f29faefe) Importer(815301076,1909f56bfc062723c751e8b465ee728b)  -> (artifact id: '0a261a2e0d1198d2de907986f073ae21') in 0.173358 seconds
  Import took 0.178439 seconds .

========================================================================
Received Import Request.
  Time since last request: 41.515944 seconds.
  path: Assets/Image/Chat/ffff.png
  artifactKey: Guid(27ac1b81aaecb5a45a4c5fcc930296d3) Importer(815301076,1909f56bfc062723c751e8b465ee728b)
Start importing Assets/Image/Chat/ffff.png using Guid(27ac1b81aaecb5a45a4c5fcc930296d3) Importer(815301076,1909f56bfc062723c751e8b465ee728b)  -> (artifact id: '44d821374f710660c546970e1ca5a34e') in 0.022729 seconds
  Import took 0.025317 seconds .

========================================================================
Received Import Request.
  Time since last request: 0.621706 seconds.
  path: Assets/Resources/Capsule.prefab
  artifactKey: Guid(95753b5716f731b43a04606bc86586ca) Importer(815301076,1909f56bfc062723c751e8b465ee728b)
Start importing Assets/Resources/Capsule.prefab using Guid(95753b5716f731b43a04606bc86586ca) Importer(815301076,1909f56bfc062723c751e8b465ee728b)  -> (artifact id: 'e941aea57d849b6f1f32e0ca628f571e') in 0.012096 seconds
  Import took 0.014679 seconds .

========================================================================
Received Import Request.
  Time since last request: 85.932970 seconds.
  path: Assets/213.unity
  artifactKey: Guid(4be6557d62e27e84583248707db6833f) Importer(815301076,1909f56bfc062723c751e8b465ee728b)
Start importing Assets/213.unity using Guid(4be6557d62e27e84583248707db6833f) Importer(815301076,1909f56bfc062723c751e8b465ee728b)  -> (artifact id: '1c774b1886d541c6fb9cf57117213a3e') in 0.017450 seconds
  Import took 0.020381 seconds .

========================================================================
Received Import Request.
  Time since last request: 4.732526 seconds.
  path: Assets/client.unity
  artifactKey: Guid(db1947cb40f1ac54e85c691011413827) Importer(815301076,1909f56bfc062723c751e8b465ee728b)
Start importing Assets/client.unity using Guid(db1947cb40f1ac54e85c691011413827) Importer(815301076,1909f56bfc062723c751e8b465ee728b)  -> (artifact id: 'ae9e38e076a1517bee5273a108c189c4') in 0.010034 seconds
  Import took 0.012301 seconds .

