Using pre-set license
Built from '2020.3/staging' branch; Version is '2020.3.4f1 (0abb6314276a) revision 703331'; Using compiler version '192528614'; Build Type 'Release'
OS: 'Windows 10 Home; OS build 19041.1052; Version 2004; 64bit' Language: 'ko' Physical Memory: 8111 MB
BatchMode: 1, IsHumanControllingUs: 0, StartBugReporterOnCrash: 0, Is64bit: 1, IsPro: 0

 COMMAND LINE ARGUMENTS:
C:\Program Files\Unity\Hub\Editor\2020.3.4f1\Editor\Unity.exe
-adb2
-batchMode
-noUpm
-name
AssetImportWorker0
-projectPath
C:/Users/happy/OneDrive/바탕 화면/서버/졸작/우와와와/B177033client21313준완성/B177033client21313
-logFile
Logs/AssetImportWorker0.log
-srvPort
4559
Successfully changed project path to: C:/Users/happy/OneDrive/바탕 화면/서버/졸작/우와와와/B177033client21313준완성/B177033client21313
C:/Users/happy/OneDrive/바탕 화면/서버/졸작/우와와와/B177033client21313준완성/B177033client21313
Using Asset Import Pipeline V2.
Refreshing native plugins compatible for Editor in 24.82 ms, found 0 plugins.
Preloading 0 native plugins for Editor in 0.00 ms.
Initialize engine version: 2020.3.4f1 (0abb6314276a)
[Subsystems] Discovering subsystems at path C:/Program Files/Unity/Hub/Editor/2020.3.4f1/Editor/Data/Resources/UnitySubsystems
[Subsystems] Discovering subsystems at path C:/Users/happy/OneDrive/바탕 화면/서버/졸작/우와와와/B177033client21313준완성/B177033client21313/Assets
GfxDevice: creating device client; threaded=0
Direct3D:
    Version:  Direct3D 11.0 [level 11.0]
    Renderer: NVIDIA GeForce GTX 660 (ID=0x11c0)
    Vendor:   
    VRAM:     1998 MB
    Driver:   27.21.14.5671
Initialize mono
Mono path[0] = 'C:/Program Files/Unity/Hub/Editor/2020.3.4f1/Editor/Data/Managed'
Mono path[1] = 'C:/Program Files/Unity/Hub/Editor/2020.3.4f1/Editor/Data/MonoBleedingEdge/lib/mono/unityjit'
Mono config path = 'C:/Program Files/Unity/Hub/Editor/2020.3.4f1/Editor/Data/MonoBleedingEdge/etc'
Using monoOptions --debugger-agent=transport=dt_socket,embedding=1,server=y,suspend=n,address=127.0.0.1:56200
Begin MonoManager ReloadAssembly
Registering precompiled unity dll's ...
Register platform support module: C:/Program Files/Unity/Hub/Editor/2020.3.4f1/Editor/Data/PlaybackEngines/WindowsStandaloneSupport/UnityEditor.WindowsStandalone.Extensions.dll
Registered in 0.003547 seconds.
Native extension for WindowsStandalone target not found
Refreshing native plugins compatible for Editor in 25.90 ms, found 0 plugins.
Preloading 0 native plugins for Editor in 0.00 ms.
Mono: successfully reloaded assembly
- Completed reload, in  1.645 seconds
Platform modules already initialized, skipping
Registering precompiled user dll's ...
Registered in 0.000993 seconds.
Begin MonoManager ReloadAssembly
Native extension for WindowsStandalone target not found
Refreshing native plugins compatible for Editor in 0.26 ms, found 0 plugins.
Preloading 0 native plugins for Editor in 0.00 ms.
Mono: successfully reloaded assembly
- Completed reload, in  0.931 seconds
Platform modules already initialized, skipping
========================================================================
Worker process is ready to serve import requests
Launched and connected shader compiler UnityShaderCompiler.exe after 0.06 seconds
Refreshing native plugins compatible for Editor in 0.22 ms, found 0 plugins.
Preloading 0 native plugins for Editor in 0.00 ms.
Unloading 1135 Unused Serialized files (Serialized files now loaded: 0)
System memory in use before: 60.5 MB.
System memory in use after: 60.6 MB.

Unloading 9 unused Assets to reduce memory usage. Loaded Objects now: 1579.
Total: 1.765100 ms (FindLiveObjects: 0.153300 ms CreateObjectMapping: 0.060300 ms MarkObjects: 1.491700 ms  DeleteObjects: 0.058800 ms)

========================================================================
Received Import Request.
  path: Assets/Script/Enemy.prefab
  artifactKey: Guid(6c257cac37190024799af7b1c2a1cb61) Importer(815301076,1909f56bfc062723c751e8b465ee728b)
Start importing Assets/Script/Enemy.prefab using Guid(6c257cac37190024799af7b1c2a1cb61) Importer(815301076,1909f56bfc062723c751e8b465ee728b)  -> (artifact id: '79535b93ee6df90aa3c3ab199d4527fa') in 0.135295 seconds
  Import took 0.138021 seconds .

========================================================================
Received Import Request.
  Time since last request: 0.000270 seconds.
  path: Assets/Script/Player.prefab
  artifactKey: Guid(f1593c903f5f0cb4594e60d1821b696c) Importer(815301076,1909f56bfc062723c751e8b465ee728b)
Start importing Assets/Script/Player.prefab using Guid(f1593c903f5f0cb4594e60d1821b696c) Importer(815301076,1909f56bfc062723c751e8b465ee728b)  -> (artifact id: '3f8b4ba7bf539cbfc206a210f605f3e5') in 0.027819 seconds
  Import took 0.031291 seconds .

========================================================================
Received Import Request.
  Time since last request: 1.229226 seconds.
  path: Assets/Script/PlayerCreate.cs
  artifactKey: Guid(f0f6d395c960a314396e32725c3620ed) Importer(815301076,1909f56bfc062723c751e8b465ee728b)
Start importing Assets/Script/PlayerCreate.cs using Guid(f0f6d395c960a314396e32725c3620ed) Importer(815301076,1909f56bfc062723c751e8b465ee728b)  -> (artifact id: 'cf4a85694284cacb0d984449db4f9b47') in 0.039070 seconds
  Import took 0.043603 seconds .

========================================================================
Received Prepare
Refreshing native plugins compatible for Editor in 0.93 ms, found 0 plugins.
Preloading 0 native plugins for Editor in 0.00 ms.
Unloading 2 Unused Serialized files (Serialized files now loaded: 0)
System memory in use before: 40.8 MB.
System memory in use after: 40.9 MB.

Unloading 3 unused Assets to reduce memory usage. Loaded Objects now: 1588.
Total: 2.794800 ms (FindLiveObjects: 0.213100 ms CreateObjectMapping: 0.087900 ms MarkObjects: 2.454300 ms  DeleteObjects: 0.037800 ms)

AssetImportWorkerClient::OnTransportError - code=2 error=End of file
